ARM GAS  C:\Users\User\AppData\Local\Temp\ccOXNVnb.s 			page 1


   1              		.syntax unified
   2              		.cpu cortex-m3
   3              		.fpu softvfp
   4              		.eabi_attribute 20, 1
   5              		.eabi_attribute 21, 1
   6              		.eabi_attribute 23, 3
   7              		.eabi_attribute 24, 1
   8              		.eabi_attribute 25, 1
   9              		.eabi_attribute 26, 1
  10              		.eabi_attribute 30, 6
  11              		.eabi_attribute 34, 1
  12              		.eabi_attribute 18, 4
  13              		.thumb
  14              		.syntax unified
  15              		.file	"adc.c"
  16              		.text
  17              	.Ltext0:
  18              		.cfi_sections	.debug_frame
  19              		.comm	buffer,64,4
  20              		.comm	calibrate_array,20,4
  21              		.comm	ADC_buffer_index,1,1
  22              		.comm	ADC_config,1,1
  23              		.section	.text.adc_Convert2Dec,"ax",%progbits
  24              		.align	2
  25              		.global	adc_Convert2Dec
  26              		.thumb
  27              		.thumb_func
  28              		.type	adc_Convert2Dec, %function
  29              	adc_Convert2Dec:
  30              	.LFB64:
  31              		.file 1 "adc.c"
   1:adc.c         **** /*********************************************************************************
   2:adc.c         **** * File Name: adc.c
   3:adc.c         **** *
   4:adc.c         **** * Description: conversions between the adc and real values
   5:adc.c         **** *
   6:adc.c         **** **********************************************************************************
   7:adc.c         **** * Copyright Highland Biosciences Ltd.
   8:adc.c         **** * Copyright Naresuan University, Phitsanulok Thailand
   9:adc.c         **** * Released under Creative Commons Attribution-ShareAlike  3.0 (CC BY-SA 3.0 US)
  10:adc.c         **** *********************************************************************************/
  11:adc.c         **** 
  12:adc.c         **** #include "adc.h"
  13:adc.c         **** #include "globals.h"
  14:adc.c         **** #include "main.h"
  15:adc.c         **** 
  16:adc.c         **** uint8_t ADC_buffer_index;
  17:adc.c         **** uint8_t ADC_config;
  18:adc.c         **** 
  19:adc.c         **** /* convert the ADC value into Amperes using */
  20:adc.c         **** //double adc_adcToAmp(uint16_t adcValue)
  21:adc.c         **** //{
  22:adc.c         **** //    
  23:adc.c         **** //    
  24:adc.c         **** //    return (adcVolt / calibrate_TIA_resistor_list[TIA_resistor_value_index]);
  25:adc.c         **** // }
  26:adc.c         **** 
ARM GAS  C:\Users\User\AppData\Local\Temp\ccOXNVnb.s 			page 2


  27:adc.c         ****                                 
  28:adc.c         **** /* Convert the integer string to a unsigned 16bit */
  29:adc.c         **** uint16_t adc_Convert2Dec(const uint8_t array[], const uint8_t len)
  30:adc.c         **** 
  31:adc.c         **** {
  32              		.loc 1 31 0
  33              		.cfi_startproc
  34              		@ args = 0, pretend = 0, frame = 16
  35              		@ frame_needed = 1, uses_anonymous_args = 0
  36              		@ link register save eliminated.
  37 0000 80B4     		push	{r7}
  38              		.cfi_def_cfa_offset 4
  39              		.cfi_offset 7, -4
  40 0002 85B0     		sub	sp, sp, #20
  41              		.cfi_def_cfa_offset 24
  42 0004 00AF     		add	r7, sp, #0
  43              		.cfi_def_cfa_register 7
  44 0006 7860     		str	r0, [r7, #4]
  45 0008 0B46     		mov	r3, r1
  46 000a FB70     		strb	r3, [r7, #3]
  32:adc.c         ****     uint16_t num = 0;
  47              		.loc 1 32 0
  48 000c 0023     		movs	r3, #0
  49 000e FB81     		strh	r3, [r7, #14]	@ movhi
  50              	.LBB2:
  33:adc.c         ****     for (int i = 0; i < len; i++){
  51              		.loc 1 33 0
  52 0010 0023     		movs	r3, #0
  53 0012 BB60     		str	r3, [r7, #8]
  54 0014 11E0     		b	.L2
  55              	.L3:
  34:adc.c         ****         num = num * 10 + (array[i] - '0');
  56              		.loc 1 34 0 discriminator 3
  57 0016 FB89     		ldrh	r3, [r7, #14]	@ movhi
  58 0018 1A46     		mov	r2, r3	@ movhi
  59 001a 9200     		lsls	r2, r2, #2
  60 001c 1344     		add	r3, r3, r2
  61 001e 5B00     		lsls	r3, r3, #1
  62 0020 9AB2     		uxth	r2, r3
  63 0022 BB68     		ldr	r3, [r7, #8]
  64 0024 7968     		ldr	r1, [r7, #4]
  65 0026 0B44     		add	r3, r3, r1
  66 0028 1B78     		ldrb	r3, [r3]	@ zero_extendqisi2
  67 002a 9BB2     		uxth	r3, r3
  68 002c 1344     		add	r3, r3, r2
  69 002e 9BB2     		uxth	r3, r3
  70 0030 303B     		subs	r3, r3, #48
  71 0032 FB81     		strh	r3, [r7, #14]	@ movhi
  33:adc.c         ****     for (int i = 0; i < len; i++){
  72              		.loc 1 33 0 discriminator 3
  73 0034 BB68     		ldr	r3, [r7, #8]
  74 0036 0133     		adds	r3, r3, #1
  75 0038 BB60     		str	r3, [r7, #8]
  76              	.L2:
  33:adc.c         ****     for (int i = 0; i < len; i++){
  77              		.loc 1 33 0 is_stmt 0 discriminator 1
  78 003a FA78     		ldrb	r2, [r7, #3]	@ zero_extendqisi2
ARM GAS  C:\Users\User\AppData\Local\Temp\ccOXNVnb.s 			page 3


  79 003c BB68     		ldr	r3, [r7, #8]
  80 003e 9A42     		cmp	r2, r3
  81 0040 E9DC     		bgt	.L3
  82              	.LBE2:
  35:adc.c         ****     }
  36:adc.c         ****     return num;
  83              		.loc 1 36 0 is_stmt 1
  84 0042 FB89     		ldrh	r3, [r7, #14]
  37:adc.c         **** }
  85              		.loc 1 37 0
  86 0044 1846     		mov	r0, r3
  87 0046 1437     		adds	r7, r7, #20
  88              		.cfi_def_cfa_offset 4
  89 0048 BD46     		mov	sp, r7
  90              		.cfi_def_cfa_register 13
  91              		@ sp needed
  92 004a 80BC     		pop	{r7}
  93              		.cfi_restore 7
  94              		.cfi_def_cfa_offset 0
  95 004c 7047     		bx	lr
  96              		.cfi_endproc
  97              	.LFE64:
  98              		.size	adc_Convert2Dec, .-adc_Convert2Dec
  99 004e 00BF     		.section	.rodata
 100              		.align	2
 101              	.LC0:
 102 0000 56444143 		.ascii	"VDAC OFFSET =%u \000"
 102      204F4646 
 102      53455420 
 102      3D257520 
 102      00
 103              		.section	.text.adc_VDAC_offset,"ax",%progbits
 104              		.align	2
 105              		.global	adc_VDAC_offset
 106              		.thumb
 107              		.thumb_func
 108              		.type	adc_VDAC_offset, %function
 109              	adc_VDAC_offset:
 110              	.LFB65:
  38:adc.c         **** 
  39:adc.c         **** /******************************************************************************
  40:adc.c         **** * Function Name: adc_VDAC_offset
  41:adc.c         **** *******************************************************************************
  42:adc.c         **** *
  43:adc.c         **** * Summary:
  44:adc.c         **** *  Set the value of voltage source as a 0-255 value, with 128 as 0V
  45:adc.c         **** *  resolution of 16 mV
  46:adc.c         **** *
  47:adc.c         **** * Parameters:
  48:adc.c         **** *  uint8_t vdac: 
  49:adc.c         **** *
  50:adc.c         **** * Global variables:
  51:adc.c         **** * 
  52:adc.c         **** *
  53:adc.c         **** *******************************************************************************/
  54:adc.c         **** 
  55:adc.c         **** uint8_t adc_VDAC_offset(uint8_t data_buffer[])
ARM GAS  C:\Users\User\AppData\Local\Temp\ccOXNVnb.s 			page 4


  56:adc.c         **** {  
 111              		.loc 1 56 0
 112              		.cfi_startproc
 113              		@ args = 0, pretend = 0, frame = 16
 114              		@ frame_needed = 1, uses_anonymous_args = 0
 115 0000 80B5     		push	{r7, lr}
 116              		.cfi_def_cfa_offset 8
 117              		.cfi_offset 7, -8
 118              		.cfi_offset 14, -4
 119 0002 84B0     		sub	sp, sp, #16
 120              		.cfi_def_cfa_offset 24
 121 0004 00AF     		add	r7, sp, #0
 122              		.cfi_def_cfa_register 7
 123 0006 7860     		str	r0, [r7, #4]
 124              	.LBB3:
  57:adc.c         ****     uint8_t TiaOffset;
  58:adc.c         ****   
  59:adc.c         ****     for (int i = 2; i < 7; i++)
 125              		.loc 1 59 0
 126 0008 0223     		movs	r3, #2
 127 000a BB60     		str	r3, [r7, #8]
 128 000c 1CE0     		b	.L6
 129              	.L8:
  60:adc.c         ****         {
  61:adc.c         ****             if(data_buffer[i] >= '0' && data_buffer[i]<='9')
 130              		.loc 1 61 0
 131 000e BB68     		ldr	r3, [r7, #8]
 132 0010 7A68     		ldr	r2, [r7, #4]
 133 0012 1344     		add	r3, r3, r2
 134 0014 1B78     		ldrb	r3, [r3]	@ zero_extendqisi2
 135 0016 2F2B     		cmp	r3, #47
 136 0018 13D9     		bls	.L7
 137              		.loc 1 61 0 is_stmt 0 discriminator 1
 138 001a BB68     		ldr	r3, [r7, #8]
 139 001c 7A68     		ldr	r2, [r7, #4]
 140 001e 1344     		add	r3, r3, r2
 141 0020 1B78     		ldrb	r3, [r3]	@ zero_extendqisi2
 142 0022 392B     		cmp	r3, #57
 143 0024 0DD8     		bhi	.L7
  62:adc.c         ****             {
  63:adc.c         ****                 TiaOffset = TiaOffset * 10 + (data_buffer[i] - '0');
 144              		.loc 1 63 0 is_stmt 1
 145 0026 FB7B     		ldrb	r3, [r7, #15]
 146 0028 1A46     		mov	r2, r3
 147 002a 9200     		lsls	r2, r2, #2
 148 002c 1344     		add	r3, r3, r2
 149 002e 5B00     		lsls	r3, r3, #1
 150 0030 DAB2     		uxtb	r2, r3
 151 0032 BB68     		ldr	r3, [r7, #8]
 152 0034 7968     		ldr	r1, [r7, #4]
 153 0036 0B44     		add	r3, r3, r1
 154 0038 1B78     		ldrb	r3, [r3]	@ zero_extendqisi2
 155 003a 1344     		add	r3, r3, r2
 156 003c DBB2     		uxtb	r3, r3
 157 003e 303B     		subs	r3, r3, #48
 158 0040 FB73     		strb	r3, [r7, #15]
 159              	.L7:
ARM GAS  C:\Users\User\AppData\Local\Temp\ccOXNVnb.s 			page 5


  59:adc.c         ****         {
 160              		.loc 1 59 0 discriminator 2
 161 0042 BB68     		ldr	r3, [r7, #8]
 162 0044 0133     		adds	r3, r3, #1
 163 0046 BB60     		str	r3, [r7, #8]
 164              	.L6:
  59:adc.c         ****         {
 165              		.loc 1 59 0 is_stmt 0 discriminator 1
 166 0048 BB68     		ldr	r3, [r7, #8]
 167 004a 062B     		cmp	r3, #6
 168 004c DFDD     		ble	.L8
 169              	.LBE3:
  64:adc.c         ****             }
  65:adc.c         ****         }  
  66:adc.c         ****         
  67:adc.c         ****     snprintf((char *)TX_Data, USBUART_BUFFER_SIZE, "VDAC OFFSET =%u ", TiaOffset);
 170              		.loc 1 67 0 is_stmt 1
 171 004e FB7B     		ldrb	r3, [r7, #15]	@ zero_extendqisi2
 172 0050 064A     		ldr	r2, .L10
 173 0052 4021     		movs	r1, #64
 174 0054 0648     		ldr	r0, .L10+4
 175 0056 FFF7FEFF 		bl	snprintf
  68:adc.c         ****  
  69:adc.c         ****     USB_send (TX_Data, USBUART_BUFFER_SIZE ) ;
 176              		.loc 1 69 0
 177 005a 4021     		movs	r1, #64
 178 005c 0448     		ldr	r0, .L10+4
 179 005e FFF7FEFF 		bl	USB_send
  70:adc.c         ****      
  71:adc.c         ****     return TiaOffset;
 180              		.loc 1 71 0
 181 0062 FB7B     		ldrb	r3, [r7, #15]	@ zero_extendqisi2
  72:adc.c         **** }
 182              		.loc 1 72 0
 183 0064 1846     		mov	r0, r3
 184 0066 1037     		adds	r7, r7, #16
 185              		.cfi_def_cfa_offset 8
 186 0068 BD46     		mov	sp, r7
 187              		.cfi_def_cfa_register 13
 188              		@ sp needed
 189 006a 80BD     		pop	{r7, pc}
 190              	.L11:
 191              		.align	2
 192              	.L10:
 193 006c 00000000 		.word	.LC0
 194 0070 00000000 		.word	TX_Data
 195              		.cfi_endproc
 196              	.LFE65:
 197              		.size	adc_VDAC_offset, .-adc_VDAC_offset
 198              		.section	.text.adc_VDAC_Setvalue,"ax",%progbits
 199              		.align	2
 200              		.global	adc_VDAC_Setvalue
 201              		.thumb
 202              		.thumb_func
 203              		.type	adc_VDAC_Setvalue, %function
 204              	adc_VDAC_Setvalue:
 205              	.LFB66:
ARM GAS  C:\Users\User\AppData\Local\Temp\ccOXNVnb.s 			page 6


  73:adc.c         **** 
  74:adc.c         **** 
  75:adc.c         **** void adc_VDAC_Setvalue(uint8_t value)
  76:adc.c         **** {
 206              		.loc 1 76 0
 207              		.cfi_startproc
 208              		@ args = 0, pretend = 0, frame = 8
 209              		@ frame_needed = 1, uses_anonymous_args = 0
 210 0000 80B5     		push	{r7, lr}
 211              		.cfi_def_cfa_offset 8
 212              		.cfi_offset 7, -8
 213              		.cfi_offset 14, -4
 214 0002 82B0     		sub	sp, sp, #8
 215              		.cfi_def_cfa_offset 16
 216 0004 00AF     		add	r7, sp, #0
 217              		.cfi_def_cfa_register 7
 218 0006 0346     		mov	r3, r0
 219 0008 FB71     		strb	r3, [r7, #7]
  77:adc.c         ****  
  78:adc.c         ****     VDAC_TIA_SetValue(value);
 220              		.loc 1 78 0
 221 000a FB79     		ldrb	r3, [r7, #7]	@ zero_extendqisi2
 222 000c 1846     		mov	r0, r3
 223 000e FFF7FEFF 		bl	VDAC_TIA_SetValue
  79:adc.c         ****         
  80:adc.c         **** }
 224              		.loc 1 80 0
 225 0012 00BF     		nop
 226 0014 0837     		adds	r7, r7, #8
 227              		.cfi_def_cfa_offset 8
 228 0016 BD46     		mov	sp, r7
 229              		.cfi_def_cfa_register 13
 230              		@ sp needed
 231 0018 80BD     		pop	{r7, pc}
 232              		.cfi_endproc
 233              	.LFE66:
 234              		.size	adc_VDAC_Setvalue, .-adc_VDAC_Setvalue
 235 001a 00BF     		.text
 236              	.Letext0:
 237              		.file 2 "c:\\program files (x86)\\cypress\\psoc creator\\4.4\\psoc creator\\import\\gnu\\arm\\5.4.
 238              		.file 3 "c:\\program files (x86)\\cypress\\psoc creator\\4.4\\psoc creator\\import\\gnu\\arm\\5.4.
 239              		.file 4 "Generated_Source\\PSoC5/cytypes.h"
 240              		.file 5 "Generated_Source\\PSoC5/core_cm3.h"
 241              		.file 6 "globals.h"
 242              		.file 7 "./calibrate.h"
 243              		.file 8 "main.h"
 244              		.section	.debug_info,"",%progbits
 245              	.Ldebug_info0:
 246 0000 8D020000 		.4byte	0x28d
 247 0004 0400     		.2byte	0x4
 248 0006 00000000 		.4byte	.Ldebug_abbrev0
 249 000a 04       		.byte	0x4
 250 000b 01       		.uleb128 0x1
 251 000c C2010000 		.4byte	.LASF36
 252 0010 0C       		.byte	0xc
 253 0011 24000000 		.4byte	.LASF37
 254 0015 6A010000 		.4byte	.LASF38
ARM GAS  C:\Users\User\AppData\Local\Temp\ccOXNVnb.s 			page 7


 255 0019 00000000 		.4byte	.Ldebug_ranges0+0
 256 001d 00000000 		.4byte	0
 257 0021 00000000 		.4byte	.Ldebug_line0
 258 0025 02       		.uleb128 0x2
 259 0026 01       		.byte	0x1
 260 0027 06       		.byte	0x6
 261 0028 85020000 		.4byte	.LASF0
 262 002c 03       		.uleb128 0x3
 263 002d 00000000 		.4byte	.LASF2
 264 0031 02       		.byte	0x2
 265 0032 1D       		.byte	0x1d
 266 0033 37000000 		.4byte	0x37
 267 0037 02       		.uleb128 0x2
 268 0038 01       		.byte	0x1
 269 0039 08       		.byte	0x8
 270 003a 57000000 		.4byte	.LASF1
 271 003e 03       		.uleb128 0x3
 272 003f 0A000000 		.4byte	.LASF3
 273 0043 02       		.byte	0x2
 274 0044 29       		.byte	0x29
 275 0045 49000000 		.4byte	0x49
 276 0049 02       		.uleb128 0x2
 277 004a 02       		.byte	0x2
 278 004b 05       		.byte	0x5
 279 004c 2A000000 		.4byte	.LASF4
 280 0050 03       		.uleb128 0x3
 281 0051 C6000000 		.4byte	.LASF5
 282 0055 02       		.byte	0x2
 283 0056 2B       		.byte	0x2b
 284 0057 5B000000 		.4byte	0x5b
 285 005b 02       		.uleb128 0x2
 286 005c 02       		.byte	0x2
 287 005d 07       		.byte	0x7
 288 005e 77000000 		.4byte	.LASF6
 289 0062 03       		.uleb128 0x3
 290 0063 1A000000 		.4byte	.LASF7
 291 0067 02       		.byte	0x2
 292 0068 3F       		.byte	0x3f
 293 0069 6D000000 		.4byte	0x6d
 294 006d 02       		.uleb128 0x2
 295 006e 04       		.byte	0x4
 296 006f 05       		.byte	0x5
 297 0070 6B020000 		.4byte	.LASF8
 298 0074 02       		.uleb128 0x2
 299 0075 04       		.byte	0x4
 300 0076 07       		.byte	0x7
 301 0077 65000000 		.4byte	.LASF9
 302 007b 02       		.uleb128 0x2
 303 007c 08       		.byte	0x8
 304 007d 05       		.byte	0x5
 305 007e 4C010000 		.4byte	.LASF10
 306 0082 02       		.uleb128 0x2
 307 0083 08       		.byte	0x8
 308 0084 07       		.byte	0x7
 309 0085 F6000000 		.4byte	.LASF11
 310 0089 04       		.uleb128 0x4
 311 008a 04       		.byte	0x4
ARM GAS  C:\Users\User\AppData\Local\Temp\ccOXNVnb.s 			page 8


 312 008b 05       		.byte	0x5
 313 008c 696E7400 		.ascii	"int\000"
 314 0090 02       		.uleb128 0x2
 315 0091 04       		.byte	0x4
 316 0092 07       		.byte	0x7
 317 0093 E9000000 		.4byte	.LASF12
 318 0097 03       		.uleb128 0x3
 319 0098 0D010000 		.4byte	.LASF13
 320 009c 03       		.byte	0x3
 321 009d 18       		.byte	0x18
 322 009e 2C000000 		.4byte	0x2c
 323 00a2 03       		.uleb128 0x3
 324 00a3 27010000 		.4byte	.LASF14
 325 00a7 03       		.byte	0x3
 326 00a8 20       		.byte	0x20
 327 00a9 3E000000 		.4byte	0x3e
 328 00ad 03       		.uleb128 0x3
 329 00ae 62020000 		.4byte	.LASF15
 330 00b2 03       		.byte	0x3
 331 00b3 24       		.byte	0x24
 332 00b4 50000000 		.4byte	0x50
 333 00b8 03       		.uleb128 0x3
 334 00b9 3B010000 		.4byte	.LASF16
 335 00bd 03       		.byte	0x3
 336 00be 2C       		.byte	0x2c
 337 00bf 62000000 		.4byte	0x62
 338 00c3 05       		.uleb128 0x5
 339 00c4 51000000 		.4byte	.LASF17
 340 00c8 04       		.byte	0x4
 341 00c9 E901     		.2byte	0x1e9
 342 00cb 37000000 		.4byte	0x37
 343 00cf 02       		.uleb128 0x2
 344 00d0 04       		.byte	0x4
 345 00d1 04       		.byte	0x4
 346 00d2 46000000 		.4byte	.LASF18
 347 00d6 02       		.uleb128 0x2
 348 00d7 08       		.byte	0x8
 349 00d8 04       		.byte	0x4
 350 00d9 D1000000 		.4byte	.LASF19
 351 00dd 02       		.uleb128 0x2
 352 00de 01       		.byte	0x1
 353 00df 08       		.byte	0x8
 354 00e0 74020000 		.4byte	.LASF20
 355 00e4 02       		.uleb128 0x2
 356 00e5 04       		.byte	0x4
 357 00e6 07       		.byte	0x7
 358 00e7 43010000 		.4byte	.LASF21
 359 00eb 02       		.uleb128 0x2
 360 00ec 08       		.byte	0x8
 361 00ed 04       		.byte	0x4
 362 00ee 79020000 		.4byte	.LASF22
 363 00f2 06       		.uleb128 0x6
 364 00f3 8A000000 		.4byte	.LASF39
 365 00f7 14       		.byte	0x14
 366 00f8 07       		.byte	0x7
 367 00f9 1D       		.byte	0x1d
 368 00fa 15010000 		.4byte	0x115
ARM GAS  C:\Users\User\AppData\Local\Temp\ccOXNVnb.s 			page 9


 369 00fe 07       		.uleb128 0x7
 370 00ff 75736200 		.ascii	"usb\000"
 371 0103 07       		.byte	0x7
 372 0104 1E       		.byte	0x1e
 373 0105 15010000 		.4byte	0x115
 374 0109 08       		.uleb128 0x8
 375 010a 4C000000 		.4byte	.LASF23
 376 010e 07       		.byte	0x7
 377 010f 1F       		.byte	0x1f
 378 0110 25010000 		.4byte	0x125
 379 0114 00       		.byte	0
 380 0115 09       		.uleb128 0x9
 381 0116 97000000 		.4byte	0x97
 382 011a 25010000 		.4byte	0x125
 383 011e 0A       		.uleb128 0xa
 384 011f E4000000 		.4byte	0xe4
 385 0123 13       		.byte	0x13
 386 0124 00       		.byte	0
 387 0125 09       		.uleb128 0x9
 388 0126 A2000000 		.4byte	0xa2
 389 012a 35010000 		.4byte	0x135
 390 012e 0A       		.uleb128 0xa
 391 012f E4000000 		.4byte	0xe4
 392 0133 09       		.byte	0x9
 393 0134 00       		.byte	0
 394 0135 0B       		.uleb128 0xb
 395 0136 5A010000 		.4byte	.LASF25
 396 013a 01       		.byte	0x1
 397 013b 1D       		.byte	0x1d
 398 013c AD000000 		.4byte	0xad
 399 0140 00000000 		.4byte	.LFB64
 400 0144 4E000000 		.4byte	.LFE64-.LFB64
 401 0148 01       		.uleb128 0x1
 402 0149 9C       		.byte	0x9c
 403 014a 8F010000 		.4byte	0x18f
 404 014e 0C       		.uleb128 0xc
 405 014f A3000000 		.4byte	.LASF24
 406 0153 01       		.byte	0x1
 407 0154 1D       		.byte	0x1d
 408 0155 8F010000 		.4byte	0x18f
 409 0159 02       		.uleb128 0x2
 410 015a 91       		.byte	0x91
 411 015b 6C       		.sleb128 -20
 412 015c 0D       		.uleb128 0xd
 413 015d 6C656E00 		.ascii	"len\000"
 414 0161 01       		.byte	0x1
 415 0162 1D       		.byte	0x1d
 416 0163 95010000 		.4byte	0x195
 417 0167 02       		.uleb128 0x2
 418 0168 91       		.byte	0x91
 419 0169 6B       		.sleb128 -21
 420 016a 0E       		.uleb128 0xe
 421 016b 6E756D00 		.ascii	"num\000"
 422 016f 01       		.byte	0x1
 423 0170 20       		.byte	0x20
 424 0171 AD000000 		.4byte	0xad
 425 0175 02       		.uleb128 0x2
ARM GAS  C:\Users\User\AppData\Local\Temp\ccOXNVnb.s 			page 10


 426 0176 91       		.byte	0x91
 427 0177 76       		.sleb128 -10
 428 0178 0F       		.uleb128 0xf
 429 0179 10000000 		.4byte	.LBB2
 430 017d 32000000 		.4byte	.LBE2-.LBB2
 431 0181 0E       		.uleb128 0xe
 432 0182 6900     		.ascii	"i\000"
 433 0184 01       		.byte	0x1
 434 0185 21       		.byte	0x21
 435 0186 89000000 		.4byte	0x89
 436 018a 02       		.uleb128 0x2
 437 018b 91       		.byte	0x91
 438 018c 70       		.sleb128 -16
 439 018d 00       		.byte	0
 440 018e 00       		.byte	0
 441 018f 10       		.uleb128 0x10
 442 0190 04       		.byte	0x4
 443 0191 95010000 		.4byte	0x195
 444 0195 11       		.uleb128 0x11
 445 0196 97000000 		.4byte	0x97
 446 019a 12       		.uleb128 0x12
 447 019b B6000000 		.4byte	.LASF26
 448 019f 01       		.byte	0x1
 449 01a0 37       		.byte	0x37
 450 01a1 97000000 		.4byte	0x97
 451 01a5 00000000 		.4byte	.LFB65
 452 01a9 74000000 		.4byte	.LFE65-.LFB65
 453 01ad 01       		.uleb128 0x1
 454 01ae 9C       		.byte	0x9c
 455 01af E6010000 		.4byte	0x1e6
 456 01b3 0C       		.uleb128 0xc
 457 01b4 2F010000 		.4byte	.LASF27
 458 01b8 01       		.byte	0x1
 459 01b9 37       		.byte	0x37
 460 01ba E6010000 		.4byte	0x1e6
 461 01be 02       		.uleb128 0x2
 462 01bf 91       		.byte	0x91
 463 01c0 6C       		.sleb128 -20
 464 01c1 13       		.uleb128 0x13
 465 01c2 1D010000 		.4byte	.LASF28
 466 01c6 01       		.byte	0x1
 467 01c7 39       		.byte	0x39
 468 01c8 97000000 		.4byte	0x97
 469 01cc 02       		.uleb128 0x2
 470 01cd 91       		.byte	0x91
 471 01ce 77       		.sleb128 -9
 472 01cf 0F       		.uleb128 0xf
 473 01d0 08000000 		.4byte	.LBB3
 474 01d4 46000000 		.4byte	.LBE3-.LBB3
 475 01d8 0E       		.uleb128 0xe
 476 01d9 6900     		.ascii	"i\000"
 477 01db 01       		.byte	0x1
 478 01dc 3B       		.byte	0x3b
 479 01dd 89000000 		.4byte	0x89
 480 01e1 02       		.uleb128 0x2
 481 01e2 91       		.byte	0x91
 482 01e3 70       		.sleb128 -16
ARM GAS  C:\Users\User\AppData\Local\Temp\ccOXNVnb.s 			page 11


 483 01e4 00       		.byte	0
 484 01e5 00       		.byte	0
 485 01e6 10       		.uleb128 0x10
 486 01e7 04       		.byte	0x4
 487 01e8 97000000 		.4byte	0x97
 488 01ec 14       		.uleb128 0x14
 489 01ed 34000000 		.4byte	.LASF40
 490 01f1 01       		.byte	0x1
 491 01f2 4B       		.byte	0x4b
 492 01f3 00000000 		.4byte	.LFB66
 493 01f7 1A000000 		.4byte	.LFE66-.LFB66
 494 01fb 01       		.uleb128 0x1
 495 01fc 9C       		.byte	0x9c
 496 01fd 10020000 		.4byte	0x210
 497 0201 0C       		.uleb128 0xc
 498 0202 14000000 		.4byte	.LASF29
 499 0206 01       		.byte	0x1
 500 0207 4B       		.byte	0x4b
 501 0208 97000000 		.4byte	0x97
 502 020c 02       		.uleb128 0x2
 503 020d 91       		.byte	0x91
 504 020e 77       		.sleb128 -9
 505 020f 00       		.byte	0
 506 0210 15       		.uleb128 0x15
 507 0211 A9000000 		.4byte	.LASF30
 508 0215 05       		.byte	0x5
 509 0216 1207     		.2byte	0x712
 510 0218 1C020000 		.4byte	0x21c
 511 021c 16       		.uleb128 0x16
 512 021d B8000000 		.4byte	0xb8
 513 0221 09       		.uleb128 0x9
 514 0222 C3000000 		.4byte	0xc3
 515 0226 31020000 		.4byte	0x231
 516 022a 0A       		.uleb128 0xa
 517 022b E4000000 		.4byte	0xe4
 518 022f 3F       		.byte	0x3f
 519 0230 00       		.byte	0
 520 0231 17       		.uleb128 0x17
 521 0232 5B020000 		.4byte	.LASF31
 522 0236 06       		.byte	0x6
 523 0237 5B       		.byte	0x5b
 524 0238 21020000 		.4byte	0x221
 525 023c 05       		.uleb128 0x5
 526 023d 03       		.byte	0x3
 527 023e 00000000 		.4byte	buffer
 528 0242 17       		.uleb128 0x17
 529 0243 D8000000 		.4byte	.LASF32
 530 0247 01       		.byte	0x1
 531 0248 10       		.byte	0x10
 532 0249 97000000 		.4byte	0x97
 533 024d 05       		.uleb128 0x5
 534 024e 03       		.byte	0x3
 535 024f 00000000 		.4byte	ADC_buffer_index
 536 0253 17       		.uleb128 0x17
 537 0254 B7010000 		.4byte	.LASF33
 538 0258 01       		.byte	0x1
 539 0259 11       		.byte	0x11
ARM GAS  C:\Users\User\AppData\Local\Temp\ccOXNVnb.s 			page 12


 540 025a 97000000 		.4byte	0x97
 541 025e 05       		.uleb128 0x5
 542 025f 03       		.byte	0x3
 543 0260 00000000 		.4byte	ADC_config
 544 0264 17       		.uleb128 0x17
 545 0265 A7010000 		.4byte	.LASF34
 546 0269 07       		.byte	0x7
 547 026a 21       		.byte	0x21
 548 026b F2000000 		.4byte	0xf2
 549 026f 05       		.uleb128 0x5
 550 0270 03       		.byte	0x3
 551 0271 00000000 		.4byte	calibrate_array
 552 0275 09       		.uleb128 0x9
 553 0276 97000000 		.4byte	0x97
 554 027a 85020000 		.4byte	0x285
 555 027e 0A       		.uleb128 0xa
 556 027f E4000000 		.4byte	0xe4
 557 0283 3F       		.byte	0x3f
 558 0284 00       		.byte	0
 559 0285 18       		.uleb128 0x18
 560 0286 15010000 		.4byte	.LASF35
 561 028a 08       		.byte	0x8
 562 028b 25       		.byte	0x25
 563 028c 75020000 		.4byte	0x275
 564 0290 00       		.byte	0
 565              		.section	.debug_abbrev,"",%progbits
 566              	.Ldebug_abbrev0:
 567 0000 01       		.uleb128 0x1
 568 0001 11       		.uleb128 0x11
 569 0002 01       		.byte	0x1
 570 0003 25       		.uleb128 0x25
 571 0004 0E       		.uleb128 0xe
 572 0005 13       		.uleb128 0x13
 573 0006 0B       		.uleb128 0xb
 574 0007 03       		.uleb128 0x3
 575 0008 0E       		.uleb128 0xe
 576 0009 1B       		.uleb128 0x1b
 577 000a 0E       		.uleb128 0xe
 578 000b 55       		.uleb128 0x55
 579 000c 17       		.uleb128 0x17
 580 000d 11       		.uleb128 0x11
 581 000e 01       		.uleb128 0x1
 582 000f 10       		.uleb128 0x10
 583 0010 17       		.uleb128 0x17
 584 0011 00       		.byte	0
 585 0012 00       		.byte	0
 586 0013 02       		.uleb128 0x2
 587 0014 24       		.uleb128 0x24
 588 0015 00       		.byte	0
 589 0016 0B       		.uleb128 0xb
 590 0017 0B       		.uleb128 0xb
 591 0018 3E       		.uleb128 0x3e
 592 0019 0B       		.uleb128 0xb
 593 001a 03       		.uleb128 0x3
 594 001b 0E       		.uleb128 0xe
 595 001c 00       		.byte	0
 596 001d 00       		.byte	0
ARM GAS  C:\Users\User\AppData\Local\Temp\ccOXNVnb.s 			page 13


 597 001e 03       		.uleb128 0x3
 598 001f 16       		.uleb128 0x16
 599 0020 00       		.byte	0
 600 0021 03       		.uleb128 0x3
 601 0022 0E       		.uleb128 0xe
 602 0023 3A       		.uleb128 0x3a
 603 0024 0B       		.uleb128 0xb
 604 0025 3B       		.uleb128 0x3b
 605 0026 0B       		.uleb128 0xb
 606 0027 49       		.uleb128 0x49
 607 0028 13       		.uleb128 0x13
 608 0029 00       		.byte	0
 609 002a 00       		.byte	0
 610 002b 04       		.uleb128 0x4
 611 002c 24       		.uleb128 0x24
 612 002d 00       		.byte	0
 613 002e 0B       		.uleb128 0xb
 614 002f 0B       		.uleb128 0xb
 615 0030 3E       		.uleb128 0x3e
 616 0031 0B       		.uleb128 0xb
 617 0032 03       		.uleb128 0x3
 618 0033 08       		.uleb128 0x8
 619 0034 00       		.byte	0
 620 0035 00       		.byte	0
 621 0036 05       		.uleb128 0x5
 622 0037 16       		.uleb128 0x16
 623 0038 00       		.byte	0
 624 0039 03       		.uleb128 0x3
 625 003a 0E       		.uleb128 0xe
 626 003b 3A       		.uleb128 0x3a
 627 003c 0B       		.uleb128 0xb
 628 003d 3B       		.uleb128 0x3b
 629 003e 05       		.uleb128 0x5
 630 003f 49       		.uleb128 0x49
 631 0040 13       		.uleb128 0x13
 632 0041 00       		.byte	0
 633 0042 00       		.byte	0
 634 0043 06       		.uleb128 0x6
 635 0044 17       		.uleb128 0x17
 636 0045 01       		.byte	0x1
 637 0046 03       		.uleb128 0x3
 638 0047 0E       		.uleb128 0xe
 639 0048 0B       		.uleb128 0xb
 640 0049 0B       		.uleb128 0xb
 641 004a 3A       		.uleb128 0x3a
 642 004b 0B       		.uleb128 0xb
 643 004c 3B       		.uleb128 0x3b
 644 004d 0B       		.uleb128 0xb
 645 004e 01       		.uleb128 0x1
 646 004f 13       		.uleb128 0x13
 647 0050 00       		.byte	0
 648 0051 00       		.byte	0
 649 0052 07       		.uleb128 0x7
 650 0053 0D       		.uleb128 0xd
 651 0054 00       		.byte	0
 652 0055 03       		.uleb128 0x3
 653 0056 08       		.uleb128 0x8
ARM GAS  C:\Users\User\AppData\Local\Temp\ccOXNVnb.s 			page 14


 654 0057 3A       		.uleb128 0x3a
 655 0058 0B       		.uleb128 0xb
 656 0059 3B       		.uleb128 0x3b
 657 005a 0B       		.uleb128 0xb
 658 005b 49       		.uleb128 0x49
 659 005c 13       		.uleb128 0x13
 660 005d 00       		.byte	0
 661 005e 00       		.byte	0
 662 005f 08       		.uleb128 0x8
 663 0060 0D       		.uleb128 0xd
 664 0061 00       		.byte	0
 665 0062 03       		.uleb128 0x3
 666 0063 0E       		.uleb128 0xe
 667 0064 3A       		.uleb128 0x3a
 668 0065 0B       		.uleb128 0xb
 669 0066 3B       		.uleb128 0x3b
 670 0067 0B       		.uleb128 0xb
 671 0068 49       		.uleb128 0x49
 672 0069 13       		.uleb128 0x13
 673 006a 00       		.byte	0
 674 006b 00       		.byte	0
 675 006c 09       		.uleb128 0x9
 676 006d 01       		.uleb128 0x1
 677 006e 01       		.byte	0x1
 678 006f 49       		.uleb128 0x49
 679 0070 13       		.uleb128 0x13
 680 0071 01       		.uleb128 0x1
 681 0072 13       		.uleb128 0x13
 682 0073 00       		.byte	0
 683 0074 00       		.byte	0
 684 0075 0A       		.uleb128 0xa
 685 0076 21       		.uleb128 0x21
 686 0077 00       		.byte	0
 687 0078 49       		.uleb128 0x49
 688 0079 13       		.uleb128 0x13
 689 007a 2F       		.uleb128 0x2f
 690 007b 0B       		.uleb128 0xb
 691 007c 00       		.byte	0
 692 007d 00       		.byte	0
 693 007e 0B       		.uleb128 0xb
 694 007f 2E       		.uleb128 0x2e
 695 0080 01       		.byte	0x1
 696 0081 3F       		.uleb128 0x3f
 697 0082 19       		.uleb128 0x19
 698 0083 03       		.uleb128 0x3
 699 0084 0E       		.uleb128 0xe
 700 0085 3A       		.uleb128 0x3a
 701 0086 0B       		.uleb128 0xb
 702 0087 3B       		.uleb128 0x3b
 703 0088 0B       		.uleb128 0xb
 704 0089 27       		.uleb128 0x27
 705 008a 19       		.uleb128 0x19
 706 008b 49       		.uleb128 0x49
 707 008c 13       		.uleb128 0x13
 708 008d 11       		.uleb128 0x11
 709 008e 01       		.uleb128 0x1
 710 008f 12       		.uleb128 0x12
ARM GAS  C:\Users\User\AppData\Local\Temp\ccOXNVnb.s 			page 15


 711 0090 06       		.uleb128 0x6
 712 0091 40       		.uleb128 0x40
 713 0092 18       		.uleb128 0x18
 714 0093 9742     		.uleb128 0x2117
 715 0095 19       		.uleb128 0x19
 716 0096 01       		.uleb128 0x1
 717 0097 13       		.uleb128 0x13
 718 0098 00       		.byte	0
 719 0099 00       		.byte	0
 720 009a 0C       		.uleb128 0xc
 721 009b 05       		.uleb128 0x5
 722 009c 00       		.byte	0
 723 009d 03       		.uleb128 0x3
 724 009e 0E       		.uleb128 0xe
 725 009f 3A       		.uleb128 0x3a
 726 00a0 0B       		.uleb128 0xb
 727 00a1 3B       		.uleb128 0x3b
 728 00a2 0B       		.uleb128 0xb
 729 00a3 49       		.uleb128 0x49
 730 00a4 13       		.uleb128 0x13
 731 00a5 02       		.uleb128 0x2
 732 00a6 18       		.uleb128 0x18
 733 00a7 00       		.byte	0
 734 00a8 00       		.byte	0
 735 00a9 0D       		.uleb128 0xd
 736 00aa 05       		.uleb128 0x5
 737 00ab 00       		.byte	0
 738 00ac 03       		.uleb128 0x3
 739 00ad 08       		.uleb128 0x8
 740 00ae 3A       		.uleb128 0x3a
 741 00af 0B       		.uleb128 0xb
 742 00b0 3B       		.uleb128 0x3b
 743 00b1 0B       		.uleb128 0xb
 744 00b2 49       		.uleb128 0x49
 745 00b3 13       		.uleb128 0x13
 746 00b4 02       		.uleb128 0x2
 747 00b5 18       		.uleb128 0x18
 748 00b6 00       		.byte	0
 749 00b7 00       		.byte	0
 750 00b8 0E       		.uleb128 0xe
 751 00b9 34       		.uleb128 0x34
 752 00ba 00       		.byte	0
 753 00bb 03       		.uleb128 0x3
 754 00bc 08       		.uleb128 0x8
 755 00bd 3A       		.uleb128 0x3a
 756 00be 0B       		.uleb128 0xb
 757 00bf 3B       		.uleb128 0x3b
 758 00c0 0B       		.uleb128 0xb
 759 00c1 49       		.uleb128 0x49
 760 00c2 13       		.uleb128 0x13
 761 00c3 02       		.uleb128 0x2
 762 00c4 18       		.uleb128 0x18
 763 00c5 00       		.byte	0
 764 00c6 00       		.byte	0
 765 00c7 0F       		.uleb128 0xf
 766 00c8 0B       		.uleb128 0xb
 767 00c9 01       		.byte	0x1
ARM GAS  C:\Users\User\AppData\Local\Temp\ccOXNVnb.s 			page 16


 768 00ca 11       		.uleb128 0x11
 769 00cb 01       		.uleb128 0x1
 770 00cc 12       		.uleb128 0x12
 771 00cd 06       		.uleb128 0x6
 772 00ce 00       		.byte	0
 773 00cf 00       		.byte	0
 774 00d0 10       		.uleb128 0x10
 775 00d1 0F       		.uleb128 0xf
 776 00d2 00       		.byte	0
 777 00d3 0B       		.uleb128 0xb
 778 00d4 0B       		.uleb128 0xb
 779 00d5 49       		.uleb128 0x49
 780 00d6 13       		.uleb128 0x13
 781 00d7 00       		.byte	0
 782 00d8 00       		.byte	0
 783 00d9 11       		.uleb128 0x11
 784 00da 26       		.uleb128 0x26
 785 00db 00       		.byte	0
 786 00dc 49       		.uleb128 0x49
 787 00dd 13       		.uleb128 0x13
 788 00de 00       		.byte	0
 789 00df 00       		.byte	0
 790 00e0 12       		.uleb128 0x12
 791 00e1 2E       		.uleb128 0x2e
 792 00e2 01       		.byte	0x1
 793 00e3 3F       		.uleb128 0x3f
 794 00e4 19       		.uleb128 0x19
 795 00e5 03       		.uleb128 0x3
 796 00e6 0E       		.uleb128 0xe
 797 00e7 3A       		.uleb128 0x3a
 798 00e8 0B       		.uleb128 0xb
 799 00e9 3B       		.uleb128 0x3b
 800 00ea 0B       		.uleb128 0xb
 801 00eb 27       		.uleb128 0x27
 802 00ec 19       		.uleb128 0x19
 803 00ed 49       		.uleb128 0x49
 804 00ee 13       		.uleb128 0x13
 805 00ef 11       		.uleb128 0x11
 806 00f0 01       		.uleb128 0x1
 807 00f1 12       		.uleb128 0x12
 808 00f2 06       		.uleb128 0x6
 809 00f3 40       		.uleb128 0x40
 810 00f4 18       		.uleb128 0x18
 811 00f5 9642     		.uleb128 0x2116
 812 00f7 19       		.uleb128 0x19
 813 00f8 01       		.uleb128 0x1
 814 00f9 13       		.uleb128 0x13
 815 00fa 00       		.byte	0
 816 00fb 00       		.byte	0
 817 00fc 13       		.uleb128 0x13
 818 00fd 34       		.uleb128 0x34
 819 00fe 00       		.byte	0
 820 00ff 03       		.uleb128 0x3
 821 0100 0E       		.uleb128 0xe
 822 0101 3A       		.uleb128 0x3a
 823 0102 0B       		.uleb128 0xb
 824 0103 3B       		.uleb128 0x3b
ARM GAS  C:\Users\User\AppData\Local\Temp\ccOXNVnb.s 			page 17


 825 0104 0B       		.uleb128 0xb
 826 0105 49       		.uleb128 0x49
 827 0106 13       		.uleb128 0x13
 828 0107 02       		.uleb128 0x2
 829 0108 18       		.uleb128 0x18
 830 0109 00       		.byte	0
 831 010a 00       		.byte	0
 832 010b 14       		.uleb128 0x14
 833 010c 2E       		.uleb128 0x2e
 834 010d 01       		.byte	0x1
 835 010e 3F       		.uleb128 0x3f
 836 010f 19       		.uleb128 0x19
 837 0110 03       		.uleb128 0x3
 838 0111 0E       		.uleb128 0xe
 839 0112 3A       		.uleb128 0x3a
 840 0113 0B       		.uleb128 0xb
 841 0114 3B       		.uleb128 0x3b
 842 0115 0B       		.uleb128 0xb
 843 0116 27       		.uleb128 0x27
 844 0117 19       		.uleb128 0x19
 845 0118 11       		.uleb128 0x11
 846 0119 01       		.uleb128 0x1
 847 011a 12       		.uleb128 0x12
 848 011b 06       		.uleb128 0x6
 849 011c 40       		.uleb128 0x40
 850 011d 18       		.uleb128 0x18
 851 011e 9642     		.uleb128 0x2116
 852 0120 19       		.uleb128 0x19
 853 0121 01       		.uleb128 0x1
 854 0122 13       		.uleb128 0x13
 855 0123 00       		.byte	0
 856 0124 00       		.byte	0
 857 0125 15       		.uleb128 0x15
 858 0126 34       		.uleb128 0x34
 859 0127 00       		.byte	0
 860 0128 03       		.uleb128 0x3
 861 0129 0E       		.uleb128 0xe
 862 012a 3A       		.uleb128 0x3a
 863 012b 0B       		.uleb128 0xb
 864 012c 3B       		.uleb128 0x3b
 865 012d 05       		.uleb128 0x5
 866 012e 49       		.uleb128 0x49
 867 012f 13       		.uleb128 0x13
 868 0130 3F       		.uleb128 0x3f
 869 0131 19       		.uleb128 0x19
 870 0132 3C       		.uleb128 0x3c
 871 0133 19       		.uleb128 0x19
 872 0134 00       		.byte	0
 873 0135 00       		.byte	0
 874 0136 16       		.uleb128 0x16
 875 0137 35       		.uleb128 0x35
 876 0138 00       		.byte	0
 877 0139 49       		.uleb128 0x49
 878 013a 13       		.uleb128 0x13
 879 013b 00       		.byte	0
 880 013c 00       		.byte	0
 881 013d 17       		.uleb128 0x17
ARM GAS  C:\Users\User\AppData\Local\Temp\ccOXNVnb.s 			page 18


 882 013e 34       		.uleb128 0x34
 883 013f 00       		.byte	0
 884 0140 03       		.uleb128 0x3
 885 0141 0E       		.uleb128 0xe
 886 0142 3A       		.uleb128 0x3a
 887 0143 0B       		.uleb128 0xb
 888 0144 3B       		.uleb128 0x3b
 889 0145 0B       		.uleb128 0xb
 890 0146 49       		.uleb128 0x49
 891 0147 13       		.uleb128 0x13
 892 0148 3F       		.uleb128 0x3f
 893 0149 19       		.uleb128 0x19
 894 014a 02       		.uleb128 0x2
 895 014b 18       		.uleb128 0x18
 896 014c 00       		.byte	0
 897 014d 00       		.byte	0
 898 014e 18       		.uleb128 0x18
 899 014f 34       		.uleb128 0x34
 900 0150 00       		.byte	0
 901 0151 03       		.uleb128 0x3
 902 0152 0E       		.uleb128 0xe
 903 0153 3A       		.uleb128 0x3a
 904 0154 0B       		.uleb128 0xb
 905 0155 3B       		.uleb128 0x3b
 906 0156 0B       		.uleb128 0xb
 907 0157 49       		.uleb128 0x49
 908 0158 13       		.uleb128 0x13
 909 0159 3F       		.uleb128 0x3f
 910 015a 19       		.uleb128 0x19
 911 015b 3C       		.uleb128 0x3c
 912 015c 19       		.uleb128 0x19
 913 015d 00       		.byte	0
 914 015e 00       		.byte	0
 915 015f 00       		.byte	0
 916              		.section	.debug_aranges,"",%progbits
 917 0000 2C000000 		.4byte	0x2c
 918 0004 0200     		.2byte	0x2
 919 0006 00000000 		.4byte	.Ldebug_info0
 920 000a 04       		.byte	0x4
 921 000b 00       		.byte	0
 922 000c 0000     		.2byte	0
 923 000e 0000     		.2byte	0
 924 0010 00000000 		.4byte	.LFB64
 925 0014 4E000000 		.4byte	.LFE64-.LFB64
 926 0018 00000000 		.4byte	.LFB65
 927 001c 74000000 		.4byte	.LFE65-.LFB65
 928 0020 00000000 		.4byte	.LFB66
 929 0024 1A000000 		.4byte	.LFE66-.LFB66
 930 0028 00000000 		.4byte	0
 931 002c 00000000 		.4byte	0
 932              		.section	.debug_ranges,"",%progbits
 933              	.Ldebug_ranges0:
 934 0000 00000000 		.4byte	.LFB64
 935 0004 4E000000 		.4byte	.LFE64
 936 0008 00000000 		.4byte	.LFB65
 937 000c 74000000 		.4byte	.LFE65
 938 0010 00000000 		.4byte	.LFB66
ARM GAS  C:\Users\User\AppData\Local\Temp\ccOXNVnb.s 			page 19


 939 0014 1A000000 		.4byte	.LFE66
 940 0018 00000000 		.4byte	0
 941 001c 00000000 		.4byte	0
 942              		.section	.debug_line,"",%progbits
 943              	.Ldebug_line0:
 944 0000 D8010000 		.section	.debug_str,"MS",%progbits,1
 944      02007301 
 944      00000201 
 944      FB0E0D00 
 944      01010101 
 945              	.LASF2:
 946 0000 5F5F7569 		.ascii	"__uint8_t\000"
 946      6E74385F 
 946      7400
 947              	.LASF3:
 948 000a 5F5F696E 		.ascii	"__int16_t\000"
 948      7431365F 
 948      7400
 949              	.LASF29:
 950 0014 76616C75 		.ascii	"value\000"
 950      6500
 951              	.LASF7:
 952 001a 5F5F696E 		.ascii	"__int32_t\000"
 952      7433325F 
 952      7400
 953              	.LASF37:
 954 0024 6164632E 		.ascii	"adc.c\000"
 954      6300
 955              	.LASF4:
 956 002a 73686F72 		.ascii	"short int\000"
 956      7420696E 
 956      7400
 957              	.LASF40:
 958 0034 6164635F 		.ascii	"adc_VDAC_Setvalue\000"
 958      56444143 
 958      5F536574 
 958      76616C75 
 958      6500
 959              	.LASF18:
 960 0046 666C6F61 		.ascii	"float\000"
 960      7400
 961              	.LASF23:
 962 004c 64617461 		.ascii	"data\000"
 962      00
 963              	.LASF17:
 964 0051 75696E74 		.ascii	"uint8\000"
 964      3800
 965              	.LASF1:
 966 0057 756E7369 		.ascii	"unsigned char\000"
 966      676E6564 
 966      20636861 
 966      7200
 967              	.LASF9:
 968 0065 6C6F6E67 		.ascii	"long unsigned int\000"
 968      20756E73 
 968      69676E65 
 968      6420696E 
ARM GAS  C:\Users\User\AppData\Local\Temp\ccOXNVnb.s 			page 20


 968      7400
 969              	.LASF6:
 970 0077 73686F72 		.ascii	"short unsigned int\000"
 970      7420756E 
 970      7369676E 
 970      65642069 
 970      6E7400
 971              	.LASF39:
 972 008a 63616C69 		.ascii	"calibrate_data_usb_union\000"
 972      62726174 
 972      655F6461 
 972      74615F75 
 972      73625F75 
 973              	.LASF24:
 974 00a3 61727261 		.ascii	"array\000"
 974      7900
 975              	.LASF30:
 976 00a9 49544D5F 		.ascii	"ITM_RxBuffer\000"
 976      52784275 
 976      66666572 
 976      00
 977              	.LASF26:
 978 00b6 6164635F 		.ascii	"adc_VDAC_offset\000"
 978      56444143 
 978      5F6F6666 
 978      73657400 
 979              	.LASF5:
 980 00c6 5F5F7569 		.ascii	"__uint16_t\000"
 980      6E743136 
 980      5F7400
 981              	.LASF19:
 982 00d1 646F7562 		.ascii	"double\000"
 982      6C6500
 983              	.LASF32:
 984 00d8 4144435F 		.ascii	"ADC_buffer_index\000"
 984      62756666 
 984      65725F69 
 984      6E646578 
 984      00
 985              	.LASF12:
 986 00e9 756E7369 		.ascii	"unsigned int\000"
 986      676E6564 
 986      20696E74 
 986      00
 987              	.LASF11:
 988 00f6 6C6F6E67 		.ascii	"long long unsigned int\000"
 988      206C6F6E 
 988      6720756E 
 988      7369676E 
 988      65642069 
 989              	.LASF13:
 990 010d 75696E74 		.ascii	"uint8_t\000"
 990      385F7400 
 991              	.LASF35:
 992 0115 54585F44 		.ascii	"TX_Data\000"
 992      61746100 
 993              	.LASF28:
ARM GAS  C:\Users\User\AppData\Local\Temp\ccOXNVnb.s 			page 21


 994 011d 5469614F 		.ascii	"TiaOffset\000"
 994      66667365 
 994      7400
 995              	.LASF14:
 996 0127 696E7431 		.ascii	"int16_t\000"
 996      365F7400 
 997              	.LASF27:
 998 012f 64617461 		.ascii	"data_buffer\000"
 998      5F627566 
 998      66657200 
 999              	.LASF16:
 1000 013b 696E7433 		.ascii	"int32_t\000"
 1000      325F7400 
 1001              	.LASF21:
 1002 0143 73697A65 		.ascii	"sizetype\000"
 1002      74797065 
 1002      00
 1003              	.LASF10:
 1004 014c 6C6F6E67 		.ascii	"long long int\000"
 1004      206C6F6E 
 1004      6720696E 
 1004      7400
 1005              	.LASF25:
 1006 015a 6164635F 		.ascii	"adc_Convert2Dec\000"
 1006      436F6E76 
 1006      65727432 
 1006      44656300 
 1007              	.LASF38:
 1008 016a 433A5C55 		.ascii	"C:\\Users\\User\\Dropbox\\67 PSOC\\PSoC-Potentiosta"
 1008      73657273 
 1008      5C557365 
 1008      725C4472 
 1008      6F70626F 
 1009 0198 745C502D 		.ascii	"t\\P-Stat.cydsn\000"
 1009      53746174 
 1009      2E637964 
 1009      736E00
 1010              	.LASF34:
 1011 01a7 63616C69 		.ascii	"calibrate_array\000"
 1011      62726174 
 1011      655F6172 
 1011      72617900 
 1012              	.LASF33:
 1013 01b7 4144435F 		.ascii	"ADC_config\000"
 1013      636F6E66 
 1013      696700
 1014              	.LASF36:
 1015 01c2 474E5520 		.ascii	"GNU C99 5.4.1 20160609 (release) [ARM/embedded-5-br"
 1015      43393920 
 1015      352E342E 
 1015      31203230 
 1015      31363036 
 1016 01f5 616E6368 		.ascii	"anch revision 237715] -mcpu=cortex-m3 -mthumb -g -O"
 1016      20726576 
 1016      6973696F 
 1016      6E203233 
 1016      37373135 
ARM GAS  C:\Users\User\AppData\Local\Temp\ccOXNVnb.s 			page 22


 1017 0228 30202D73 		.ascii	"0 -std=gnu99 -ffunction-sections -ffat-lto-objects\000"
 1017      74643D67 
 1017      6E753939 
 1017      202D6666 
 1017      756E6374 
 1018              	.LASF31:
 1019 025b 62756666 		.ascii	"buffer\000"
 1019      657200
 1020              	.LASF15:
 1021 0262 75696E74 		.ascii	"uint16_t\000"
 1021      31365F74 
 1021      00
 1022              	.LASF8:
 1023 026b 6C6F6E67 		.ascii	"long int\000"
 1023      20696E74 
 1023      00
 1024              	.LASF20:
 1025 0274 63686172 		.ascii	"char\000"
 1025      00
 1026              	.LASF22:
 1027 0279 6C6F6E67 		.ascii	"long double\000"
 1027      20646F75 
 1027      626C6500 
 1028              	.LASF0:
 1029 0285 7369676E 		.ascii	"signed char\000"
 1029      65642063 
 1029      68617200 
 1030              		.ident	"GCC: (GNU Tools for ARM Embedded Processors) 5.4.1 20160609 (release) [ARM/embedded-5-bran
