ARM GAS  C:\Users\User\AppData\Local\Temp\ccQoHtpZ.s 			page 1


   1              		.syntax unified
   2              		.cpu cortex-m3
   3              		.fpu softvfp
   4              		.eabi_attribute 20, 1
   5              		.eabi_attribute 21, 1
   6              		.eabi_attribute 23, 3
   7              		.eabi_attribute 24, 1
   8              		.eabi_attribute 25, 1
   9              		.eabi_attribute 26, 1
  10              		.eabi_attribute 30, 6
  11              		.eabi_attribute 34, 1
  12              		.eabi_attribute 18, 4
  13              		.thumb
  14              		.syntax unified
  15              		.file	"ADC_DelSig_INT.c"
  16              		.text
  17              	.Ltext0:
  18              		.cfi_sections	.debug_frame
  19              		.section	.text.ADC_DelSig_ISR1,"ax",%progbits
  20              		.align	2
  21              		.global	ADC_DelSig_ISR1
  22              		.thumb
  23              		.thumb_func
  24              		.type	ADC_DelSig_ISR1, %function
  25              	ADC_DelSig_ISR1:
  26              	.LFB0:
  27              		.file 1 "Generated_Source\\PSoC5\\ADC_DelSig_INT.c"
   1:Generated_Source\PSoC5/ADC_DelSig_INT.c **** /*******************************************************************************
   2:Generated_Source\PSoC5/ADC_DelSig_INT.c **** * File Name: ADC_DelSig_INT.c
   3:Generated_Source\PSoC5/ADC_DelSig_INT.c **** * Version 3.30
   4:Generated_Source\PSoC5/ADC_DelSig_INT.c **** *
   5:Generated_Source\PSoC5/ADC_DelSig_INT.c **** * Description:
   6:Generated_Source\PSoC5/ADC_DelSig_INT.c **** *  This file contains the code that operates during the ADC_DelSig interrupt
   7:Generated_Source\PSoC5/ADC_DelSig_INT.c **** *  service routine.
   8:Generated_Source\PSoC5/ADC_DelSig_INT.c **** *
   9:Generated_Source\PSoC5/ADC_DelSig_INT.c **** * Note:
  10:Generated_Source\PSoC5/ADC_DelSig_INT.c **** *
  11:Generated_Source\PSoC5/ADC_DelSig_INT.c **** ********************************************************************************
  12:Generated_Source\PSoC5/ADC_DelSig_INT.c **** * Copyright 2008-2017, Cypress Semiconductor Corporation.  All rights reserved.
  13:Generated_Source\PSoC5/ADC_DelSig_INT.c **** * You may use this file only in accordance with the license, terms, conditions,
  14:Generated_Source\PSoC5/ADC_DelSig_INT.c **** * disclaimers, and limitations in the end user license agreement accompanying
  15:Generated_Source\PSoC5/ADC_DelSig_INT.c **** * the software package with which this file was provided.
  16:Generated_Source\PSoC5/ADC_DelSig_INT.c **** *******************************************************************************/
  17:Generated_Source\PSoC5/ADC_DelSig_INT.c **** 
  18:Generated_Source\PSoC5/ADC_DelSig_INT.c **** #include "ADC_DelSig.h"
  19:Generated_Source\PSoC5/ADC_DelSig_INT.c **** 
  20:Generated_Source\PSoC5/ADC_DelSig_INT.c **** 
  21:Generated_Source\PSoC5/ADC_DelSig_INT.c **** 
  22:Generated_Source\PSoC5/ADC_DelSig_INT.c **** /*******************************************************************************
  23:Generated_Source\PSoC5/ADC_DelSig_INT.c **** * Custom Declarations and Variables
  24:Generated_Source\PSoC5/ADC_DelSig_INT.c **** * - add user include files, prototypes and variables between the following
  25:Generated_Source\PSoC5/ADC_DelSig_INT.c **** *   #START and #END tags
  26:Generated_Source\PSoC5/ADC_DelSig_INT.c **** *******************************************************************************/
  27:Generated_Source\PSoC5/ADC_DelSig_INT.c **** /* `#START ADC_SYS_VAR`  */
  28:Generated_Source\PSoC5/ADC_DelSig_INT.c **** 
  29:Generated_Source\PSoC5/ADC_DelSig_INT.c **** /* `#END`  */
  30:Generated_Source\PSoC5/ADC_DelSig_INT.c **** 
ARM GAS  C:\Users\User\AppData\Local\Temp\ccQoHtpZ.s 			page 2


  31:Generated_Source\PSoC5/ADC_DelSig_INT.c **** #if(ADC_DelSig_IRQ_REMOVE == 0u)
  32:Generated_Source\PSoC5/ADC_DelSig_INT.c **** 
  33:Generated_Source\PSoC5/ADC_DelSig_INT.c **** 
  34:Generated_Source\PSoC5/ADC_DelSig_INT.c ****     /*****************************************************************************
  35:Generated_Source\PSoC5/ADC_DelSig_INT.c ****     * Function Name: ADC_DelSig_ISR1
  36:Generated_Source\PSoC5/ADC_DelSig_INT.c ****     ******************************************************************************
  37:Generated_Source\PSoC5/ADC_DelSig_INT.c ****     *
  38:Generated_Source\PSoC5/ADC_DelSig_INT.c ****     * Summary:
  39:Generated_Source\PSoC5/ADC_DelSig_INT.c ****     *  Handle Interrupt Service Routine.
  40:Generated_Source\PSoC5/ADC_DelSig_INT.c ****     *
  41:Generated_Source\PSoC5/ADC_DelSig_INT.c ****     * Parameters:
  42:Generated_Source\PSoC5/ADC_DelSig_INT.c ****     *  None
  43:Generated_Source\PSoC5/ADC_DelSig_INT.c ****     *
  44:Generated_Source\PSoC5/ADC_DelSig_INT.c ****     * Return:
  45:Generated_Source\PSoC5/ADC_DelSig_INT.c ****     *  None
  46:Generated_Source\PSoC5/ADC_DelSig_INT.c ****     *
  47:Generated_Source\PSoC5/ADC_DelSig_INT.c ****     * Reentrant:
  48:Generated_Source\PSoC5/ADC_DelSig_INT.c ****     *  No
  49:Generated_Source\PSoC5/ADC_DelSig_INT.c ****     *
  50:Generated_Source\PSoC5/ADC_DelSig_INT.c ****     *****************************************************************************/
  51:Generated_Source\PSoC5/ADC_DelSig_INT.c ****     CY_ISR( ADC_DelSig_ISR1)
  52:Generated_Source\PSoC5/ADC_DelSig_INT.c ****     {
  28              		.loc 1 52 0
  29              		.cfi_startproc
  30              		@ args = 0, pretend = 0, frame = 0
  31              		@ frame_needed = 1, uses_anonymous_args = 0
  32              		@ link register save eliminated.
  33 0000 80B4     		push	{r7}
  34              		.cfi_def_cfa_offset 4
  35              		.cfi_offset 7, -4
  36 0002 00AF     		add	r7, sp, #0
  37              		.cfi_def_cfa_register 7
  53:Generated_Source\PSoC5/ADC_DelSig_INT.c ****         #ifdef ADC_DelSig_ISR1_ENTRY_CALLBACK
  54:Generated_Source\PSoC5/ADC_DelSig_INT.c ****             ADC_DelSig_ISR1_EntryCallback();
  55:Generated_Source\PSoC5/ADC_DelSig_INT.c ****         #endif /* ADC_DelSig_ISR1_ENTRY_CALLBACK */
  56:Generated_Source\PSoC5/ADC_DelSig_INT.c ****         
  57:Generated_Source\PSoC5/ADC_DelSig_INT.c **** 
  58:Generated_Source\PSoC5/ADC_DelSig_INT.c ****         /**************************************************************************
  59:Generated_Source\PSoC5/ADC_DelSig_INT.c ****         *  Custom Code
  60:Generated_Source\PSoC5/ADC_DelSig_INT.c ****         *  - add user ISR code between the following #START and #END tags
  61:Generated_Source\PSoC5/ADC_DelSig_INT.c ****         **************************************************************************/
  62:Generated_Source\PSoC5/ADC_DelSig_INT.c ****         /* `#START MAIN_ADC_ISR1`  */
  63:Generated_Source\PSoC5/ADC_DelSig_INT.c **** 
  64:Generated_Source\PSoC5/ADC_DelSig_INT.c ****         /* `#END`  */
  65:Generated_Source\PSoC5/ADC_DelSig_INT.c ****         
  66:Generated_Source\PSoC5/ADC_DelSig_INT.c ****         /* Stop the conversion if conversion mode is single sample and resolution
  67:Generated_Source\PSoC5/ADC_DelSig_INT.c ****         *  is above 16 bits.
  68:Generated_Source\PSoC5/ADC_DelSig_INT.c ****         */
  69:Generated_Source\PSoC5/ADC_DelSig_INT.c ****         #if(ADC_DelSig_CFG1_RESOLUTION > 16 && \
  70:Generated_Source\PSoC5/ADC_DelSig_INT.c ****             ADC_DelSig_CFG1_CONV_MODE == ADC_DelSig_MODE_SINGLE_SAMPLE)
  71:Generated_Source\PSoC5/ADC_DelSig_INT.c ****             ADC_DelSig_StopConvert();
  72:Generated_Source\PSoC5/ADC_DelSig_INT.c ****             /* Software flag for checking conversion complete or not. Will be used when
  73:Generated_Source\PSoC5/ADC_DelSig_INT.c ****             *  resolution is above 16 bits and conversion mode is single sample 
  74:Generated_Source\PSoC5/ADC_DelSig_INT.c **** 			*/
  75:Generated_Source\PSoC5/ADC_DelSig_INT.c ****             ADC_DelSig_convDone = ADC_DelSig_DEC_CONV_DONE;
  76:Generated_Source\PSoC5/ADC_DelSig_INT.c ****         #endif /* Single sample conversion mode with resolution above 16 bits */
  77:Generated_Source\PSoC5/ADC_DelSig_INT.c **** 
ARM GAS  C:\Users\User\AppData\Local\Temp\ccQoHtpZ.s 			page 3


  78:Generated_Source\PSoC5/ADC_DelSig_INT.c ****         #ifdef ADC_DelSig_ISR1_EXIT_CALLBACK
  79:Generated_Source\PSoC5/ADC_DelSig_INT.c ****             ADC_DelSig_ISR1_ExitCallback();
  80:Generated_Source\PSoC5/ADC_DelSig_INT.c ****         #endif /* ADC_DelSig_ISR1_EXIT_CALLBACK */
  81:Generated_Source\PSoC5/ADC_DelSig_INT.c ****     }
  38              		.loc 1 81 0
  39 0004 00BF     		nop
  40 0006 BD46     		mov	sp, r7
  41              		.cfi_def_cfa_register 13
  42              		@ sp needed
  43 0008 80BC     		pop	{r7}
  44              		.cfi_restore 7
  45              		.cfi_def_cfa_offset 0
  46 000a 7047     		bx	lr
  47              		.cfi_endproc
  48              	.LFE0:
  49              		.size	ADC_DelSig_ISR1, .-ADC_DelSig_ISR1
  50              		.section	.text.ADC_DelSig_ISR2,"ax",%progbits
  51              		.align	2
  52              		.global	ADC_DelSig_ISR2
  53              		.thumb
  54              		.thumb_func
  55              		.type	ADC_DelSig_ISR2, %function
  56              	ADC_DelSig_ISR2:
  57              	.LFB1:
  82:Generated_Source\PSoC5/ADC_DelSig_INT.c **** 
  83:Generated_Source\PSoC5/ADC_DelSig_INT.c **** 
  84:Generated_Source\PSoC5/ADC_DelSig_INT.c ****     /*****************************************************************************
  85:Generated_Source\PSoC5/ADC_DelSig_INT.c ****     * Function Name: ADC_DelSig_ISR2
  86:Generated_Source\PSoC5/ADC_DelSig_INT.c ****     ******************************************************************************
  87:Generated_Source\PSoC5/ADC_DelSig_INT.c ****     *
  88:Generated_Source\PSoC5/ADC_DelSig_INT.c ****     * Summary:
  89:Generated_Source\PSoC5/ADC_DelSig_INT.c ****     *  Handle Interrupt Service Routine.
  90:Generated_Source\PSoC5/ADC_DelSig_INT.c ****     *
  91:Generated_Source\PSoC5/ADC_DelSig_INT.c ****     * Parameters:
  92:Generated_Source\PSoC5/ADC_DelSig_INT.c ****     *  None
  93:Generated_Source\PSoC5/ADC_DelSig_INT.c ****     *
  94:Generated_Source\PSoC5/ADC_DelSig_INT.c ****     * Return:
  95:Generated_Source\PSoC5/ADC_DelSig_INT.c ****     *  None
  96:Generated_Source\PSoC5/ADC_DelSig_INT.c ****     *
  97:Generated_Source\PSoC5/ADC_DelSig_INT.c ****     * Reentrant:
  98:Generated_Source\PSoC5/ADC_DelSig_INT.c ****     *  No
  99:Generated_Source\PSoC5/ADC_DelSig_INT.c ****     *
 100:Generated_Source\PSoC5/ADC_DelSig_INT.c ****     *****************************************************************************/
 101:Generated_Source\PSoC5/ADC_DelSig_INT.c ****     CY_ISR( ADC_DelSig_ISR2)
 102:Generated_Source\PSoC5/ADC_DelSig_INT.c ****     {
  58              		.loc 1 102 0
  59              		.cfi_startproc
  60              		@ args = 0, pretend = 0, frame = 0
  61              		@ frame_needed = 1, uses_anonymous_args = 0
  62              		@ link register save eliminated.
  63 0000 80B4     		push	{r7}
  64              		.cfi_def_cfa_offset 4
  65              		.cfi_offset 7, -4
  66 0002 00AF     		add	r7, sp, #0
  67              		.cfi_def_cfa_register 7
 103:Generated_Source\PSoC5/ADC_DelSig_INT.c ****         #ifdef ADC_DelSig_ISR2_ENTRY_CALLBACK
 104:Generated_Source\PSoC5/ADC_DelSig_INT.c ****             ADC_DelSig_ISR2_EntryCallback();
ARM GAS  C:\Users\User\AppData\Local\Temp\ccQoHtpZ.s 			page 4


 105:Generated_Source\PSoC5/ADC_DelSig_INT.c ****         #endif /* ADC_DelSig_ISR2_ENTRY_CALLBACK */
 106:Generated_Source\PSoC5/ADC_DelSig_INT.c ****         
 107:Generated_Source\PSoC5/ADC_DelSig_INT.c ****         
 108:Generated_Source\PSoC5/ADC_DelSig_INT.c ****         /***************************************************************************
 109:Generated_Source\PSoC5/ADC_DelSig_INT.c ****         *  Custom Code
 110:Generated_Source\PSoC5/ADC_DelSig_INT.c ****         *  - add user ISR code between the following #START and #END tags
 111:Generated_Source\PSoC5/ADC_DelSig_INT.c ****         **************************************************************************/
 112:Generated_Source\PSoC5/ADC_DelSig_INT.c ****         /* `#START MAIN_ADC_ISR2`  */
 113:Generated_Source\PSoC5/ADC_DelSig_INT.c **** 
 114:Generated_Source\PSoC5/ADC_DelSig_INT.c ****         /* `#END`  */
 115:Generated_Source\PSoC5/ADC_DelSig_INT.c **** 
 116:Generated_Source\PSoC5/ADC_DelSig_INT.c ****         /* Stop the conversion conversion mode is single sample and resolution
 117:Generated_Source\PSoC5/ADC_DelSig_INT.c ****         *  is above 16 bits.
 118:Generated_Source\PSoC5/ADC_DelSig_INT.c ****         */
 119:Generated_Source\PSoC5/ADC_DelSig_INT.c ****         #if(ADC_DelSig_CFG2_RESOLUTION > 16 && \
 120:Generated_Source\PSoC5/ADC_DelSig_INT.c ****             ADC_DelSig_CFG2_CONVMODE == ADC_DelSig_MODE_SINGLE_SAMPLE)
 121:Generated_Source\PSoC5/ADC_DelSig_INT.c ****             ADC_DelSig_StopConvert();
 122:Generated_Source\PSoC5/ADC_DelSig_INT.c ****             /* Software flag for checking conversion complete or not. Will be used when
 123:Generated_Source\PSoC5/ADC_DelSig_INT.c ****             *   resolution is above 16 bits and conversion mode is single sample 
 124:Generated_Source\PSoC5/ADC_DelSig_INT.c **** 			*/
 125:Generated_Source\PSoC5/ADC_DelSig_INT.c ****             ADC_DelSig_convDone = ADC_DelSig_DEC_CONV_DONE;
 126:Generated_Source\PSoC5/ADC_DelSig_INT.c ****         #endif /* Single sample conversion mode with resolution above 16 bits */
 127:Generated_Source\PSoC5/ADC_DelSig_INT.c **** 
 128:Generated_Source\PSoC5/ADC_DelSig_INT.c ****         #ifdef ADC_DelSig_ISR2_EXIT_CALLBACK
 129:Generated_Source\PSoC5/ADC_DelSig_INT.c ****             ADC_DelSig_ISR2_ExitCallback();
 130:Generated_Source\PSoC5/ADC_DelSig_INT.c ****         #endif /* ADC_DelSig_ISR2_EXIT_CALLBACK */
 131:Generated_Source\PSoC5/ADC_DelSig_INT.c ****     }
  68              		.loc 1 131 0
  69 0004 00BF     		nop
  70 0006 BD46     		mov	sp, r7
  71              		.cfi_def_cfa_register 13
  72              		@ sp needed
  73 0008 80BC     		pop	{r7}
  74              		.cfi_restore 7
  75              		.cfi_def_cfa_offset 0
  76 000a 7047     		bx	lr
  77              		.cfi_endproc
  78              	.LFE1:
  79              		.size	ADC_DelSig_ISR2, .-ADC_DelSig_ISR2
  80              		.section	.text.ADC_DelSig_ISR3,"ax",%progbits
  81              		.align	2
  82              		.global	ADC_DelSig_ISR3
  83              		.thumb
  84              		.thumb_func
  85              		.type	ADC_DelSig_ISR3, %function
  86              	ADC_DelSig_ISR3:
  87              	.LFB2:
 132:Generated_Source\PSoC5/ADC_DelSig_INT.c **** 
 133:Generated_Source\PSoC5/ADC_DelSig_INT.c **** 
 134:Generated_Source\PSoC5/ADC_DelSig_INT.c ****     /*****************************************************************************
 135:Generated_Source\PSoC5/ADC_DelSig_INT.c ****     * Function Name: ADC_DelSig_ISR3
 136:Generated_Source\PSoC5/ADC_DelSig_INT.c ****     ******************************************************************************
 137:Generated_Source\PSoC5/ADC_DelSig_INT.c ****     *
 138:Generated_Source\PSoC5/ADC_DelSig_INT.c ****     * Summary:
 139:Generated_Source\PSoC5/ADC_DelSig_INT.c ****     *  Handle Interrupt Service Routine.
 140:Generated_Source\PSoC5/ADC_DelSig_INT.c ****     *
 141:Generated_Source\PSoC5/ADC_DelSig_INT.c ****     * Parameters:
ARM GAS  C:\Users\User\AppData\Local\Temp\ccQoHtpZ.s 			page 5


 142:Generated_Source\PSoC5/ADC_DelSig_INT.c ****     *  None
 143:Generated_Source\PSoC5/ADC_DelSig_INT.c ****     *
 144:Generated_Source\PSoC5/ADC_DelSig_INT.c ****     * Return:
 145:Generated_Source\PSoC5/ADC_DelSig_INT.c ****     *  None
 146:Generated_Source\PSoC5/ADC_DelSig_INT.c ****     *
 147:Generated_Source\PSoC5/ADC_DelSig_INT.c ****     * Reentrant:
 148:Generated_Source\PSoC5/ADC_DelSig_INT.c ****     *  No
 149:Generated_Source\PSoC5/ADC_DelSig_INT.c ****     *
 150:Generated_Source\PSoC5/ADC_DelSig_INT.c ****     *****************************************************************************/
 151:Generated_Source\PSoC5/ADC_DelSig_INT.c ****     CY_ISR( ADC_DelSig_ISR3)
 152:Generated_Source\PSoC5/ADC_DelSig_INT.c ****     {
  88              		.loc 1 152 0
  89              		.cfi_startproc
  90              		@ args = 0, pretend = 0, frame = 0
  91              		@ frame_needed = 1, uses_anonymous_args = 0
  92              		@ link register save eliminated.
  93 0000 80B4     		push	{r7}
  94              		.cfi_def_cfa_offset 4
  95              		.cfi_offset 7, -4
  96 0002 00AF     		add	r7, sp, #0
  97              		.cfi_def_cfa_register 7
 153:Generated_Source\PSoC5/ADC_DelSig_INT.c ****         #ifdef ADC_DelSig_ISR3_ENTRY_CALLBACK
 154:Generated_Source\PSoC5/ADC_DelSig_INT.c ****             ADC_DelSig_ISR3_EntryCallback();
 155:Generated_Source\PSoC5/ADC_DelSig_INT.c ****         #endif /* ADC_DelSig_ISR3_ENTRY_CALLBACK */        
 156:Generated_Source\PSoC5/ADC_DelSig_INT.c **** 
 157:Generated_Source\PSoC5/ADC_DelSig_INT.c ****         
 158:Generated_Source\PSoC5/ADC_DelSig_INT.c ****         /***************************************************************************
 159:Generated_Source\PSoC5/ADC_DelSig_INT.c ****         *  Custom Code
 160:Generated_Source\PSoC5/ADC_DelSig_INT.c ****         *  - add user ISR code between the following #START and #END tags
 161:Generated_Source\PSoC5/ADC_DelSig_INT.c ****         **************************************************************************/
 162:Generated_Source\PSoC5/ADC_DelSig_INT.c ****         /* `#START MAIN_ADC_ISR3`  */
 163:Generated_Source\PSoC5/ADC_DelSig_INT.c **** 
 164:Generated_Source\PSoC5/ADC_DelSig_INT.c ****         /* `#END`  */
 165:Generated_Source\PSoC5/ADC_DelSig_INT.c ****         
 166:Generated_Source\PSoC5/ADC_DelSig_INT.c ****         /* Stop the conversion if conversion mode is set to single sample and
 167:Generated_Source\PSoC5/ADC_DelSig_INT.c ****         *  resolution is above 16 bits.
 168:Generated_Source\PSoC5/ADC_DelSig_INT.c ****         */
 169:Generated_Source\PSoC5/ADC_DelSig_INT.c ****         #if(ADC_DelSig_CFG3_RESOLUTION > 16 && \
 170:Generated_Source\PSoC5/ADC_DelSig_INT.c ****             ADC_DelSig_CFG3_CONVMODE == ADC_DelSig_MODE_SINGLE_SAMPLE)
 171:Generated_Source\PSoC5/ADC_DelSig_INT.c ****             ADC_DelSig_StopConvert();
 172:Generated_Source\PSoC5/ADC_DelSig_INT.c ****             /* Software flag for checking conversion complete or not. Will be used when
 173:Generated_Source\PSoC5/ADC_DelSig_INT.c ****             *  resolution is above 16 bits and conversion mode is single sample 
 174:Generated_Source\PSoC5/ADC_DelSig_INT.c **** 			*/
 175:Generated_Source\PSoC5/ADC_DelSig_INT.c ****             ADC_DelSig_convDone = ADC_DelSig_DEC_CONV_DONE;
 176:Generated_Source\PSoC5/ADC_DelSig_INT.c ****         #endif /* Single sample conversion mode with resolution above 16 bits */
 177:Generated_Source\PSoC5/ADC_DelSig_INT.c **** 
 178:Generated_Source\PSoC5/ADC_DelSig_INT.c ****         #ifdef ADC_DelSig_ISR3_EXIT_CALLBACK
 179:Generated_Source\PSoC5/ADC_DelSig_INT.c ****             ADC_DelSig_ISR3_ExitCallback();
 180:Generated_Source\PSoC5/ADC_DelSig_INT.c ****         #endif /* ADC_DelSig_ISR3_EXIT_CALLBACK */        
 181:Generated_Source\PSoC5/ADC_DelSig_INT.c ****     }
  98              		.loc 1 181 0
  99 0004 00BF     		nop
 100 0006 BD46     		mov	sp, r7
 101              		.cfi_def_cfa_register 13
 102              		@ sp needed
 103 0008 80BC     		pop	{r7}
 104              		.cfi_restore 7
ARM GAS  C:\Users\User\AppData\Local\Temp\ccQoHtpZ.s 			page 6


 105              		.cfi_def_cfa_offset 0
 106 000a 7047     		bx	lr
 107              		.cfi_endproc
 108              	.LFE2:
 109              		.size	ADC_DelSig_ISR3, .-ADC_DelSig_ISR3
 110              		.section	.text.ADC_DelSig_ISR4,"ax",%progbits
 111              		.align	2
 112              		.global	ADC_DelSig_ISR4
 113              		.thumb
 114              		.thumb_func
 115              		.type	ADC_DelSig_ISR4, %function
 116              	ADC_DelSig_ISR4:
 117              	.LFB3:
 182:Generated_Source\PSoC5/ADC_DelSig_INT.c **** 
 183:Generated_Source\PSoC5/ADC_DelSig_INT.c **** 
 184:Generated_Source\PSoC5/ADC_DelSig_INT.c ****     /*****************************************************************************
 185:Generated_Source\PSoC5/ADC_DelSig_INT.c ****     * Function Name: ADC_DelSig_ISR4
 186:Generated_Source\PSoC5/ADC_DelSig_INT.c ****     ******************************************************************************
 187:Generated_Source\PSoC5/ADC_DelSig_INT.c ****     *
 188:Generated_Source\PSoC5/ADC_DelSig_INT.c ****     * Summary:
 189:Generated_Source\PSoC5/ADC_DelSig_INT.c ****     *  Handle Interrupt Service Routine.
 190:Generated_Source\PSoC5/ADC_DelSig_INT.c ****     *
 191:Generated_Source\PSoC5/ADC_DelSig_INT.c ****     * Parameters:
 192:Generated_Source\PSoC5/ADC_DelSig_INT.c ****     *  None
 193:Generated_Source\PSoC5/ADC_DelSig_INT.c ****     *
 194:Generated_Source\PSoC5/ADC_DelSig_INT.c ****     * Return:
 195:Generated_Source\PSoC5/ADC_DelSig_INT.c ****     *  None
 196:Generated_Source\PSoC5/ADC_DelSig_INT.c ****     *
 197:Generated_Source\PSoC5/ADC_DelSig_INT.c ****     * Reentrant:
 198:Generated_Source\PSoC5/ADC_DelSig_INT.c ****     *  No
 199:Generated_Source\PSoC5/ADC_DelSig_INT.c ****     *
 200:Generated_Source\PSoC5/ADC_DelSig_INT.c ****     *****************************************************************************/
 201:Generated_Source\PSoC5/ADC_DelSig_INT.c ****     CY_ISR( ADC_DelSig_ISR4)
 202:Generated_Source\PSoC5/ADC_DelSig_INT.c ****     {
 118              		.loc 1 202 0
 119              		.cfi_startproc
 120              		@ args = 0, pretend = 0, frame = 0
 121              		@ frame_needed = 1, uses_anonymous_args = 0
 122              		@ link register save eliminated.
 123 0000 80B4     		push	{r7}
 124              		.cfi_def_cfa_offset 4
 125              		.cfi_offset 7, -4
 126 0002 00AF     		add	r7, sp, #0
 127              		.cfi_def_cfa_register 7
 203:Generated_Source\PSoC5/ADC_DelSig_INT.c ****         #ifdef ADC_DelSig_ISR4_ENTRY_CALLBACK
 204:Generated_Source\PSoC5/ADC_DelSig_INT.c ****             ADC_DelSig_ISR4_EntryCallback();
 205:Generated_Source\PSoC5/ADC_DelSig_INT.c ****         #endif /* ADC_DelSig_ISR4_ENTRY_CALLBACK */            
 206:Generated_Source\PSoC5/ADC_DelSig_INT.c **** 
 207:Generated_Source\PSoC5/ADC_DelSig_INT.c ****         
 208:Generated_Source\PSoC5/ADC_DelSig_INT.c ****         /***************************************************************************
 209:Generated_Source\PSoC5/ADC_DelSig_INT.c ****         *  Custom Code
 210:Generated_Source\PSoC5/ADC_DelSig_INT.c ****         *  - add user ISR code between the following #START and #END tags
 211:Generated_Source\PSoC5/ADC_DelSig_INT.c ****         **************************************************************************/
 212:Generated_Source\PSoC5/ADC_DelSig_INT.c ****         /* `#START MAIN_ADC_ISR4`  */
 213:Generated_Source\PSoC5/ADC_DelSig_INT.c **** 
 214:Generated_Source\PSoC5/ADC_DelSig_INT.c ****         /* `#END`  */
 215:Generated_Source\PSoC5/ADC_DelSig_INT.c **** 
ARM GAS  C:\Users\User\AppData\Local\Temp\ccQoHtpZ.s 			page 7


 216:Generated_Source\PSoC5/ADC_DelSig_INT.c ****         /* Stop the conversion if conversion mode is set to single sample and
 217:Generated_Source\PSoC5/ADC_DelSig_INT.c ****         *  resolution is above 16 bits.
 218:Generated_Source\PSoC5/ADC_DelSig_INT.c ****         */
 219:Generated_Source\PSoC5/ADC_DelSig_INT.c ****         #if(ADC_DelSig_CFG4_RESOLUTION > 16 && \
 220:Generated_Source\PSoC5/ADC_DelSig_INT.c ****             ADC_DelSig_CFG4_CONVMODE == ADC_DelSig_MODE_SINGLE_SAMPLE)
 221:Generated_Source\PSoC5/ADC_DelSig_INT.c ****             ADC_DelSig_StopConvert();
 222:Generated_Source\PSoC5/ADC_DelSig_INT.c ****             /* Software flag for checking conversion complete or not. Will be used when
 223:Generated_Source\PSoC5/ADC_DelSig_INT.c ****             *  resolution is above 16 bits and conversion mode is single sample 
 224:Generated_Source\PSoC5/ADC_DelSig_INT.c **** 			*/
 225:Generated_Source\PSoC5/ADC_DelSig_INT.c ****             ADC_DelSig_convDone = ADC_DelSig_DEC_CONV_DONE;
 226:Generated_Source\PSoC5/ADC_DelSig_INT.c ****         #endif /* Single sample conversion mode with resolution above 16 bits */
 227:Generated_Source\PSoC5/ADC_DelSig_INT.c ****         
 228:Generated_Source\PSoC5/ADC_DelSig_INT.c ****         #ifdef ADC_DelSig_ISR4_EXIT_CALLBACK
 229:Generated_Source\PSoC5/ADC_DelSig_INT.c ****             ADC_DelSig_ISR4_ExitCallback();
 230:Generated_Source\PSoC5/ADC_DelSig_INT.c ****         #endif /* ADC_DelSig_ISR4_EXIT_CALLBACK */            
 231:Generated_Source\PSoC5/ADC_DelSig_INT.c ****     }
 128              		.loc 1 231 0
 129 0004 00BF     		nop
 130 0006 BD46     		mov	sp, r7
 131              		.cfi_def_cfa_register 13
 132              		@ sp needed
 133 0008 80BC     		pop	{r7}
 134              		.cfi_restore 7
 135              		.cfi_def_cfa_offset 0
 136 000a 7047     		bx	lr
 137              		.cfi_endproc
 138              	.LFE3:
 139              		.size	ADC_DelSig_ISR4, .-ADC_DelSig_ISR4
 140              		.text
 141              	.Letext0:
 142              		.section	.debug_info,"",%progbits
 143              	.Ldebug_info0:
 144 0000 C8000000 		.4byte	0xc8
 145 0004 0400     		.2byte	0x4
 146 0006 00000000 		.4byte	.Ldebug_abbrev0
 147 000a 04       		.byte	0x4
 148 000b 01       		.uleb128 0x1
 149 000c 97000000 		.4byte	.LASF17
 150 0010 0C       		.byte	0xc
 151 0011 40010000 		.4byte	.LASF18
 152 0015 97010000 		.4byte	.LASF19
 153 0019 00000000 		.4byte	.Ldebug_ranges0+0
 154 001d 00000000 		.4byte	0
 155 0021 00000000 		.4byte	.Ldebug_line0
 156 0025 02       		.uleb128 0x2
 157 0026 01       		.byte	0x1
 158 0027 06       		.byte	0x6
 159 0028 7B010000 		.4byte	.LASF0
 160 002c 02       		.uleb128 0x2
 161 002d 01       		.byte	0x1
 162 002e 08       		.byte	0x8
 163 002f 89000000 		.4byte	.LASF1
 164 0033 02       		.uleb128 0x2
 165 0034 02       		.byte	0x2
 166 0035 05       		.byte	0x5
 167 0036 8D010000 		.4byte	.LASF2
 168 003a 02       		.uleb128 0x2
ARM GAS  C:\Users\User\AppData\Local\Temp\ccQoHtpZ.s 			page 8


 169 003b 02       		.byte	0x2
 170 003c 07       		.byte	0x7
 171 003d 68010000 		.4byte	.LASF3
 172 0041 02       		.uleb128 0x2
 173 0042 04       		.byte	0x4
 174 0043 05       		.byte	0x5
 175 0044 30010000 		.4byte	.LASF4
 176 0048 02       		.uleb128 0x2
 177 0049 04       		.byte	0x4
 178 004a 07       		.byte	0x7
 179 004b 1B000000 		.4byte	.LASF5
 180 004f 02       		.uleb128 0x2
 181 0050 08       		.byte	0x8
 182 0051 05       		.byte	0x5
 183 0052 00000000 		.4byte	.LASF6
 184 0056 02       		.uleb128 0x2
 185 0057 08       		.byte	0x8
 186 0058 07       		.byte	0x7
 187 0059 2D000000 		.4byte	.LASF7
 188 005d 03       		.uleb128 0x3
 189 005e 04       		.byte	0x4
 190 005f 05       		.byte	0x5
 191 0060 696E7400 		.ascii	"int\000"
 192 0064 02       		.uleb128 0x2
 193 0065 04       		.byte	0x4
 194 0066 07       		.byte	0x7
 195 0067 0E000000 		.4byte	.LASF8
 196 006b 02       		.uleb128 0x2
 197 006c 04       		.byte	0x4
 198 006d 04       		.byte	0x4
 199 006e 87010000 		.4byte	.LASF9
 200 0072 02       		.uleb128 0x2
 201 0073 08       		.byte	0x8
 202 0074 04       		.byte	0x4
 203 0075 39010000 		.4byte	.LASF10
 204 0079 02       		.uleb128 0x2
 205 007a 01       		.byte	0x1
 206 007b 08       		.byte	0x8
 207 007c 84000000 		.4byte	.LASF11
 208 0080 02       		.uleb128 0x2
 209 0081 04       		.byte	0x4
 210 0082 07       		.byte	0x7
 211 0083 D4010000 		.4byte	.LASF12
 212 0087 04       		.uleb128 0x4
 213 0088 44000000 		.4byte	.LASF13
 214 008c 01       		.byte	0x1
 215 008d 33       		.byte	0x33
 216 008e 00000000 		.4byte	.LFB0
 217 0092 0C000000 		.4byte	.LFE0-.LFB0
 218 0096 01       		.uleb128 0x1
 219 0097 9C       		.byte	0x9c
 220 0098 04       		.uleb128 0x4
 221 0099 54000000 		.4byte	.LASF14
 222 009d 01       		.byte	0x1
 223 009e 65       		.byte	0x65
 224 009f 00000000 		.4byte	.LFB1
 225 00a3 0C000000 		.4byte	.LFE1-.LFB1
ARM GAS  C:\Users\User\AppData\Local\Temp\ccQoHtpZ.s 			page 9


 226 00a7 01       		.uleb128 0x1
 227 00a8 9C       		.byte	0x9c
 228 00a9 04       		.uleb128 0x4
 229 00aa 64000000 		.4byte	.LASF15
 230 00ae 01       		.byte	0x1
 231 00af 97       		.byte	0x97
 232 00b0 00000000 		.4byte	.LFB2
 233 00b4 0C000000 		.4byte	.LFE2-.LFB2
 234 00b8 01       		.uleb128 0x1
 235 00b9 9C       		.byte	0x9c
 236 00ba 04       		.uleb128 0x4
 237 00bb 74000000 		.4byte	.LASF16
 238 00bf 01       		.byte	0x1
 239 00c0 C9       		.byte	0xc9
 240 00c1 00000000 		.4byte	.LFB3
 241 00c5 0C000000 		.4byte	.LFE3-.LFB3
 242 00c9 01       		.uleb128 0x1
 243 00ca 9C       		.byte	0x9c
 244 00cb 00       		.byte	0
 245              		.section	.debug_abbrev,"",%progbits
 246              	.Ldebug_abbrev0:
 247 0000 01       		.uleb128 0x1
 248 0001 11       		.uleb128 0x11
 249 0002 01       		.byte	0x1
 250 0003 25       		.uleb128 0x25
 251 0004 0E       		.uleb128 0xe
 252 0005 13       		.uleb128 0x13
 253 0006 0B       		.uleb128 0xb
 254 0007 03       		.uleb128 0x3
 255 0008 0E       		.uleb128 0xe
 256 0009 1B       		.uleb128 0x1b
 257 000a 0E       		.uleb128 0xe
 258 000b 55       		.uleb128 0x55
 259 000c 17       		.uleb128 0x17
 260 000d 11       		.uleb128 0x11
 261 000e 01       		.uleb128 0x1
 262 000f 10       		.uleb128 0x10
 263 0010 17       		.uleb128 0x17
 264 0011 00       		.byte	0
 265 0012 00       		.byte	0
 266 0013 02       		.uleb128 0x2
 267 0014 24       		.uleb128 0x24
 268 0015 00       		.byte	0
 269 0016 0B       		.uleb128 0xb
 270 0017 0B       		.uleb128 0xb
 271 0018 3E       		.uleb128 0x3e
 272 0019 0B       		.uleb128 0xb
 273 001a 03       		.uleb128 0x3
 274 001b 0E       		.uleb128 0xe
 275 001c 00       		.byte	0
 276 001d 00       		.byte	0
 277 001e 03       		.uleb128 0x3
 278 001f 24       		.uleb128 0x24
 279 0020 00       		.byte	0
 280 0021 0B       		.uleb128 0xb
 281 0022 0B       		.uleb128 0xb
 282 0023 3E       		.uleb128 0x3e
ARM GAS  C:\Users\User\AppData\Local\Temp\ccQoHtpZ.s 			page 10


 283 0024 0B       		.uleb128 0xb
 284 0025 03       		.uleb128 0x3
 285 0026 08       		.uleb128 0x8
 286 0027 00       		.byte	0
 287 0028 00       		.byte	0
 288 0029 04       		.uleb128 0x4
 289 002a 2E       		.uleb128 0x2e
 290 002b 00       		.byte	0
 291 002c 3F       		.uleb128 0x3f
 292 002d 19       		.uleb128 0x19
 293 002e 03       		.uleb128 0x3
 294 002f 0E       		.uleb128 0xe
 295 0030 3A       		.uleb128 0x3a
 296 0031 0B       		.uleb128 0xb
 297 0032 3B       		.uleb128 0x3b
 298 0033 0B       		.uleb128 0xb
 299 0034 27       		.uleb128 0x27
 300 0035 19       		.uleb128 0x19
 301 0036 11       		.uleb128 0x11
 302 0037 01       		.uleb128 0x1
 303 0038 12       		.uleb128 0x12
 304 0039 06       		.uleb128 0x6
 305 003a 40       		.uleb128 0x40
 306 003b 18       		.uleb128 0x18
 307 003c 9742     		.uleb128 0x2117
 308 003e 19       		.uleb128 0x19
 309 003f 00       		.byte	0
 310 0040 00       		.byte	0
 311 0041 00       		.byte	0
 312              		.section	.debug_aranges,"",%progbits
 313 0000 34000000 		.4byte	0x34
 314 0004 0200     		.2byte	0x2
 315 0006 00000000 		.4byte	.Ldebug_info0
 316 000a 04       		.byte	0x4
 317 000b 00       		.byte	0
 318 000c 0000     		.2byte	0
 319 000e 0000     		.2byte	0
 320 0010 00000000 		.4byte	.LFB0
 321 0014 0C000000 		.4byte	.LFE0-.LFB0
 322 0018 00000000 		.4byte	.LFB1
 323 001c 0C000000 		.4byte	.LFE1-.LFB1
 324 0020 00000000 		.4byte	.LFB2
 325 0024 0C000000 		.4byte	.LFE2-.LFB2
 326 0028 00000000 		.4byte	.LFB3
 327 002c 0C000000 		.4byte	.LFE3-.LFB3
 328 0030 00000000 		.4byte	0
 329 0034 00000000 		.4byte	0
 330              		.section	.debug_ranges,"",%progbits
 331              	.Ldebug_ranges0:
 332 0000 00000000 		.4byte	.LFB0
 333 0004 0C000000 		.4byte	.LFE0
 334 0008 00000000 		.4byte	.LFB1
 335 000c 0C000000 		.4byte	.LFE1
 336 0010 00000000 		.4byte	.LFB2
 337 0014 0C000000 		.4byte	.LFE2
 338 0018 00000000 		.4byte	.LFB3
 339 001c 0C000000 		.4byte	.LFE3
ARM GAS  C:\Users\User\AppData\Local\Temp\ccQoHtpZ.s 			page 11


 340 0020 00000000 		.4byte	0
 341 0024 00000000 		.4byte	0
 342              		.section	.debug_line,"",%progbits
 343              	.Ldebug_line0:
 344 0000 8F000000 		.section	.debug_str,"MS",%progbits,1
 344      02003E00 
 344      00000201 
 344      FB0E0D00 
 344      01010101 
 345              	.LASF6:
 346 0000 6C6F6E67 		.ascii	"long long int\000"
 346      206C6F6E 
 346      6720696E 
 346      7400
 347              	.LASF8:
 348 000e 756E7369 		.ascii	"unsigned int\000"
 348      676E6564 
 348      20696E74 
 348      00
 349              	.LASF5:
 350 001b 6C6F6E67 		.ascii	"long unsigned int\000"
 350      20756E73 
 350      69676E65 
 350      6420696E 
 350      7400
 351              	.LASF7:
 352 002d 6C6F6E67 		.ascii	"long long unsigned int\000"
 352      206C6F6E 
 352      6720756E 
 352      7369676E 
 352      65642069 
 353              	.LASF13:
 354 0044 4144435F 		.ascii	"ADC_DelSig_ISR1\000"
 354      44656C53 
 354      69675F49 
 354      53523100 
 355              	.LASF14:
 356 0054 4144435F 		.ascii	"ADC_DelSig_ISR2\000"
 356      44656C53 
 356      69675F49 
 356      53523200 
 357              	.LASF15:
 358 0064 4144435F 		.ascii	"ADC_DelSig_ISR3\000"
 358      44656C53 
 358      69675F49 
 358      53523300 
 359              	.LASF16:
 360 0074 4144435F 		.ascii	"ADC_DelSig_ISR4\000"
 360      44656C53 
 360      69675F49 
 360      53523400 
 361              	.LASF11:
 362 0084 63686172 		.ascii	"char\000"
 362      00
 363              	.LASF1:
 364 0089 756E7369 		.ascii	"unsigned char\000"
 364      676E6564 
ARM GAS  C:\Users\User\AppData\Local\Temp\ccQoHtpZ.s 			page 12


 364      20636861 
 364      7200
 365              	.LASF17:
 366 0097 474E5520 		.ascii	"GNU C99 5.4.1 20160609 (release) [ARM/embedded-5-br"
 366      43393920 
 366      352E342E 
 366      31203230 
 366      31363036 
 367 00ca 616E6368 		.ascii	"anch revision 237715] -mcpu=cortex-m3 -mthumb -g -O"
 367      20726576 
 367      6973696F 
 367      6E203233 
 367      37373135 
 368 00fd 30202D73 		.ascii	"0 -std=gnu99 -ffunction-sections -ffat-lto-objects\000"
 368      74643D67 
 368      6E753939 
 368      202D6666 
 368      756E6374 
 369              	.LASF4:
 370 0130 6C6F6E67 		.ascii	"long int\000"
 370      20696E74 
 370      00
 371              	.LASF10:
 372 0139 646F7562 		.ascii	"double\000"
 372      6C6500
 373              	.LASF18:
 374 0140 47656E65 		.ascii	"Generated_Source\\PSoC5\\ADC_DelSig_INT.c\000"
 374      72617465 
 374      645F536F 
 374      75726365 
 374      5C50536F 
 375              	.LASF3:
 376 0168 73686F72 		.ascii	"short unsigned int\000"
 376      7420756E 
 376      7369676E 
 376      65642069 
 376      6E7400
 377              	.LASF0:
 378 017b 7369676E 		.ascii	"signed char\000"
 378      65642063 
 378      68617200 
 379              	.LASF9:
 380 0187 666C6F61 		.ascii	"float\000"
 380      7400
 381              	.LASF2:
 382 018d 73686F72 		.ascii	"short int\000"
 382      7420696E 
 382      7400
 383              	.LASF19:
 384 0197 433A5C55 		.ascii	"C:\\Users\\User\\Dropbox\\67 PSOC\\PSoC-Potentiosta"
 384      73657273 
 384      5C557365 
 384      725C4472 
 384      6F70626F 
 385 01c5 745C502D 		.ascii	"t\\P-Stat.cydsn\000"
 385      53746174 
 385      2E637964 
ARM GAS  C:\Users\User\AppData\Local\Temp\ccQoHtpZ.s 			page 13


 385      736E00
 386              	.LASF12:
 387 01d4 73697A65 		.ascii	"sizetype\000"
 387      74797065 
 387      00
 388              		.ident	"GCC: (GNU Tools for ARM Embedded Processors) 5.4.1 20160609 (release) [ARM/embedded-5-bran
