ARM GAS  C:\Users\User\AppData\Local\Temp\cc2BTXy4.s 			page 1


   1              		.syntax unified
   2              		.cpu cortex-m3
   3              		.fpu softvfp
   4              		.eabi_attribute 20, 1
   5              		.eabi_attribute 21, 1
   6              		.eabi_attribute 23, 3
   7              		.eabi_attribute 24, 1
   8              		.eabi_attribute 25, 1
   9              		.eabi_attribute 26, 1
  10              		.eabi_attribute 30, 6
  11              		.eabi_attribute 34, 1
  12              		.eabi_attribute 18, 4
  13              		.thumb
  14              		.syntax unified
  15              		.file	"Opamp_Aux.c"
  16              		.text
  17              	.Ltext0:
  18              		.cfi_sections	.debug_frame
  19              		.global	Opamp_Aux_initVar
  20              		.bss
  21              		.type	Opamp_Aux_initVar, %object
  22              		.size	Opamp_Aux_initVar, 1
  23              	Opamp_Aux_initVar:
  24 0000 00       		.space	1
  25              		.section	.text.Opamp_Aux_Init,"ax",%progbits
  26              		.align	2
  27              		.global	Opamp_Aux_Init
  28              		.thumb
  29              		.thumb_func
  30              		.type	Opamp_Aux_Init, %function
  31              	Opamp_Aux_Init:
  32              	.LFB0:
  33              		.file 1 "Generated_Source\\PSoC5\\Opamp_Aux.c"
   1:Generated_Source\PSoC5/Opamp_Aux.c **** /*******************************************************************************
   2:Generated_Source\PSoC5/Opamp_Aux.c **** * File Name: Opamp_Aux.c
   3:Generated_Source\PSoC5/Opamp_Aux.c **** * Version 1.90
   4:Generated_Source\PSoC5/Opamp_Aux.c **** *
   5:Generated_Source\PSoC5/Opamp_Aux.c **** * Description:
   6:Generated_Source\PSoC5/Opamp_Aux.c **** *  This file provides the source code to the API for OpAmp (Analog Buffer) 
   7:Generated_Source\PSoC5/Opamp_Aux.c **** *  Component.
   8:Generated_Source\PSoC5/Opamp_Aux.c **** *
   9:Generated_Source\PSoC5/Opamp_Aux.c **** * Note:
  10:Generated_Source\PSoC5/Opamp_Aux.c **** *
  11:Generated_Source\PSoC5/Opamp_Aux.c **** ********************************************************************************
  12:Generated_Source\PSoC5/Opamp_Aux.c **** * Copyright 2008-2012, Cypress Semiconductor Corporation.  All rights reserved.
  13:Generated_Source\PSoC5/Opamp_Aux.c **** * You may use this file only in accordance with the license, terms, conditions, 
  14:Generated_Source\PSoC5/Opamp_Aux.c **** * disclaimers, and limitations in the end user license agreement accompanying 
  15:Generated_Source\PSoC5/Opamp_Aux.c **** * the software package with which this file was provided.
  16:Generated_Source\PSoC5/Opamp_Aux.c **** *******************************************************************************/
  17:Generated_Source\PSoC5/Opamp_Aux.c **** 
  18:Generated_Source\PSoC5/Opamp_Aux.c **** #include "Opamp_Aux.h"
  19:Generated_Source\PSoC5/Opamp_Aux.c **** 
  20:Generated_Source\PSoC5/Opamp_Aux.c **** uint8 Opamp_Aux_initVar = 0u;
  21:Generated_Source\PSoC5/Opamp_Aux.c **** 
  22:Generated_Source\PSoC5/Opamp_Aux.c **** 
  23:Generated_Source\PSoC5/Opamp_Aux.c **** /*******************************************************************************   
  24:Generated_Source\PSoC5/Opamp_Aux.c **** * Function Name: Opamp_Aux_Init
ARM GAS  C:\Users\User\AppData\Local\Temp\cc2BTXy4.s 			page 2


  25:Generated_Source\PSoC5/Opamp_Aux.c **** ********************************************************************************
  26:Generated_Source\PSoC5/Opamp_Aux.c **** *
  27:Generated_Source\PSoC5/Opamp_Aux.c **** * Summary:
  28:Generated_Source\PSoC5/Opamp_Aux.c **** *  Initialize component's parameters to the parameters set by user in the 
  29:Generated_Source\PSoC5/Opamp_Aux.c **** *  customizer of the component placed onto schematic. Usually called in 
  30:Generated_Source\PSoC5/Opamp_Aux.c **** *  Opamp_Aux_Start().
  31:Generated_Source\PSoC5/Opamp_Aux.c **** *
  32:Generated_Source\PSoC5/Opamp_Aux.c **** * Parameters:
  33:Generated_Source\PSoC5/Opamp_Aux.c **** *  void
  34:Generated_Source\PSoC5/Opamp_Aux.c **** *
  35:Generated_Source\PSoC5/Opamp_Aux.c **** * Return:
  36:Generated_Source\PSoC5/Opamp_Aux.c **** *  void
  37:Generated_Source\PSoC5/Opamp_Aux.c **** *
  38:Generated_Source\PSoC5/Opamp_Aux.c **** *******************************************************************************/
  39:Generated_Source\PSoC5/Opamp_Aux.c **** void Opamp_Aux_Init(void) 
  40:Generated_Source\PSoC5/Opamp_Aux.c **** {
  34              		.loc 1 40 0
  35              		.cfi_startproc
  36              		@ args = 0, pretend = 0, frame = 0
  37              		@ frame_needed = 1, uses_anonymous_args = 0
  38 0000 80B5     		push	{r7, lr}
  39              		.cfi_def_cfa_offset 8
  40              		.cfi_offset 7, -8
  41              		.cfi_offset 14, -4
  42 0002 00AF     		add	r7, sp, #0
  43              		.cfi_def_cfa_register 7
  41:Generated_Source\PSoC5/Opamp_Aux.c ****     Opamp_Aux_SetPower(Opamp_Aux_DEFAULT_POWER);
  44              		.loc 1 41 0
  45 0004 0320     		movs	r0, #3
  46 0006 FFF7FEFF 		bl	Opamp_Aux_SetPower
  42:Generated_Source\PSoC5/Opamp_Aux.c **** }
  47              		.loc 1 42 0
  48 000a 00BF     		nop
  49 000c 80BD     		pop	{r7, pc}
  50              		.cfi_endproc
  51              	.LFE0:
  52              		.size	Opamp_Aux_Init, .-Opamp_Aux_Init
  53 000e 00BF     		.section	.text.Opamp_Aux_Enable,"ax",%progbits
  54              		.align	2
  55              		.global	Opamp_Aux_Enable
  56              		.thumb
  57              		.thumb_func
  58              		.type	Opamp_Aux_Enable, %function
  59              	Opamp_Aux_Enable:
  60              	.LFB1:
  43:Generated_Source\PSoC5/Opamp_Aux.c **** 
  44:Generated_Source\PSoC5/Opamp_Aux.c **** 
  45:Generated_Source\PSoC5/Opamp_Aux.c **** /*******************************************************************************   
  46:Generated_Source\PSoC5/Opamp_Aux.c **** * Function Name: Opamp_Aux_Enable
  47:Generated_Source\PSoC5/Opamp_Aux.c **** ********************************************************************************
  48:Generated_Source\PSoC5/Opamp_Aux.c **** *
  49:Generated_Source\PSoC5/Opamp_Aux.c **** * Summary:
  50:Generated_Source\PSoC5/Opamp_Aux.c **** *  Enables the OpAmp block operation
  51:Generated_Source\PSoC5/Opamp_Aux.c **** *
  52:Generated_Source\PSoC5/Opamp_Aux.c **** * Parameters:
  53:Generated_Source\PSoC5/Opamp_Aux.c **** *  void
  54:Generated_Source\PSoC5/Opamp_Aux.c **** *
ARM GAS  C:\Users\User\AppData\Local\Temp\cc2BTXy4.s 			page 3


  55:Generated_Source\PSoC5/Opamp_Aux.c **** * Return:
  56:Generated_Source\PSoC5/Opamp_Aux.c **** *  void
  57:Generated_Source\PSoC5/Opamp_Aux.c **** *
  58:Generated_Source\PSoC5/Opamp_Aux.c **** *******************************************************************************/
  59:Generated_Source\PSoC5/Opamp_Aux.c **** void Opamp_Aux_Enable(void) 
  60:Generated_Source\PSoC5/Opamp_Aux.c **** {
  61              		.loc 1 60 0
  62              		.cfi_startproc
  63              		@ args = 0, pretend = 0, frame = 0
  64              		@ frame_needed = 1, uses_anonymous_args = 0
  65              		@ link register save eliminated.
  66 0000 80B4     		push	{r7}
  67              		.cfi_def_cfa_offset 4
  68              		.cfi_offset 7, -4
  69 0002 00AF     		add	r7, sp, #0
  70              		.cfi_def_cfa_register 7
  61:Generated_Source\PSoC5/Opamp_Aux.c ****     /* Enable negative charge pumps in ANIF */
  62:Generated_Source\PSoC5/Opamp_Aux.c ****     Opamp_Aux_PUMP_CR1_REG  |= (Opamp_Aux_PUMP_CR1_CLKSEL | Opamp_Aux_PUMP_CR1_FORCE);
  71              		.loc 1 62 0
  72 0004 0D4A     		ldr	r2, .L3
  73 0006 0D4B     		ldr	r3, .L3
  74 0008 1B78     		ldrb	r3, [r3]
  75 000a DBB2     		uxtb	r3, r3
  76 000c 43F06003 		orr	r3, r3, #96
  77 0010 DBB2     		uxtb	r3, r3
  78 0012 1370     		strb	r3, [r2]
  63:Generated_Source\PSoC5/Opamp_Aux.c **** 
  64:Generated_Source\PSoC5/Opamp_Aux.c ****     /* Enable power to buffer in active mode */
  65:Generated_Source\PSoC5/Opamp_Aux.c ****     Opamp_Aux_PM_ACT_CFG_REG |= Opamp_Aux_ACT_PWR_EN;
  79              		.loc 1 65 0
  80 0014 0A4A     		ldr	r2, .L3+4
  81 0016 0A4B     		ldr	r3, .L3+4
  82 0018 1B78     		ldrb	r3, [r3]
  83 001a DBB2     		uxtb	r3, r3
  84 001c 43F00803 		orr	r3, r3, #8
  85 0020 DBB2     		uxtb	r3, r3
  86 0022 1370     		strb	r3, [r2]
  66:Generated_Source\PSoC5/Opamp_Aux.c **** 
  67:Generated_Source\PSoC5/Opamp_Aux.c ****     /* Enable power to buffer in alternative active mode */
  68:Generated_Source\PSoC5/Opamp_Aux.c ****     Opamp_Aux_PM_STBY_CFG_REG |= Opamp_Aux_STBY_PWR_EN;
  87              		.loc 1 68 0
  88 0024 074A     		ldr	r2, .L3+8
  89 0026 074B     		ldr	r3, .L3+8
  90 0028 1B78     		ldrb	r3, [r3]
  91 002a DBB2     		uxtb	r3, r3
  92 002c 43F00803 		orr	r3, r3, #8
  93 0030 DBB2     		uxtb	r3, r3
  94 0032 1370     		strb	r3, [r2]
  69:Generated_Source\PSoC5/Opamp_Aux.c **** }
  95              		.loc 1 69 0
  96 0034 00BF     		nop
  97 0036 BD46     		mov	sp, r7
  98              		.cfi_def_cfa_register 13
  99              		@ sp needed
 100 0038 80BC     		pop	{r7}
 101              		.cfi_restore 7
 102              		.cfi_def_cfa_offset 0
ARM GAS  C:\Users\User\AppData\Local\Temp\cc2BTXy4.s 			page 4


 103 003a 7047     		bx	lr
 104              	.L4:
 105              		.align	2
 106              	.L3:
 107 003c 77580040 		.word	1073764471
 108 0040 A4430040 		.word	1073759140
 109 0044 B4430040 		.word	1073759156
 110              		.cfi_endproc
 111              	.LFE1:
 112              		.size	Opamp_Aux_Enable, .-Opamp_Aux_Enable
 113              		.section	.text.Opamp_Aux_Start,"ax",%progbits
 114              		.align	2
 115              		.global	Opamp_Aux_Start
 116              		.thumb
 117              		.thumb_func
 118              		.type	Opamp_Aux_Start, %function
 119              	Opamp_Aux_Start:
 120              	.LFB2:
  70:Generated_Source\PSoC5/Opamp_Aux.c **** 
  71:Generated_Source\PSoC5/Opamp_Aux.c **** 
  72:Generated_Source\PSoC5/Opamp_Aux.c **** /*******************************************************************************
  73:Generated_Source\PSoC5/Opamp_Aux.c **** * Function Name:   Opamp_Aux_Start
  74:Generated_Source\PSoC5/Opamp_Aux.c **** ********************************************************************************
  75:Generated_Source\PSoC5/Opamp_Aux.c **** *
  76:Generated_Source\PSoC5/Opamp_Aux.c **** * Summary:
  77:Generated_Source\PSoC5/Opamp_Aux.c **** *  The start function initializes the Analog Buffer with the default values and 
  78:Generated_Source\PSoC5/Opamp_Aux.c **** *  sets the power to the given level. A power level of 0, is same as 
  79:Generated_Source\PSoC5/Opamp_Aux.c **** *  executing the stop function.
  80:Generated_Source\PSoC5/Opamp_Aux.c **** *
  81:Generated_Source\PSoC5/Opamp_Aux.c **** * Parameters:
  82:Generated_Source\PSoC5/Opamp_Aux.c **** *  void
  83:Generated_Source\PSoC5/Opamp_Aux.c **** *
  84:Generated_Source\PSoC5/Opamp_Aux.c **** * Return:
  85:Generated_Source\PSoC5/Opamp_Aux.c **** *  void
  86:Generated_Source\PSoC5/Opamp_Aux.c **** *
  87:Generated_Source\PSoC5/Opamp_Aux.c **** * Global variables:
  88:Generated_Source\PSoC5/Opamp_Aux.c **** *  Opamp_Aux_initVar: Used to check the initial configuration, modified 
  89:Generated_Source\PSoC5/Opamp_Aux.c **** *  when this function is called for the first time.
  90:Generated_Source\PSoC5/Opamp_Aux.c **** *
  91:Generated_Source\PSoC5/Opamp_Aux.c **** *******************************************************************************/
  92:Generated_Source\PSoC5/Opamp_Aux.c **** void Opamp_Aux_Start(void) 
  93:Generated_Source\PSoC5/Opamp_Aux.c **** {
 121              		.loc 1 93 0
 122              		.cfi_startproc
 123              		@ args = 0, pretend = 0, frame = 0
 124              		@ frame_needed = 1, uses_anonymous_args = 0
 125 0000 80B5     		push	{r7, lr}
 126              		.cfi_def_cfa_offset 8
 127              		.cfi_offset 7, -8
 128              		.cfi_offset 14, -4
 129 0002 00AF     		add	r7, sp, #0
 130              		.cfi_def_cfa_register 7
  94:Generated_Source\PSoC5/Opamp_Aux.c ****     if(Opamp_Aux_initVar == 0u)
 131              		.loc 1 94 0
 132 0004 064B     		ldr	r3, .L7
 133 0006 1B78     		ldrb	r3, [r3]	@ zero_extendqisi2
 134 0008 002B     		cmp	r3, #0
ARM GAS  C:\Users\User\AppData\Local\Temp\cc2BTXy4.s 			page 5


 135 000a 04D1     		bne	.L6
  95:Generated_Source\PSoC5/Opamp_Aux.c ****     {
  96:Generated_Source\PSoC5/Opamp_Aux.c ****         Opamp_Aux_initVar = 1u;
 136              		.loc 1 96 0
 137 000c 044B     		ldr	r3, .L7
 138 000e 0122     		movs	r2, #1
 139 0010 1A70     		strb	r2, [r3]
  97:Generated_Source\PSoC5/Opamp_Aux.c ****         Opamp_Aux_Init();
 140              		.loc 1 97 0
 141 0012 FFF7FEFF 		bl	Opamp_Aux_Init
 142              	.L6:
  98:Generated_Source\PSoC5/Opamp_Aux.c ****     }
  99:Generated_Source\PSoC5/Opamp_Aux.c **** 
 100:Generated_Source\PSoC5/Opamp_Aux.c ****     Opamp_Aux_Enable();
 143              		.loc 1 100 0
 144 0016 FFF7FEFF 		bl	Opamp_Aux_Enable
 101:Generated_Source\PSoC5/Opamp_Aux.c **** }
 145              		.loc 1 101 0
 146 001a 00BF     		nop
 147 001c 80BD     		pop	{r7, pc}
 148              	.L8:
 149 001e 00BF     		.align	2
 150              	.L7:
 151 0020 00000000 		.word	Opamp_Aux_initVar
 152              		.cfi_endproc
 153              	.LFE2:
 154              		.size	Opamp_Aux_Start, .-Opamp_Aux_Start
 155              		.section	.text.Opamp_Aux_Stop,"ax",%progbits
 156              		.align	2
 157              		.global	Opamp_Aux_Stop
 158              		.thumb
 159              		.thumb_func
 160              		.type	Opamp_Aux_Stop, %function
 161              	Opamp_Aux_Stop:
 162              	.LFB3:
 102:Generated_Source\PSoC5/Opamp_Aux.c **** 
 103:Generated_Source\PSoC5/Opamp_Aux.c **** 
 104:Generated_Source\PSoC5/Opamp_Aux.c **** /*******************************************************************************
 105:Generated_Source\PSoC5/Opamp_Aux.c **** * Function Name: Opamp_Aux_Stop
 106:Generated_Source\PSoC5/Opamp_Aux.c **** ********************************************************************************
 107:Generated_Source\PSoC5/Opamp_Aux.c **** *
 108:Generated_Source\PSoC5/Opamp_Aux.c **** * Summary:
 109:Generated_Source\PSoC5/Opamp_Aux.c **** *  Powers down amplifier to lowest power state.
 110:Generated_Source\PSoC5/Opamp_Aux.c **** *
 111:Generated_Source\PSoC5/Opamp_Aux.c **** * Parameters:
 112:Generated_Source\PSoC5/Opamp_Aux.c **** *  void
 113:Generated_Source\PSoC5/Opamp_Aux.c **** *
 114:Generated_Source\PSoC5/Opamp_Aux.c **** * Return:
 115:Generated_Source\PSoC5/Opamp_Aux.c **** *  void
 116:Generated_Source\PSoC5/Opamp_Aux.c **** *
 117:Generated_Source\PSoC5/Opamp_Aux.c **** *******************************************************************************/
 118:Generated_Source\PSoC5/Opamp_Aux.c **** void Opamp_Aux_Stop(void) 
 119:Generated_Source\PSoC5/Opamp_Aux.c **** {
 163              		.loc 1 119 0
 164              		.cfi_startproc
 165              		@ args = 0, pretend = 0, frame = 0
 166              		@ frame_needed = 1, uses_anonymous_args = 0
ARM GAS  C:\Users\User\AppData\Local\Temp\cc2BTXy4.s 			page 6


 167              		@ link register save eliminated.
 168 0000 80B4     		push	{r7}
 169              		.cfi_def_cfa_offset 4
 170              		.cfi_offset 7, -4
 171 0002 00AF     		add	r7, sp, #0
 172              		.cfi_def_cfa_register 7
 120:Generated_Source\PSoC5/Opamp_Aux.c ****     /* Disable power to buffer in active mode template */
 121:Generated_Source\PSoC5/Opamp_Aux.c ****     Opamp_Aux_PM_ACT_CFG_REG &= (uint8)(~Opamp_Aux_ACT_PWR_EN);
 173              		.loc 1 121 0
 174 0004 104A     		ldr	r2, .L12
 175 0006 104B     		ldr	r3, .L12
 176 0008 1B78     		ldrb	r3, [r3]
 177 000a DBB2     		uxtb	r3, r3
 178 000c 23F00803 		bic	r3, r3, #8
 179 0010 DBB2     		uxtb	r3, r3
 180 0012 1370     		strb	r3, [r2]
 122:Generated_Source\PSoC5/Opamp_Aux.c **** 
 123:Generated_Source\PSoC5/Opamp_Aux.c ****     /* Disable power to buffer in alternative active mode template */
 124:Generated_Source\PSoC5/Opamp_Aux.c ****     Opamp_Aux_PM_STBY_CFG_REG &= (uint8)(~Opamp_Aux_STBY_PWR_EN);
 181              		.loc 1 124 0
 182 0014 0D4A     		ldr	r2, .L12+4
 183 0016 0D4B     		ldr	r3, .L12+4
 184 0018 1B78     		ldrb	r3, [r3]
 185 001a DBB2     		uxtb	r3, r3
 186 001c 23F00803 		bic	r3, r3, #8
 187 0020 DBB2     		uxtb	r3, r3
 188 0022 1370     		strb	r3, [r2]
 125:Generated_Source\PSoC5/Opamp_Aux.c ****     
 126:Generated_Source\PSoC5/Opamp_Aux.c ****     /* Disable negative charge pumps for ANIF only if all ABuf is turned OFF */
 127:Generated_Source\PSoC5/Opamp_Aux.c ****     if(Opamp_Aux_PM_ACT_CFG_REG == 0u)
 189              		.loc 1 127 0
 190 0024 084B     		ldr	r3, .L12
 191 0026 1B78     		ldrb	r3, [r3]
 192 0028 DBB2     		uxtb	r3, r3
 193 002a 002B     		cmp	r3, #0
 194 002c 07D1     		bne	.L11
 128:Generated_Source\PSoC5/Opamp_Aux.c ****     {
 129:Generated_Source\PSoC5/Opamp_Aux.c ****         Opamp_Aux_PUMP_CR1_REG &= (uint8)(~(Opamp_Aux_PUMP_CR1_CLKSEL | Opamp_Aux_PUMP_CR1_FORCE));
 195              		.loc 1 129 0
 196 002e 084A     		ldr	r2, .L12+8
 197 0030 074B     		ldr	r3, .L12+8
 198 0032 1B78     		ldrb	r3, [r3]
 199 0034 DBB2     		uxtb	r3, r3
 200 0036 23F06003 		bic	r3, r3, #96
 201 003a DBB2     		uxtb	r3, r3
 202 003c 1370     		strb	r3, [r2]
 203              	.L11:
 130:Generated_Source\PSoC5/Opamp_Aux.c ****     }
 131:Generated_Source\PSoC5/Opamp_Aux.c **** }
 204              		.loc 1 131 0
 205 003e 00BF     		nop
 206 0040 BD46     		mov	sp, r7
 207              		.cfi_def_cfa_register 13
 208              		@ sp needed
 209 0042 80BC     		pop	{r7}
 210              		.cfi_restore 7
 211              		.cfi_def_cfa_offset 0
ARM GAS  C:\Users\User\AppData\Local\Temp\cc2BTXy4.s 			page 7


 212 0044 7047     		bx	lr
 213              	.L13:
 214 0046 00BF     		.align	2
 215              	.L12:
 216 0048 A4430040 		.word	1073759140
 217 004c B4430040 		.word	1073759156
 218 0050 77580040 		.word	1073764471
 219              		.cfi_endproc
 220              	.LFE3:
 221              		.size	Opamp_Aux_Stop, .-Opamp_Aux_Stop
 222              		.section	.text.Opamp_Aux_SetPower,"ax",%progbits
 223              		.align	2
 224              		.global	Opamp_Aux_SetPower
 225              		.thumb
 226              		.thumb_func
 227              		.type	Opamp_Aux_SetPower, %function
 228              	Opamp_Aux_SetPower:
 229              	.LFB4:
 132:Generated_Source\PSoC5/Opamp_Aux.c **** 
 133:Generated_Source\PSoC5/Opamp_Aux.c **** 
 134:Generated_Source\PSoC5/Opamp_Aux.c **** /*******************************************************************************
 135:Generated_Source\PSoC5/Opamp_Aux.c **** * Function Name: Opamp_Aux_SetPower
 136:Generated_Source\PSoC5/Opamp_Aux.c **** ********************************************************************************
 137:Generated_Source\PSoC5/Opamp_Aux.c **** *
 138:Generated_Source\PSoC5/Opamp_Aux.c **** * Summary:
 139:Generated_Source\PSoC5/Opamp_Aux.c **** *  Sets power level of Analog buffer.
 140:Generated_Source\PSoC5/Opamp_Aux.c **** *
 141:Generated_Source\PSoC5/Opamp_Aux.c **** * Parameters: 
 142:Generated_Source\PSoC5/Opamp_Aux.c **** *  power: PSoC3: Sets power level between low (1) and high power (3).
 143:Generated_Source\PSoC5/Opamp_Aux.c **** *         PSoC5: Sets power level High (0)
 144:Generated_Source\PSoC5/Opamp_Aux.c **** *
 145:Generated_Source\PSoC5/Opamp_Aux.c **** * Return:
 146:Generated_Source\PSoC5/Opamp_Aux.c **** *  void
 147:Generated_Source\PSoC5/Opamp_Aux.c **** *
 148:Generated_Source\PSoC5/Opamp_Aux.c **** **********************************************************************************/
 149:Generated_Source\PSoC5/Opamp_Aux.c **** void Opamp_Aux_SetPower(uint8 power) 
 150:Generated_Source\PSoC5/Opamp_Aux.c **** {
 230              		.loc 1 150 0
 231              		.cfi_startproc
 232              		@ args = 0, pretend = 0, frame = 8
 233              		@ frame_needed = 1, uses_anonymous_args = 0
 234              		@ link register save eliminated.
 235 0000 80B4     		push	{r7}
 236              		.cfi_def_cfa_offset 4
 237              		.cfi_offset 7, -4
 238 0002 83B0     		sub	sp, sp, #12
 239              		.cfi_def_cfa_offset 16
 240 0004 00AF     		add	r7, sp, #0
 241              		.cfi_def_cfa_register 7
 242 0006 0346     		mov	r3, r0
 243 0008 FB71     		strb	r3, [r7, #7]
 151:Generated_Source\PSoC5/Opamp_Aux.c ****     #if (CY_PSOC3 || CY_PSOC5LP)
 152:Generated_Source\PSoC5/Opamp_Aux.c ****         Opamp_Aux_CR_REG &= (uint8)(~Opamp_Aux_PWR_MASK);
 244              		.loc 1 152 0
 245 000a 0C4A     		ldr	r2, .L15
 246 000c 0B4B     		ldr	r3, .L15
 247 000e 1B78     		ldrb	r3, [r3]
ARM GAS  C:\Users\User\AppData\Local\Temp\cc2BTXy4.s 			page 8


 248 0010 DBB2     		uxtb	r3, r3
 249 0012 23F00303 		bic	r3, r3, #3
 250 0016 DBB2     		uxtb	r3, r3
 251 0018 1370     		strb	r3, [r2]
 153:Generated_Source\PSoC5/Opamp_Aux.c ****         Opamp_Aux_CR_REG |= power & Opamp_Aux_PWR_MASK;      /* Set device power */
 252              		.loc 1 153 0
 253 001a 0849     		ldr	r1, .L15
 254 001c 074B     		ldr	r3, .L15
 255 001e 1B78     		ldrb	r3, [r3]
 256 0020 DAB2     		uxtb	r2, r3
 257 0022 FB79     		ldrb	r3, [r7, #7]
 258 0024 03F00303 		and	r3, r3, #3
 259 0028 DBB2     		uxtb	r3, r3
 260 002a 1343     		orrs	r3, r3, r2
 261 002c DBB2     		uxtb	r3, r3
 262 002e 0B70     		strb	r3, [r1]
 154:Generated_Source\PSoC5/Opamp_Aux.c ****     #else
 155:Generated_Source\PSoC5/Opamp_Aux.c ****         CYASSERT(Opamp_Aux_HIGHPOWER == power);
 156:Generated_Source\PSoC5/Opamp_Aux.c ****     #endif /* CY_PSOC3 || CY_PSOC5LP */
 157:Generated_Source\PSoC5/Opamp_Aux.c **** }
 263              		.loc 1 157 0
 264 0030 00BF     		nop
 265 0032 0C37     		adds	r7, r7, #12
 266              		.cfi_def_cfa_offset 4
 267 0034 BD46     		mov	sp, r7
 268              		.cfi_def_cfa_register 13
 269              		@ sp needed
 270 0036 80BC     		pop	{r7}
 271              		.cfi_restore 7
 272              		.cfi_def_cfa_offset 0
 273 0038 7047     		bx	lr
 274              	.L16:
 275 003a 00BF     		.align	2
 276              	.L15:
 277 003c 5E580040 		.word	1073764446
 278              		.cfi_endproc
 279              	.LFE4:
 280              		.size	Opamp_Aux_SetPower, .-Opamp_Aux_SetPower
 281              		.text
 282              	.Letext0:
 283              		.file 2 "Generated_Source\\PSoC5\\cytypes.h"
 284              		.section	.debug_info,"",%progbits
 285              	.Ldebug_info0:
 286 0000 1A010000 		.4byte	0x11a
 287 0004 0400     		.2byte	0x4
 288 0006 00000000 		.4byte	.Ldebug_abbrev0
 289 000a 04       		.byte	0x4
 290 000b 01       		.uleb128 0x1
 291 000c 7D000000 		.4byte	.LASF19
 292 0010 0C       		.byte	0xc
 293 0011 38010000 		.4byte	.LASF20
 294 0015 AF010000 		.4byte	.LASF21
 295 0019 00000000 		.4byte	.Ldebug_ranges0+0
 296 001d 00000000 		.4byte	0
 297 0021 00000000 		.4byte	.Ldebug_line0
 298 0025 02       		.uleb128 0x2
 299 0026 01       		.byte	0x1
ARM GAS  C:\Users\User\AppData\Local\Temp\cc2BTXy4.s 			page 9


 300 0027 06       		.byte	0x6
 301 0028 75010000 		.4byte	.LASF0
 302 002c 02       		.uleb128 0x2
 303 002d 01       		.byte	0x1
 304 002e 08       		.byte	0x8
 305 002f 6F000000 		.4byte	.LASF1
 306 0033 02       		.uleb128 0x2
 307 0034 02       		.byte	0x2
 308 0035 05       		.byte	0x5
 309 0036 1F010000 		.4byte	.LASF2
 310 003a 02       		.uleb128 0x2
 311 003b 02       		.byte	0x2
 312 003c 07       		.byte	0x7
 313 003d 62010000 		.4byte	.LASF3
 314 0041 02       		.uleb128 0x2
 315 0042 04       		.byte	0x4
 316 0043 05       		.byte	0x5
 317 0044 16010000 		.4byte	.LASF4
 318 0048 02       		.uleb128 0x2
 319 0049 04       		.byte	0x4
 320 004a 07       		.byte	0x7
 321 004b 41000000 		.4byte	.LASF5
 322 004f 02       		.uleb128 0x2
 323 0050 08       		.byte	0x8
 324 0051 05       		.byte	0x5
 325 0052 00000000 		.4byte	.LASF6
 326 0056 02       		.uleb128 0x2
 327 0057 08       		.byte	0x8
 328 0058 07       		.byte	0x7
 329 0059 53000000 		.4byte	.LASF7
 330 005d 03       		.uleb128 0x3
 331 005e 04       		.byte	0x4
 332 005f 05       		.byte	0x5
 333 0060 696E7400 		.ascii	"int\000"
 334 0064 02       		.uleb128 0x2
 335 0065 04       		.byte	0x4
 336 0066 07       		.byte	0x7
 337 0067 0E000000 		.4byte	.LASF8
 338 006b 04       		.uleb128 0x4
 339 006c 3B000000 		.4byte	.LASF12
 340 0070 02       		.byte	0x2
 341 0071 E901     		.2byte	0x1e9
 342 0073 2C000000 		.4byte	0x2c
 343 0077 02       		.uleb128 0x2
 344 0078 04       		.byte	0x4
 345 0079 04       		.byte	0x4
 346 007a 91010000 		.4byte	.LASF9
 347 007e 02       		.uleb128 0x2
 348 007f 08       		.byte	0x8
 349 0080 04       		.byte	0x4
 350 0081 5B010000 		.4byte	.LASF10
 351 0085 02       		.uleb128 0x2
 352 0086 01       		.byte	0x1
 353 0087 08       		.byte	0x8
 354 0088 6A000000 		.4byte	.LASF11
 355 008c 04       		.uleb128 0x4
 356 008d AA010000 		.4byte	.LASF13
ARM GAS  C:\Users\User\AppData\Local\Temp\cc2BTXy4.s 			page 10


 357 0091 02       		.byte	0x2
 358 0092 9302     		.2byte	0x293
 359 0094 98000000 		.4byte	0x98
 360 0098 05       		.uleb128 0x5
 361 0099 6B000000 		.4byte	0x6b
 362 009d 02       		.uleb128 0x2
 363 009e 04       		.byte	0x4
 364 009f 07       		.byte	0x7
 365 00a0 F2010000 		.4byte	.LASF14
 366 00a4 06       		.uleb128 0x6
 367 00a5 1B000000 		.4byte	.LASF15
 368 00a9 01       		.byte	0x1
 369 00aa 27       		.byte	0x27
 370 00ab 00000000 		.4byte	.LFB0
 371 00af 0E000000 		.4byte	.LFE0-.LFB0
 372 00b3 01       		.uleb128 0x1
 373 00b4 9C       		.byte	0x9c
 374 00b5 07       		.uleb128 0x7
 375 00b6 2A000000 		.4byte	.LASF16
 376 00ba 01       		.byte	0x1
 377 00bb 3B       		.byte	0x3b
 378 00bc 00000000 		.4byte	.LFB1
 379 00c0 48000000 		.4byte	.LFE1-.LFB1
 380 00c4 01       		.uleb128 0x1
 381 00c5 9C       		.byte	0x9c
 382 00c6 06       		.uleb128 0x6
 383 00c7 81010000 		.4byte	.LASF17
 384 00cb 01       		.byte	0x1
 385 00cc 5C       		.byte	0x5c
 386 00cd 00000000 		.4byte	.LFB2
 387 00d1 24000000 		.4byte	.LFE2-.LFB2
 388 00d5 01       		.uleb128 0x1
 389 00d6 9C       		.byte	0x9c
 390 00d7 07       		.uleb128 0x7
 391 00d8 29010000 		.4byte	.LASF18
 392 00dc 01       		.byte	0x1
 393 00dd 76       		.byte	0x76
 394 00de 00000000 		.4byte	.LFB3
 395 00e2 54000000 		.4byte	.LFE3-.LFB3
 396 00e6 01       		.uleb128 0x1
 397 00e7 9C       		.byte	0x9c
 398 00e8 08       		.uleb128 0x8
 399 00e9 97010000 		.4byte	.LASF22
 400 00ed 01       		.byte	0x1
 401 00ee 95       		.byte	0x95
 402 00ef 00000000 		.4byte	.LFB4
 403 00f3 40000000 		.4byte	.LFE4-.LFB4
 404 00f7 01       		.uleb128 0x1
 405 00f8 9C       		.byte	0x9c
 406 00f9 0C010000 		.4byte	0x10c
 407 00fd 09       		.uleb128 0x9
 408 00fe EC010000 		.4byte	.LASF23
 409 0102 01       		.byte	0x1
 410 0103 95       		.byte	0x95
 411 0104 6B000000 		.4byte	0x6b
 412 0108 02       		.uleb128 0x2
 413 0109 91       		.byte	0x91
ARM GAS  C:\Users\User\AppData\Local\Temp\cc2BTXy4.s 			page 11


 414 010a 77       		.sleb128 -9
 415 010b 00       		.byte	0
 416 010c 0A       		.uleb128 0xa
 417 010d FB010000 		.4byte	.LASF24
 418 0111 01       		.byte	0x1
 419 0112 14       		.byte	0x14
 420 0113 6B000000 		.4byte	0x6b
 421 0117 05       		.uleb128 0x5
 422 0118 03       		.byte	0x3
 423 0119 00000000 		.4byte	Opamp_Aux_initVar
 424 011d 00       		.byte	0
 425              		.section	.debug_abbrev,"",%progbits
 426              	.Ldebug_abbrev0:
 427 0000 01       		.uleb128 0x1
 428 0001 11       		.uleb128 0x11
 429 0002 01       		.byte	0x1
 430 0003 25       		.uleb128 0x25
 431 0004 0E       		.uleb128 0xe
 432 0005 13       		.uleb128 0x13
 433 0006 0B       		.uleb128 0xb
 434 0007 03       		.uleb128 0x3
 435 0008 0E       		.uleb128 0xe
 436 0009 1B       		.uleb128 0x1b
 437 000a 0E       		.uleb128 0xe
 438 000b 55       		.uleb128 0x55
 439 000c 17       		.uleb128 0x17
 440 000d 11       		.uleb128 0x11
 441 000e 01       		.uleb128 0x1
 442 000f 10       		.uleb128 0x10
 443 0010 17       		.uleb128 0x17
 444 0011 00       		.byte	0
 445 0012 00       		.byte	0
 446 0013 02       		.uleb128 0x2
 447 0014 24       		.uleb128 0x24
 448 0015 00       		.byte	0
 449 0016 0B       		.uleb128 0xb
 450 0017 0B       		.uleb128 0xb
 451 0018 3E       		.uleb128 0x3e
 452 0019 0B       		.uleb128 0xb
 453 001a 03       		.uleb128 0x3
 454 001b 0E       		.uleb128 0xe
 455 001c 00       		.byte	0
 456 001d 00       		.byte	0
 457 001e 03       		.uleb128 0x3
 458 001f 24       		.uleb128 0x24
 459 0020 00       		.byte	0
 460 0021 0B       		.uleb128 0xb
 461 0022 0B       		.uleb128 0xb
 462 0023 3E       		.uleb128 0x3e
 463 0024 0B       		.uleb128 0xb
 464 0025 03       		.uleb128 0x3
 465 0026 08       		.uleb128 0x8
 466 0027 00       		.byte	0
 467 0028 00       		.byte	0
 468 0029 04       		.uleb128 0x4
 469 002a 16       		.uleb128 0x16
 470 002b 00       		.byte	0
ARM GAS  C:\Users\User\AppData\Local\Temp\cc2BTXy4.s 			page 12


 471 002c 03       		.uleb128 0x3
 472 002d 0E       		.uleb128 0xe
 473 002e 3A       		.uleb128 0x3a
 474 002f 0B       		.uleb128 0xb
 475 0030 3B       		.uleb128 0x3b
 476 0031 05       		.uleb128 0x5
 477 0032 49       		.uleb128 0x49
 478 0033 13       		.uleb128 0x13
 479 0034 00       		.byte	0
 480 0035 00       		.byte	0
 481 0036 05       		.uleb128 0x5
 482 0037 35       		.uleb128 0x35
 483 0038 00       		.byte	0
 484 0039 49       		.uleb128 0x49
 485 003a 13       		.uleb128 0x13
 486 003b 00       		.byte	0
 487 003c 00       		.byte	0
 488 003d 06       		.uleb128 0x6
 489 003e 2E       		.uleb128 0x2e
 490 003f 00       		.byte	0
 491 0040 3F       		.uleb128 0x3f
 492 0041 19       		.uleb128 0x19
 493 0042 03       		.uleb128 0x3
 494 0043 0E       		.uleb128 0xe
 495 0044 3A       		.uleb128 0x3a
 496 0045 0B       		.uleb128 0xb
 497 0046 3B       		.uleb128 0x3b
 498 0047 0B       		.uleb128 0xb
 499 0048 27       		.uleb128 0x27
 500 0049 19       		.uleb128 0x19
 501 004a 11       		.uleb128 0x11
 502 004b 01       		.uleb128 0x1
 503 004c 12       		.uleb128 0x12
 504 004d 06       		.uleb128 0x6
 505 004e 40       		.uleb128 0x40
 506 004f 18       		.uleb128 0x18
 507 0050 9642     		.uleb128 0x2116
 508 0052 19       		.uleb128 0x19
 509 0053 00       		.byte	0
 510 0054 00       		.byte	0
 511 0055 07       		.uleb128 0x7
 512 0056 2E       		.uleb128 0x2e
 513 0057 00       		.byte	0
 514 0058 3F       		.uleb128 0x3f
 515 0059 19       		.uleb128 0x19
 516 005a 03       		.uleb128 0x3
 517 005b 0E       		.uleb128 0xe
 518 005c 3A       		.uleb128 0x3a
 519 005d 0B       		.uleb128 0xb
 520 005e 3B       		.uleb128 0x3b
 521 005f 0B       		.uleb128 0xb
 522 0060 27       		.uleb128 0x27
 523 0061 19       		.uleb128 0x19
 524 0062 11       		.uleb128 0x11
 525 0063 01       		.uleb128 0x1
 526 0064 12       		.uleb128 0x12
 527 0065 06       		.uleb128 0x6
ARM GAS  C:\Users\User\AppData\Local\Temp\cc2BTXy4.s 			page 13


 528 0066 40       		.uleb128 0x40
 529 0067 18       		.uleb128 0x18
 530 0068 9742     		.uleb128 0x2117
 531 006a 19       		.uleb128 0x19
 532 006b 00       		.byte	0
 533 006c 00       		.byte	0
 534 006d 08       		.uleb128 0x8
 535 006e 2E       		.uleb128 0x2e
 536 006f 01       		.byte	0x1
 537 0070 3F       		.uleb128 0x3f
 538 0071 19       		.uleb128 0x19
 539 0072 03       		.uleb128 0x3
 540 0073 0E       		.uleb128 0xe
 541 0074 3A       		.uleb128 0x3a
 542 0075 0B       		.uleb128 0xb
 543 0076 3B       		.uleb128 0x3b
 544 0077 0B       		.uleb128 0xb
 545 0078 27       		.uleb128 0x27
 546 0079 19       		.uleb128 0x19
 547 007a 11       		.uleb128 0x11
 548 007b 01       		.uleb128 0x1
 549 007c 12       		.uleb128 0x12
 550 007d 06       		.uleb128 0x6
 551 007e 40       		.uleb128 0x40
 552 007f 18       		.uleb128 0x18
 553 0080 9742     		.uleb128 0x2117
 554 0082 19       		.uleb128 0x19
 555 0083 01       		.uleb128 0x1
 556 0084 13       		.uleb128 0x13
 557 0085 00       		.byte	0
 558 0086 00       		.byte	0
 559 0087 09       		.uleb128 0x9
 560 0088 05       		.uleb128 0x5
 561 0089 00       		.byte	0
 562 008a 03       		.uleb128 0x3
 563 008b 0E       		.uleb128 0xe
 564 008c 3A       		.uleb128 0x3a
 565 008d 0B       		.uleb128 0xb
 566 008e 3B       		.uleb128 0x3b
 567 008f 0B       		.uleb128 0xb
 568 0090 49       		.uleb128 0x49
 569 0091 13       		.uleb128 0x13
 570 0092 02       		.uleb128 0x2
 571 0093 18       		.uleb128 0x18
 572 0094 00       		.byte	0
 573 0095 00       		.byte	0
 574 0096 0A       		.uleb128 0xa
 575 0097 34       		.uleb128 0x34
 576 0098 00       		.byte	0
 577 0099 03       		.uleb128 0x3
 578 009a 0E       		.uleb128 0xe
 579 009b 3A       		.uleb128 0x3a
 580 009c 0B       		.uleb128 0xb
 581 009d 3B       		.uleb128 0x3b
 582 009e 0B       		.uleb128 0xb
 583 009f 49       		.uleb128 0x49
 584 00a0 13       		.uleb128 0x13
ARM GAS  C:\Users\User\AppData\Local\Temp\cc2BTXy4.s 			page 14


 585 00a1 3F       		.uleb128 0x3f
 586 00a2 19       		.uleb128 0x19
 587 00a3 02       		.uleb128 0x2
 588 00a4 18       		.uleb128 0x18
 589 00a5 00       		.byte	0
 590 00a6 00       		.byte	0
 591 00a7 00       		.byte	0
 592              		.section	.debug_aranges,"",%progbits
 593 0000 3C000000 		.4byte	0x3c
 594 0004 0200     		.2byte	0x2
 595 0006 00000000 		.4byte	.Ldebug_info0
 596 000a 04       		.byte	0x4
 597 000b 00       		.byte	0
 598 000c 0000     		.2byte	0
 599 000e 0000     		.2byte	0
 600 0010 00000000 		.4byte	.LFB0
 601 0014 0E000000 		.4byte	.LFE0-.LFB0
 602 0018 00000000 		.4byte	.LFB1
 603 001c 48000000 		.4byte	.LFE1-.LFB1
 604 0020 00000000 		.4byte	.LFB2
 605 0024 24000000 		.4byte	.LFE2-.LFB2
 606 0028 00000000 		.4byte	.LFB3
 607 002c 54000000 		.4byte	.LFE3-.LFB3
 608 0030 00000000 		.4byte	.LFB4
 609 0034 40000000 		.4byte	.LFE4-.LFB4
 610 0038 00000000 		.4byte	0
 611 003c 00000000 		.4byte	0
 612              		.section	.debug_ranges,"",%progbits
 613              	.Ldebug_ranges0:
 614 0000 00000000 		.4byte	.LFB0
 615 0004 0E000000 		.4byte	.LFE0
 616 0008 00000000 		.4byte	.LFB1
 617 000c 48000000 		.4byte	.LFE1
 618 0010 00000000 		.4byte	.LFB2
 619 0014 24000000 		.4byte	.LFE2
 620 0018 00000000 		.4byte	.LFB3
 621 001c 54000000 		.4byte	.LFE3
 622 0020 00000000 		.4byte	.LFB4
 623 0024 40000000 		.4byte	.LFE4
 624 0028 00000000 		.4byte	0
 625 002c 00000000 		.4byte	0
 626              		.section	.debug_line,"",%progbits
 627              	.Ldebug_line0:
 628 0000 AD000000 		.section	.debug_str,"MS",%progbits,1
 628      02004600 
 628      00000201 
 628      FB0E0D00 
 628      01010101 
 629              	.LASF6:
 630 0000 6C6F6E67 		.ascii	"long long int\000"
 630      206C6F6E 
 630      6720696E 
 630      7400
 631              	.LASF8:
 632 000e 756E7369 		.ascii	"unsigned int\000"
 632      676E6564 
 632      20696E74 
ARM GAS  C:\Users\User\AppData\Local\Temp\cc2BTXy4.s 			page 15


 632      00
 633              	.LASF15:
 634 001b 4F70616D 		.ascii	"Opamp_Aux_Init\000"
 634      705F4175 
 634      785F496E 
 634      697400
 635              	.LASF16:
 636 002a 4F70616D 		.ascii	"Opamp_Aux_Enable\000"
 636      705F4175 
 636      785F456E 
 636      61626C65 
 636      00
 637              	.LASF12:
 638 003b 75696E74 		.ascii	"uint8\000"
 638      3800
 639              	.LASF5:
 640 0041 6C6F6E67 		.ascii	"long unsigned int\000"
 640      20756E73 
 640      69676E65 
 640      6420696E 
 640      7400
 641              	.LASF7:
 642 0053 6C6F6E67 		.ascii	"long long unsigned int\000"
 642      206C6F6E 
 642      6720756E 
 642      7369676E 
 642      65642069 
 643              	.LASF11:
 644 006a 63686172 		.ascii	"char\000"
 644      00
 645              	.LASF1:
 646 006f 756E7369 		.ascii	"unsigned char\000"
 646      676E6564 
 646      20636861 
 646      7200
 647              	.LASF19:
 648 007d 474E5520 		.ascii	"GNU C99 5.4.1 20160609 (release) [ARM/embedded-5-br"
 648      43393920 
 648      352E342E 
 648      31203230 
 648      31363036 
 649 00b0 616E6368 		.ascii	"anch revision 237715] -mcpu=cortex-m3 -mthumb -g -O"
 649      20726576 
 649      6973696F 
 649      6E203233 
 649      37373135 
 650 00e3 30202D73 		.ascii	"0 -std=gnu99 -ffunction-sections -ffat-lto-objects\000"
 650      74643D67 
 650      6E753939 
 650      202D6666 
 650      756E6374 
 651              	.LASF4:
 652 0116 6C6F6E67 		.ascii	"long int\000"
 652      20696E74 
 652      00
 653              	.LASF2:
 654 011f 73686F72 		.ascii	"short int\000"
ARM GAS  C:\Users\User\AppData\Local\Temp\cc2BTXy4.s 			page 16


 654      7420696E 
 654      7400
 655              	.LASF18:
 656 0129 4F70616D 		.ascii	"Opamp_Aux_Stop\000"
 656      705F4175 
 656      785F5374 
 656      6F7000
 657              	.LASF20:
 658 0138 47656E65 		.ascii	"Generated_Source\\PSoC5\\Opamp_Aux.c\000"
 658      72617465 
 658      645F536F 
 658      75726365 
 658      5C50536F 
 659              	.LASF10:
 660 015b 646F7562 		.ascii	"double\000"
 660      6C6500
 661              	.LASF3:
 662 0162 73686F72 		.ascii	"short unsigned int\000"
 662      7420756E 
 662      7369676E 
 662      65642069 
 662      6E7400
 663              	.LASF0:
 664 0175 7369676E 		.ascii	"signed char\000"
 664      65642063 
 664      68617200 
 665              	.LASF17:
 666 0181 4F70616D 		.ascii	"Opamp_Aux_Start\000"
 666      705F4175 
 666      785F5374 
 666      61727400 
 667              	.LASF9:
 668 0191 666C6F61 		.ascii	"float\000"
 668      7400
 669              	.LASF22:
 670 0197 4F70616D 		.ascii	"Opamp_Aux_SetPower\000"
 670      705F4175 
 670      785F5365 
 670      74506F77 
 670      657200
 671              	.LASF13:
 672 01aa 72656738 		.ascii	"reg8\000"
 672      00
 673              	.LASF21:
 674 01af 433A5C55 		.ascii	"C:\\Users\\User\\Dropbox\\67 PSOC\\PSoC-Potentiosta"
 674      73657273 
 674      5C557365 
 674      725C4472 
 674      6F70626F 
 675 01dd 745C502D 		.ascii	"t\\P-Stat.cydsn\000"
 675      53746174 
 675      2E637964 
 675      736E00
 676              	.LASF23:
 677 01ec 706F7765 		.ascii	"power\000"
 677      7200
 678              	.LASF14:
ARM GAS  C:\Users\User\AppData\Local\Temp\cc2BTXy4.s 			page 17


 679 01f2 73697A65 		.ascii	"sizetype\000"
 679      74797065 
 679      00
 680              	.LASF24:
 681 01fb 4F70616D 		.ascii	"Opamp_Aux_initVar\000"
 681      705F4175 
 681      785F696E 
 681      69745661 
 681      7200
 682              		.ident	"GCC: (GNU Tools for ARM Embedded Processors) 5.4.1 20160609 (release) [ARM/embedded-5-bran
