ARM GAS  C:\Users\User\AppData\Local\Temp\cc1paRBh.s 			page 1


   1              		.syntax unified
   2              		.cpu cortex-m3
   3              		.fpu softvfp
   4              		.eabi_attribute 20, 1
   5              		.eabi_attribute 21, 1
   6              		.eabi_attribute 23, 3
   7              		.eabi_attribute 24, 1
   8              		.eabi_attribute 25, 1
   9              		.eabi_attribute 26, 1
  10              		.eabi_attribute 30, 6
  11              		.eabi_attribute 34, 1
  12              		.eabi_attribute 18, 4
  13              		.thumb
  14              		.syntax unified
  15              		.file	"TIA_PM.c"
  16              		.text
  17              	.Ltext0:
  18              		.cfi_sections	.debug_frame
  19              		.bss
  20              		.align	2
  21              	TIA_backup:
  22 0000 00000000 		.space	4
  23              		.section	.text.TIA_SaveConfig,"ax",%progbits
  24              		.align	2
  25              		.global	TIA_SaveConfig
  26              		.thumb
  27              		.thumb_func
  28              		.type	TIA_SaveConfig, %function
  29              	TIA_SaveConfig:
  30              	.LFB0:
  31              		.file 1 "Generated_Source\\PSoC5\\TIA_PM.c"
   1:Generated_Source\PSoC5/TIA_PM.c **** /*******************************************************************************
   2:Generated_Source\PSoC5/TIA_PM.c **** * File Name: TIA_PM.c  
   3:Generated_Source\PSoC5/TIA_PM.c **** * Version 2.0
   4:Generated_Source\PSoC5/TIA_PM.c **** *
   5:Generated_Source\PSoC5/TIA_PM.c **** * Description:
   6:Generated_Source\PSoC5/TIA_PM.c **** *  This file provides the power management source code to the API for the 
   7:Generated_Source\PSoC5/TIA_PM.c **** *  TIA component.
   8:Generated_Source\PSoC5/TIA_PM.c **** *
   9:Generated_Source\PSoC5/TIA_PM.c **** * Note:
  10:Generated_Source\PSoC5/TIA_PM.c **** *
  11:Generated_Source\PSoC5/TIA_PM.c **** ********************************************************************************
  12:Generated_Source\PSoC5/TIA_PM.c **** * Copyright 2008-2012, Cypress Semiconductor Corporation.  All rights reserved.
  13:Generated_Source\PSoC5/TIA_PM.c **** * You may use this file only in accordance with the license, terms, conditions, 
  14:Generated_Source\PSoC5/TIA_PM.c **** * disclaimers, and limitations in the end user license agreement accompanying 
  15:Generated_Source\PSoC5/TIA_PM.c **** * the software package with which this file was provided.
  16:Generated_Source\PSoC5/TIA_PM.c **** *******************************************************************************/
  17:Generated_Source\PSoC5/TIA_PM.c **** 
  18:Generated_Source\PSoC5/TIA_PM.c **** #include "TIA.h"
  19:Generated_Source\PSoC5/TIA_PM.c **** 
  20:Generated_Source\PSoC5/TIA_PM.c **** static TIA_BACKUP_STRUCT  TIA_backup;
  21:Generated_Source\PSoC5/TIA_PM.c **** 
  22:Generated_Source\PSoC5/TIA_PM.c **** 
  23:Generated_Source\PSoC5/TIA_PM.c **** /*******************************************************************************  
  24:Generated_Source\PSoC5/TIA_PM.c **** * Function Name: TIA_SaveConfig
  25:Generated_Source\PSoC5/TIA_PM.c **** ********************************************************************************
  26:Generated_Source\PSoC5/TIA_PM.c **** *
ARM GAS  C:\Users\User\AppData\Local\Temp\cc1paRBh.s 			page 2


  27:Generated_Source\PSoC5/TIA_PM.c **** * Summary:
  28:Generated_Source\PSoC5/TIA_PM.c **** *  Saves the current user configuration registers.
  29:Generated_Source\PSoC5/TIA_PM.c **** *
  30:Generated_Source\PSoC5/TIA_PM.c **** * Parameters:
  31:Generated_Source\PSoC5/TIA_PM.c **** *  TIA_backup - global structure, where configuration registers are
  32:Generated_Source\PSoC5/TIA_PM.c **** *  stored.
  33:Generated_Source\PSoC5/TIA_PM.c **** *
  34:Generated_Source\PSoC5/TIA_PM.c **** * Return:
  35:Generated_Source\PSoC5/TIA_PM.c **** *  None
  36:Generated_Source\PSoC5/TIA_PM.c **** *
  37:Generated_Source\PSoC5/TIA_PM.c **** *******************************************************************************/
  38:Generated_Source\PSoC5/TIA_PM.c **** void TIA_SaveConfig(void) 
  39:Generated_Source\PSoC5/TIA_PM.c **** {
  32              		.loc 1 39 0
  33              		.cfi_startproc
  34              		@ args = 0, pretend = 0, frame = 0
  35              		@ frame_needed = 1, uses_anonymous_args = 0
  36              		@ link register save eliminated.
  37 0000 80B4     		push	{r7}
  38              		.cfi_def_cfa_offset 4
  39              		.cfi_offset 7, -4
  40 0002 00AF     		add	r7, sp, #0
  41              		.cfi_def_cfa_register 7
  40:Generated_Source\PSoC5/TIA_PM.c ****     /* Nothing to save as registers are System reset on retention flops */
  41:Generated_Source\PSoC5/TIA_PM.c **** }
  42              		.loc 1 41 0
  43 0004 00BF     		nop
  44 0006 BD46     		mov	sp, r7
  45              		.cfi_def_cfa_register 13
  46              		@ sp needed
  47 0008 80BC     		pop	{r7}
  48              		.cfi_restore 7
  49              		.cfi_def_cfa_offset 0
  50 000a 7047     		bx	lr
  51              		.cfi_endproc
  52              	.LFE0:
  53              		.size	TIA_SaveConfig, .-TIA_SaveConfig
  54              		.section	.text.TIA_RestoreConfig,"ax",%progbits
  55              		.align	2
  56              		.global	TIA_RestoreConfig
  57              		.thumb
  58              		.thumb_func
  59              		.type	TIA_RestoreConfig, %function
  60              	TIA_RestoreConfig:
  61              	.LFB1:
  42:Generated_Source\PSoC5/TIA_PM.c **** 
  43:Generated_Source\PSoC5/TIA_PM.c **** 
  44:Generated_Source\PSoC5/TIA_PM.c **** /*******************************************************************************  
  45:Generated_Source\PSoC5/TIA_PM.c **** * Function Name: TIA_RestoreConfig
  46:Generated_Source\PSoC5/TIA_PM.c **** ********************************************************************************
  47:Generated_Source\PSoC5/TIA_PM.c **** *
  48:Generated_Source\PSoC5/TIA_PM.c **** * Summary:
  49:Generated_Source\PSoC5/TIA_PM.c **** *  Restores the current user configuration.
  50:Generated_Source\PSoC5/TIA_PM.c **** *
  51:Generated_Source\PSoC5/TIA_PM.c **** * Parameters:
  52:Generated_Source\PSoC5/TIA_PM.c **** *  None
  53:Generated_Source\PSoC5/TIA_PM.c **** *
ARM GAS  C:\Users\User\AppData\Local\Temp\cc1paRBh.s 			page 3


  54:Generated_Source\PSoC5/TIA_PM.c **** * Return:
  55:Generated_Source\PSoC5/TIA_PM.c **** *  void
  56:Generated_Source\PSoC5/TIA_PM.c **** *
  57:Generated_Source\PSoC5/TIA_PM.c **** *******************************************************************************/
  58:Generated_Source\PSoC5/TIA_PM.c **** void TIA_RestoreConfig(void) 
  59:Generated_Source\PSoC5/TIA_PM.c **** {
  62              		.loc 1 59 0
  63              		.cfi_startproc
  64              		@ args = 0, pretend = 0, frame = 0
  65              		@ frame_needed = 1, uses_anonymous_args = 0
  66              		@ link register save eliminated.
  67 0000 80B4     		push	{r7}
  68              		.cfi_def_cfa_offset 4
  69              		.cfi_offset 7, -4
  70 0002 00AF     		add	r7, sp, #0
  71              		.cfi_def_cfa_register 7
  60:Generated_Source\PSoC5/TIA_PM.c ****     /* Nothing to restore */
  61:Generated_Source\PSoC5/TIA_PM.c **** }
  72              		.loc 1 61 0
  73 0004 00BF     		nop
  74 0006 BD46     		mov	sp, r7
  75              		.cfi_def_cfa_register 13
  76              		@ sp needed
  77 0008 80BC     		pop	{r7}
  78              		.cfi_restore 7
  79              		.cfi_def_cfa_offset 0
  80 000a 7047     		bx	lr
  81              		.cfi_endproc
  82              	.LFE1:
  83              		.size	TIA_RestoreConfig, .-TIA_RestoreConfig
  84              		.section	.text.TIA_Sleep,"ax",%progbits
  85              		.align	2
  86              		.global	TIA_Sleep
  87              		.thumb
  88              		.thumb_func
  89              		.type	TIA_Sleep, %function
  90              	TIA_Sleep:
  91              	.LFB2:
  62:Generated_Source\PSoC5/TIA_PM.c **** 
  63:Generated_Source\PSoC5/TIA_PM.c **** 
  64:Generated_Source\PSoC5/TIA_PM.c **** /*******************************************************************************   
  65:Generated_Source\PSoC5/TIA_PM.c **** * Function Name: TIA_Sleep
  66:Generated_Source\PSoC5/TIA_PM.c **** ********************************************************************************
  67:Generated_Source\PSoC5/TIA_PM.c **** *
  68:Generated_Source\PSoC5/TIA_PM.c **** * Summary:
  69:Generated_Source\PSoC5/TIA_PM.c **** *  Disables block's operation and saves its configuration. Should be called 
  70:Generated_Source\PSoC5/TIA_PM.c **** *  just prior to entering sleep.
  71:Generated_Source\PSoC5/TIA_PM.c **** *
  72:Generated_Source\PSoC5/TIA_PM.c **** * Parameters:
  73:Generated_Source\PSoC5/TIA_PM.c **** *  None
  74:Generated_Source\PSoC5/TIA_PM.c **** *
  75:Generated_Source\PSoC5/TIA_PM.c **** * Return:
  76:Generated_Source\PSoC5/TIA_PM.c **** *  None
  77:Generated_Source\PSoC5/TIA_PM.c **** *
  78:Generated_Source\PSoC5/TIA_PM.c **** * Global variables:
  79:Generated_Source\PSoC5/TIA_PM.c **** *  TIA_backup: The structure field 'enableState' is modified 
  80:Generated_Source\PSoC5/TIA_PM.c **** *  depending on the enable state of the block before entering to sleep mode.
ARM GAS  C:\Users\User\AppData\Local\Temp\cc1paRBh.s 			page 4


  81:Generated_Source\PSoC5/TIA_PM.c **** *
  82:Generated_Source\PSoC5/TIA_PM.c **** *******************************************************************************/
  83:Generated_Source\PSoC5/TIA_PM.c **** void TIA_Sleep(void) 
  84:Generated_Source\PSoC5/TIA_PM.c **** {
  92              		.loc 1 84 0
  93              		.cfi_startproc
  94              		@ args = 0, pretend = 0, frame = 0
  95              		@ frame_needed = 1, uses_anonymous_args = 0
  96 0000 80B5     		push	{r7, lr}
  97              		.cfi_def_cfa_offset 8
  98              		.cfi_offset 7, -8
  99              		.cfi_offset 14, -4
 100 0002 00AF     		add	r7, sp, #0
 101              		.cfi_def_cfa_register 7
  85:Generated_Source\PSoC5/TIA_PM.c ****     /* Save TIA enable state */
  86:Generated_Source\PSoC5/TIA_PM.c ****     if((TIA_PM_ACT_CFG_REG & TIA_ACT_PWR_EN) != 0u)
 102              		.loc 1 86 0
 103 0004 094B     		ldr	r3, .L6
 104 0006 1B78     		ldrb	r3, [r3]
 105 0008 DBB2     		uxtb	r3, r3
 106 000a 03F00803 		and	r3, r3, #8
 107 000e 002B     		cmp	r3, #0
 108 0010 05D0     		beq	.L4
  87:Generated_Source\PSoC5/TIA_PM.c ****     {
  88:Generated_Source\PSoC5/TIA_PM.c ****         /* Component is enabled */
  89:Generated_Source\PSoC5/TIA_PM.c ****         TIA_backup.enableState = 1u;
 109              		.loc 1 89 0
 110 0012 074B     		ldr	r3, .L6+4
 111 0014 0122     		movs	r2, #1
 112 0016 1A70     		strb	r2, [r3]
  90:Generated_Source\PSoC5/TIA_PM.c ****         /* Stop the configuration */
  91:Generated_Source\PSoC5/TIA_PM.c ****         TIA_Stop();
 113              		.loc 1 91 0
 114 0018 FFF7FEFF 		bl	TIA_Stop
 115 001c 02E0     		b	.L5
 116              	.L4:
  92:Generated_Source\PSoC5/TIA_PM.c ****     }
  93:Generated_Source\PSoC5/TIA_PM.c ****     else
  94:Generated_Source\PSoC5/TIA_PM.c ****     {
  95:Generated_Source\PSoC5/TIA_PM.c ****         /* Component is disabled */
  96:Generated_Source\PSoC5/TIA_PM.c ****         TIA_backup.enableState = 0u;
 117              		.loc 1 96 0
 118 001e 044B     		ldr	r3, .L6+4
 119 0020 0022     		movs	r2, #0
 120 0022 1A70     		strb	r2, [r3]
 121              	.L5:
  97:Generated_Source\PSoC5/TIA_PM.c ****     }
  98:Generated_Source\PSoC5/TIA_PM.c ****     /* Save the configuration */
  99:Generated_Source\PSoC5/TIA_PM.c ****     TIA_SaveConfig();
 122              		.loc 1 99 0
 123 0024 FFF7FEFF 		bl	TIA_SaveConfig
 100:Generated_Source\PSoC5/TIA_PM.c **** }
 124              		.loc 1 100 0
 125 0028 00BF     		nop
 126 002a 80BD     		pop	{r7, pc}
 127              	.L7:
 128              		.align	2
ARM GAS  C:\Users\User\AppData\Local\Temp\cc1paRBh.s 			page 5


 129              	.L6:
 130 002c A9430040 		.word	1073759145
 131 0030 00000000 		.word	TIA_backup
 132              		.cfi_endproc
 133              	.LFE2:
 134              		.size	TIA_Sleep, .-TIA_Sleep
 135              		.section	.text.TIA_Wakeup,"ax",%progbits
 136              		.align	2
 137              		.global	TIA_Wakeup
 138              		.thumb
 139              		.thumb_func
 140              		.type	TIA_Wakeup, %function
 141              	TIA_Wakeup:
 142              	.LFB3:
 101:Generated_Source\PSoC5/TIA_PM.c **** 
 102:Generated_Source\PSoC5/TIA_PM.c **** 
 103:Generated_Source\PSoC5/TIA_PM.c **** /*******************************************************************************  
 104:Generated_Source\PSoC5/TIA_PM.c **** * Function Name: TIA_Wakeup
 105:Generated_Source\PSoC5/TIA_PM.c **** ********************************************************************************
 106:Generated_Source\PSoC5/TIA_PM.c **** *
 107:Generated_Source\PSoC5/TIA_PM.c **** * Summary:
 108:Generated_Source\PSoC5/TIA_PM.c **** *  Enables block's operation and restores its configuration. Should be called
 109:Generated_Source\PSoC5/TIA_PM.c **** *  just after awaking from sleep.
 110:Generated_Source\PSoC5/TIA_PM.c **** *
 111:Generated_Source\PSoC5/TIA_PM.c **** * Parameters:
 112:Generated_Source\PSoC5/TIA_PM.c **** *  None.
 113:Generated_Source\PSoC5/TIA_PM.c **** *
 114:Generated_Source\PSoC5/TIA_PM.c **** * Return:
 115:Generated_Source\PSoC5/TIA_PM.c **** *  void
 116:Generated_Source\PSoC5/TIA_PM.c **** *
 117:Generated_Source\PSoC5/TIA_PM.c **** * Global variables:
 118:Generated_Source\PSoC5/TIA_PM.c **** *  TIA_backup: The structure field 'enableState' is used to 
 119:Generated_Source\PSoC5/TIA_PM.c **** *  restore the enable state of block after wakeup from sleep mode.
 120:Generated_Source\PSoC5/TIA_PM.c **** * 
 121:Generated_Source\PSoC5/TIA_PM.c **** *******************************************************************************/
 122:Generated_Source\PSoC5/TIA_PM.c **** void TIA_Wakeup(void) 
 123:Generated_Source\PSoC5/TIA_PM.c **** {
 143              		.loc 1 123 0
 144              		.cfi_startproc
 145              		@ args = 0, pretend = 0, frame = 0
 146              		@ frame_needed = 1, uses_anonymous_args = 0
 147 0000 80B5     		push	{r7, lr}
 148              		.cfi_def_cfa_offset 8
 149              		.cfi_offset 7, -8
 150              		.cfi_offset 14, -4
 151 0002 00AF     		add	r7, sp, #0
 152              		.cfi_def_cfa_register 7
 124:Generated_Source\PSoC5/TIA_PM.c ****     /* Restore the configuration */
 125:Generated_Source\PSoC5/TIA_PM.c ****     TIA_RestoreConfig();
 153              		.loc 1 125 0
 154 0004 FFF7FEFF 		bl	TIA_RestoreConfig
 126:Generated_Source\PSoC5/TIA_PM.c **** 
 127:Generated_Source\PSoC5/TIA_PM.c ****     /* Enable's the component operation */
 128:Generated_Source\PSoC5/TIA_PM.c ****     if(TIA_backup.enableState == 1u)
 155              		.loc 1 128 0
 156 0008 034B     		ldr	r3, .L11
 157 000a 1B78     		ldrb	r3, [r3]	@ zero_extendqisi2
ARM GAS  C:\Users\User\AppData\Local\Temp\cc1paRBh.s 			page 6


 158 000c 012B     		cmp	r3, #1
 159 000e 01D1     		bne	.L10
 129:Generated_Source\PSoC5/TIA_PM.c ****     {
 130:Generated_Source\PSoC5/TIA_PM.c ****         TIA_Enable();
 160              		.loc 1 130 0
 161 0010 FFF7FEFF 		bl	TIA_Enable
 162              	.L10:
 131:Generated_Source\PSoC5/TIA_PM.c ****     } /* Do nothing if component was disabled before */
 132:Generated_Source\PSoC5/TIA_PM.c **** }
 163              		.loc 1 132 0
 164 0014 00BF     		nop
 165 0016 80BD     		pop	{r7, pc}
 166              	.L12:
 167              		.align	2
 168              	.L11:
 169 0018 00000000 		.word	TIA_backup
 170              		.cfi_endproc
 171              	.LFE3:
 172              		.size	TIA_Wakeup, .-TIA_Wakeup
 173              		.text
 174              	.Letext0:
 175              		.file 2 "Generated_Source\\PSoC5\\cytypes.h"
 176              		.file 3 "Generated_Source\\PSoC5\\TIA.h"
 177              		.section	.debug_info,"",%progbits
 178              	.Ldebug_info0:
 179 0000 3A010000 		.4byte	0x13a
 180 0004 0400     		.2byte	0x4
 181 0006 00000000 		.4byte	.Ldebug_abbrev0
 182 000a 04       		.byte	0x4
 183 000b 01       		.uleb128 0x1
 184 000c AD000000 		.4byte	.LASF24
 185 0010 0C       		.byte	0xc
 186 0011 AA010000 		.4byte	.LASF25
 187 0015 27000000 		.4byte	.LASF26
 188 0019 00000000 		.4byte	.Ldebug_ranges0+0
 189 001d 00000000 		.4byte	0
 190 0021 00000000 		.4byte	.Ldebug_line0
 191 0025 02       		.uleb128 0x2
 192 0026 01       		.byte	0x1
 193 0027 06       		.byte	0x6
 194 0028 9E010000 		.4byte	.LASF0
 195 002c 02       		.uleb128 0x2
 196 002d 01       		.byte	0x1
 197 002e 08       		.byte	0x8
 198 002f 9F000000 		.4byte	.LASF1
 199 0033 02       		.uleb128 0x2
 200 0034 02       		.byte	0x2
 201 0035 05       		.byte	0x5
 202 0036 E5010000 		.4byte	.LASF2
 203 003a 02       		.uleb128 0x2
 204 003b 02       		.byte	0x2
 205 003c 07       		.byte	0x7
 206 003d 8B010000 		.4byte	.LASF3
 207 0041 02       		.uleb128 0x2
 208 0042 04       		.byte	0x4
 209 0043 05       		.byte	0x5
 210 0044 51010000 		.4byte	.LASF4
ARM GAS  C:\Users\User\AppData\Local\Temp\cc1paRBh.s 			page 7


 211 0048 02       		.uleb128 0x2
 212 0049 04       		.byte	0x4
 213 004a 07       		.byte	0x7
 214 004b 69010000 		.4byte	.LASF5
 215 004f 02       		.uleb128 0x2
 216 0050 08       		.byte	0x8
 217 0051 05       		.byte	0x5
 218 0052 00000000 		.4byte	.LASF6
 219 0056 02       		.uleb128 0x2
 220 0057 08       		.byte	0x8
 221 0058 07       		.byte	0x7
 222 0059 7D000000 		.4byte	.LASF7
 223 005d 03       		.uleb128 0x3
 224 005e 04       		.byte	0x4
 225 005f 05       		.byte	0x5
 226 0060 696E7400 		.ascii	"int\000"
 227 0064 02       		.uleb128 0x2
 228 0065 04       		.byte	0x4
 229 0066 07       		.byte	0x7
 230 0067 1A000000 		.4byte	.LASF8
 231 006b 04       		.uleb128 0x4
 232 006c 6E000000 		.4byte	.LASF12
 233 0070 02       		.byte	0x2
 234 0071 E901     		.2byte	0x1e9
 235 0073 2C000000 		.4byte	0x2c
 236 0077 02       		.uleb128 0x2
 237 0078 04       		.byte	0x4
 238 0079 04       		.byte	0x4
 239 007a 94000000 		.4byte	.LASF9
 240 007e 02       		.uleb128 0x2
 241 007f 08       		.byte	0x8
 242 0080 04       		.byte	0x4
 243 0081 7B010000 		.4byte	.LASF10
 244 0085 02       		.uleb128 0x2
 245 0086 01       		.byte	0x1
 246 0087 08       		.byte	0x8
 247 0088 9A000000 		.4byte	.LASF11
 248 008c 04       		.uleb128 0x4
 249 008d EF010000 		.4byte	.LASF13
 250 0091 02       		.byte	0x2
 251 0092 9302     		.2byte	0x293
 252 0094 98000000 		.4byte	0x98
 253 0098 05       		.uleb128 0x5
 254 0099 6B000000 		.4byte	0x6b
 255 009d 02       		.uleb128 0x2
 256 009e 04       		.byte	0x4
 257 009f 07       		.byte	0x7
 258 00a0 11020000 		.4byte	.LASF14
 259 00a4 06       		.uleb128 0x6
 260 00a5 04       		.byte	0x4
 261 00a6 03       		.byte	0x3
 262 00a7 2D       		.byte	0x2d
 263 00a8 DD000000 		.4byte	0xdd
 264 00ac 07       		.uleb128 0x7
 265 00ad 0E000000 		.4byte	.LASF15
 266 00b1 03       		.byte	0x3
 267 00b2 2F       		.byte	0x2f
ARM GAS  C:\Users\User\AppData\Local\Temp\cc1paRBh.s 			page 8


 268 00b3 6B000000 		.4byte	0x6b
 269 00b7 00       		.byte	0
 270 00b8 07       		.uleb128 0x7
 271 00b9 82010000 		.4byte	.LASF16
 272 00bd 03       		.byte	0x3
 273 00be 30       		.byte	0x30
 274 00bf 6B000000 		.4byte	0x6b
 275 00c3 01       		.byte	0x1
 276 00c4 07       		.uleb128 0x7
 277 00c5 74000000 		.4byte	.LASF17
 278 00c9 03       		.byte	0x3
 279 00ca 31       		.byte	0x31
 280 00cb 6B000000 		.4byte	0x6b
 281 00cf 02       		.byte	0x2
 282 00d0 07       		.uleb128 0x7
 283 00d1 CA010000 		.4byte	.LASF18
 284 00d5 03       		.byte	0x3
 285 00d6 32       		.byte	0x32
 286 00d7 6B000000 		.4byte	0x6b
 287 00db 03       		.byte	0x3
 288 00dc 00       		.byte	0
 289 00dd 08       		.uleb128 0x8
 290 00de FF010000 		.4byte	.LASF19
 291 00e2 03       		.byte	0x3
 292 00e3 33       		.byte	0x33
 293 00e4 A4000000 		.4byte	0xa4
 294 00e8 09       		.uleb128 0x9
 295 00e9 5A010000 		.4byte	.LASF20
 296 00ed 01       		.byte	0x1
 297 00ee 26       		.byte	0x26
 298 00ef 00000000 		.4byte	.LFB0
 299 00f3 0C000000 		.4byte	.LFE0-.LFB0
 300 00f7 01       		.uleb128 0x1
 301 00f8 9C       		.byte	0x9c
 302 00f9 09       		.uleb128 0x9
 303 00fa D3010000 		.4byte	.LASF21
 304 00fe 01       		.byte	0x1
 305 00ff 3A       		.byte	0x3a
 306 0100 00000000 		.4byte	.LFB1
 307 0104 0C000000 		.4byte	.LFE1-.LFB1
 308 0108 01       		.uleb128 0x1
 309 0109 9C       		.byte	0x9c
 310 010a 0A       		.uleb128 0xa
 311 010b 64000000 		.4byte	.LASF22
 312 010f 01       		.byte	0x1
 313 0110 53       		.byte	0x53
 314 0111 00000000 		.4byte	.LFB2
 315 0115 34000000 		.4byte	.LFE2-.LFB2
 316 0119 01       		.uleb128 0x1
 317 011a 9C       		.byte	0x9c
 318 011b 0A       		.uleb128 0xa
 319 011c F4010000 		.4byte	.LASF23
 320 0120 01       		.byte	0x1
 321 0121 7A       		.byte	0x7a
 322 0122 00000000 		.4byte	.LFB3
 323 0126 1C000000 		.4byte	.LFE3-.LFB3
 324 012a 01       		.uleb128 0x1
ARM GAS  C:\Users\User\AppData\Local\Temp\cc1paRBh.s 			page 9


 325 012b 9C       		.byte	0x9c
 326 012c 0B       		.uleb128 0xb
 327 012d 46010000 		.4byte	.LASF27
 328 0131 01       		.byte	0x1
 329 0132 14       		.byte	0x14
 330 0133 DD000000 		.4byte	0xdd
 331 0137 05       		.uleb128 0x5
 332 0138 03       		.byte	0x3
 333 0139 00000000 		.4byte	TIA_backup
 334 013d 00       		.byte	0
 335              		.section	.debug_abbrev,"",%progbits
 336              	.Ldebug_abbrev0:
 337 0000 01       		.uleb128 0x1
 338 0001 11       		.uleb128 0x11
 339 0002 01       		.byte	0x1
 340 0003 25       		.uleb128 0x25
 341 0004 0E       		.uleb128 0xe
 342 0005 13       		.uleb128 0x13
 343 0006 0B       		.uleb128 0xb
 344 0007 03       		.uleb128 0x3
 345 0008 0E       		.uleb128 0xe
 346 0009 1B       		.uleb128 0x1b
 347 000a 0E       		.uleb128 0xe
 348 000b 55       		.uleb128 0x55
 349 000c 17       		.uleb128 0x17
 350 000d 11       		.uleb128 0x11
 351 000e 01       		.uleb128 0x1
 352 000f 10       		.uleb128 0x10
 353 0010 17       		.uleb128 0x17
 354 0011 00       		.byte	0
 355 0012 00       		.byte	0
 356 0013 02       		.uleb128 0x2
 357 0014 24       		.uleb128 0x24
 358 0015 00       		.byte	0
 359 0016 0B       		.uleb128 0xb
 360 0017 0B       		.uleb128 0xb
 361 0018 3E       		.uleb128 0x3e
 362 0019 0B       		.uleb128 0xb
 363 001a 03       		.uleb128 0x3
 364 001b 0E       		.uleb128 0xe
 365 001c 00       		.byte	0
 366 001d 00       		.byte	0
 367 001e 03       		.uleb128 0x3
 368 001f 24       		.uleb128 0x24
 369 0020 00       		.byte	0
 370 0021 0B       		.uleb128 0xb
 371 0022 0B       		.uleb128 0xb
 372 0023 3E       		.uleb128 0x3e
 373 0024 0B       		.uleb128 0xb
 374 0025 03       		.uleb128 0x3
 375 0026 08       		.uleb128 0x8
 376 0027 00       		.byte	0
 377 0028 00       		.byte	0
 378 0029 04       		.uleb128 0x4
 379 002a 16       		.uleb128 0x16
 380 002b 00       		.byte	0
 381 002c 03       		.uleb128 0x3
ARM GAS  C:\Users\User\AppData\Local\Temp\cc1paRBh.s 			page 10


 382 002d 0E       		.uleb128 0xe
 383 002e 3A       		.uleb128 0x3a
 384 002f 0B       		.uleb128 0xb
 385 0030 3B       		.uleb128 0x3b
 386 0031 05       		.uleb128 0x5
 387 0032 49       		.uleb128 0x49
 388 0033 13       		.uleb128 0x13
 389 0034 00       		.byte	0
 390 0035 00       		.byte	0
 391 0036 05       		.uleb128 0x5
 392 0037 35       		.uleb128 0x35
 393 0038 00       		.byte	0
 394 0039 49       		.uleb128 0x49
 395 003a 13       		.uleb128 0x13
 396 003b 00       		.byte	0
 397 003c 00       		.byte	0
 398 003d 06       		.uleb128 0x6
 399 003e 13       		.uleb128 0x13
 400 003f 01       		.byte	0x1
 401 0040 0B       		.uleb128 0xb
 402 0041 0B       		.uleb128 0xb
 403 0042 3A       		.uleb128 0x3a
 404 0043 0B       		.uleb128 0xb
 405 0044 3B       		.uleb128 0x3b
 406 0045 0B       		.uleb128 0xb
 407 0046 01       		.uleb128 0x1
 408 0047 13       		.uleb128 0x13
 409 0048 00       		.byte	0
 410 0049 00       		.byte	0
 411 004a 07       		.uleb128 0x7
 412 004b 0D       		.uleb128 0xd
 413 004c 00       		.byte	0
 414 004d 03       		.uleb128 0x3
 415 004e 0E       		.uleb128 0xe
 416 004f 3A       		.uleb128 0x3a
 417 0050 0B       		.uleb128 0xb
 418 0051 3B       		.uleb128 0x3b
 419 0052 0B       		.uleb128 0xb
 420 0053 49       		.uleb128 0x49
 421 0054 13       		.uleb128 0x13
 422 0055 38       		.uleb128 0x38
 423 0056 0B       		.uleb128 0xb
 424 0057 00       		.byte	0
 425 0058 00       		.byte	0
 426 0059 08       		.uleb128 0x8
 427 005a 16       		.uleb128 0x16
 428 005b 00       		.byte	0
 429 005c 03       		.uleb128 0x3
 430 005d 0E       		.uleb128 0xe
 431 005e 3A       		.uleb128 0x3a
 432 005f 0B       		.uleb128 0xb
 433 0060 3B       		.uleb128 0x3b
 434 0061 0B       		.uleb128 0xb
 435 0062 49       		.uleb128 0x49
 436 0063 13       		.uleb128 0x13
 437 0064 00       		.byte	0
 438 0065 00       		.byte	0
ARM GAS  C:\Users\User\AppData\Local\Temp\cc1paRBh.s 			page 11


 439 0066 09       		.uleb128 0x9
 440 0067 2E       		.uleb128 0x2e
 441 0068 00       		.byte	0
 442 0069 3F       		.uleb128 0x3f
 443 006a 19       		.uleb128 0x19
 444 006b 03       		.uleb128 0x3
 445 006c 0E       		.uleb128 0xe
 446 006d 3A       		.uleb128 0x3a
 447 006e 0B       		.uleb128 0xb
 448 006f 3B       		.uleb128 0x3b
 449 0070 0B       		.uleb128 0xb
 450 0071 27       		.uleb128 0x27
 451 0072 19       		.uleb128 0x19
 452 0073 11       		.uleb128 0x11
 453 0074 01       		.uleb128 0x1
 454 0075 12       		.uleb128 0x12
 455 0076 06       		.uleb128 0x6
 456 0077 40       		.uleb128 0x40
 457 0078 18       		.uleb128 0x18
 458 0079 9742     		.uleb128 0x2117
 459 007b 19       		.uleb128 0x19
 460 007c 00       		.byte	0
 461 007d 00       		.byte	0
 462 007e 0A       		.uleb128 0xa
 463 007f 2E       		.uleb128 0x2e
 464 0080 00       		.byte	0
 465 0081 3F       		.uleb128 0x3f
 466 0082 19       		.uleb128 0x19
 467 0083 03       		.uleb128 0x3
 468 0084 0E       		.uleb128 0xe
 469 0085 3A       		.uleb128 0x3a
 470 0086 0B       		.uleb128 0xb
 471 0087 3B       		.uleb128 0x3b
 472 0088 0B       		.uleb128 0xb
 473 0089 27       		.uleb128 0x27
 474 008a 19       		.uleb128 0x19
 475 008b 11       		.uleb128 0x11
 476 008c 01       		.uleb128 0x1
 477 008d 12       		.uleb128 0x12
 478 008e 06       		.uleb128 0x6
 479 008f 40       		.uleb128 0x40
 480 0090 18       		.uleb128 0x18
 481 0091 9642     		.uleb128 0x2116
 482 0093 19       		.uleb128 0x19
 483 0094 00       		.byte	0
 484 0095 00       		.byte	0
 485 0096 0B       		.uleb128 0xb
 486 0097 34       		.uleb128 0x34
 487 0098 00       		.byte	0
 488 0099 03       		.uleb128 0x3
 489 009a 0E       		.uleb128 0xe
 490 009b 3A       		.uleb128 0x3a
 491 009c 0B       		.uleb128 0xb
 492 009d 3B       		.uleb128 0x3b
 493 009e 0B       		.uleb128 0xb
 494 009f 49       		.uleb128 0x49
 495 00a0 13       		.uleb128 0x13
ARM GAS  C:\Users\User\AppData\Local\Temp\cc1paRBh.s 			page 12


 496 00a1 02       		.uleb128 0x2
 497 00a2 18       		.uleb128 0x18
 498 00a3 00       		.byte	0
 499 00a4 00       		.byte	0
 500 00a5 00       		.byte	0
 501              		.section	.debug_aranges,"",%progbits
 502 0000 34000000 		.4byte	0x34
 503 0004 0200     		.2byte	0x2
 504 0006 00000000 		.4byte	.Ldebug_info0
 505 000a 04       		.byte	0x4
 506 000b 00       		.byte	0
 507 000c 0000     		.2byte	0
 508 000e 0000     		.2byte	0
 509 0010 00000000 		.4byte	.LFB0
 510 0014 0C000000 		.4byte	.LFE0-.LFB0
 511 0018 00000000 		.4byte	.LFB1
 512 001c 0C000000 		.4byte	.LFE1-.LFB1
 513 0020 00000000 		.4byte	.LFB2
 514 0024 34000000 		.4byte	.LFE2-.LFB2
 515 0028 00000000 		.4byte	.LFB3
 516 002c 1C000000 		.4byte	.LFE3-.LFB3
 517 0030 00000000 		.4byte	0
 518 0034 00000000 		.4byte	0
 519              		.section	.debug_ranges,"",%progbits
 520              	.Ldebug_ranges0:
 521 0000 00000000 		.4byte	.LFB0
 522 0004 0C000000 		.4byte	.LFE0
 523 0008 00000000 		.4byte	.LFB1
 524 000c 0C000000 		.4byte	.LFE1
 525 0010 00000000 		.4byte	.LFB2
 526 0014 34000000 		.4byte	.LFE2
 527 0018 00000000 		.4byte	.LFB3
 528 001c 1C000000 		.4byte	.LFE3
 529 0020 00000000 		.4byte	0
 530 0024 00000000 		.4byte	0
 531              		.section	.debug_line,"",%progbits
 532              	.Ldebug_line0:
 533 0000 9C000000 		.section	.debug_str,"MS",%progbits,1
 533      02004C00 
 533      00000201 
 533      FB0E0D00 
 533      01010101 
 534              	.LASF6:
 535 0000 6C6F6E67 		.ascii	"long long int\000"
 535      206C6F6E 
 535      6720696E 
 535      7400
 536              	.LASF15:
 537 000e 656E6162 		.ascii	"enableState\000"
 537      6C655374 
 537      61746500 
 538              	.LASF8:
 539 001a 756E7369 		.ascii	"unsigned int\000"
 539      676E6564 
 539      20696E74 
 539      00
 540              	.LASF26:
ARM GAS  C:\Users\User\AppData\Local\Temp\cc1paRBh.s 			page 13


 541 0027 433A5C55 		.ascii	"C:\\Users\\User\\Dropbox\\67 PSOC\\PSoC-Potentiosta"
 541      73657273 
 541      5C557365 
 541      725C4472 
 541      6F70626F 
 542 0055 745C502D 		.ascii	"t\\P-Stat.cydsn\000"
 542      53746174 
 542      2E637964 
 542      736E00
 543              	.LASF22:
 544 0064 5449415F 		.ascii	"TIA_Sleep\000"
 544      536C6565 
 544      7000
 545              	.LASF12:
 546 006e 75696E74 		.ascii	"uint8\000"
 546      3800
 547              	.LASF17:
 548 0074 73634352 		.ascii	"scCR1Reg\000"
 548      31526567 
 548      00
 549              	.LASF7:
 550 007d 6C6F6E67 		.ascii	"long long unsigned int\000"
 550      206C6F6E 
 550      6720756E 
 550      7369676E 
 550      65642069 
 551              	.LASF9:
 552 0094 666C6F61 		.ascii	"float\000"
 552      7400
 553              	.LASF11:
 554 009a 63686172 		.ascii	"char\000"
 554      00
 555              	.LASF1:
 556 009f 756E7369 		.ascii	"unsigned char\000"
 556      676E6564 
 556      20636861 
 556      7200
 557              	.LASF24:
 558 00ad 474E5520 		.ascii	"GNU C99 5.4.1 20160609 (release) [ARM/embedded-5-br"
 558      43393920 
 558      352E342E 
 558      31203230 
 558      31363036 
 559 00e0 616E6368 		.ascii	"anch revision 237715] -mcpu=cortex-m3 -mthumb -g -O"
 559      20726576 
 559      6973696F 
 559      6E203233 
 559      37373135 
 560 0113 30202D73 		.ascii	"0 -std=gnu99 -ffunction-sections -ffat-lto-objects\000"
 560      74643D67 
 560      6E753939 
 560      202D6666 
 560      756E6374 
 561              	.LASF27:
 562 0146 5449415F 		.ascii	"TIA_backup\000"
 562      6261636B 
 562      757000
ARM GAS  C:\Users\User\AppData\Local\Temp\cc1paRBh.s 			page 14


 563              	.LASF4:
 564 0151 6C6F6E67 		.ascii	"long int\000"
 564      20696E74 
 564      00
 565              	.LASF20:
 566 015a 5449415F 		.ascii	"TIA_SaveConfig\000"
 566      53617665 
 566      436F6E66 
 566      696700
 567              	.LASF5:
 568 0169 6C6F6E67 		.ascii	"long unsigned int\000"
 568      20756E73 
 568      69676E65 
 568      6420696E 
 568      7400
 569              	.LASF10:
 570 017b 646F7562 		.ascii	"double\000"
 570      6C6500
 571              	.LASF16:
 572 0182 73634352 		.ascii	"scCR0reg\000"
 572      30726567 
 572      00
 573              	.LASF3:
 574 018b 73686F72 		.ascii	"short unsigned int\000"
 574      7420756E 
 574      7369676E 
 574      65642069 
 574      6E7400
 575              	.LASF0:
 576 019e 7369676E 		.ascii	"signed char\000"
 576      65642063 
 576      68617200 
 577              	.LASF25:
 578 01aa 47656E65 		.ascii	"Generated_Source\\PSoC5\\TIA_PM.c\000"
 578      72617465 
 578      645F536F 
 578      75726365 
 578      5C50536F 
 579              	.LASF18:
 580 01ca 73634352 		.ascii	"scCR2Reg\000"
 580      32526567 
 580      00
 581              	.LASF21:
 582 01d3 5449415F 		.ascii	"TIA_RestoreConfig\000"
 582      52657374 
 582      6F726543 
 582      6F6E6669 
 582      6700
 583              	.LASF2:
 584 01e5 73686F72 		.ascii	"short int\000"
 584      7420696E 
 584      7400
 585              	.LASF13:
 586 01ef 72656738 		.ascii	"reg8\000"
 586      00
 587              	.LASF23:
 588 01f4 5449415F 		.ascii	"TIA_Wakeup\000"
ARM GAS  C:\Users\User\AppData\Local\Temp\cc1paRBh.s 			page 15


 588      57616B65 
 588      757000
 589              	.LASF19:
 590 01ff 5449415F 		.ascii	"TIA_BACKUP_STRUCT\000"
 590      4241434B 
 590      55505F53 
 590      54525543 
 590      5400
 591              	.LASF14:
 592 0211 73697A65 		.ascii	"sizetype\000"
 592      74797065 
 592      00
 593              		.ident	"GCC: (GNU Tools for ARM Embedded Processors) 5.4.1 20160609 (release) [ARM/embedded-5-bran
