ARM GAS  C:\Users\User\AppData\Local\Temp\ccR7GJyu.s 			page 1


   1              		.syntax unified
   2              		.cpu cortex-m3
   3              		.fpu softvfp
   4              		.eabi_attribute 20, 1
   5              		.eabi_attribute 21, 1
   6              		.eabi_attribute 23, 3
   7              		.eabi_attribute 24, 1
   8              		.eabi_attribute 25, 1
   9              		.eabi_attribute 26, 1
  10              		.eabi_attribute 30, 6
  11              		.eabi_attribute 34, 1
  12              		.eabi_attribute 18, 4
  13              		.thumb
  14              		.syntax unified
  15              		.file	"USBUART_cls.c"
  16              		.text
  17              	.Ltext0:
  18              		.cfi_sections	.debug_frame
  19              		.section	.text.USBUART_DispatchClassRqst,"ax",%progbits
  20              		.align	2
  21              		.global	USBUART_DispatchClassRqst
  22              		.thumb
  23              		.thumb_func
  24              		.type	USBUART_DispatchClassRqst, %function
  25              	USBUART_DispatchClassRqst:
  26              	.LFB0:
  27              		.file 1 "Generated_Source\\PSoC5\\USBUART_cls.c"
   1:Generated_Source\PSoC5/USBUART_cls.c **** /***************************************************************************//**
   2:Generated_Source\PSoC5/USBUART_cls.c **** * \file USBUART_cls.c
   3:Generated_Source\PSoC5/USBUART_cls.c **** * \version 3.20
   4:Generated_Source\PSoC5/USBUART_cls.c **** *
   5:Generated_Source\PSoC5/USBUART_cls.c **** * \brief
   6:Generated_Source\PSoC5/USBUART_cls.c **** *  This file contains the USB Class request handler.
   7:Generated_Source\PSoC5/USBUART_cls.c **** *
   8:Generated_Source\PSoC5/USBUART_cls.c **** ********************************************************************************
   9:Generated_Source\PSoC5/USBUART_cls.c **** * \copyright
  10:Generated_Source\PSoC5/USBUART_cls.c **** * Copyright 2008-2016, Cypress Semiconductor Corporation.  All rights reserved.
  11:Generated_Source\PSoC5/USBUART_cls.c **** * You may use this file only in accordance with the license, terms, conditions,
  12:Generated_Source\PSoC5/USBUART_cls.c **** * disclaimers, and limitations in the end user license agreement accompanying
  13:Generated_Source\PSoC5/USBUART_cls.c **** * the software package with which this file was provided.
  14:Generated_Source\PSoC5/USBUART_cls.c **** *******************************************************************************/
  15:Generated_Source\PSoC5/USBUART_cls.c **** 
  16:Generated_Source\PSoC5/USBUART_cls.c **** #include "USBUART_pvt.h"
  17:Generated_Source\PSoC5/USBUART_cls.c **** 
  18:Generated_Source\PSoC5/USBUART_cls.c **** 
  19:Generated_Source\PSoC5/USBUART_cls.c **** #if(USBUART_EXTERN_CLS == USBUART_FALSE)
  20:Generated_Source\PSoC5/USBUART_cls.c **** 
  21:Generated_Source\PSoC5/USBUART_cls.c **** /***************************************
  22:Generated_Source\PSoC5/USBUART_cls.c **** * User Implemented Class Driver Declarations.
  23:Generated_Source\PSoC5/USBUART_cls.c **** ***************************************/
  24:Generated_Source\PSoC5/USBUART_cls.c **** /* `#START USER_DEFINED_CLASS_DECLARATIONS` Place your declaration here */
  25:Generated_Source\PSoC5/USBUART_cls.c **** 
  26:Generated_Source\PSoC5/USBUART_cls.c **** /* `#END` */
  27:Generated_Source\PSoC5/USBUART_cls.c **** 
  28:Generated_Source\PSoC5/USBUART_cls.c **** 
  29:Generated_Source\PSoC5/USBUART_cls.c **** /*******************************************************************************
  30:Generated_Source\PSoC5/USBUART_cls.c **** * Function Name: USBUART_DispatchClassRqst
ARM GAS  C:\Users\User\AppData\Local\Temp\ccR7GJyu.s 			page 2


  31:Generated_Source\PSoC5/USBUART_cls.c **** ****************************************************************************//**
  32:Generated_Source\PSoC5/USBUART_cls.c **** *  This routine dispatches class specific requests depend on interface class.
  33:Generated_Source\PSoC5/USBUART_cls.c **** *
  34:Generated_Source\PSoC5/USBUART_cls.c **** * \return
  35:Generated_Source\PSoC5/USBUART_cls.c **** *  requestHandled.
  36:Generated_Source\PSoC5/USBUART_cls.c **** *
  37:Generated_Source\PSoC5/USBUART_cls.c **** * \reentrant
  38:Generated_Source\PSoC5/USBUART_cls.c **** *  No.
  39:Generated_Source\PSoC5/USBUART_cls.c **** *
  40:Generated_Source\PSoC5/USBUART_cls.c **** *******************************************************************************/
  41:Generated_Source\PSoC5/USBUART_cls.c **** uint8 USBUART_DispatchClassRqst(void) 
  42:Generated_Source\PSoC5/USBUART_cls.c **** {
  28              		.loc 1 42 0
  29              		.cfi_startproc
  30              		@ args = 0, pretend = 0, frame = 8
  31              		@ frame_needed = 1, uses_anonymous_args = 0
  32 0000 80B5     		push	{r7, lr}
  33              		.cfi_def_cfa_offset 8
  34              		.cfi_offset 7, -8
  35              		.cfi_offset 14, -4
  36 0002 82B0     		sub	sp, sp, #8
  37              		.cfi_def_cfa_offset 16
  38 0004 00AF     		add	r7, sp, #0
  39              		.cfi_def_cfa_register 7
  43:Generated_Source\PSoC5/USBUART_cls.c ****     uint8 interfaceNumber;
  44:Generated_Source\PSoC5/USBUART_cls.c ****     uint8 requestHandled = USBUART_FALSE;
  40              		.loc 1 44 0
  41 0006 0023     		movs	r3, #0
  42 0008 BB71     		strb	r3, [r7, #6]
  45:Generated_Source\PSoC5/USBUART_cls.c **** 
  46:Generated_Source\PSoC5/USBUART_cls.c ****     /* Get interface to which request is intended. */
  47:Generated_Source\PSoC5/USBUART_cls.c ****     switch (USBUART_bmRequestTypeReg & USBUART_RQST_RCPT_MASK)
  43              		.loc 1 47 0
  44 000a 1F4B     		ldr	r3, .L13
  45 000c 1B78     		ldrb	r3, [r3]
  46 000e DBB2     		uxtb	r3, r3
  47 0010 03F00303 		and	r3, r3, #3
  48 0014 012B     		cmp	r3, #1
  49 0016 02D0     		beq	.L3
  50 0018 022B     		cmp	r3, #2
  51 001a 04D0     		beq	.L4
  52 001c 12E0     		b	.L11
  53              	.L3:
  48:Generated_Source\PSoC5/USBUART_cls.c ****     {
  49:Generated_Source\PSoC5/USBUART_cls.c ****         case USBUART_RQST_RCPT_IFC:
  50:Generated_Source\PSoC5/USBUART_cls.c ****             /* Class-specific request directed to interface: wIndexLoReg 
  51:Generated_Source\PSoC5/USBUART_cls.c ****             * contains interface number.
  52:Generated_Source\PSoC5/USBUART_cls.c ****             */
  53:Generated_Source\PSoC5/USBUART_cls.c ****             interfaceNumber = (uint8) USBUART_wIndexLoReg;
  54              		.loc 1 53 0
  55 001e 1A4B     		ldr	r3, .L13
  56 0020 1B79     		ldrb	r3, [r3, #4]
  57 0022 FB71     		strb	r3, [r7, #7]
  54:Generated_Source\PSoC5/USBUART_cls.c ****             break;
  58              		.loc 1 54 0
  59 0024 11E0     		b	.L5
  60              	.L4:
ARM GAS  C:\Users\User\AppData\Local\Temp\ccR7GJyu.s 			page 3


  55:Generated_Source\PSoC5/USBUART_cls.c ****         
  56:Generated_Source\PSoC5/USBUART_cls.c ****         case USBUART_RQST_RCPT_EP:
  57:Generated_Source\PSoC5/USBUART_cls.c ****             /* Class-specific request directed to endpoint: wIndexLoReg contains 
  58:Generated_Source\PSoC5/USBUART_cls.c ****             * endpoint number. Find interface related to endpoint. 
  59:Generated_Source\PSoC5/USBUART_cls.c ****             */
  60:Generated_Source\PSoC5/USBUART_cls.c ****             interfaceNumber = USBUART_EP[USBUART_wIndexLoReg & USBUART_DIR_UNUSED].interface;
  61              		.loc 1 60 0
  62 0026 184B     		ldr	r3, .L13
  63 0028 1B79     		ldrb	r3, [r3, #4]
  64 002a DBB2     		uxtb	r3, r3
  65 002c 03F07F02 		and	r2, r3, #127
  66 0030 1649     		ldr	r1, .L13+4
  67 0032 1346     		mov	r3, r2
  68 0034 5B00     		lsls	r3, r3, #1
  69 0036 1344     		add	r3, r3, r2
  70 0038 9B00     		lsls	r3, r3, #2
  71 003a 0B44     		add	r3, r3, r1
  72 003c 0A33     		adds	r3, r3, #10
  73 003e 1B78     		ldrb	r3, [r3]
  74 0040 FB71     		strb	r3, [r7, #7]
  61:Generated_Source\PSoC5/USBUART_cls.c ****             break;
  75              		.loc 1 61 0
  76 0042 02E0     		b	.L5
  77              	.L11:
  62:Generated_Source\PSoC5/USBUART_cls.c ****             
  63:Generated_Source\PSoC5/USBUART_cls.c ****         default:
  64:Generated_Source\PSoC5/USBUART_cls.c ****             /* Default interface is zero. */
  65:Generated_Source\PSoC5/USBUART_cls.c ****             interfaceNumber = 0u;
  78              		.loc 1 65 0
  79 0044 0023     		movs	r3, #0
  80 0046 FB71     		strb	r3, [r7, #7]
  66:Generated_Source\PSoC5/USBUART_cls.c ****             break;
  81              		.loc 1 66 0
  82 0048 00BF     		nop
  83              	.L5:
  67:Generated_Source\PSoC5/USBUART_cls.c ****     }
  68:Generated_Source\PSoC5/USBUART_cls.c ****     
  69:Generated_Source\PSoC5/USBUART_cls.c ****     /* Check that interface is within acceptable range */
  70:Generated_Source\PSoC5/USBUART_cls.c ****     if (interfaceNumber <= USBUART_MAX_INTERFACES_NUMBER)
  84              		.loc 1 70 0
  85 004a FB79     		ldrb	r3, [r7, #7]	@ zero_extendqisi2
  86 004c 022B     		cmp	r3, #2
  87 004e 15D8     		bhi	.L6
  71:Generated_Source\PSoC5/USBUART_cls.c ****     {
  72:Generated_Source\PSoC5/USBUART_cls.c ****     #if (defined(USBUART_ENABLE_HID_CLASS)   || \
  73:Generated_Source\PSoC5/USBUART_cls.c ****          defined(USBUART_ENABLE_AUDIO_CLASS) || \
  74:Generated_Source\PSoC5/USBUART_cls.c ****          defined(USBUART_ENABLE_CDC_CLASS)   || \
  75:Generated_Source\PSoC5/USBUART_cls.c ****          USBUART_ENABLE_MSC_CLASS)
  76:Generated_Source\PSoC5/USBUART_cls.c **** 
  77:Generated_Source\PSoC5/USBUART_cls.c ****         /* Handle class request depends on interface type. */
  78:Generated_Source\PSoC5/USBUART_cls.c ****         switch (USBUART_interfaceClass[interfaceNumber])
  88              		.loc 1 78 0
  89 0050 0F4B     		ldr	r3, .L13+8
  90 0052 1A68     		ldr	r2, [r3]
  91 0054 FB79     		ldrb	r3, [r7, #7]	@ zero_extendqisi2
  92 0056 1344     		add	r3, r3, r2
  93 0058 1B78     		ldrb	r3, [r3]	@ zero_extendqisi2
ARM GAS  C:\Users\User\AppData\Local\Temp\ccR7GJyu.s 			page 4


  94 005a 022B     		cmp	r3, #2
  95 005c 06D0     		beq	.L8
  96 005e 032B     		cmp	r3, #3
  97 0060 09D1     		bne	.L12
  79:Generated_Source\PSoC5/USBUART_cls.c ****         {
  80:Generated_Source\PSoC5/USBUART_cls.c ****         #if defined(USBUART_ENABLE_HID_CLASS)
  81:Generated_Source\PSoC5/USBUART_cls.c ****             case USBUART_CLASS_HID:
  82:Generated_Source\PSoC5/USBUART_cls.c ****                 requestHandled = USBUART_DispatchHIDClassRqst();
  98              		.loc 1 82 0
  99 0062 FFF7FEFF 		bl	USBUART_DispatchHIDClassRqst
 100 0066 0346     		mov	r3, r0
 101 0068 BB71     		strb	r3, [r7, #6]
  83:Generated_Source\PSoC5/USBUART_cls.c ****                 break;
 102              		.loc 1 83 0
 103 006a 07E0     		b	.L6
 104              	.L8:
  84:Generated_Source\PSoC5/USBUART_cls.c ****         #endif /* (USBUART_ENABLE_HID_CLASS) */
  85:Generated_Source\PSoC5/USBUART_cls.c ****                 
  86:Generated_Source\PSoC5/USBUART_cls.c ****         #if defined(USBUART_ENABLE_AUDIO_CLASS)
  87:Generated_Source\PSoC5/USBUART_cls.c ****             case USBUART_CLASS_AUDIO:
  88:Generated_Source\PSoC5/USBUART_cls.c ****                 requestHandled = USBUART_DispatchAUDIOClassRqst();
  89:Generated_Source\PSoC5/USBUART_cls.c ****                 break;
  90:Generated_Source\PSoC5/USBUART_cls.c ****         #endif /* (USBUART_CLASS_AUDIO) */
  91:Generated_Source\PSoC5/USBUART_cls.c ****                 
  92:Generated_Source\PSoC5/USBUART_cls.c ****         #if defined(USBUART_ENABLE_CDC_CLASS)
  93:Generated_Source\PSoC5/USBUART_cls.c ****             case USBUART_CLASS_CDC:
  94:Generated_Source\PSoC5/USBUART_cls.c ****                 requestHandled = USBUART_DispatchCDCClassRqst();
 105              		.loc 1 94 0
 106 006c FFF7FEFF 		bl	USBUART_DispatchCDCClassRqst
 107 0070 0346     		mov	r3, r0
 108 0072 BB71     		strb	r3, [r7, #6]
  95:Generated_Source\PSoC5/USBUART_cls.c ****                 break;
 109              		.loc 1 95 0
 110 0074 02E0     		b	.L6
 111              	.L12:
  96:Generated_Source\PSoC5/USBUART_cls.c ****         #endif /* (USBUART_ENABLE_CDC_CLASS) */
  97:Generated_Source\PSoC5/USBUART_cls.c ****             
  98:Generated_Source\PSoC5/USBUART_cls.c ****         #if (USBUART_ENABLE_MSC_CLASS)
  99:Generated_Source\PSoC5/USBUART_cls.c ****             case USBUART_CLASS_MSD:
 100:Generated_Source\PSoC5/USBUART_cls.c ****             #if (USBUART_HANDLE_MSC_REQUESTS)
 101:Generated_Source\PSoC5/USBUART_cls.c ****                 /* MSC requests are handled by the component. */
 102:Generated_Source\PSoC5/USBUART_cls.c ****                 requestHandled = USBUART_DispatchMSCClassRqst();
 103:Generated_Source\PSoC5/USBUART_cls.c ****             #elif defined(USBUART_DISPATCH_MSC_CLASS_RQST_CALLBACK)
 104:Generated_Source\PSoC5/USBUART_cls.c ****                 /* MSC requests are handled by user defined callbcak. */
 105:Generated_Source\PSoC5/USBUART_cls.c ****                 requestHandled = USBUART_DispatchMSCClassRqst_Callback();
 106:Generated_Source\PSoC5/USBUART_cls.c ****             #else
 107:Generated_Source\PSoC5/USBUART_cls.c ****                 /* MSC requests are not handled. */
 108:Generated_Source\PSoC5/USBUART_cls.c ****                 requestHandled = USBUART_FALSE;
 109:Generated_Source\PSoC5/USBUART_cls.c ****             #endif /* (USBUART_HANDLE_MSC_REQUESTS) */
 110:Generated_Source\PSoC5/USBUART_cls.c ****                 break;
 111:Generated_Source\PSoC5/USBUART_cls.c ****         #endif /* (USBUART_ENABLE_MSC_CLASS) */
 112:Generated_Source\PSoC5/USBUART_cls.c ****             
 113:Generated_Source\PSoC5/USBUART_cls.c ****             default:
 114:Generated_Source\PSoC5/USBUART_cls.c ****                 /* Request is not handled: unknown class request type. */
 115:Generated_Source\PSoC5/USBUART_cls.c ****                 requestHandled = USBUART_FALSE;
 112              		.loc 1 115 0
 113 0076 0023     		movs	r3, #0
ARM GAS  C:\Users\User\AppData\Local\Temp\ccR7GJyu.s 			page 5


 114 0078 BB71     		strb	r3, [r7, #6]
 116:Generated_Source\PSoC5/USBUART_cls.c ****                 break;
 115              		.loc 1 116 0
 116 007a 00BF     		nop
 117              	.L6:
 117:Generated_Source\PSoC5/USBUART_cls.c ****         }
 118:Generated_Source\PSoC5/USBUART_cls.c ****     #endif /* Class support is enabled */
 119:Generated_Source\PSoC5/USBUART_cls.c ****     }
 120:Generated_Source\PSoC5/USBUART_cls.c ****     
 121:Generated_Source\PSoC5/USBUART_cls.c ****     /* `#START USER_DEFINED_CLASS_CODE` Place your Class request here */
 122:Generated_Source\PSoC5/USBUART_cls.c **** 
 123:Generated_Source\PSoC5/USBUART_cls.c ****     /* `#END` */
 124:Generated_Source\PSoC5/USBUART_cls.c **** 
 125:Generated_Source\PSoC5/USBUART_cls.c **** #ifdef USBUART_DISPATCH_CLASS_RQST_CALLBACK
 126:Generated_Source\PSoC5/USBUART_cls.c ****     if (USBUART_FALSE == requestHandled)
 127:Generated_Source\PSoC5/USBUART_cls.c ****     {
 128:Generated_Source\PSoC5/USBUART_cls.c ****         requestHandled = USBUART_DispatchClassRqst_Callback(interfaceNumber);
 129:Generated_Source\PSoC5/USBUART_cls.c ****     }
 130:Generated_Source\PSoC5/USBUART_cls.c **** #endif /* (USBUART_DISPATCH_CLASS_RQST_CALLBACK) */
 131:Generated_Source\PSoC5/USBUART_cls.c **** 
 132:Generated_Source\PSoC5/USBUART_cls.c ****     return (requestHandled);
 118              		.loc 1 132 0
 119 007c BB79     		ldrb	r3, [r7, #6]	@ zero_extendqisi2
 133:Generated_Source\PSoC5/USBUART_cls.c **** }
 120              		.loc 1 133 0
 121 007e 1846     		mov	r0, r3
 122 0080 0837     		adds	r7, r7, #8
 123              		.cfi_def_cfa_offset 8
 124 0082 BD46     		mov	sp, r7
 125              		.cfi_def_cfa_register 13
 126              		@ sp needed
 127 0084 80BD     		pop	{r7, pc}
 128              	.L14:
 129 0086 00BF     		.align	2
 130              	.L13:
 131 0088 00600040 		.word	1073766400
 132 008c 00000000 		.word	USBUART_EP
 133 0090 00000000 		.word	USBUART_interfaceClass
 134              		.cfi_endproc
 135              	.LFE0:
 136              		.size	USBUART_DispatchClassRqst, .-USBUART_DispatchClassRqst
 137              		.text
 138              	.Letext0:
 139              		.file 2 "Generated_Source\\PSoC5\\cytypes.h"
 140              		.file 3 "Generated_Source\\PSoC5\\USBUART.h"
 141              		.file 4 "Generated_Source\\PSoC5\\USBUART_pvt.h"
 142              		.section	.debug_info,"",%progbits
 143              	.Ldebug_info0:
 144 0000 BD010000 		.4byte	0x1bd
 145 0004 0400     		.2byte	0x4
 146 0006 00000000 		.4byte	.Ldebug_abbrev0
 147 000a 04       		.byte	0x4
 148 000b 01       		.uleb128 0x1
 149 000c BA000000 		.4byte	.LASF31
 150 0010 0C       		.byte	0xc
 151 0011 00000000 		.4byte	.LASF32
 152 0015 E8010000 		.4byte	.LASF33
ARM GAS  C:\Users\User\AppData\Local\Temp\ccR7GJyu.s 			page 6


 153 0019 00000000 		.4byte	.Ldebug_ranges0+0
 154 001d 00000000 		.4byte	0
 155 0021 00000000 		.4byte	.Ldebug_line0
 156 0025 02       		.uleb128 0x2
 157 0026 01       		.byte	0x1
 158 0027 06       		.byte	0x6
 159 0028 6A020000 		.4byte	.LASF0
 160 002c 02       		.uleb128 0x2
 161 002d 01       		.byte	0x1
 162 002e 08       		.byte	0x8
 163 002f 93000000 		.4byte	.LASF1
 164 0033 02       		.uleb128 0x2
 165 0034 02       		.byte	0x2
 166 0035 05       		.byte	0x5
 167 0036 30020000 		.4byte	.LASF2
 168 003a 02       		.uleb128 0x2
 169 003b 02       		.byte	0x2
 170 003c 07       		.byte	0x7
 171 003d 76020000 		.4byte	.LASF3
 172 0041 02       		.uleb128 0x2
 173 0042 04       		.byte	0x4
 174 0043 05       		.byte	0x5
 175 0044 4A020000 		.4byte	.LASF4
 176 0048 02       		.uleb128 0x2
 177 0049 04       		.byte	0x4
 178 004a 07       		.byte	0x7
 179 004b 6C000000 		.4byte	.LASF5
 180 004f 02       		.uleb128 0x2
 181 0050 08       		.byte	0x8
 182 0051 05       		.byte	0x5
 183 0052 D5010000 		.4byte	.LASF6
 184 0056 02       		.uleb128 0x2
 185 0057 08       		.byte	0x8
 186 0058 07       		.byte	0x7
 187 0059 72010000 		.4byte	.LASF7
 188 005d 03       		.uleb128 0x3
 189 005e 04       		.byte	0x4
 190 005f 05       		.byte	0x5
 191 0060 696E7400 		.ascii	"int\000"
 192 0064 02       		.uleb128 0x2
 193 0065 04       		.byte	0x4
 194 0066 07       		.byte	0x7
 195 0067 65010000 		.4byte	.LASF8
 196 006b 04       		.uleb128 0x4
 197 006c 3A020000 		.4byte	.LASF9
 198 0070 02       		.byte	0x2
 199 0071 E901     		.2byte	0x1e9
 200 0073 2C000000 		.4byte	0x2c
 201 0077 04       		.uleb128 0x4
 202 0078 53010000 		.4byte	.LASF10
 203 007c 02       		.byte	0x2
 204 007d EA01     		.2byte	0x1ea
 205 007f 3A000000 		.4byte	0x3a
 206 0083 02       		.uleb128 0x2
 207 0084 04       		.byte	0x4
 208 0085 04       		.byte	0x4
 209 0086 52000000 		.4byte	.LASF11
ARM GAS  C:\Users\User\AppData\Local\Temp\ccR7GJyu.s 			page 7


 210 008a 02       		.uleb128 0x2
 211 008b 08       		.byte	0x8
 212 008c 04       		.byte	0x4
 213 008d A1000000 		.4byte	.LASF12
 214 0091 02       		.uleb128 0x2
 215 0092 01       		.byte	0x1
 216 0093 08       		.byte	0x8
 217 0094 E3010000 		.4byte	.LASF13
 218 0098 02       		.uleb128 0x2
 219 0099 04       		.byte	0x4
 220 009a 07       		.byte	0x7
 221 009b C5010000 		.4byte	.LASF14
 222 009f 05       		.uleb128 0x5
 223 00a0 0C       		.byte	0xc
 224 00a1 03       		.byte	0x3
 225 00a2 91       		.byte	0x91
 226 00a3 14010000 		.4byte	0x114
 227 00a7 06       		.uleb128 0x6
 228 00a8 A8000000 		.4byte	.LASF15
 229 00ac 03       		.byte	0x3
 230 00ad 93       		.byte	0x93
 231 00ae 6B000000 		.4byte	0x6b
 232 00b2 00       		.byte	0
 233 00b3 06       		.uleb128 0x6
 234 00b4 5A010000 		.4byte	.LASF16
 235 00b8 03       		.byte	0x3
 236 00b9 94       		.byte	0x94
 237 00ba 6B000000 		.4byte	0x6b
 238 00be 01       		.byte	0x1
 239 00bf 06       		.uleb128 0x6
 240 00c0 89010000 		.4byte	.LASF17
 241 00c4 03       		.byte	0x3
 242 00c5 95       		.byte	0x95
 243 00c6 6B000000 		.4byte	0x6b
 244 00ca 02       		.byte	0x2
 245 00cb 06       		.uleb128 0x6
 246 00cc 58000000 		.4byte	.LASF18
 247 00d0 03       		.byte	0x3
 248 00d1 96       		.byte	0x96
 249 00d2 6B000000 		.4byte	0x6b
 250 00d6 03       		.byte	0x3
 251 00d7 06       		.uleb128 0x6
 252 00d8 7E000000 		.4byte	.LASF19
 253 00dc 03       		.byte	0x3
 254 00dd 97       		.byte	0x97
 255 00de 6B000000 		.4byte	0x6b
 256 00e2 04       		.byte	0x4
 257 00e3 06       		.uleb128 0x6
 258 00e4 CE010000 		.4byte	.LASF20
 259 00e8 03       		.byte	0x3
 260 00e9 98       		.byte	0x98
 261 00ea 6B000000 		.4byte	0x6b
 262 00ee 05       		.byte	0x5
 263 00ef 06       		.uleb128 0x6
 264 00f0 AF000000 		.4byte	.LASF21
 265 00f4 03       		.byte	0x3
 266 00f5 99       		.byte	0x99
ARM GAS  C:\Users\User\AppData\Local\Temp\ccR7GJyu.s 			page 8


 267 00f6 77000000 		.4byte	0x77
 268 00fa 06       		.byte	0x6
 269 00fb 06       		.uleb128 0x6
 270 00fc 25020000 		.4byte	.LASF22
 271 0100 03       		.byte	0x3
 272 0101 9A       		.byte	0x9a
 273 0102 77000000 		.4byte	0x77
 274 0106 08       		.byte	0x8
 275 0107 06       		.uleb128 0x6
 276 0108 40020000 		.4byte	.LASF23
 277 010c 03       		.byte	0x3
 278 010d 9B       		.byte	0x9b
 279 010e 6B000000 		.4byte	0x6b
 280 0112 0A       		.byte	0xa
 281 0113 00       		.byte	0
 282 0114 07       		.uleb128 0x7
 283 0115 53020000 		.4byte	.LASF24
 284 0119 03       		.byte	0x3
 285 011a 9C       		.byte	0x9c
 286 011b 9F000000 		.4byte	0x9f
 287 011f 05       		.uleb128 0x5
 288 0120 08       		.byte	0x8
 289 0121 03       		.byte	0x3
 290 0122 C9       		.byte	0xc9
 291 0123 34010000 		.4byte	0x134
 292 0127 06       		.uleb128 0x6
 293 0128 3C000000 		.4byte	.LASF25
 294 012c 03       		.byte	0x3
 295 012d CB       		.byte	0xcb
 296 012e 34010000 		.4byte	0x134
 297 0132 00       		.byte	0
 298 0133 00       		.byte	0
 299 0134 08       		.uleb128 0x8
 300 0135 6B000000 		.4byte	0x6b
 301 0139 44010000 		.4byte	0x144
 302 013d 09       		.uleb128 0x9
 303 013e 98000000 		.4byte	0x98
 304 0142 07       		.byte	0x7
 305 0143 00       		.byte	0
 306 0144 07       		.uleb128 0x7
 307 0145 AD010000 		.4byte	.LASF26
 308 0149 03       		.byte	0x3
 309 014a CC       		.byte	0xcc
 310 014b 1F010000 		.4byte	0x11f
 311 014f 0A       		.uleb128 0xa
 312 0150 93010000 		.4byte	.LASF34
 313 0154 01       		.byte	0x1
 314 0155 29       		.byte	0x29
 315 0156 6B000000 		.4byte	0x6b
 316 015a 00000000 		.4byte	.LFB0
 317 015e 94000000 		.4byte	.LFE0-.LFB0
 318 0162 01       		.uleb128 0x1
 319 0163 9C       		.byte	0x9c
 320 0164 85010000 		.4byte	0x185
 321 0168 0B       		.uleb128 0xb
 322 0169 83000000 		.4byte	.LASF27
 323 016d 01       		.byte	0x1
ARM GAS  C:\Users\User\AppData\Local\Temp\ccR7GJyu.s 			page 9


 324 016e 2B       		.byte	0x2b
 325 016f 6B000000 		.4byte	0x6b
 326 0173 02       		.uleb128 0x2
 327 0174 91       		.byte	0x91
 328 0175 77       		.sleb128 -9
 329 0176 0B       		.uleb128 0xb
 330 0177 43000000 		.4byte	.LASF28
 331 017b 01       		.byte	0x1
 332 017c 2C       		.byte	0x2c
 333 017d 6B000000 		.4byte	0x6b
 334 0181 02       		.uleb128 0x2
 335 0182 91       		.byte	0x91
 336 0183 76       		.sleb128 -10
 337 0184 00       		.byte	0
 338 0185 0C       		.uleb128 0xc
 339 0186 25000000 		.4byte	.LASF29
 340 018a 04       		.byte	0x4
 341 018b 78       		.byte	0x78
 342 018c 90010000 		.4byte	0x190
 343 0190 0D       		.uleb128 0xd
 344 0191 04       		.byte	0x4
 345 0192 96010000 		.4byte	0x196
 346 0196 0E       		.uleb128 0xe
 347 0197 6B000000 		.4byte	0x6b
 348 019b 08       		.uleb128 0x8
 349 019c AB010000 		.4byte	0x1ab
 350 01a0 AB010000 		.4byte	0x1ab
 351 01a4 09       		.uleb128 0x9
 352 01a5 98000000 		.4byte	0x98
 353 01a9 08       		.byte	0x8
 354 01aa 00       		.byte	0
 355 01ab 0F       		.uleb128 0xf
 356 01ac 14010000 		.4byte	0x114
 357 01b0 0C       		.uleb128 0xc
 358 01b1 61000000 		.4byte	.LASF30
 359 01b5 04       		.byte	0x4
 360 01b6 7A       		.byte	0x7a
 361 01b7 BB010000 		.4byte	0x1bb
 362 01bb 0F       		.uleb128 0xf
 363 01bc 9B010000 		.4byte	0x19b
 364 01c0 00       		.byte	0
 365              		.section	.debug_abbrev,"",%progbits
 366              	.Ldebug_abbrev0:
 367 0000 01       		.uleb128 0x1
 368 0001 11       		.uleb128 0x11
 369 0002 01       		.byte	0x1
 370 0003 25       		.uleb128 0x25
 371 0004 0E       		.uleb128 0xe
 372 0005 13       		.uleb128 0x13
 373 0006 0B       		.uleb128 0xb
 374 0007 03       		.uleb128 0x3
 375 0008 0E       		.uleb128 0xe
 376 0009 1B       		.uleb128 0x1b
 377 000a 0E       		.uleb128 0xe
 378 000b 55       		.uleb128 0x55
 379 000c 17       		.uleb128 0x17
 380 000d 11       		.uleb128 0x11
ARM GAS  C:\Users\User\AppData\Local\Temp\ccR7GJyu.s 			page 10


 381 000e 01       		.uleb128 0x1
 382 000f 10       		.uleb128 0x10
 383 0010 17       		.uleb128 0x17
 384 0011 00       		.byte	0
 385 0012 00       		.byte	0
 386 0013 02       		.uleb128 0x2
 387 0014 24       		.uleb128 0x24
 388 0015 00       		.byte	0
 389 0016 0B       		.uleb128 0xb
 390 0017 0B       		.uleb128 0xb
 391 0018 3E       		.uleb128 0x3e
 392 0019 0B       		.uleb128 0xb
 393 001a 03       		.uleb128 0x3
 394 001b 0E       		.uleb128 0xe
 395 001c 00       		.byte	0
 396 001d 00       		.byte	0
 397 001e 03       		.uleb128 0x3
 398 001f 24       		.uleb128 0x24
 399 0020 00       		.byte	0
 400 0021 0B       		.uleb128 0xb
 401 0022 0B       		.uleb128 0xb
 402 0023 3E       		.uleb128 0x3e
 403 0024 0B       		.uleb128 0xb
 404 0025 03       		.uleb128 0x3
 405 0026 08       		.uleb128 0x8
 406 0027 00       		.byte	0
 407 0028 00       		.byte	0
 408 0029 04       		.uleb128 0x4
 409 002a 16       		.uleb128 0x16
 410 002b 00       		.byte	0
 411 002c 03       		.uleb128 0x3
 412 002d 0E       		.uleb128 0xe
 413 002e 3A       		.uleb128 0x3a
 414 002f 0B       		.uleb128 0xb
 415 0030 3B       		.uleb128 0x3b
 416 0031 05       		.uleb128 0x5
 417 0032 49       		.uleb128 0x49
 418 0033 13       		.uleb128 0x13
 419 0034 00       		.byte	0
 420 0035 00       		.byte	0
 421 0036 05       		.uleb128 0x5
 422 0037 13       		.uleb128 0x13
 423 0038 01       		.byte	0x1
 424 0039 0B       		.uleb128 0xb
 425 003a 0B       		.uleb128 0xb
 426 003b 3A       		.uleb128 0x3a
 427 003c 0B       		.uleb128 0xb
 428 003d 3B       		.uleb128 0x3b
 429 003e 0B       		.uleb128 0xb
 430 003f 01       		.uleb128 0x1
 431 0040 13       		.uleb128 0x13
 432 0041 00       		.byte	0
 433 0042 00       		.byte	0
 434 0043 06       		.uleb128 0x6
 435 0044 0D       		.uleb128 0xd
 436 0045 00       		.byte	0
 437 0046 03       		.uleb128 0x3
ARM GAS  C:\Users\User\AppData\Local\Temp\ccR7GJyu.s 			page 11


 438 0047 0E       		.uleb128 0xe
 439 0048 3A       		.uleb128 0x3a
 440 0049 0B       		.uleb128 0xb
 441 004a 3B       		.uleb128 0x3b
 442 004b 0B       		.uleb128 0xb
 443 004c 49       		.uleb128 0x49
 444 004d 13       		.uleb128 0x13
 445 004e 38       		.uleb128 0x38
 446 004f 0B       		.uleb128 0xb
 447 0050 00       		.byte	0
 448 0051 00       		.byte	0
 449 0052 07       		.uleb128 0x7
 450 0053 16       		.uleb128 0x16
 451 0054 00       		.byte	0
 452 0055 03       		.uleb128 0x3
 453 0056 0E       		.uleb128 0xe
 454 0057 3A       		.uleb128 0x3a
 455 0058 0B       		.uleb128 0xb
 456 0059 3B       		.uleb128 0x3b
 457 005a 0B       		.uleb128 0xb
 458 005b 49       		.uleb128 0x49
 459 005c 13       		.uleb128 0x13
 460 005d 00       		.byte	0
 461 005e 00       		.byte	0
 462 005f 08       		.uleb128 0x8
 463 0060 01       		.uleb128 0x1
 464 0061 01       		.byte	0x1
 465 0062 49       		.uleb128 0x49
 466 0063 13       		.uleb128 0x13
 467 0064 01       		.uleb128 0x1
 468 0065 13       		.uleb128 0x13
 469 0066 00       		.byte	0
 470 0067 00       		.byte	0
 471 0068 09       		.uleb128 0x9
 472 0069 21       		.uleb128 0x21
 473 006a 00       		.byte	0
 474 006b 49       		.uleb128 0x49
 475 006c 13       		.uleb128 0x13
 476 006d 2F       		.uleb128 0x2f
 477 006e 0B       		.uleb128 0xb
 478 006f 00       		.byte	0
 479 0070 00       		.byte	0
 480 0071 0A       		.uleb128 0xa
 481 0072 2E       		.uleb128 0x2e
 482 0073 01       		.byte	0x1
 483 0074 3F       		.uleb128 0x3f
 484 0075 19       		.uleb128 0x19
 485 0076 03       		.uleb128 0x3
 486 0077 0E       		.uleb128 0xe
 487 0078 3A       		.uleb128 0x3a
 488 0079 0B       		.uleb128 0xb
 489 007a 3B       		.uleb128 0x3b
 490 007b 0B       		.uleb128 0xb
 491 007c 27       		.uleb128 0x27
 492 007d 19       		.uleb128 0x19
 493 007e 49       		.uleb128 0x49
 494 007f 13       		.uleb128 0x13
ARM GAS  C:\Users\User\AppData\Local\Temp\ccR7GJyu.s 			page 12


 495 0080 11       		.uleb128 0x11
 496 0081 01       		.uleb128 0x1
 497 0082 12       		.uleb128 0x12
 498 0083 06       		.uleb128 0x6
 499 0084 40       		.uleb128 0x40
 500 0085 18       		.uleb128 0x18
 501 0086 9642     		.uleb128 0x2116
 502 0088 19       		.uleb128 0x19
 503 0089 01       		.uleb128 0x1
 504 008a 13       		.uleb128 0x13
 505 008b 00       		.byte	0
 506 008c 00       		.byte	0
 507 008d 0B       		.uleb128 0xb
 508 008e 34       		.uleb128 0x34
 509 008f 00       		.byte	0
 510 0090 03       		.uleb128 0x3
 511 0091 0E       		.uleb128 0xe
 512 0092 3A       		.uleb128 0x3a
 513 0093 0B       		.uleb128 0xb
 514 0094 3B       		.uleb128 0x3b
 515 0095 0B       		.uleb128 0xb
 516 0096 49       		.uleb128 0x49
 517 0097 13       		.uleb128 0x13
 518 0098 02       		.uleb128 0x2
 519 0099 18       		.uleb128 0x18
 520 009a 00       		.byte	0
 521 009b 00       		.byte	0
 522 009c 0C       		.uleb128 0xc
 523 009d 34       		.uleb128 0x34
 524 009e 00       		.byte	0
 525 009f 03       		.uleb128 0x3
 526 00a0 0E       		.uleb128 0xe
 527 00a1 3A       		.uleb128 0x3a
 528 00a2 0B       		.uleb128 0xb
 529 00a3 3B       		.uleb128 0x3b
 530 00a4 0B       		.uleb128 0xb
 531 00a5 49       		.uleb128 0x49
 532 00a6 13       		.uleb128 0x13
 533 00a7 3F       		.uleb128 0x3f
 534 00a8 19       		.uleb128 0x19
 535 00a9 3C       		.uleb128 0x3c
 536 00aa 19       		.uleb128 0x19
 537 00ab 00       		.byte	0
 538 00ac 00       		.byte	0
 539 00ad 0D       		.uleb128 0xd
 540 00ae 0F       		.uleb128 0xf
 541 00af 00       		.byte	0
 542 00b0 0B       		.uleb128 0xb
 543 00b1 0B       		.uleb128 0xb
 544 00b2 49       		.uleb128 0x49
 545 00b3 13       		.uleb128 0x13
 546 00b4 00       		.byte	0
 547 00b5 00       		.byte	0
 548 00b6 0E       		.uleb128 0xe
 549 00b7 26       		.uleb128 0x26
 550 00b8 00       		.byte	0
 551 00b9 49       		.uleb128 0x49
ARM GAS  C:\Users\User\AppData\Local\Temp\ccR7GJyu.s 			page 13


 552 00ba 13       		.uleb128 0x13
 553 00bb 00       		.byte	0
 554 00bc 00       		.byte	0
 555 00bd 0F       		.uleb128 0xf
 556 00be 35       		.uleb128 0x35
 557 00bf 00       		.byte	0
 558 00c0 49       		.uleb128 0x49
 559 00c1 13       		.uleb128 0x13
 560 00c2 00       		.byte	0
 561 00c3 00       		.byte	0
 562 00c4 00       		.byte	0
 563              		.section	.debug_aranges,"",%progbits
 564 0000 1C000000 		.4byte	0x1c
 565 0004 0200     		.2byte	0x2
 566 0006 00000000 		.4byte	.Ldebug_info0
 567 000a 04       		.byte	0x4
 568 000b 00       		.byte	0
 569 000c 0000     		.2byte	0
 570 000e 0000     		.2byte	0
 571 0010 00000000 		.4byte	.LFB0
 572 0014 94000000 		.4byte	.LFE0-.LFB0
 573 0018 00000000 		.4byte	0
 574 001c 00000000 		.4byte	0
 575              		.section	.debug_ranges,"",%progbits
 576              	.Ldebug_ranges0:
 577 0000 00000000 		.4byte	.LFB0
 578 0004 94000000 		.4byte	.LFE0
 579 0008 00000000 		.4byte	0
 580 000c 00000000 		.4byte	0
 581              		.section	.debug_line,"",%progbits
 582              	.Ldebug_line0:
 583 0000 93000000 		.section	.debug_str,"MS",%progbits,1
 583      02006600 
 583      00000201 
 583      FB0E0D00 
 583      01010101 
 584              	.LASF32:
 585 0000 47656E65 		.ascii	"Generated_Source\\PSoC5\\USBUART_cls.c\000"
 585      72617465 
 585      645F536F 
 585      75726365 
 585      5C50536F 
 586              	.LASF29:
 587 0025 55534255 		.ascii	"USBUART_interfaceClass\000"
 587      4152545F 
 587      696E7465 
 587      72666163 
 587      65436C61 
 588              	.LASF25:
 589 003c 65704461 		.ascii	"epData\000"
 589      746100
 590              	.LASF28:
 591 0043 72657175 		.ascii	"requestHandled\000"
 591      65737448 
 591      616E646C 
 591      656400
 592              	.LASF11:
ARM GAS  C:\Users\User\AppData\Local\Temp\ccR7GJyu.s 			page 14


 593 0052 666C6F61 		.ascii	"float\000"
 593      7400
 594              	.LASF18:
 595 0058 6570546F 		.ascii	"epToggle\000"
 595      67676C65 
 595      00
 596              	.LASF30:
 597 0061 55534255 		.ascii	"USBUART_EP\000"
 597      4152545F 
 597      455000
 598              	.LASF5:
 599 006c 6C6F6E67 		.ascii	"long unsigned int\000"
 599      20756E73 
 599      69676E65 
 599      6420696E 
 599      7400
 600              	.LASF19:
 601 007e 61646472 		.ascii	"addr\000"
 601      00
 602              	.LASF27:
 603 0083 696E7465 		.ascii	"interfaceNumber\000"
 603      72666163 
 603      654E756D 
 603      62657200 
 604              	.LASF1:
 605 0093 756E7369 		.ascii	"unsigned char\000"
 605      676E6564 
 605      20636861 
 605      7200
 606              	.LASF12:
 607 00a1 646F7562 		.ascii	"double\000"
 607      6C6500
 608              	.LASF15:
 609 00a8 61747472 		.ascii	"attrib\000"
 609      696200
 610              	.LASF21:
 611 00af 62756666 		.ascii	"buffOffset\000"
 611      4F666673 
 611      657400
 612              	.LASF31:
 613 00ba 474E5520 		.ascii	"GNU C99 5.4.1 20160609 (release) [ARM/embedded-5-br"
 613      43393920 
 613      352E342E 
 613      31203230 
 613      31363036 
 614 00ed 616E6368 		.ascii	"anch revision 237715] -mcpu=cortex-m3 -mthumb -g -O"
 614      20726576 
 614      6973696F 
 614      6E203233 
 614      37373135 
 615 0120 30202D73 		.ascii	"0 -std=gnu99 -ffunction-sections -ffat-lto-objects\000"
 615      74643D67 
 615      6E753939 
 615      202D6666 
 615      756E6374 
 616              	.LASF10:
 617 0153 75696E74 		.ascii	"uint16\000"
ARM GAS  C:\Users\User\AppData\Local\Temp\ccR7GJyu.s 			page 15


 617      313600
 618              	.LASF16:
 619 015a 61706945 		.ascii	"apiEpState\000"
 619      70537461 
 619      746500
 620              	.LASF8:
 621 0165 756E7369 		.ascii	"unsigned int\000"
 621      676E6564 
 621      20696E74 
 621      00
 622              	.LASF7:
 623 0172 6C6F6E67 		.ascii	"long long unsigned int\000"
 623      206C6F6E 
 623      6720756E 
 623      7369676E 
 623      65642069 
 624              	.LASF17:
 625 0189 68774570 		.ascii	"hwEpState\000"
 625      53746174 
 625      6500
 626              	.LASF34:
 627 0193 55534255 		.ascii	"USBUART_DispatchClassRqst\000"
 627      4152545F 
 627      44697370 
 627      61746368 
 627      436C6173 
 628              	.LASF26:
 629 01ad 55534255 		.ascii	"USBUART_ep0_data_struct\000"
 629      4152545F 
 629      6570305F 
 629      64617461 
 629      5F737472 
 630              	.LASF14:
 631 01c5 73697A65 		.ascii	"sizetype\000"
 631      74797065 
 631      00
 632              	.LASF20:
 633 01ce 65704D6F 		.ascii	"epMode\000"
 633      646500
 634              	.LASF6:
 635 01d5 6C6F6E67 		.ascii	"long long int\000"
 635      206C6F6E 
 635      6720696E 
 635      7400
 636              	.LASF13:
 637 01e3 63686172 		.ascii	"char\000"
 637      00
 638              	.LASF33:
 639 01e8 433A5C55 		.ascii	"C:\\Users\\User\\Dropbox\\67 PSOC\\PSoC-Potentiosta"
 639      73657273 
 639      5C557365 
 639      725C4472 
 639      6F70626F 
 640 0216 745C502D 		.ascii	"t\\P-Stat.cydsn\000"
 640      53746174 
 640      2E637964 
 640      736E00
ARM GAS  C:\Users\User\AppData\Local\Temp\ccR7GJyu.s 			page 16


 641              	.LASF22:
 642 0225 62756666 		.ascii	"bufferSize\000"
 642      65725369 
 642      7A6500
 643              	.LASF2:
 644 0230 73686F72 		.ascii	"short int\000"
 644      7420696E 
 644      7400
 645              	.LASF9:
 646 023a 75696E74 		.ascii	"uint8\000"
 646      3800
 647              	.LASF23:
 648 0240 696E7465 		.ascii	"interface\000"
 648      72666163 
 648      6500
 649              	.LASF4:
 650 024a 6C6F6E67 		.ascii	"long int\000"
 650      20696E74 
 650      00
 651              	.LASF24:
 652 0253 545F5553 		.ascii	"T_USBUART_EP_CTL_BLOCK\000"
 652      42554152 
 652      545F4550 
 652      5F43544C 
 652      5F424C4F 
 653              	.LASF0:
 654 026a 7369676E 		.ascii	"signed char\000"
 654      65642063 
 654      68617200 
 655              	.LASF3:
 656 0276 73686F72 		.ascii	"short unsigned int\000"
 656      7420756E 
 656      7369676E 
 656      65642069 
 656      6E7400
 657              		.ident	"GCC: (GNU Tools for ARM Embedded Processors) 5.4.1 20160609 (release) [ARM/embedded-5-bran
