ARM GAS  C:\Users\User\AppData\Local\Temp\cc9SqHdI.s 			page 1


   1              		.syntax unified
   2              		.cpu cortex-m3
   3              		.fpu softvfp
   4              		.eabi_attribute 20, 1
   5              		.eabi_attribute 21, 1
   6              		.eabi_attribute 23, 3
   7              		.eabi_attribute 24, 1
   8              		.eabi_attribute 25, 1
   9              		.eabi_attribute 26, 1
  10              		.eabi_attribute 30, 6
  11              		.eabi_attribute 34, 1
  12              		.eabi_attribute 18, 4
  13              		.thumb
  14              		.syntax unified
  15              		.file	"user_selections.c"
  16              		.text
  17              	.Ltext0:
  18              		.cfi_sections	.debug_frame
  19              		.comm	buffer,64,4
  20              		.comm	calibrate_array,20,4
  21              		.section	.rodata
  22              		.align	2
  23              	.LC0:
  24 0000 3320454C 		.ascii	"3 ELECTRODE MODE\000"
  24      45435452 
  24      4F444520 
  24      4D4F4445 
  24      00
  25 0011 000000   		.align	2
  26              	.LC1:
  27 0014 3220454C 		.ascii	"2 ELECTRODE MODE\000"
  27      45435452 
  27      4F444520 
  27      4D4F4445 
  27      00
  28              		.section	.text.user_setup_electrode,"ax",%progbits
  29              		.align	2
  30              		.global	user_setup_electrode
  31              		.thumb
  32              		.thumb_func
  33              		.type	user_setup_electrode, %function
  34              	user_setup_electrode:
  35              	.LFB64:
  36              		.file 1 "user_selections.c"
   1:user_selections.c **** /*******************************************************************************
   2:user_selections.c **** * File Name: user_selections.c
   3:user_selections.c **** *
   4:user_selections.c **** * Description:
   5:user_selections.c **** *
   6:user_selections.c **** **********************************************************************************
   7:user_selections.c **** * Copyright Kyle Vitautas Lopin, Naresuan University, Phitsanulok Thailand
   8:user_selections.c **** * Released under Creative Commons Attribution-ShareAlike  3.0 (CC BY-SA 3.0 US)
   9:user_selections.c **** *********************************************************************************/
  10:user_selections.c **** 
  11:user_selections.c **** #include <project.h>
  12:user_selections.c **** #include <main.h>                   // TX/RX buffers 
  13:user_selections.c **** #include <user_selections.h>
ARM GAS  C:\Users\User\AppData\Local\Temp\cc9SqHdI.s 			page 2


  14:user_selections.c **** #include <calibrate.h>              // calibrator list
  15:user_selections.c **** 
  16:user_selections.c **** 
  17:user_selections.c **** void user_setup_electrode (uint8_t data_buffer[])
  18:user_selections.c **** {
  37              		.loc 1 18 0
  38              		.cfi_startproc
  39              		@ args = 0, pretend = 0, frame = 16
  40              		@ frame_needed = 1, uses_anonymous_args = 0
  41 0000 B0B5     		push	{r4, r5, r7, lr}
  42              		.cfi_def_cfa_offset 16
  43              		.cfi_offset 4, -16
  44              		.cfi_offset 5, -12
  45              		.cfi_offset 7, -8
  46              		.cfi_offset 14, -4
  47 0002 84B0     		sub	sp, sp, #16
  48              		.cfi_def_cfa_offset 32
  49 0004 00AF     		add	r7, sp, #0
  50              		.cfi_def_cfa_register 7
  51 0006 7860     		str	r0, [r7, #4]
  19:user_selections.c **** 
  20:user_selections.c ****     uint8_t electrode_config = data_buffer[2]-'0';    
  52              		.loc 1 20 0
  53 0008 7B68     		ldr	r3, [r7, #4]
  54 000a 0233     		adds	r3, r3, #2
  55 000c 1B78     		ldrb	r3, [r3]	@ zero_extendqisi2
  56 000e 303B     		subs	r3, r3, #48
  57 0010 FB73     		strb	r3, [r7, #15]
  21:user_selections.c ****       
  22:user_selections.c ****     helper_ClrTx();
  58              		.loc 1 22 0
  59 0012 FFF7FEFF 		bl	helper_ClrTx
  23:user_selections.c **** 
  24:user_selections.c ****     if (electrode_config == THREE_ELECTRODE_CONFIG) 
  60              		.loc 1 24 0
  61 0016 FB7B     		ldrb	r3, [r7, #15]	@ zero_extendqisi2
  62 0018 012B     		cmp	r3, #1
  63 001a 0ED1     		bne	.L2
  25:user_selections.c ****        {
  26:user_selections.c ****             AMux_electrode_Select(THREE_ELECTRODE_CONFIG);
  64              		.loc 1 26 0
  65 001c 0120     		movs	r0, #1
  66 001e FFF7FEFF 		bl	AMux_electrode_FastSelect
  27:user_selections.c ****             snprintf((char *)TX_Data, USBUART_BUFFER_SIZE, "3 ELECTRODE MODE");                    
  67              		.loc 1 27 0
  68 0022 114A     		ldr	r2, .L4
  69 0024 114B     		ldr	r3, .L4+4
  70 0026 1546     		mov	r5, r2
  71 0028 1C46     		mov	r4, r3
  72 002a 0FCC     		ldmia	r4!, {r0, r1, r2, r3}
  73 002c 2860     		str	r0, [r5]	@ unaligned
  74 002e 6960     		str	r1, [r5, #4]	@ unaligned
  75 0030 AA60     		str	r2, [r5, #8]	@ unaligned
  76 0032 EB60     		str	r3, [r5, #12]	@ unaligned
  77 0034 2378     		ldrb	r3, [r4]
  78 0036 2B74     		strb	r3, [r5, #16]
  79 0038 0DE0     		b	.L3
ARM GAS  C:\Users\User\AppData\Local\Temp\cc9SqHdI.s 			page 3


  80              	.L2:
  28:user_selections.c ****        }
  29:user_selections.c ****        else
  30:user_selections.c ****        {
  31:user_selections.c ****             AMux_electrode_Select(TWO_ELECTRODE_CONFIG);
  81              		.loc 1 31 0
  82 003a 0020     		movs	r0, #0
  83 003c FFF7FEFF 		bl	AMux_electrode_FastSelect
  32:user_selections.c ****             snprintf((char *)TX_Data, USBUART_BUFFER_SIZE, "2 ELECTRODE MODE");                
  84              		.loc 1 32 0
  85 0040 094A     		ldr	r2, .L4
  86 0042 0B4B     		ldr	r3, .L4+8
  87 0044 1546     		mov	r5, r2
  88 0046 1C46     		mov	r4, r3
  89 0048 0FCC     		ldmia	r4!, {r0, r1, r2, r3}
  90 004a 2860     		str	r0, [r5]	@ unaligned
  91 004c 6960     		str	r1, [r5, #4]	@ unaligned
  92 004e AA60     		str	r2, [r5, #8]	@ unaligned
  93 0050 EB60     		str	r3, [r5, #12]	@ unaligned
  94 0052 2378     		ldrb	r3, [r4]
  95 0054 2B74     		strb	r3, [r5, #16]
  96              	.L3:
  33:user_selections.c ****        }
  34:user_selections.c ****                 
  35:user_selections.c ****     USB_send (TX_Data, USBUART_BUFFER_SIZE ) ;    
  97              		.loc 1 35 0
  98 0056 4021     		movs	r1, #64
  99 0058 0348     		ldr	r0, .L4
 100 005a FFF7FEFF 		bl	USB_send
  36:user_selections.c **** }
 101              		.loc 1 36 0
 102 005e 00BF     		nop
 103 0060 1037     		adds	r7, r7, #16
 104              		.cfi_def_cfa_offset 16
 105 0062 BD46     		mov	sp, r7
 106              		.cfi_def_cfa_register 13
 107              		@ sp needed
 108 0064 B0BD     		pop	{r4, r5, r7, pc}
 109              	.L5:
 110 0066 00BF     		.align	2
 111              	.L4:
 112 0068 00000000 		.word	TX_Data
 113 006c 00000000 		.word	.LC0
 114 0070 14000000 		.word	.LC1
 115              		.cfi_endproc
 116              	.LFE64:
 117              		.size	user_setup_electrode, .-user_setup_electrode
 118              		.section	.rodata
 119 0025 000000   		.align	2
 120              	.LC2:
 121 0028 41444320 		.ascii	"ADC CONFIGURATION =%d \000"
 121      434F4E46 
 121      49475552 
 121      4154494F 
 121      4E203D25 
 122 003f 00       		.align	2
 123              	.LC3:
ARM GAS  C:\Users\User\AppData\Local\Temp\cc9SqHdI.s 			page 4


 124 0040 41444320 		.ascii	"ADC CONFIGURATION ERROR \000"
 124      434F4E46 
 124      49475552 
 124      4154494F 
 124      4E204552 
 125              		.section	.text.user_setup_ADC_CONFIG,"ax",%progbits
 126              		.align	2
 127              		.global	user_setup_ADC_CONFIG
 128              		.thumb
 129              		.thumb_func
 130              		.type	user_setup_ADC_CONFIG, %function
 131              	user_setup_ADC_CONFIG:
 132              	.LFB65:
  37:user_selections.c **** 
  38:user_selections.c **** 
  39:user_selections.c **** /******************************************************************************
  40:user_selections.c **** * Function Name: user_setup_TIA_CONFIG
  41:user_selections.c **** *******************************************************************************
  42:user_selections.c **** * Summary: Stop all operations by disabling all the isrs and reset the look up table index to 0
  43:user_selections.c **** * Global variables:
  44:user_selections.c **** * Parameters:data_buffer[]
  45:user_selections.c **** * Return: None
  46:user_selections.c **** *******************************************************************************/
  47:user_selections.c **** 
  48:user_selections.c **** void user_setup_ADC_CONFIG(uint8_t data_buffer[]) 
  49:user_selections.c **** {    
 133              		.loc 1 49 0
 134              		.cfi_startproc
 135              		@ args = 0, pretend = 0, frame = 8
 136              		@ frame_needed = 1, uses_anonymous_args = 0
 137 0000 B0B5     		push	{r4, r5, r7, lr}
 138              		.cfi_def_cfa_offset 16
 139              		.cfi_offset 4, -16
 140              		.cfi_offset 5, -12
 141              		.cfi_offset 7, -8
 142              		.cfi_offset 14, -4
 143 0002 82B0     		sub	sp, sp, #8
 144              		.cfi_def_cfa_offset 24
 145 0004 00AF     		add	r7, sp, #0
 146              		.cfi_def_cfa_register 7
 147 0006 7860     		str	r0, [r7, #4]
  50:user_selections.c ****     ADC_config = data_buffer[2]-'0';
 148              		.loc 1 50 0
 149 0008 7B68     		ldr	r3, [r7, #4]
 150 000a 0233     		adds	r3, r3, #2
 151 000c 1B78     		ldrb	r3, [r3]	@ zero_extendqisi2
 152 000e 303B     		subs	r3, r3, #48
 153 0010 DAB2     		uxtb	r2, r3
 154 0012 184B     		ldr	r3, .L10
 155 0014 1A70     		strb	r2, [r3]
  51:user_selections.c ****        
  52:user_selections.c ****     helper_ClrTx();
 156              		.loc 1 52 0
 157 0016 FFF7FEFF 		bl	helper_ClrTx
  53:user_selections.c ****     
  54:user_selections.c ****     if (ADC_config >= 1 || ADC_config <= 4) 
 158              		.loc 1 54 0
ARM GAS  C:\Users\User\AppData\Local\Temp\cc9SqHdI.s 			page 5


 159 001a 164B     		ldr	r3, .L10
 160 001c 1B78     		ldrb	r3, [r3]	@ zero_extendqisi2
 161 001e 002B     		cmp	r3, #0
 162 0020 03D1     		bne	.L7
 163              		.loc 1 54 0 is_stmt 0 discriminator 1
 164 0022 144B     		ldr	r3, .L10
 165 0024 1B78     		ldrb	r3, [r3]	@ zero_extendqisi2
 166 0026 042B     		cmp	r3, #4
 167 0028 0DD8     		bhi	.L8
 168              	.L7:
  55:user_selections.c ****         {
  56:user_selections.c ****             ADC_DelSig_SelectConfiguration(ADC_config, RESTART_ADC);    
 169              		.loc 1 56 0 is_stmt 1
 170 002a 124B     		ldr	r3, .L10
 171 002c 1B78     		ldrb	r3, [r3]	@ zero_extendqisi2
 172 002e 0121     		movs	r1, #1
 173 0030 1846     		mov	r0, r3
 174 0032 FFF7FEFF 		bl	ADC_DelSig_SelectConfiguration
  57:user_selections.c ****             snprintf((char *)TX_Data, USBUART_BUFFER_SIZE, "ADC CONFIGURATION =%d ",ADC_config) ;  
 175              		.loc 1 57 0
 176 0036 0F4B     		ldr	r3, .L10
 177 0038 1B78     		ldrb	r3, [r3]	@ zero_extendqisi2
 178 003a 0F4A     		ldr	r2, .L10+4
 179 003c 4021     		movs	r1, #64
 180 003e 0F48     		ldr	r0, .L10+8
 181 0040 FFF7FEFF 		bl	snprintf
 182 0044 0DE0     		b	.L9
 183              	.L8:
  58:user_selections.c ****         }
  59:user_selections.c ****         else
  60:user_selections.c ****         {
  61:user_selections.c ****             snprintf((char *)TX_Data, USBUART_BUFFER_SIZE, "ADC CONFIGURATION ERROR ") ;           
 184              		.loc 1 61 0
 185 0046 0D4A     		ldr	r2, .L10+8
 186 0048 0D4B     		ldr	r3, .L10+12
 187 004a 1546     		mov	r5, r2
 188 004c 1C46     		mov	r4, r3
 189 004e 0FCC     		ldmia	r4!, {r0, r1, r2, r3}
 190 0050 2860     		str	r0, [r5]	@ unaligned
 191 0052 6960     		str	r1, [r5, #4]	@ unaligned
 192 0054 AA60     		str	r2, [r5, #8]	@ unaligned
 193 0056 EB60     		str	r3, [r5, #12]	@ unaligned
 194 0058 03CC     		ldmia	r4!, {r0, r1}
 195 005a 2861     		str	r0, [r5, #16]	@ unaligned
 196 005c 6961     		str	r1, [r5, #20]	@ unaligned
 197 005e 2378     		ldrb	r3, [r4]
 198 0060 2B76     		strb	r3, [r5, #24]
 199              	.L9:
  62:user_selections.c ****         }
  63:user_selections.c **** 
  64:user_selections.c ****     USB_send (TX_Data, USBUART_BUFFER_SIZE ) ; 
 200              		.loc 1 64 0
 201 0062 4021     		movs	r1, #64
 202 0064 0548     		ldr	r0, .L10+8
 203 0066 FFF7FEFF 		bl	USB_send
  65:user_selections.c **** }
 204              		.loc 1 65 0
ARM GAS  C:\Users\User\AppData\Local\Temp\cc9SqHdI.s 			page 6


 205 006a 00BF     		nop
 206 006c 0837     		adds	r7, r7, #8
 207              		.cfi_def_cfa_offset 16
 208 006e BD46     		mov	sp, r7
 209              		.cfi_def_cfa_register 13
 210              		@ sp needed
 211 0070 B0BD     		pop	{r4, r5, r7, pc}
 212              	.L11:
 213 0072 00BF     		.align	2
 214              	.L10:
 215 0074 00000000 		.word	ADC_config
 216 0078 28000000 		.word	.LC2
 217 007c 00000000 		.word	TX_Data
 218 0080 40000000 		.word	.LC3
 219              		.cfi_endproc
 220              	.LFE65:
 221              		.size	user_setup_ADC_CONFIG, .-user_setup_ADC_CONFIG
 222              		.section	.rodata
 223 0059 000000   		.align	2
 224              	.LC4:
 225 005c 54494120 		.ascii	"TIA RESISTOR =%d \000"
 225      52455349 
 225      53544F52 
 225      203D2564 
 225      2000
 226              		.section	.text.user_setup_TIA_RESISTOR,"ax",%progbits
 227              		.align	2
 228              		.global	user_setup_TIA_RESISTOR
 229              		.thumb
 230              		.thumb_func
 231              		.type	user_setup_TIA_RESISTOR, %function
 232              	user_setup_TIA_RESISTOR:
 233              	.LFB66:
  66:user_selections.c **** 
  67:user_selections.c **** /******************************************************************************
  68:user_selections.c **** * Function Name: user_setup_TIA_RESISTOR
  69:user_selections.c **** *******************************************************************************
  70:user_selections.c **** *
  71:user_selections.c **** * Summary: how the values work, basically 0 - 20k, 1 - 30k, etc.
  72:user_selections.c **** *
  73:user_selections.c **** * Parameters:data_buffer[]
  74:user_selections.c **** *
  75:user_selections.c **** * Return: None
  76:user_selections.c **** *
  77:user_selections.c **** *******************************************************************************/
  78:user_selections.c **** 
  79:user_selections.c **** void user_setup_TIA_RESISTOR(uint8_t data_buffer[]) 
  80:user_selections.c **** {    
 234              		.loc 1 80 0
 235              		.cfi_startproc
 236              		@ args = 0, pretend = 0, frame = 8
 237              		@ frame_needed = 1, uses_anonymous_args = 0
 238 0000 80B5     		push	{r7, lr}
 239              		.cfi_def_cfa_offset 8
 240              		.cfi_offset 7, -8
 241              		.cfi_offset 14, -4
 242 0002 82B0     		sub	sp, sp, #8
ARM GAS  C:\Users\User\AppData\Local\Temp\cc9SqHdI.s 			page 7


 243              		.cfi_def_cfa_offset 16
 244 0004 00AF     		add	r7, sp, #0
 245              		.cfi_def_cfa_register 7
 246 0006 7860     		str	r0, [r7, #4]
  81:user_selections.c ****     TIA_resistor_value_index = data_buffer[2]-'0'; 
 247              		.loc 1 81 0
 248 0008 7B68     		ldr	r3, [r7, #4]
 249 000a 0233     		adds	r3, r3, #2
 250 000c 1B78     		ldrb	r3, [r3]	@ zero_extendqisi2
 251 000e 303B     		subs	r3, r3, #48
 252 0010 DAB2     		uxtb	r2, r3
 253 0012 0E4B     		ldr	r3, .L13
 254 0014 1A70     		strb	r2, [r3]
  82:user_selections.c ****     
  83:user_selections.c ****     helper_ClrTx();
 255              		.loc 1 83 0
 256 0016 FFF7FEFF 		bl	helper_ClrTx
  84:user_selections.c ****     
  85:user_selections.c ****      if (TIA_resistor_value_index >= 0 || TIA_resistor_value_index <= 7) 
  86:user_selections.c ****         {
  87:user_selections.c ****             TIA_SetResFB(TIA_resistor_value_index);  
 257              		.loc 1 87 0
 258 001a 0C4B     		ldr	r3, .L13
 259 001c 1B78     		ldrb	r3, [r3]	@ zero_extendqisi2
 260 001e 1846     		mov	r0, r3
 261 0020 FFF7FEFF 		bl	TIA_SetResFB
  88:user_selections.c ****             snprintf((char *)TX_Data, USBUART_BUFFER_SIZE, "TIA RESISTOR =%d ",calibrate_TIA_resist
 262              		.loc 1 88 0
 263 0024 094B     		ldr	r3, .L13
 264 0026 1B78     		ldrb	r3, [r3]	@ zero_extendqisi2
 265 0028 1A46     		mov	r2, r3
 266 002a 094B     		ldr	r3, .L13+4
 267 002c 53F82230 		ldr	r3, [r3, r2, lsl #2]
 268 0030 084A     		ldr	r2, .L13+8
 269 0032 4021     		movs	r1, #64
 270 0034 0848     		ldr	r0, .L13+12
 271 0036 FFF7FEFF 		bl	snprintf
  89:user_selections.c ****         }
  90:user_selections.c ****         else
  91:user_selections.c ****         {
  92:user_selections.c ****           snprintf((char *)TX_Data, USBUART_BUFFER_SIZE, "TIA RESISTOR ERROR ") ;             
  93:user_selections.c ****         }
  94:user_selections.c ****         
  95:user_selections.c ****     USB_send (TX_Data, USBUART_BUFFER_SIZE ) ; 
 272              		.loc 1 95 0
 273 003a 4021     		movs	r1, #64
 274 003c 0648     		ldr	r0, .L13+12
 275 003e FFF7FEFF 		bl	USB_send
  96:user_selections.c **** }
 276              		.loc 1 96 0
 277 0042 00BF     		nop
 278 0044 0837     		adds	r7, r7, #8
 279              		.cfi_def_cfa_offset 8
 280 0046 BD46     		mov	sp, r7
 281              		.cfi_def_cfa_register 13
 282              		@ sp needed
 283 0048 80BD     		pop	{r7, pc}
ARM GAS  C:\Users\User\AppData\Local\Temp\cc9SqHdI.s 			page 8


 284              	.L14:
 285 004a 00BF     		.align	2
 286              	.L13:
 287 004c 00000000 		.word	TIA_resistor_value_index
 288 0050 00000000 		.word	calibrate_TIA_resistor_list
 289 0054 5C000000 		.word	.LC4
 290 0058 00000000 		.word	TX_Data
 291              		.cfi_endproc
 292              	.LFE66:
 293              		.size	user_setup_TIA_RESISTOR, .-user_setup_TIA_RESISTOR
 294              		.global	__aeabi_ui2d
 295              		.global	__aeabi_d2uiz
 296              		.section	.rodata
 297 006e 0000     		.align	2
 298              	.LC5:
 299 0070 41444320 		.ascii	"ADC BUFFER GAIN  =%d\000"
 299      42554646 
 299      45522047 
 299      41494E20 
 299      203D2564 
 300              		.section	.text.user_setup_ADC_BUFFER_GAIN,"ax",%progbits
 301              		.align	2
 302              		.global	user_setup_ADC_BUFFER_GAIN
 303              		.thumb
 304              		.thumb_func
 305              		.type	user_setup_ADC_BUFFER_GAIN, %function
 306              	user_setup_ADC_BUFFER_GAIN:
 307              	.LFB67:
  97:user_selections.c **** 
  98:user_selections.c **** /******************************************************************************
  99:user_selections.c **** * Function Name: user_setup_ADC_BUFFER_GAIN
 100:user_selections.c **** *******************************************************************************
 101:user_selections.c **** * Summary: is the adc buffer gain setting {1, 2, 4, 8}
 102:user_selections.c **** * Global variables:
 103:user_selections.c **** * Parameters:data_buffer[]
 104:user_selections.c **** * Return: None
 105:user_selections.c **** *******************************************************************************/
 106:user_selections.c **** 
 107:user_selections.c **** void user_setup_ADC_BUFFER_GAIN(uint8_t data_buffer[]) 
 108:user_selections.c **** {    
 308              		.loc 1 108 0
 309              		.cfi_startproc
 310              		@ args = 0, pretend = 0, frame = 8
 311              		@ frame_needed = 1, uses_anonymous_args = 0
 312 0000 90B5     		push	{r4, r7, lr}
 313              		.cfi_def_cfa_offset 12
 314              		.cfi_offset 4, -12
 315              		.cfi_offset 7, -8
 316              		.cfi_offset 14, -4
 317 0002 83B0     		sub	sp, sp, #12
 318              		.cfi_def_cfa_offset 24
 319 0004 00AF     		add	r7, sp, #0
 320              		.cfi_def_cfa_register 7
 321 0006 7860     		str	r0, [r7, #4]
 109:user_selections.c ****     ADC_buffer_index = data_buffer[2]-'0'; 
 322              		.loc 1 109 0
 323 0008 7B68     		ldr	r3, [r7, #4]
ARM GAS  C:\Users\User\AppData\Local\Temp\cc9SqHdI.s 			page 9


 324 000a 0233     		adds	r3, r3, #2
 325 000c 1B78     		ldrb	r3, [r3]	@ zero_extendqisi2
 326 000e 303B     		subs	r3, r3, #48
 327 0010 DAB2     		uxtb	r2, r3
 328 0012 164B     		ldr	r3, .L16
 329 0014 1A70     		strb	r2, [r3]
 110:user_selections.c ****     
 111:user_selections.c ****     helper_ClrTx();
 330              		.loc 1 111 0
 331 0016 FFF7FEFF 		bl	helper_ClrTx
 112:user_selections.c ****     
 113:user_selections.c ****     if (ADC_buffer_index >= 0 || ADC_buffer_index <= 3) 
 114:user_selections.c ****     
 115:user_selections.c ****     {
 116:user_selections.c ****         ADC_DelSig_SetBufferGain(ADC_buffer_index); 
 332              		.loc 1 116 0
 333 001a 144B     		ldr	r3, .L16
 334 001c 1B78     		ldrb	r3, [r3]	@ zero_extendqisi2
 335 001e 1846     		mov	r0, r3
 336 0020 FFF7FEFF 		bl	ADC_DelSig_SetBufferGain
 117:user_selections.c ****         snprintf((char *)TX_Data, USBUART_BUFFER_SIZE, "ADC BUFFER GAIN  =%d",  (unsigned int)pow(2
 337              		.loc 1 117 0
 338 0024 114B     		ldr	r3, .L16
 339 0026 1B78     		ldrb	r3, [r3]	@ zero_extendqisi2
 340 0028 1846     		mov	r0, r3
 341 002a FFF7FEFF 		bl	__aeabi_ui2d
 342 002e 0346     		mov	r3, r0
 343 0030 0C46     		mov	r4, r1
 344 0032 1A46     		mov	r2, r3
 345 0034 2346     		mov	r3, r4
 346 0036 4FF00000 		mov	r0, #0
 347 003a 4FF08041 		mov	r1, #1073741824
 348 003e FFF7FEFF 		bl	pow
 349 0042 0346     		mov	r3, r0
 350 0044 0C46     		mov	r4, r1
 351 0046 1846     		mov	r0, r3
 352 0048 2146     		mov	r1, r4
 353 004a FFF7FEFF 		bl	__aeabi_d2uiz
 354 004e 0346     		mov	r3, r0
 355 0050 074A     		ldr	r2, .L16+4
 356 0052 4021     		movs	r1, #64
 357 0054 0748     		ldr	r0, .L16+8
 358 0056 FFF7FEFF 		bl	snprintf
 118:user_selections.c ****     }
 119:user_selections.c ****     else
 120:user_selections.c ****     {
 121:user_selections.c ****          snprintf((char *)TX_Data, USBUART_BUFFER_SIZE, "ADC BUFFER GAIN ERROR ");        
 122:user_selections.c ****     }
 123:user_selections.c ****     
 124:user_selections.c ****     USB_send (TX_Data, USBUART_BUFFER_SIZE ) ; 
 359              		.loc 1 124 0
 360 005a 4021     		movs	r1, #64
 361 005c 0548     		ldr	r0, .L16+8
 362 005e FFF7FEFF 		bl	USB_send
 125:user_selections.c **** }
 363              		.loc 1 125 0
 364 0062 00BF     		nop
ARM GAS  C:\Users\User\AppData\Local\Temp\cc9SqHdI.s 			page 10


 365 0064 0C37     		adds	r7, r7, #12
 366              		.cfi_def_cfa_offset 12
 367 0066 BD46     		mov	sp, r7
 368              		.cfi_def_cfa_register 13
 369              		@ sp needed
 370 0068 90BD     		pop	{r4, r7, pc}
 371              	.L17:
 372 006a 00BF     		.align	2
 373              	.L16:
 374 006c 00000000 		.word	ADC_buffer_index
 375 0070 70000000 		.word	.LC5
 376 0074 00000000 		.word	TX_Data
 377              		.cfi_endproc
 378              	.LFE67:
 379              		.size	user_setup_ADC_BUFFER_GAIN, .-user_setup_ADC_BUFFER_GAIN
 380              		.section	.text.user_reset_device,"ax",%progbits
 381              		.align	2
 382              		.global	user_reset_device
 383              		.thumb
 384              		.thumb_func
 385              		.type	user_reset_device, %function
 386              	user_reset_device:
 387              	.LFB68:
 126:user_selections.c ****        
 127:user_selections.c **** 
 128:user_selections.c **** /******************************************************************************
 129:user_selections.c **** * Function Name: user_reset_device
 130:user_selections.c **** *******************************************************************************
 131:user_selections.c **** * Summary: Stop all operations by disabling all the isrs and reset the look up table index to 0
 132:user_selections.c **** * Global variables:
 133:user_selections.c **** * Parameters: None
 134:user_selections.c **** * Return:  None
 135:user_selections.c **** ********************************************************************************/
 136:user_selections.c **** void user_reset_device(void) {
 388              		.loc 1 136 0
 389              		.cfi_startproc
 390              		@ args = 0, pretend = 0, frame = 0
 391              		@ frame_needed = 1, uses_anonymous_args = 0
 392 0000 80B5     		push	{r7, lr}
 393              		.cfi_def_cfa_offset 8
 394              		.cfi_offset 7, -8
 395              		.cfi_offset 14, -4
 396 0002 00AF     		add	r7, sp, #0
 397              		.cfi_def_cfa_register 7
 137:user_selections.c **** 
 138:user_selections.c ****     helper_HardwareSleep();
 398              		.loc 1 138 0
 399 0004 FFF7FEFF 		bl	helper_HardwareSleep
 139:user_selections.c **** }
 400              		.loc 1 139 0
 401 0008 00BF     		nop
 402 000a 80BD     		pop	{r7, pc}
 403              		.cfi_endproc
 404              	.LFE68:
 405              		.size	user_reset_device, .-user_reset_device
 406              		.section	.rodata
 407 0085 000000   		.align	2
ARM GAS  C:\Users\User\AppData\Local\Temp\cc9SqHdI.s 			page 11


 408              	.LC6:
 409 0088 3E3E2052 		.ascii	">> Ready \000"
 409      65616479 
 409      2000
 410              		.section	.text.user_identify,"ax",%progbits
 411              		.align	2
 412              		.global	user_identify
 413              		.thumb
 414              		.thumb_func
 415              		.type	user_identify, %function
 416              	user_identify:
 417              	.LFB69:
 140:user_selections.c **** 
 141:user_selections.c **** /******************************************************************************
 142:user_selections.c **** * Function Name: user_identify
 143:user_selections.c **** *******************************************************************************
 144:user_selections.c **** *
 145:user_selections.c **** * Summary:
 146:user_selections.c **** *  identify the device and test if the usb is working properly, this is what the program sends at t
 147:user_selections.c **** *  disable all interruptsincase the program has restarted so the device will also reset
 148:user_selections.c **** *
 149:user_selections.c **** * Parameters:
 150:user_selections.c **** *  None
 151:user_selections.c **** *
 152:user_selections.c **** * Return:
 153:user_selections.c **** *  which version of the device is attached to the USB port
 154:user_selections.c **** *
 155:user_selections.c **** *******************************************************************************/
 156:user_selections.c **** 
 157:user_selections.c **** void user_identify(void) 
 158:user_selections.c **** {
 418              		.loc 1 158 0
 419              		.cfi_startproc
 420              		@ args = 0, pretend = 0, frame = 0
 421              		@ frame_needed = 1, uses_anonymous_args = 0
 422 0000 80B5     		push	{r7, lr}
 423              		.cfi_def_cfa_offset 8
 424              		.cfi_offset 7, -8
 425              		.cfi_offset 14, -4
 426 0002 00AF     		add	r7, sp, #0
 427              		.cfi_def_cfa_register 7
 159:user_selections.c **** helper_ClrTx();
 428              		.loc 1 159 0
 429 0004 FFF7FEFF 		bl	helper_ClrTx
 160:user_selections.c **** snprintf((char *)TX_Data, USBUART_BUFFER_SIZE, ">> Ready ");    
 430              		.loc 1 160 0
 431 0008 064A     		ldr	r2, .L20
 432 000a 074B     		ldr	r3, .L20+4
 433 000c 03CB     		ldmia	r3!, {r0, r1}
 434 000e 1060     		str	r0, [r2]	@ unaligned
 435 0010 5160     		str	r1, [r2, #4]	@ unaligned
 436 0012 1B88     		ldrh	r3, [r3]	@ unaligned
 437 0014 1381     		strh	r3, [r2, #8]	@ unaligned
 161:user_selections.c **** USB_send (TX_Data, USBUART_BUFFER_SIZE ) ;   
 438              		.loc 1 161 0
 439 0016 4021     		movs	r1, #64
 440 0018 0248     		ldr	r0, .L20
ARM GAS  C:\Users\User\AppData\Local\Temp\cc9SqHdI.s 			page 12


 441 001a FFF7FEFF 		bl	USB_send
 162:user_selections.c **** }
 442              		.loc 1 162 0
 443 001e 00BF     		nop
 444 0020 80BD     		pop	{r7, pc}
 445              	.L21:
 446 0022 00BF     		.align	2
 447              	.L20:
 448 0024 00000000 		.word	TX_Data
 449 0028 88000000 		.word	.LC6
 450              		.cfi_endproc
 451              	.LFE69:
 452              		.size	user_identify, .-user_identify
 453              		.text
 454              	.Letext0:
 455              		.file 2 "c:\\program files (x86)\\cypress\\psoc creator\\4.4\\psoc creator\\import\\gnu\\arm\\5.4.
 456              		.file 3 "c:\\program files (x86)\\cypress\\psoc creator\\4.4\\psoc creator\\import\\gnu\\arm\\5.4.
 457              		.file 4 "Generated_Source\\PSoC5/cytypes.h"
 458              		.file 5 "Generated_Source\\PSoC5/core_cm3.h"
 459              		.file 6 "./globals.h"
 460              		.file 7 "./adc.h"
 461              		.file 8 "./calibrate.h"
 462              		.file 9 "./main.h"
 463              		.section	.debug_info,"",%progbits
 464              	.Ldebug_info0:
 465 0000 7C020000 		.4byte	0x27c
 466 0004 0400     		.2byte	0x4
 467 0006 00000000 		.4byte	.Ldebug_abbrev0
 468 000a 04       		.byte	0x4
 469 000b 01       		.uleb128 0x1
 470 000c 10020000 		.4byte	.LASF37
 471 0010 0C       		.byte	0xc
 472 0011 29010000 		.4byte	.LASF38
 473 0015 B8010000 		.4byte	.LASF39
 474 0019 00000000 		.4byte	.Ldebug_ranges0+0
 475 001d 00000000 		.4byte	0
 476 0021 00000000 		.4byte	.Ldebug_line0
 477 0025 02       		.uleb128 0x2
 478 0026 01       		.byte	0x1
 479 0027 06       		.byte	0x6
 480 0028 E4020000 		.4byte	.LASF0
 481 002c 03       		.uleb128 0x3
 482 002d 1B000000 		.4byte	.LASF2
 483 0031 02       		.byte	0x2
 484 0032 1D       		.byte	0x1d
 485 0033 37000000 		.4byte	0x37
 486 0037 02       		.uleb128 0x2
 487 0038 01       		.byte	0x1
 488 0039 08       		.byte	0x8
 489 003a 8E000000 		.4byte	.LASF1
 490 003e 03       		.uleb128 0x3
 491 003f 25000000 		.4byte	.LASF3
 492 0043 02       		.byte	0x2
 493 0044 29       		.byte	0x29
 494 0045 49000000 		.4byte	0x49
 495 0049 02       		.uleb128 0x2
 496 004a 02       		.byte	0x2
ARM GAS  C:\Users\User\AppData\Local\Temp\cc9SqHdI.s 			page 13


 497 004b 05       		.byte	0x5
 498 004c 4F000000 		.4byte	.LASF4
 499 0050 02       		.uleb128 0x2
 500 0051 02       		.byte	0x2
 501 0052 07       		.byte	0x7
 502 0053 C6000000 		.4byte	.LASF5
 503 0057 03       		.uleb128 0x3
 504 0058 2F000000 		.4byte	.LASF6
 505 005c 02       		.byte	0x2
 506 005d 3F       		.byte	0x3f
 507 005e 62000000 		.4byte	0x62
 508 0062 02       		.uleb128 0x2
 509 0063 04       		.byte	0x4
 510 0064 05       		.byte	0x5
 511 0065 B6020000 		.4byte	.LASF7
 512 0069 02       		.uleb128 0x2
 513 006a 04       		.byte	0x4
 514 006b 07       		.byte	0x7
 515 006c B4000000 		.4byte	.LASF8
 516 0070 02       		.uleb128 0x2
 517 0071 08       		.byte	0x8
 518 0072 05       		.byte	0x5
 519 0073 A5010000 		.4byte	.LASF9
 520 0077 02       		.uleb128 0x2
 521 0078 08       		.byte	0x8
 522 0079 07       		.byte	0x7
 523 007a 48010000 		.4byte	.LASF10
 524 007e 04       		.uleb128 0x4
 525 007f 04       		.byte	0x4
 526 0080 05       		.byte	0x5
 527 0081 696E7400 		.ascii	"int\000"
 528 0085 02       		.uleb128 0x2
 529 0086 04       		.byte	0x4
 530 0087 07       		.byte	0x7
 531 0088 3B010000 		.4byte	.LASF11
 532 008c 03       		.uleb128 0x3
 533 008d 5F010000 		.4byte	.LASF12
 534 0091 03       		.byte	0x3
 535 0092 18       		.byte	0x18
 536 0093 2C000000 		.4byte	0x2c
 537 0097 03       		.uleb128 0x3
 538 0098 6F010000 		.4byte	.LASF13
 539 009c 03       		.byte	0x3
 540 009d 20       		.byte	0x20
 541 009e 3E000000 		.4byte	0x3e
 542 00a2 03       		.uleb128 0x3
 543 00a3 94010000 		.4byte	.LASF14
 544 00a7 03       		.byte	0x3
 545 00a8 2C       		.byte	0x2c
 546 00a9 57000000 		.4byte	0x57
 547 00ad 05       		.uleb128 0x5
 548 00ae B0020000 		.4byte	.LASF15
 549 00b2 04       		.byte	0x4
 550 00b3 E901     		.2byte	0x1e9
 551 00b5 37000000 		.4byte	0x37
 552 00b9 02       		.uleb128 0x2
 553 00ba 04       		.byte	0x4
ARM GAS  C:\Users\User\AppData\Local\Temp\cc9SqHdI.s 			page 14


 554 00bb 04       		.byte	0x4
 555 00bc 75000000 		.4byte	.LASF16
 556 00c0 02       		.uleb128 0x2
 557 00c1 08       		.byte	0x8
 558 00c2 04       		.byte	0x4
 559 00c3 11010000 		.4byte	.LASF17
 560 00c7 02       		.uleb128 0x2
 561 00c8 01       		.byte	0x1
 562 00c9 08       		.byte	0x8
 563 00ca B3010000 		.4byte	.LASF18
 564 00ce 02       		.uleb128 0x2
 565 00cf 04       		.byte	0x4
 566 00d0 07       		.byte	0x7
 567 00d1 9C010000 		.4byte	.LASF19
 568 00d5 02       		.uleb128 0x2
 569 00d6 08       		.byte	0x8
 570 00d7 04       		.byte	0x4
 571 00d8 D8020000 		.4byte	.LASF20
 572 00dc 06       		.uleb128 0x6
 573 00dd EB000000 		.4byte	.LASF40
 574 00e1 14       		.byte	0x14
 575 00e2 08       		.byte	0x8
 576 00e3 1D       		.byte	0x1d
 577 00e4 FF000000 		.4byte	0xff
 578 00e8 07       		.uleb128 0x7
 579 00e9 75736200 		.ascii	"usb\000"
 580 00ed 08       		.byte	0x8
 581 00ee 1E       		.byte	0x1e
 582 00ef FF000000 		.4byte	0xff
 583 00f3 08       		.uleb128 0x8
 584 00f4 7B000000 		.4byte	.LASF21
 585 00f8 08       		.byte	0x8
 586 00f9 1F       		.byte	0x1f
 587 00fa 0F010000 		.4byte	0x10f
 588 00fe 00       		.byte	0
 589 00ff 09       		.uleb128 0x9
 590 0100 8C000000 		.4byte	0x8c
 591 0104 0F010000 		.4byte	0x10f
 592 0108 0A       		.uleb128 0xa
 593 0109 CE000000 		.4byte	0xce
 594 010d 13       		.byte	0x13
 595 010e 00       		.byte	0
 596 010f 09       		.uleb128 0x9
 597 0110 97000000 		.4byte	0x97
 598 0114 1F010000 		.4byte	0x11f
 599 0118 0A       		.uleb128 0xa
 600 0119 CE000000 		.4byte	0xce
 601 011d 09       		.byte	0x9
 602 011e 00       		.byte	0
 603 011f 0B       		.uleb128 0xb
 604 0120 F0020000 		.4byte	.LASF22
 605 0124 01       		.byte	0x1
 606 0125 11       		.byte	0x11
 607 0126 00000000 		.4byte	.LFB64
 608 012a 74000000 		.4byte	.LFE64-.LFB64
 609 012e 01       		.uleb128 0x1
 610 012f 9C       		.byte	0x9c
ARM GAS  C:\Users\User\AppData\Local\Temp\cc9SqHdI.s 			page 15


 611 0130 51010000 		.4byte	0x151
 612 0134 0C       		.uleb128 0xc
 613 0135 88010000 		.4byte	.LASF24
 614 0139 01       		.byte	0x1
 615 013a 11       		.byte	0x11
 616 013b 51010000 		.4byte	0x151
 617 013f 02       		.uleb128 0x2
 618 0140 91       		.byte	0x91
 619 0141 64       		.sleb128 -28
 620 0142 0D       		.uleb128 0xd
 621 0143 77010000 		.4byte	.LASF41
 622 0147 01       		.byte	0x1
 623 0148 14       		.byte	0x14
 624 0149 8C000000 		.4byte	0x8c
 625 014d 02       		.uleb128 0x2
 626 014e 91       		.byte	0x91
 627 014f 6F       		.sleb128 -17
 628 0150 00       		.byte	0
 629 0151 0E       		.uleb128 0xe
 630 0152 04       		.byte	0x4
 631 0153 8C000000 		.4byte	0x8c
 632 0157 0B       		.uleb128 0xb
 633 0158 39000000 		.4byte	.LASF23
 634 015c 01       		.byte	0x1
 635 015d 30       		.byte	0x30
 636 015e 00000000 		.4byte	.LFB65
 637 0162 84000000 		.4byte	.LFE65-.LFB65
 638 0166 01       		.uleb128 0x1
 639 0167 9C       		.byte	0x9c
 640 0168 7B010000 		.4byte	0x17b
 641 016c 0C       		.uleb128 0xc
 642 016d 88010000 		.4byte	.LASF24
 643 0171 01       		.byte	0x1
 644 0172 30       		.byte	0x30
 645 0173 51010000 		.4byte	0x151
 646 0177 02       		.uleb128 0x2
 647 0178 91       		.byte	0x91
 648 0179 6C       		.sleb128 -20
 649 017a 00       		.byte	0
 650 017b 0B       		.uleb128 0xb
 651 017c 9C000000 		.4byte	.LASF25
 652 0180 01       		.byte	0x1
 653 0181 4F       		.byte	0x4f
 654 0182 00000000 		.4byte	.LFB66
 655 0186 5C000000 		.4byte	.LFE66-.LFB66
 656 018a 01       		.uleb128 0x1
 657 018b 9C       		.byte	0x9c
 658 018c 9F010000 		.4byte	0x19f
 659 0190 0C       		.uleb128 0xc
 660 0191 88010000 		.4byte	.LASF24
 661 0195 01       		.byte	0x1
 662 0196 4F       		.byte	0x4f
 663 0197 51010000 		.4byte	0x151
 664 019b 02       		.uleb128 0x2
 665 019c 91       		.byte	0x91
 666 019d 74       		.sleb128 -12
 667 019e 00       		.byte	0
ARM GAS  C:\Users\User\AppData\Local\Temp\cc9SqHdI.s 			page 16


 668 019f 0B       		.uleb128 0xb
 669 01a0 00000000 		.4byte	.LASF26
 670 01a4 01       		.byte	0x1
 671 01a5 6B       		.byte	0x6b
 672 01a6 00000000 		.4byte	.LFB67
 673 01aa 78000000 		.4byte	.LFE67-.LFB67
 674 01ae 01       		.uleb128 0x1
 675 01af 9C       		.byte	0x9c
 676 01b0 C3010000 		.4byte	0x1c3
 677 01b4 0C       		.uleb128 0xc
 678 01b5 88010000 		.4byte	.LASF24
 679 01b9 01       		.byte	0x1
 680 01ba 6B       		.byte	0x6b
 681 01bb 51010000 		.4byte	0x151
 682 01bf 02       		.uleb128 0x2
 683 01c0 91       		.byte	0x91
 684 01c1 6C       		.sleb128 -20
 685 01c2 00       		.byte	0
 686 01c3 0F       		.uleb128 0xf
 687 01c4 D9000000 		.4byte	.LASF27
 688 01c8 01       		.byte	0x1
 689 01c9 88       		.byte	0x88
 690 01ca 00000000 		.4byte	.LFB68
 691 01ce 0C000000 		.4byte	.LFE68-.LFB68
 692 01d2 01       		.uleb128 0x1
 693 01d3 9C       		.byte	0x9c
 694 01d4 0F       		.uleb128 0xf
 695 01d5 80000000 		.4byte	.LASF28
 696 01d9 01       		.byte	0x1
 697 01da 9D       		.byte	0x9d
 698 01db 00000000 		.4byte	.LFB69
 699 01df 2C000000 		.4byte	.LFE69-.LFB69
 700 01e3 01       		.uleb128 0x1
 701 01e4 9C       		.byte	0x9c
 702 01e5 10       		.uleb128 0x10
 703 01e6 04010000 		.4byte	.LASF29
 704 01ea 05       		.byte	0x5
 705 01eb 1207     		.2byte	0x712
 706 01ed F1010000 		.4byte	0x1f1
 707 01f1 11       		.uleb128 0x11
 708 01f2 A2000000 		.4byte	0xa2
 709 01f6 09       		.uleb128 0x9
 710 01f7 AD000000 		.4byte	0xad
 711 01fb 06020000 		.4byte	0x206
 712 01ff 0A       		.uleb128 0xa
 713 0200 CE000000 		.4byte	0xce
 714 0204 3F       		.byte	0x3f
 715 0205 00       		.byte	0
 716 0206 12       		.uleb128 0x12
 717 0207 A9020000 		.4byte	.LASF30
 718 020b 06       		.byte	0x6
 719 020c 5B       		.byte	0x5b
 720 020d F6010000 		.4byte	0x1f6
 721 0211 05       		.uleb128 0x5
 722 0212 03       		.byte	0x3
 723 0213 00000000 		.4byte	buffer
 724 0217 13       		.uleb128 0x13
ARM GAS  C:\Users\User\AppData\Local\Temp\cc9SqHdI.s 			page 17


 725 0218 18010000 		.4byte	.LASF31
 726 021c 07       		.byte	0x7
 727 021d 17       		.byte	0x17
 728 021e 8C000000 		.4byte	0x8c
 729 0222 13       		.uleb128 0x13
 730 0223 05020000 		.4byte	.LASF32
 731 0227 07       		.byte	0x7
 732 0228 18       		.byte	0x18
 733 0229 8C000000 		.4byte	0x8c
 734 022d 12       		.uleb128 0x12
 735 022e F5010000 		.4byte	.LASF33
 736 0232 08       		.byte	0x8
 737 0233 21       		.byte	0x21
 738 0234 DC000000 		.4byte	0xdc
 739 0238 05       		.uleb128 0x5
 740 0239 03       		.byte	0x3
 741 023a 00000000 		.4byte	calibrate_array
 742 023e 09       		.uleb128 0x9
 743 023f 7E000000 		.4byte	0x7e
 744 0243 4E020000 		.4byte	0x24e
 745 0247 0A       		.uleb128 0xa
 746 0248 CE000000 		.4byte	0xce
 747 024c 07       		.byte	0x7
 748 024d 00       		.byte	0
 749 024e 13       		.uleb128 0x13
 750 024f 59000000 		.4byte	.LASF34
 751 0253 08       		.byte	0x8
 752 0254 29       		.byte	0x29
 753 0255 3E020000 		.4byte	0x23e
 754 0259 13       		.uleb128 0x13
 755 025a BF020000 		.4byte	.LASF35
 756 025e 08       		.byte	0x8
 757 025f 2A       		.byte	0x2a
 758 0260 8C000000 		.4byte	0x8c
 759 0264 09       		.uleb128 0x9
 760 0265 8C000000 		.4byte	0x8c
 761 0269 74020000 		.4byte	0x274
 762 026d 0A       		.uleb128 0xa
 763 026e CE000000 		.4byte	0xce
 764 0272 3F       		.byte	0x3f
 765 0273 00       		.byte	0
 766 0274 13       		.uleb128 0x13
 767 0275 67010000 		.4byte	.LASF36
 768 0279 09       		.byte	0x9
 769 027a 25       		.byte	0x25
 770 027b 64020000 		.4byte	0x264
 771 027f 00       		.byte	0
 772              		.section	.debug_abbrev,"",%progbits
 773              	.Ldebug_abbrev0:
 774 0000 01       		.uleb128 0x1
 775 0001 11       		.uleb128 0x11
 776 0002 01       		.byte	0x1
 777 0003 25       		.uleb128 0x25
 778 0004 0E       		.uleb128 0xe
 779 0005 13       		.uleb128 0x13
 780 0006 0B       		.uleb128 0xb
 781 0007 03       		.uleb128 0x3
ARM GAS  C:\Users\User\AppData\Local\Temp\cc9SqHdI.s 			page 18


 782 0008 0E       		.uleb128 0xe
 783 0009 1B       		.uleb128 0x1b
 784 000a 0E       		.uleb128 0xe
 785 000b 55       		.uleb128 0x55
 786 000c 17       		.uleb128 0x17
 787 000d 11       		.uleb128 0x11
 788 000e 01       		.uleb128 0x1
 789 000f 10       		.uleb128 0x10
 790 0010 17       		.uleb128 0x17
 791 0011 00       		.byte	0
 792 0012 00       		.byte	0
 793 0013 02       		.uleb128 0x2
 794 0014 24       		.uleb128 0x24
 795 0015 00       		.byte	0
 796 0016 0B       		.uleb128 0xb
 797 0017 0B       		.uleb128 0xb
 798 0018 3E       		.uleb128 0x3e
 799 0019 0B       		.uleb128 0xb
 800 001a 03       		.uleb128 0x3
 801 001b 0E       		.uleb128 0xe
 802 001c 00       		.byte	0
 803 001d 00       		.byte	0
 804 001e 03       		.uleb128 0x3
 805 001f 16       		.uleb128 0x16
 806 0020 00       		.byte	0
 807 0021 03       		.uleb128 0x3
 808 0022 0E       		.uleb128 0xe
 809 0023 3A       		.uleb128 0x3a
 810 0024 0B       		.uleb128 0xb
 811 0025 3B       		.uleb128 0x3b
 812 0026 0B       		.uleb128 0xb
 813 0027 49       		.uleb128 0x49
 814 0028 13       		.uleb128 0x13
 815 0029 00       		.byte	0
 816 002a 00       		.byte	0
 817 002b 04       		.uleb128 0x4
 818 002c 24       		.uleb128 0x24
 819 002d 00       		.byte	0
 820 002e 0B       		.uleb128 0xb
 821 002f 0B       		.uleb128 0xb
 822 0030 3E       		.uleb128 0x3e
 823 0031 0B       		.uleb128 0xb
 824 0032 03       		.uleb128 0x3
 825 0033 08       		.uleb128 0x8
 826 0034 00       		.byte	0
 827 0035 00       		.byte	0
 828 0036 05       		.uleb128 0x5
 829 0037 16       		.uleb128 0x16
 830 0038 00       		.byte	0
 831 0039 03       		.uleb128 0x3
 832 003a 0E       		.uleb128 0xe
 833 003b 3A       		.uleb128 0x3a
 834 003c 0B       		.uleb128 0xb
 835 003d 3B       		.uleb128 0x3b
 836 003e 05       		.uleb128 0x5
 837 003f 49       		.uleb128 0x49
 838 0040 13       		.uleb128 0x13
ARM GAS  C:\Users\User\AppData\Local\Temp\cc9SqHdI.s 			page 19


 839 0041 00       		.byte	0
 840 0042 00       		.byte	0
 841 0043 06       		.uleb128 0x6
 842 0044 17       		.uleb128 0x17
 843 0045 01       		.byte	0x1
 844 0046 03       		.uleb128 0x3
 845 0047 0E       		.uleb128 0xe
 846 0048 0B       		.uleb128 0xb
 847 0049 0B       		.uleb128 0xb
 848 004a 3A       		.uleb128 0x3a
 849 004b 0B       		.uleb128 0xb
 850 004c 3B       		.uleb128 0x3b
 851 004d 0B       		.uleb128 0xb
 852 004e 01       		.uleb128 0x1
 853 004f 13       		.uleb128 0x13
 854 0050 00       		.byte	0
 855 0051 00       		.byte	0
 856 0052 07       		.uleb128 0x7
 857 0053 0D       		.uleb128 0xd
 858 0054 00       		.byte	0
 859 0055 03       		.uleb128 0x3
 860 0056 08       		.uleb128 0x8
 861 0057 3A       		.uleb128 0x3a
 862 0058 0B       		.uleb128 0xb
 863 0059 3B       		.uleb128 0x3b
 864 005a 0B       		.uleb128 0xb
 865 005b 49       		.uleb128 0x49
 866 005c 13       		.uleb128 0x13
 867 005d 00       		.byte	0
 868 005e 00       		.byte	0
 869 005f 08       		.uleb128 0x8
 870 0060 0D       		.uleb128 0xd
 871 0061 00       		.byte	0
 872 0062 03       		.uleb128 0x3
 873 0063 0E       		.uleb128 0xe
 874 0064 3A       		.uleb128 0x3a
 875 0065 0B       		.uleb128 0xb
 876 0066 3B       		.uleb128 0x3b
 877 0067 0B       		.uleb128 0xb
 878 0068 49       		.uleb128 0x49
 879 0069 13       		.uleb128 0x13
 880 006a 00       		.byte	0
 881 006b 00       		.byte	0
 882 006c 09       		.uleb128 0x9
 883 006d 01       		.uleb128 0x1
 884 006e 01       		.byte	0x1
 885 006f 49       		.uleb128 0x49
 886 0070 13       		.uleb128 0x13
 887 0071 01       		.uleb128 0x1
 888 0072 13       		.uleb128 0x13
 889 0073 00       		.byte	0
 890 0074 00       		.byte	0
 891 0075 0A       		.uleb128 0xa
 892 0076 21       		.uleb128 0x21
 893 0077 00       		.byte	0
 894 0078 49       		.uleb128 0x49
 895 0079 13       		.uleb128 0x13
ARM GAS  C:\Users\User\AppData\Local\Temp\cc9SqHdI.s 			page 20


 896 007a 2F       		.uleb128 0x2f
 897 007b 0B       		.uleb128 0xb
 898 007c 00       		.byte	0
 899 007d 00       		.byte	0
 900 007e 0B       		.uleb128 0xb
 901 007f 2E       		.uleb128 0x2e
 902 0080 01       		.byte	0x1
 903 0081 3F       		.uleb128 0x3f
 904 0082 19       		.uleb128 0x19
 905 0083 03       		.uleb128 0x3
 906 0084 0E       		.uleb128 0xe
 907 0085 3A       		.uleb128 0x3a
 908 0086 0B       		.uleb128 0xb
 909 0087 3B       		.uleb128 0x3b
 910 0088 0B       		.uleb128 0xb
 911 0089 27       		.uleb128 0x27
 912 008a 19       		.uleb128 0x19
 913 008b 11       		.uleb128 0x11
 914 008c 01       		.uleb128 0x1
 915 008d 12       		.uleb128 0x12
 916 008e 06       		.uleb128 0x6
 917 008f 40       		.uleb128 0x40
 918 0090 18       		.uleb128 0x18
 919 0091 9642     		.uleb128 0x2116
 920 0093 19       		.uleb128 0x19
 921 0094 01       		.uleb128 0x1
 922 0095 13       		.uleb128 0x13
 923 0096 00       		.byte	0
 924 0097 00       		.byte	0
 925 0098 0C       		.uleb128 0xc
 926 0099 05       		.uleb128 0x5
 927 009a 00       		.byte	0
 928 009b 03       		.uleb128 0x3
 929 009c 0E       		.uleb128 0xe
 930 009d 3A       		.uleb128 0x3a
 931 009e 0B       		.uleb128 0xb
 932 009f 3B       		.uleb128 0x3b
 933 00a0 0B       		.uleb128 0xb
 934 00a1 49       		.uleb128 0x49
 935 00a2 13       		.uleb128 0x13
 936 00a3 02       		.uleb128 0x2
 937 00a4 18       		.uleb128 0x18
 938 00a5 00       		.byte	0
 939 00a6 00       		.byte	0
 940 00a7 0D       		.uleb128 0xd
 941 00a8 34       		.uleb128 0x34
 942 00a9 00       		.byte	0
 943 00aa 03       		.uleb128 0x3
 944 00ab 0E       		.uleb128 0xe
 945 00ac 3A       		.uleb128 0x3a
 946 00ad 0B       		.uleb128 0xb
 947 00ae 3B       		.uleb128 0x3b
 948 00af 0B       		.uleb128 0xb
 949 00b0 49       		.uleb128 0x49
 950 00b1 13       		.uleb128 0x13
 951 00b2 02       		.uleb128 0x2
 952 00b3 18       		.uleb128 0x18
ARM GAS  C:\Users\User\AppData\Local\Temp\cc9SqHdI.s 			page 21


 953 00b4 00       		.byte	0
 954 00b5 00       		.byte	0
 955 00b6 0E       		.uleb128 0xe
 956 00b7 0F       		.uleb128 0xf
 957 00b8 00       		.byte	0
 958 00b9 0B       		.uleb128 0xb
 959 00ba 0B       		.uleb128 0xb
 960 00bb 49       		.uleb128 0x49
 961 00bc 13       		.uleb128 0x13
 962 00bd 00       		.byte	0
 963 00be 00       		.byte	0
 964 00bf 0F       		.uleb128 0xf
 965 00c0 2E       		.uleb128 0x2e
 966 00c1 00       		.byte	0
 967 00c2 3F       		.uleb128 0x3f
 968 00c3 19       		.uleb128 0x19
 969 00c4 03       		.uleb128 0x3
 970 00c5 0E       		.uleb128 0xe
 971 00c6 3A       		.uleb128 0x3a
 972 00c7 0B       		.uleb128 0xb
 973 00c8 3B       		.uleb128 0x3b
 974 00c9 0B       		.uleb128 0xb
 975 00ca 27       		.uleb128 0x27
 976 00cb 19       		.uleb128 0x19
 977 00cc 11       		.uleb128 0x11
 978 00cd 01       		.uleb128 0x1
 979 00ce 12       		.uleb128 0x12
 980 00cf 06       		.uleb128 0x6
 981 00d0 40       		.uleb128 0x40
 982 00d1 18       		.uleb128 0x18
 983 00d2 9642     		.uleb128 0x2116
 984 00d4 19       		.uleb128 0x19
 985 00d5 00       		.byte	0
 986 00d6 00       		.byte	0
 987 00d7 10       		.uleb128 0x10
 988 00d8 34       		.uleb128 0x34
 989 00d9 00       		.byte	0
 990 00da 03       		.uleb128 0x3
 991 00db 0E       		.uleb128 0xe
 992 00dc 3A       		.uleb128 0x3a
 993 00dd 0B       		.uleb128 0xb
 994 00de 3B       		.uleb128 0x3b
 995 00df 05       		.uleb128 0x5
 996 00e0 49       		.uleb128 0x49
 997 00e1 13       		.uleb128 0x13
 998 00e2 3F       		.uleb128 0x3f
 999 00e3 19       		.uleb128 0x19
 1000 00e4 3C       		.uleb128 0x3c
 1001 00e5 19       		.uleb128 0x19
 1002 00e6 00       		.byte	0
 1003 00e7 00       		.byte	0
 1004 00e8 11       		.uleb128 0x11
 1005 00e9 35       		.uleb128 0x35
 1006 00ea 00       		.byte	0
 1007 00eb 49       		.uleb128 0x49
 1008 00ec 13       		.uleb128 0x13
 1009 00ed 00       		.byte	0
ARM GAS  C:\Users\User\AppData\Local\Temp\cc9SqHdI.s 			page 22


 1010 00ee 00       		.byte	0
 1011 00ef 12       		.uleb128 0x12
 1012 00f0 34       		.uleb128 0x34
 1013 00f1 00       		.byte	0
 1014 00f2 03       		.uleb128 0x3
 1015 00f3 0E       		.uleb128 0xe
 1016 00f4 3A       		.uleb128 0x3a
 1017 00f5 0B       		.uleb128 0xb
 1018 00f6 3B       		.uleb128 0x3b
 1019 00f7 0B       		.uleb128 0xb
 1020 00f8 49       		.uleb128 0x49
 1021 00f9 13       		.uleb128 0x13
 1022 00fa 3F       		.uleb128 0x3f
 1023 00fb 19       		.uleb128 0x19
 1024 00fc 02       		.uleb128 0x2
 1025 00fd 18       		.uleb128 0x18
 1026 00fe 00       		.byte	0
 1027 00ff 00       		.byte	0
 1028 0100 13       		.uleb128 0x13
 1029 0101 34       		.uleb128 0x34
 1030 0102 00       		.byte	0
 1031 0103 03       		.uleb128 0x3
 1032 0104 0E       		.uleb128 0xe
 1033 0105 3A       		.uleb128 0x3a
 1034 0106 0B       		.uleb128 0xb
 1035 0107 3B       		.uleb128 0x3b
 1036 0108 0B       		.uleb128 0xb
 1037 0109 49       		.uleb128 0x49
 1038 010a 13       		.uleb128 0x13
 1039 010b 3F       		.uleb128 0x3f
 1040 010c 19       		.uleb128 0x19
 1041 010d 3C       		.uleb128 0x3c
 1042 010e 19       		.uleb128 0x19
 1043 010f 00       		.byte	0
 1044 0110 00       		.byte	0
 1045 0111 00       		.byte	0
 1046              		.section	.debug_aranges,"",%progbits
 1047 0000 44000000 		.4byte	0x44
 1048 0004 0200     		.2byte	0x2
 1049 0006 00000000 		.4byte	.Ldebug_info0
 1050 000a 04       		.byte	0x4
 1051 000b 00       		.byte	0
 1052 000c 0000     		.2byte	0
 1053 000e 0000     		.2byte	0
 1054 0010 00000000 		.4byte	.LFB64
 1055 0014 74000000 		.4byte	.LFE64-.LFB64
 1056 0018 00000000 		.4byte	.LFB65
 1057 001c 84000000 		.4byte	.LFE65-.LFB65
 1058 0020 00000000 		.4byte	.LFB66
 1059 0024 5C000000 		.4byte	.LFE66-.LFB66
 1060 0028 00000000 		.4byte	.LFB67
 1061 002c 78000000 		.4byte	.LFE67-.LFB67
 1062 0030 00000000 		.4byte	.LFB68
 1063 0034 0C000000 		.4byte	.LFE68-.LFB68
 1064 0038 00000000 		.4byte	.LFB69
 1065 003c 2C000000 		.4byte	.LFE69-.LFB69
 1066 0040 00000000 		.4byte	0
ARM GAS  C:\Users\User\AppData\Local\Temp\cc9SqHdI.s 			page 23


 1067 0044 00000000 		.4byte	0
 1068              		.section	.debug_ranges,"",%progbits
 1069              	.Ldebug_ranges0:
 1070 0000 00000000 		.4byte	.LFB64
 1071 0004 74000000 		.4byte	.LFE64
 1072 0008 00000000 		.4byte	.LFB65
 1073 000c 84000000 		.4byte	.LFE65
 1074 0010 00000000 		.4byte	.LFB66
 1075 0014 5C000000 		.4byte	.LFE66
 1076 0018 00000000 		.4byte	.LFB67
 1077 001c 78000000 		.4byte	.LFE67
 1078 0020 00000000 		.4byte	.LFB68
 1079 0024 0C000000 		.4byte	.LFE68
 1080 0028 00000000 		.4byte	.LFB69
 1081 002c 2C000000 		.4byte	.LFE69
 1082 0030 00000000 		.4byte	0
 1083 0034 00000000 		.4byte	0
 1084              		.section	.debug_line,"",%progbits
 1085              	.Ldebug_line0:
 1086 0000 1D020000 		.section	.debug_str,"MS",%progbits,1
 1086      02008E01 
 1086      00000201 
 1086      FB0E0D00 
 1086      01010101 
 1087              	.LASF26:
 1088 0000 75736572 		.ascii	"user_setup_ADC_BUFFER_GAIN\000"
 1088      5F736574 
 1088      75705F41 
 1088      44435F42 
 1088      55464645 
 1089              	.LASF2:
 1090 001b 5F5F7569 		.ascii	"__uint8_t\000"
 1090      6E74385F 
 1090      7400
 1091              	.LASF3:
 1092 0025 5F5F696E 		.ascii	"__int16_t\000"
 1092      7431365F 
 1092      7400
 1093              	.LASF6:
 1094 002f 5F5F696E 		.ascii	"__int32_t\000"
 1094      7433325F 
 1094      7400
 1095              	.LASF23:
 1096 0039 75736572 		.ascii	"user_setup_ADC_CONFIG\000"
 1096      5F736574 
 1096      75705F41 
 1096      44435F43 
 1096      4F4E4649 
 1097              	.LASF4:
 1098 004f 73686F72 		.ascii	"short int\000"
 1098      7420696E 
 1098      7400
 1099              	.LASF34:
 1100 0059 63616C69 		.ascii	"calibrate_TIA_resistor_list\000"
 1100      62726174 
 1100      655F5449 
 1100      415F7265 
ARM GAS  C:\Users\User\AppData\Local\Temp\cc9SqHdI.s 			page 24


 1100      73697374 
 1101              	.LASF16:
 1102 0075 666C6F61 		.ascii	"float\000"
 1102      7400
 1103              	.LASF21:
 1104 007b 64617461 		.ascii	"data\000"
 1104      00
 1105              	.LASF28:
 1106 0080 75736572 		.ascii	"user_identify\000"
 1106      5F696465 
 1106      6E746966 
 1106      7900
 1107              	.LASF1:
 1108 008e 756E7369 		.ascii	"unsigned char\000"
 1108      676E6564 
 1108      20636861 
 1108      7200
 1109              	.LASF25:
 1110 009c 75736572 		.ascii	"user_setup_TIA_RESISTOR\000"
 1110      5F736574 
 1110      75705F54 
 1110      49415F52 
 1110      45534953 
 1111              	.LASF8:
 1112 00b4 6C6F6E67 		.ascii	"long unsigned int\000"
 1112      20756E73 
 1112      69676E65 
 1112      6420696E 
 1112      7400
 1113              	.LASF5:
 1114 00c6 73686F72 		.ascii	"short unsigned int\000"
 1114      7420756E 
 1114      7369676E 
 1114      65642069 
 1114      6E7400
 1115              	.LASF27:
 1116 00d9 75736572 		.ascii	"user_reset_device\000"
 1116      5F726573 
 1116      65745F64 
 1116      65766963 
 1116      6500
 1117              	.LASF40:
 1118 00eb 63616C69 		.ascii	"calibrate_data_usb_union\000"
 1118      62726174 
 1118      655F6461 
 1118      74615F75 
 1118      73625F75 
 1119              	.LASF29:
 1120 0104 49544D5F 		.ascii	"ITM_RxBuffer\000"
 1120      52784275 
 1120      66666572 
 1120      00
 1121              	.LASF17:
 1122 0111 646F7562 		.ascii	"double\000"
 1122      6C6500
 1123              	.LASF31:
 1124 0118 4144435F 		.ascii	"ADC_buffer_index\000"
ARM GAS  C:\Users\User\AppData\Local\Temp\cc9SqHdI.s 			page 25


 1124      62756666 
 1124      65725F69 
 1124      6E646578 
 1124      00
 1125              	.LASF38:
 1126 0129 75736572 		.ascii	"user_selections.c\000"
 1126      5F73656C 
 1126      65637469 
 1126      6F6E732E 
 1126      6300
 1127              	.LASF11:
 1128 013b 756E7369 		.ascii	"unsigned int\000"
 1128      676E6564 
 1128      20696E74 
 1128      00
 1129              	.LASF10:
 1130 0148 6C6F6E67 		.ascii	"long long unsigned int\000"
 1130      206C6F6E 
 1130      6720756E 
 1130      7369676E 
 1130      65642069 
 1131              	.LASF12:
 1132 015f 75696E74 		.ascii	"uint8_t\000"
 1132      385F7400 
 1133              	.LASF36:
 1134 0167 54585F44 		.ascii	"TX_Data\000"
 1134      61746100 
 1135              	.LASF13:
 1136 016f 696E7431 		.ascii	"int16_t\000"
 1136      365F7400 
 1137              	.LASF41:
 1138 0177 656C6563 		.ascii	"electrode_config\000"
 1138      74726F64 
 1138      655F636F 
 1138      6E666967 
 1138      00
 1139              	.LASF24:
 1140 0188 64617461 		.ascii	"data_buffer\000"
 1140      5F627566 
 1140      66657200 
 1141              	.LASF14:
 1142 0194 696E7433 		.ascii	"int32_t\000"
 1142      325F7400 
 1143              	.LASF19:
 1144 019c 73697A65 		.ascii	"sizetype\000"
 1144      74797065 
 1144      00
 1145              	.LASF9:
 1146 01a5 6C6F6E67 		.ascii	"long long int\000"
 1146      206C6F6E 
 1146      6720696E 
 1146      7400
 1147              	.LASF18:
 1148 01b3 63686172 		.ascii	"char\000"
 1148      00
 1149              	.LASF39:
 1150 01b8 433A5C55 		.ascii	"C:\\Users\\User\\Dropbox\\67 PSOC\\PSoC-Potentiosta"
ARM GAS  C:\Users\User\AppData\Local\Temp\cc9SqHdI.s 			page 26


 1150      73657273 
 1150      5C557365 
 1150      725C4472 
 1150      6F70626F 
 1151 01e6 745C502D 		.ascii	"t\\P-Stat.cydsn\000"
 1151      53746174 
 1151      2E637964 
 1151      736E00
 1152              	.LASF33:
 1153 01f5 63616C69 		.ascii	"calibrate_array\000"
 1153      62726174 
 1153      655F6172 
 1153      72617900 
 1154              	.LASF32:
 1155 0205 4144435F 		.ascii	"ADC_config\000"
 1155      636F6E66 
 1155      696700
 1156              	.LASF37:
 1157 0210 474E5520 		.ascii	"GNU C99 5.4.1 20160609 (release) [ARM/embedded-5-br"
 1157      43393920 
 1157      352E342E 
 1157      31203230 
 1157      31363036 
 1158 0243 616E6368 		.ascii	"anch revision 237715] -mcpu=cortex-m3 -mthumb -g -O"
 1158      20726576 
 1158      6973696F 
 1158      6E203233 
 1158      37373135 
 1159 0276 30202D73 		.ascii	"0 -std=gnu99 -ffunction-sections -ffat-lto-objects\000"
 1159      74643D67 
 1159      6E753939 
 1159      202D6666 
 1159      756E6374 
 1160              	.LASF30:
 1161 02a9 62756666 		.ascii	"buffer\000"
 1161      657200
 1162              	.LASF15:
 1163 02b0 75696E74 		.ascii	"uint8\000"
 1163      3800
 1164              	.LASF7:
 1165 02b6 6C6F6E67 		.ascii	"long int\000"
 1165      20696E74 
 1165      00
 1166              	.LASF35:
 1167 02bf 5449415F 		.ascii	"TIA_resistor_value_index\000"
 1167      72657369 
 1167      73746F72 
 1167      5F76616C 
 1167      75655F69 
 1168              	.LASF20:
 1169 02d8 6C6F6E67 		.ascii	"long double\000"
 1169      20646F75 
 1169      626C6500 
 1170              	.LASF0:
 1171 02e4 7369676E 		.ascii	"signed char\000"
 1171      65642063 
 1171      68617200 
ARM GAS  C:\Users\User\AppData\Local\Temp\cc9SqHdI.s 			page 27


 1172              	.LASF22:
 1173 02f0 75736572 		.ascii	"user_setup_electrode\000"
 1173      5F736574 
 1173      75705F65 
 1173      6C656374 
 1173      726F6465 
 1174              		.ident	"GCC: (GNU Tools for ARM Embedded Processors) 5.4.1 20160609 (release) [ARM/embedded-5-bran
