ARM GAS  C:\Users\User\AppData\Local\Temp\ccIC5iZH.s 			page 1


   1              		.syntax unified
   2              		.cpu cortex-m3
   3              		.fpu softvfp
   4              		.eabi_attribute 20, 1
   5              		.eabi_attribute 21, 1
   6              		.eabi_attribute 23, 3
   7              		.eabi_attribute 24, 1
   8              		.eabi_attribute 25, 1
   9              		.eabi_attribute 26, 1
  10              		.eabi_attribute 30, 6
  11              		.eabi_attribute 34, 1
  12              		.eabi_attribute 18, 4
  13              		.thumb
  14              		.syntax unified
  15              		.file	"adc.c"
  16              		.text
  17              	.Ltext0:
  18              		.cfi_sections	.debug_frame
  19              		.comm	buffer,64,4
  20              		.comm	ADC_buffer_index,1,1
  21              		.comm	ADC_config,1,1
  22              		.section	.text.adc_Convert2Dec,"ax",%progbits
  23              		.align	2
  24              		.global	adc_Convert2Dec
  25              		.thumb
  26              		.thumb_func
  27              		.type	adc_Convert2Dec, %function
  28              	adc_Convert2Dec:
  29              	.LFB64:
  30              		.file 1 "adc.c"
   1:adc.c         **** /*********************************************************************************
   2:adc.c         **** * File Name: adc.c
   3:adc.c         **** *
   4:adc.c         **** * Description: conversions between the adc and real values
   5:adc.c         **** *
   6:adc.c         **** **********************************************************************************
   7:adc.c         **** * Copyright Highland Biosciences Ltd.
   8:adc.c         **** * Copyright Naresuan University, Phitsanulok Thailand
   9:adc.c         **** * Released under Creative Commons Attribution-ShareAlike  3.0 (CC BY-SA 3.0 US)
  10:adc.c         **** *********************************************************************************/
  11:adc.c         **** 
  12:adc.c         **** #include "adc.h"
  13:adc.c         **** #include "globals.h"
  14:adc.c         **** 
  15:adc.c         **** uint8_t ADC_buffer_index;
  16:adc.c         **** uint8_t ADC_config;
  17:adc.c         **** 
  18:adc.c         **** /* convert the ADC value into Amperes using */
  19:adc.c         **** //double adc_adcToAmp(uint16_t adcValue)
  20:adc.c         **** //{
  21:adc.c         **** //    
  22:adc.c         **** //    
  23:adc.c         **** //    return (adcVolt / calibrate_TIA_resistor_list[TIA_resistor_value_index]);
  24:adc.c         **** // }
  25:adc.c         **** 
  26:adc.c         ****                                 
  27:adc.c         **** /* Convert the integer string to a unsigned 16bit */
ARM GAS  C:\Users\User\AppData\Local\Temp\ccIC5iZH.s 			page 2


  28:adc.c         **** uint16_t adc_Convert2Dec(const uint8_t array[], const uint8_t len)
  29:adc.c         **** 
  30:adc.c         **** {
  31              		.loc 1 30 0
  32              		.cfi_startproc
  33              		@ args = 0, pretend = 0, frame = 16
  34              		@ frame_needed = 1, uses_anonymous_args = 0
  35              		@ link register save eliminated.
  36 0000 80B4     		push	{r7}
  37              		.cfi_def_cfa_offset 4
  38              		.cfi_offset 7, -4
  39 0002 85B0     		sub	sp, sp, #20
  40              		.cfi_def_cfa_offset 24
  41 0004 00AF     		add	r7, sp, #0
  42              		.cfi_def_cfa_register 7
  43 0006 7860     		str	r0, [r7, #4]
  44 0008 0B46     		mov	r3, r1
  45 000a FB70     		strb	r3, [r7, #3]
  31:adc.c         ****     uint16_t num = 0;
  46              		.loc 1 31 0
  47 000c 0023     		movs	r3, #0
  48 000e FB81     		strh	r3, [r7, #14]	@ movhi
  49              	.LBB2:
  32:adc.c         ****     for (int i = 0; i < len; i++){
  50              		.loc 1 32 0
  51 0010 0023     		movs	r3, #0
  52 0012 BB60     		str	r3, [r7, #8]
  53 0014 11E0     		b	.L2
  54              	.L3:
  33:adc.c         ****         num = num * 10 + (array[i] - '0');
  55              		.loc 1 33 0 discriminator 3
  56 0016 FB89     		ldrh	r3, [r7, #14]	@ movhi
  57 0018 1A46     		mov	r2, r3	@ movhi
  58 001a 9200     		lsls	r2, r2, #2
  59 001c 1344     		add	r3, r3, r2
  60 001e 5B00     		lsls	r3, r3, #1
  61 0020 9AB2     		uxth	r2, r3
  62 0022 BB68     		ldr	r3, [r7, #8]
  63 0024 7968     		ldr	r1, [r7, #4]
  64 0026 0B44     		add	r3, r3, r1
  65 0028 1B78     		ldrb	r3, [r3]	@ zero_extendqisi2
  66 002a 9BB2     		uxth	r3, r3
  67 002c 1344     		add	r3, r3, r2
  68 002e 9BB2     		uxth	r3, r3
  69 0030 303B     		subs	r3, r3, #48
  70 0032 FB81     		strh	r3, [r7, #14]	@ movhi
  32:adc.c         ****     for (int i = 0; i < len; i++){
  71              		.loc 1 32 0 discriminator 3
  72 0034 BB68     		ldr	r3, [r7, #8]
  73 0036 0133     		adds	r3, r3, #1
  74 0038 BB60     		str	r3, [r7, #8]
  75              	.L2:
  32:adc.c         ****     for (int i = 0; i < len; i++){
  76              		.loc 1 32 0 is_stmt 0 discriminator 1
  77 003a FA78     		ldrb	r2, [r7, #3]	@ zero_extendqisi2
  78 003c BB68     		ldr	r3, [r7, #8]
  79 003e 9A42     		cmp	r2, r3
ARM GAS  C:\Users\User\AppData\Local\Temp\ccIC5iZH.s 			page 3


  80 0040 E9DC     		bgt	.L3
  81              	.LBE2:
  34:adc.c         ****     }
  35:adc.c         ****     return num;
  82              		.loc 1 35 0 is_stmt 1
  83 0042 FB89     		ldrh	r3, [r7, #14]
  36:adc.c         **** }
  84              		.loc 1 36 0
  85 0044 1846     		mov	r0, r3
  86 0046 1437     		adds	r7, r7, #20
  87              		.cfi_def_cfa_offset 4
  88 0048 BD46     		mov	sp, r7
  89              		.cfi_def_cfa_register 13
  90              		@ sp needed
  91 004a 80BC     		pop	{r7}
  92              		.cfi_restore 7
  93              		.cfi_def_cfa_offset 0
  94 004c 7047     		bx	lr
  95              		.cfi_endproc
  96              	.LFE64:
  97              		.size	adc_Convert2Dec, .-adc_Convert2Dec
  98 004e 00BF     		.text
  99              	.Letext0:
 100              		.file 2 "c:\\program files (x86)\\cypress\\psoc creator\\4.4\\psoc creator\\import\\gnu\\arm\\5.4.
 101              		.file 3 "c:\\program files (x86)\\cypress\\psoc creator\\4.4\\psoc creator\\import\\gnu\\arm\\5.4.
 102              		.file 4 "Generated_Source\\PSoC5/cytypes.h"
 103              		.file 5 "Generated_Source\\PSoC5/core_cm3.h"
 104              		.file 6 "globals.h"
 105              		.section	.debug_info,"",%progbits
 106              	.Ldebug_info0:
 107 0000 8B010000 		.4byte	0x18b
 108 0004 0400     		.2byte	0x4
 109 0006 00000000 		.4byte	.Ldebug_abbrev0
 110 000a 04       		.byte	0x4
 111 000b 01       		.uleb128 0x1
 112 000c 3F010000 		.4byte	.LASF25
 113 0010 0C       		.byte	0xc
 114 0011 14000000 		.4byte	.LASF26
 115 0015 3E000000 		.4byte	.LASF27
 116 0019 00000000 		.4byte	.Ldebug_ranges0+0
 117 001d 00000000 		.4byte	0
 118 0021 00000000 		.4byte	.Ldebug_line0
 119 0025 02       		.uleb128 0x2
 120 0026 01       		.byte	0x1
 121 0027 06       		.byte	0x6
 122 0028 F6010000 		.4byte	.LASF0
 123 002c 03       		.uleb128 0x3
 124 002d 00000000 		.4byte	.LASF3
 125 0031 02       		.byte	0x2
 126 0032 1D       		.byte	0x1d
 127 0033 37000000 		.4byte	0x37
 128 0037 02       		.uleb128 0x2
 129 0038 01       		.byte	0x1
 130 0039 08       		.byte	0x8
 131 003a 30000000 		.4byte	.LASF1
 132 003e 02       		.uleb128 0x2
 133 003f 02       		.byte	0x2
ARM GAS  C:\Users\User\AppData\Local\Temp\ccIC5iZH.s 			page 4


 134 0040 05       		.byte	0x5
 135 0041 1A000000 		.4byte	.LASF2
 136 0045 03       		.uleb128 0x3
 137 0046 B6000000 		.4byte	.LASF4
 138 004a 02       		.byte	0x2
 139 004b 2B       		.byte	0x2b
 140 004c 50000000 		.4byte	0x50
 141 0050 02       		.uleb128 0x2
 142 0051 02       		.byte	0x2
 143 0052 07       		.byte	0x7
 144 0053 90000000 		.4byte	.LASF5
 145 0057 03       		.uleb128 0x3
 146 0058 0A000000 		.4byte	.LASF6
 147 005c 02       		.byte	0x2
 148 005d 3F       		.byte	0x3f
 149 005e 62000000 		.4byte	0x62
 150 0062 02       		.uleb128 0x2
 151 0063 04       		.byte	0x4
 152 0064 05       		.byte	0x5
 153 0065 E8010000 		.4byte	.LASF7
 154 0069 02       		.uleb128 0x2
 155 006a 04       		.byte	0x4
 156 006b 07       		.byte	0x7
 157 006c 7E000000 		.4byte	.LASF8
 158 0070 02       		.uleb128 0x2
 159 0071 08       		.byte	0x8
 160 0072 05       		.byte	0x5
 161 0073 16010000 		.4byte	.LASF9
 162 0077 02       		.uleb128 0x2
 163 0078 08       		.byte	0x8
 164 0079 07       		.byte	0x7
 165 007a E6000000 		.4byte	.LASF10
 166 007e 04       		.uleb128 0x4
 167 007f 04       		.byte	0x4
 168 0080 05       		.byte	0x5
 169 0081 696E7400 		.ascii	"int\000"
 170 0085 02       		.uleb128 0x2
 171 0086 04       		.byte	0x4
 172 0087 07       		.byte	0x7
 173 0088 D9000000 		.4byte	.LASF11
 174 008c 03       		.uleb128 0x3
 175 008d FD000000 		.4byte	.LASF12
 176 0091 03       		.byte	0x3
 177 0092 18       		.byte	0x18
 178 0093 2C000000 		.4byte	0x2c
 179 0097 03       		.uleb128 0x3
 180 0098 DF010000 		.4byte	.LASF13
 181 009c 03       		.byte	0x3
 182 009d 24       		.byte	0x24
 183 009e 45000000 		.4byte	0x45
 184 00a2 03       		.uleb128 0x3
 185 00a3 05010000 		.4byte	.LASF14
 186 00a7 03       		.byte	0x3
 187 00a8 2C       		.byte	0x2c
 188 00a9 57000000 		.4byte	0x57
 189 00ad 05       		.uleb128 0x5
 190 00ae 2A000000 		.4byte	.LASF15
ARM GAS  C:\Users\User\AppData\Local\Temp\ccIC5iZH.s 			page 5


 191 00b2 04       		.byte	0x4
 192 00b3 E901     		.2byte	0x1e9
 193 00b5 37000000 		.4byte	0x37
 194 00b9 02       		.uleb128 0x2
 195 00ba 04       		.byte	0x4
 196 00bb 04       		.byte	0x4
 197 00bc 24000000 		.4byte	.LASF16
 198 00c0 02       		.uleb128 0x2
 199 00c1 08       		.byte	0x8
 200 00c2 04       		.byte	0x4
 201 00c3 C1000000 		.4byte	.LASF17
 202 00c7 02       		.uleb128 0x2
 203 00c8 01       		.byte	0x1
 204 00c9 08       		.byte	0x8
 205 00ca F1010000 		.4byte	.LASF18
 206 00ce 02       		.uleb128 0x2
 207 00cf 04       		.byte	0x4
 208 00d0 07       		.byte	0x7
 209 00d1 0D010000 		.4byte	.LASF19
 210 00d5 06       		.uleb128 0x6
 211 00d6 24010000 		.4byte	.LASF28
 212 00da 01       		.byte	0x1
 213 00db 1C       		.byte	0x1c
 214 00dc 97000000 		.4byte	0x97
 215 00e0 00000000 		.4byte	.LFB64
 216 00e4 4E000000 		.4byte	.LFE64-.LFB64
 217 00e8 01       		.uleb128 0x1
 218 00e9 9C       		.byte	0x9c
 219 00ea 2F010000 		.4byte	0x12f
 220 00ee 07       		.uleb128 0x7
 221 00ef A3000000 		.4byte	.LASF20
 222 00f3 01       		.byte	0x1
 223 00f4 1C       		.byte	0x1c
 224 00f5 2F010000 		.4byte	0x12f
 225 00f9 02       		.uleb128 0x2
 226 00fa 91       		.byte	0x91
 227 00fb 6C       		.sleb128 -20
 228 00fc 08       		.uleb128 0x8
 229 00fd 6C656E00 		.ascii	"len\000"
 230 0101 01       		.byte	0x1
 231 0102 1C       		.byte	0x1c
 232 0103 35010000 		.4byte	0x135
 233 0107 02       		.uleb128 0x2
 234 0108 91       		.byte	0x91
 235 0109 6B       		.sleb128 -21
 236 010a 09       		.uleb128 0x9
 237 010b 6E756D00 		.ascii	"num\000"
 238 010f 01       		.byte	0x1
 239 0110 1F       		.byte	0x1f
 240 0111 97000000 		.4byte	0x97
 241 0115 02       		.uleb128 0x2
 242 0116 91       		.byte	0x91
 243 0117 76       		.sleb128 -10
 244 0118 0A       		.uleb128 0xa
 245 0119 10000000 		.4byte	.LBB2
 246 011d 32000000 		.4byte	.LBE2-.LBB2
 247 0121 09       		.uleb128 0x9
ARM GAS  C:\Users\User\AppData\Local\Temp\ccIC5iZH.s 			page 6


 248 0122 6900     		.ascii	"i\000"
 249 0124 01       		.byte	0x1
 250 0125 20       		.byte	0x20
 251 0126 7E000000 		.4byte	0x7e
 252 012a 02       		.uleb128 0x2
 253 012b 91       		.byte	0x91
 254 012c 70       		.sleb128 -16
 255 012d 00       		.byte	0
 256 012e 00       		.byte	0
 257 012f 0B       		.uleb128 0xb
 258 0130 04       		.byte	0x4
 259 0131 35010000 		.4byte	0x135
 260 0135 0C       		.uleb128 0xc
 261 0136 8C000000 		.4byte	0x8c
 262 013a 0D       		.uleb128 0xd
 263 013b A9000000 		.4byte	.LASF21
 264 013f 05       		.byte	0x5
 265 0140 1207     		.2byte	0x712
 266 0142 46010000 		.4byte	0x146
 267 0146 0E       		.uleb128 0xe
 268 0147 A2000000 		.4byte	0xa2
 269 014b 0F       		.uleb128 0xf
 270 014c AD000000 		.4byte	0xad
 271 0150 5B010000 		.4byte	0x15b
 272 0154 10       		.uleb128 0x10
 273 0155 CE000000 		.4byte	0xce
 274 0159 3F       		.byte	0x3f
 275 015a 00       		.byte	0
 276 015b 11       		.uleb128 0x11
 277 015c D8010000 		.4byte	.LASF22
 278 0160 06       		.byte	0x6
 279 0161 50       		.byte	0x50
 280 0162 4B010000 		.4byte	0x14b
 281 0166 05       		.uleb128 0x5
 282 0167 03       		.byte	0x3
 283 0168 00000000 		.4byte	buffer
 284 016c 11       		.uleb128 0x11
 285 016d C8000000 		.4byte	.LASF23
 286 0171 01       		.byte	0x1
 287 0172 0F       		.byte	0xf
 288 0173 8C000000 		.4byte	0x8c
 289 0177 05       		.uleb128 0x5
 290 0178 03       		.byte	0x3
 291 0179 00000000 		.4byte	ADC_buffer_index
 292 017d 11       		.uleb128 0x11
 293 017e 34010000 		.4byte	.LASF24
 294 0182 01       		.byte	0x1
 295 0183 10       		.byte	0x10
 296 0184 8C000000 		.4byte	0x8c
 297 0188 05       		.uleb128 0x5
 298 0189 03       		.byte	0x3
 299 018a 00000000 		.4byte	ADC_config
 300 018e 00       		.byte	0
 301              		.section	.debug_abbrev,"",%progbits
 302              	.Ldebug_abbrev0:
 303 0000 01       		.uleb128 0x1
 304 0001 11       		.uleb128 0x11
ARM GAS  C:\Users\User\AppData\Local\Temp\ccIC5iZH.s 			page 7


 305 0002 01       		.byte	0x1
 306 0003 25       		.uleb128 0x25
 307 0004 0E       		.uleb128 0xe
 308 0005 13       		.uleb128 0x13
 309 0006 0B       		.uleb128 0xb
 310 0007 03       		.uleb128 0x3
 311 0008 0E       		.uleb128 0xe
 312 0009 1B       		.uleb128 0x1b
 313 000a 0E       		.uleb128 0xe
 314 000b 55       		.uleb128 0x55
 315 000c 17       		.uleb128 0x17
 316 000d 11       		.uleb128 0x11
 317 000e 01       		.uleb128 0x1
 318 000f 10       		.uleb128 0x10
 319 0010 17       		.uleb128 0x17
 320 0011 00       		.byte	0
 321 0012 00       		.byte	0
 322 0013 02       		.uleb128 0x2
 323 0014 24       		.uleb128 0x24
 324 0015 00       		.byte	0
 325 0016 0B       		.uleb128 0xb
 326 0017 0B       		.uleb128 0xb
 327 0018 3E       		.uleb128 0x3e
 328 0019 0B       		.uleb128 0xb
 329 001a 03       		.uleb128 0x3
 330 001b 0E       		.uleb128 0xe
 331 001c 00       		.byte	0
 332 001d 00       		.byte	0
 333 001e 03       		.uleb128 0x3
 334 001f 16       		.uleb128 0x16
 335 0020 00       		.byte	0
 336 0021 03       		.uleb128 0x3
 337 0022 0E       		.uleb128 0xe
 338 0023 3A       		.uleb128 0x3a
 339 0024 0B       		.uleb128 0xb
 340 0025 3B       		.uleb128 0x3b
 341 0026 0B       		.uleb128 0xb
 342 0027 49       		.uleb128 0x49
 343 0028 13       		.uleb128 0x13
 344 0029 00       		.byte	0
 345 002a 00       		.byte	0
 346 002b 04       		.uleb128 0x4
 347 002c 24       		.uleb128 0x24
 348 002d 00       		.byte	0
 349 002e 0B       		.uleb128 0xb
 350 002f 0B       		.uleb128 0xb
 351 0030 3E       		.uleb128 0x3e
 352 0031 0B       		.uleb128 0xb
 353 0032 03       		.uleb128 0x3
 354 0033 08       		.uleb128 0x8
 355 0034 00       		.byte	0
 356 0035 00       		.byte	0
 357 0036 05       		.uleb128 0x5
 358 0037 16       		.uleb128 0x16
 359 0038 00       		.byte	0
 360 0039 03       		.uleb128 0x3
 361 003a 0E       		.uleb128 0xe
ARM GAS  C:\Users\User\AppData\Local\Temp\ccIC5iZH.s 			page 8


 362 003b 3A       		.uleb128 0x3a
 363 003c 0B       		.uleb128 0xb
 364 003d 3B       		.uleb128 0x3b
 365 003e 05       		.uleb128 0x5
 366 003f 49       		.uleb128 0x49
 367 0040 13       		.uleb128 0x13
 368 0041 00       		.byte	0
 369 0042 00       		.byte	0
 370 0043 06       		.uleb128 0x6
 371 0044 2E       		.uleb128 0x2e
 372 0045 01       		.byte	0x1
 373 0046 3F       		.uleb128 0x3f
 374 0047 19       		.uleb128 0x19
 375 0048 03       		.uleb128 0x3
 376 0049 0E       		.uleb128 0xe
 377 004a 3A       		.uleb128 0x3a
 378 004b 0B       		.uleb128 0xb
 379 004c 3B       		.uleb128 0x3b
 380 004d 0B       		.uleb128 0xb
 381 004e 27       		.uleb128 0x27
 382 004f 19       		.uleb128 0x19
 383 0050 49       		.uleb128 0x49
 384 0051 13       		.uleb128 0x13
 385 0052 11       		.uleb128 0x11
 386 0053 01       		.uleb128 0x1
 387 0054 12       		.uleb128 0x12
 388 0055 06       		.uleb128 0x6
 389 0056 40       		.uleb128 0x40
 390 0057 18       		.uleb128 0x18
 391 0058 9742     		.uleb128 0x2117
 392 005a 19       		.uleb128 0x19
 393 005b 01       		.uleb128 0x1
 394 005c 13       		.uleb128 0x13
 395 005d 00       		.byte	0
 396 005e 00       		.byte	0
 397 005f 07       		.uleb128 0x7
 398 0060 05       		.uleb128 0x5
 399 0061 00       		.byte	0
 400 0062 03       		.uleb128 0x3
 401 0063 0E       		.uleb128 0xe
 402 0064 3A       		.uleb128 0x3a
 403 0065 0B       		.uleb128 0xb
 404 0066 3B       		.uleb128 0x3b
 405 0067 0B       		.uleb128 0xb
 406 0068 49       		.uleb128 0x49
 407 0069 13       		.uleb128 0x13
 408 006a 02       		.uleb128 0x2
 409 006b 18       		.uleb128 0x18
 410 006c 00       		.byte	0
 411 006d 00       		.byte	0
 412 006e 08       		.uleb128 0x8
 413 006f 05       		.uleb128 0x5
 414 0070 00       		.byte	0
 415 0071 03       		.uleb128 0x3
 416 0072 08       		.uleb128 0x8
 417 0073 3A       		.uleb128 0x3a
 418 0074 0B       		.uleb128 0xb
ARM GAS  C:\Users\User\AppData\Local\Temp\ccIC5iZH.s 			page 9


 419 0075 3B       		.uleb128 0x3b
 420 0076 0B       		.uleb128 0xb
 421 0077 49       		.uleb128 0x49
 422 0078 13       		.uleb128 0x13
 423 0079 02       		.uleb128 0x2
 424 007a 18       		.uleb128 0x18
 425 007b 00       		.byte	0
 426 007c 00       		.byte	0
 427 007d 09       		.uleb128 0x9
 428 007e 34       		.uleb128 0x34
 429 007f 00       		.byte	0
 430 0080 03       		.uleb128 0x3
 431 0081 08       		.uleb128 0x8
 432 0082 3A       		.uleb128 0x3a
 433 0083 0B       		.uleb128 0xb
 434 0084 3B       		.uleb128 0x3b
 435 0085 0B       		.uleb128 0xb
 436 0086 49       		.uleb128 0x49
 437 0087 13       		.uleb128 0x13
 438 0088 02       		.uleb128 0x2
 439 0089 18       		.uleb128 0x18
 440 008a 00       		.byte	0
 441 008b 00       		.byte	0
 442 008c 0A       		.uleb128 0xa
 443 008d 0B       		.uleb128 0xb
 444 008e 01       		.byte	0x1
 445 008f 11       		.uleb128 0x11
 446 0090 01       		.uleb128 0x1
 447 0091 12       		.uleb128 0x12
 448 0092 06       		.uleb128 0x6
 449 0093 00       		.byte	0
 450 0094 00       		.byte	0
 451 0095 0B       		.uleb128 0xb
 452 0096 0F       		.uleb128 0xf
 453 0097 00       		.byte	0
 454 0098 0B       		.uleb128 0xb
 455 0099 0B       		.uleb128 0xb
 456 009a 49       		.uleb128 0x49
 457 009b 13       		.uleb128 0x13
 458 009c 00       		.byte	0
 459 009d 00       		.byte	0
 460 009e 0C       		.uleb128 0xc
 461 009f 26       		.uleb128 0x26
 462 00a0 00       		.byte	0
 463 00a1 49       		.uleb128 0x49
 464 00a2 13       		.uleb128 0x13
 465 00a3 00       		.byte	0
 466 00a4 00       		.byte	0
 467 00a5 0D       		.uleb128 0xd
 468 00a6 34       		.uleb128 0x34
 469 00a7 00       		.byte	0
 470 00a8 03       		.uleb128 0x3
 471 00a9 0E       		.uleb128 0xe
 472 00aa 3A       		.uleb128 0x3a
 473 00ab 0B       		.uleb128 0xb
 474 00ac 3B       		.uleb128 0x3b
 475 00ad 05       		.uleb128 0x5
ARM GAS  C:\Users\User\AppData\Local\Temp\ccIC5iZH.s 			page 10


 476 00ae 49       		.uleb128 0x49
 477 00af 13       		.uleb128 0x13
 478 00b0 3F       		.uleb128 0x3f
 479 00b1 19       		.uleb128 0x19
 480 00b2 3C       		.uleb128 0x3c
 481 00b3 19       		.uleb128 0x19
 482 00b4 00       		.byte	0
 483 00b5 00       		.byte	0
 484 00b6 0E       		.uleb128 0xe
 485 00b7 35       		.uleb128 0x35
 486 00b8 00       		.byte	0
 487 00b9 49       		.uleb128 0x49
 488 00ba 13       		.uleb128 0x13
 489 00bb 00       		.byte	0
 490 00bc 00       		.byte	0
 491 00bd 0F       		.uleb128 0xf
 492 00be 01       		.uleb128 0x1
 493 00bf 01       		.byte	0x1
 494 00c0 49       		.uleb128 0x49
 495 00c1 13       		.uleb128 0x13
 496 00c2 01       		.uleb128 0x1
 497 00c3 13       		.uleb128 0x13
 498 00c4 00       		.byte	0
 499 00c5 00       		.byte	0
 500 00c6 10       		.uleb128 0x10
 501 00c7 21       		.uleb128 0x21
 502 00c8 00       		.byte	0
 503 00c9 49       		.uleb128 0x49
 504 00ca 13       		.uleb128 0x13
 505 00cb 2F       		.uleb128 0x2f
 506 00cc 0B       		.uleb128 0xb
 507 00cd 00       		.byte	0
 508 00ce 00       		.byte	0
 509 00cf 11       		.uleb128 0x11
 510 00d0 34       		.uleb128 0x34
 511 00d1 00       		.byte	0
 512 00d2 03       		.uleb128 0x3
 513 00d3 0E       		.uleb128 0xe
 514 00d4 3A       		.uleb128 0x3a
 515 00d5 0B       		.uleb128 0xb
 516 00d6 3B       		.uleb128 0x3b
 517 00d7 0B       		.uleb128 0xb
 518 00d8 49       		.uleb128 0x49
 519 00d9 13       		.uleb128 0x13
 520 00da 3F       		.uleb128 0x3f
 521 00db 19       		.uleb128 0x19
 522 00dc 02       		.uleb128 0x2
 523 00dd 18       		.uleb128 0x18
 524 00de 00       		.byte	0
 525 00df 00       		.byte	0
 526 00e0 00       		.byte	0
 527              		.section	.debug_aranges,"",%progbits
 528 0000 1C000000 		.4byte	0x1c
 529 0004 0200     		.2byte	0x2
 530 0006 00000000 		.4byte	.Ldebug_info0
 531 000a 04       		.byte	0x4
 532 000b 00       		.byte	0
ARM GAS  C:\Users\User\AppData\Local\Temp\ccIC5iZH.s 			page 11


 533 000c 0000     		.2byte	0
 534 000e 0000     		.2byte	0
 535 0010 00000000 		.4byte	.LFB64
 536 0014 4E000000 		.4byte	.LFE64-.LFB64
 537 0018 00000000 		.4byte	0
 538 001c 00000000 		.4byte	0
 539              		.section	.debug_ranges,"",%progbits
 540              	.Ldebug_ranges0:
 541 0000 00000000 		.4byte	.LFB64
 542 0004 4E000000 		.4byte	.LFE64
 543 0008 00000000 		.4byte	0
 544 000c 00000000 		.4byte	0
 545              		.section	.debug_line,"",%progbits
 546              	.Ldebug_line0:
 547 0000 82010000 		.section	.debug_str,"MS",%progbits,1
 547      02005801 
 547      00000201 
 547      FB0E0D00 
 547      01010101 
 548              	.LASF3:
 549 0000 5F5F7569 		.ascii	"__uint8_t\000"
 549      6E74385F 
 549      7400
 550              	.LASF6:
 551 000a 5F5F696E 		.ascii	"__int32_t\000"
 551      7433325F 
 551      7400
 552              	.LASF26:
 553 0014 6164632E 		.ascii	"adc.c\000"
 553      6300
 554              	.LASF2:
 555 001a 73686F72 		.ascii	"short int\000"
 555      7420696E 
 555      7400
 556              	.LASF16:
 557 0024 666C6F61 		.ascii	"float\000"
 557      7400
 558              	.LASF15:
 559 002a 75696E74 		.ascii	"uint8\000"
 559      3800
 560              	.LASF1:
 561 0030 756E7369 		.ascii	"unsigned char\000"
 561      676E6564 
 561      20636861 
 561      7200
 562              	.LASF27:
 563 003e 433A5C55 		.ascii	"C:\\Users\\User\\Dropbox\\67 PSOC\\PSoC-Potentiosta"
 563      73657273 
 563      5C557365 
 563      725C4472 
 563      6F70626F 
 564 006c 745C4269 		.ascii	"t\\Biosensor.cydsn\000"
 564      6F73656E 
 564      736F722E 
 564      63796473 
 564      6E00
 565              	.LASF8:
ARM GAS  C:\Users\User\AppData\Local\Temp\ccIC5iZH.s 			page 12


 566 007e 6C6F6E67 		.ascii	"long unsigned int\000"
 566      20756E73 
 566      69676E65 
 566      6420696E 
 566      7400
 567              	.LASF5:
 568 0090 73686F72 		.ascii	"short unsigned int\000"
 568      7420756E 
 568      7369676E 
 568      65642069 
 568      6E7400
 569              	.LASF20:
 570 00a3 61727261 		.ascii	"array\000"
 570      7900
 571              	.LASF21:
 572 00a9 49544D5F 		.ascii	"ITM_RxBuffer\000"
 572      52784275 
 572      66666572 
 572      00
 573              	.LASF4:
 574 00b6 5F5F7569 		.ascii	"__uint16_t\000"
 574      6E743136 
 574      5F7400
 575              	.LASF17:
 576 00c1 646F7562 		.ascii	"double\000"
 576      6C6500
 577              	.LASF23:
 578 00c8 4144435F 		.ascii	"ADC_buffer_index\000"
 578      62756666 
 578      65725F69 
 578      6E646578 
 578      00
 579              	.LASF11:
 580 00d9 756E7369 		.ascii	"unsigned int\000"
 580      676E6564 
 580      20696E74 
 580      00
 581              	.LASF10:
 582 00e6 6C6F6E67 		.ascii	"long long unsigned int\000"
 582      206C6F6E 
 582      6720756E 
 582      7369676E 
 582      65642069 
 583              	.LASF12:
 584 00fd 75696E74 		.ascii	"uint8_t\000"
 584      385F7400 
 585              	.LASF14:
 586 0105 696E7433 		.ascii	"int32_t\000"
 586      325F7400 
 587              	.LASF19:
 588 010d 73697A65 		.ascii	"sizetype\000"
 588      74797065 
 588      00
 589              	.LASF9:
 590 0116 6C6F6E67 		.ascii	"long long int\000"
 590      206C6F6E 
 590      6720696E 
ARM GAS  C:\Users\User\AppData\Local\Temp\ccIC5iZH.s 			page 13


 590      7400
 591              	.LASF28:
 592 0124 6164635F 		.ascii	"adc_Convert2Dec\000"
 592      436F6E76 
 592      65727432 
 592      44656300 
 593              	.LASF24:
 594 0134 4144435F 		.ascii	"ADC_config\000"
 594      636F6E66 
 594      696700
 595              	.LASF25:
 596 013f 474E5520 		.ascii	"GNU C99 5.4.1 20160609 (release) [ARM/embedded-5-br"
 596      43393920 
 596      352E342E 
 596      31203230 
 596      31363036 
 597 0172 616E6368 		.ascii	"anch revision 237715] -mcpu=cortex-m3 -mthumb -g -O"
 597      20726576 
 597      6973696F 
 597      6E203233 
 597      37373135 
 598 01a5 30202D73 		.ascii	"0 -std=gnu99 -ffunction-sections -ffat-lto-objects\000"
 598      74643D67 
 598      6E753939 
 598      202D6666 
 598      756E6374 
 599              	.LASF22:
 600 01d8 62756666 		.ascii	"buffer\000"
 600      657200
 601              	.LASF13:
 602 01df 75696E74 		.ascii	"uint16_t\000"
 602      31365F74 
 602      00
 603              	.LASF7:
 604 01e8 6C6F6E67 		.ascii	"long int\000"
 604      20696E74 
 604      00
 605              	.LASF18:
 606 01f1 63686172 		.ascii	"char\000"
 606      00
 607              	.LASF0:
 608 01f6 7369676E 		.ascii	"signed char\000"
 608      65642063 
 608      68617200 
 609              		.ident	"GCC: (GNU Tools for ARM Embedded Processors) 5.4.1 20160609 (release) [ARM/embedded-5-bran
