ARM GAS  C:\Users\User\AppData\Local\Temp\ccMAPjz1.s 			page 1


   1              		.syntax unified
   2              		.cpu cortex-m3
   3              		.fpu softvfp
   4              		.eabi_attribute 20, 1
   5              		.eabi_attribute 21, 1
   6              		.eabi_attribute 23, 3
   7              		.eabi_attribute 24, 1
   8              		.eabi_attribute 25, 1
   9              		.eabi_attribute 26, 1
  10              		.eabi_attribute 30, 6
  11              		.eabi_attribute 34, 1
  12              		.eabi_attribute 18, 4
  13              		.thumb
  14              		.syntax unified
  15              		.file	"ADC_DelSig_INT.c"
  16              		.text
  17              	.Ltext0:
  18              		.cfi_sections	.debug_frame
  19              		.section	.text.ADC_DelSig_ISR1,"ax",%progbits
  20              		.align	2
  21              		.global	ADC_DelSig_ISR1
  22              		.thumb
  23              		.thumb_func
  24              		.type	ADC_DelSig_ISR1, %function
  25              	ADC_DelSig_ISR1:
  26              	.LFB0:
  27              		.file 1 "Generated_Source\\PSoC5\\ADC_DelSig_INT.c"
   1:Generated_Source\PSoC5/ADC_DelSig_INT.c **** /*******************************************************************************
   2:Generated_Source\PSoC5/ADC_DelSig_INT.c **** * File Name: ADC_DelSig_INT.c
   3:Generated_Source\PSoC5/ADC_DelSig_INT.c **** * Version 3.30
   4:Generated_Source\PSoC5/ADC_DelSig_INT.c **** *
   5:Generated_Source\PSoC5/ADC_DelSig_INT.c **** * Description:
   6:Generated_Source\PSoC5/ADC_DelSig_INT.c **** *  This file contains the code that operates during the ADC_DelSig interrupt
   7:Generated_Source\PSoC5/ADC_DelSig_INT.c **** *  service routine.
   8:Generated_Source\PSoC5/ADC_DelSig_INT.c **** *
   9:Generated_Source\PSoC5/ADC_DelSig_INT.c **** * Note:
  10:Generated_Source\PSoC5/ADC_DelSig_INT.c **** *
  11:Generated_Source\PSoC5/ADC_DelSig_INT.c **** ********************************************************************************
  12:Generated_Source\PSoC5/ADC_DelSig_INT.c **** * Copyright 2008-2017, Cypress Semiconductor Corporation.  All rights reserved.
  13:Generated_Source\PSoC5/ADC_DelSig_INT.c **** * You may use this file only in accordance with the license, terms, conditions,
  14:Generated_Source\PSoC5/ADC_DelSig_INT.c **** * disclaimers, and limitations in the end user license agreement accompanying
  15:Generated_Source\PSoC5/ADC_DelSig_INT.c **** * the software package with which this file was provided.
  16:Generated_Source\PSoC5/ADC_DelSig_INT.c **** *******************************************************************************/
  17:Generated_Source\PSoC5/ADC_DelSig_INT.c **** 
  18:Generated_Source\PSoC5/ADC_DelSig_INT.c **** #include "ADC_DelSig.h"
  19:Generated_Source\PSoC5/ADC_DelSig_INT.c **** 
  20:Generated_Source\PSoC5/ADC_DelSig_INT.c **** 
  21:Generated_Source\PSoC5/ADC_DelSig_INT.c **** 
  22:Generated_Source\PSoC5/ADC_DelSig_INT.c **** /*******************************************************************************
  23:Generated_Source\PSoC5/ADC_DelSig_INT.c **** * Custom Declarations and Variables
  24:Generated_Source\PSoC5/ADC_DelSig_INT.c **** * - add user include files, prototypes and variables between the following
  25:Generated_Source\PSoC5/ADC_DelSig_INT.c **** *   #START and #END tags
  26:Generated_Source\PSoC5/ADC_DelSig_INT.c **** *******************************************************************************/
  27:Generated_Source\PSoC5/ADC_DelSig_INT.c **** /* `#START ADC_SYS_VAR`  */
  28:Generated_Source\PSoC5/ADC_DelSig_INT.c **** 
  29:Generated_Source\PSoC5/ADC_DelSig_INT.c **** /* `#END`  */
  30:Generated_Source\PSoC5/ADC_DelSig_INT.c **** 
ARM GAS  C:\Users\User\AppData\Local\Temp\ccMAPjz1.s 			page 2


  31:Generated_Source\PSoC5/ADC_DelSig_INT.c **** #if(ADC_DelSig_IRQ_REMOVE == 0u)
  32:Generated_Source\PSoC5/ADC_DelSig_INT.c **** 
  33:Generated_Source\PSoC5/ADC_DelSig_INT.c **** 
  34:Generated_Source\PSoC5/ADC_DelSig_INT.c ****     /*****************************************************************************
  35:Generated_Source\PSoC5/ADC_DelSig_INT.c ****     * Function Name: ADC_DelSig_ISR1
  36:Generated_Source\PSoC5/ADC_DelSig_INT.c ****     ******************************************************************************
  37:Generated_Source\PSoC5/ADC_DelSig_INT.c ****     *
  38:Generated_Source\PSoC5/ADC_DelSig_INT.c ****     * Summary:
  39:Generated_Source\PSoC5/ADC_DelSig_INT.c ****     *  Handle Interrupt Service Routine.
  40:Generated_Source\PSoC5/ADC_DelSig_INT.c ****     *
  41:Generated_Source\PSoC5/ADC_DelSig_INT.c ****     * Parameters:
  42:Generated_Source\PSoC5/ADC_DelSig_INT.c ****     *  None
  43:Generated_Source\PSoC5/ADC_DelSig_INT.c ****     *
  44:Generated_Source\PSoC5/ADC_DelSig_INT.c ****     * Return:
  45:Generated_Source\PSoC5/ADC_DelSig_INT.c ****     *  None
  46:Generated_Source\PSoC5/ADC_DelSig_INT.c ****     *
  47:Generated_Source\PSoC5/ADC_DelSig_INT.c ****     * Reentrant:
  48:Generated_Source\PSoC5/ADC_DelSig_INT.c ****     *  No
  49:Generated_Source\PSoC5/ADC_DelSig_INT.c ****     *
  50:Generated_Source\PSoC5/ADC_DelSig_INT.c ****     *****************************************************************************/
  51:Generated_Source\PSoC5/ADC_DelSig_INT.c ****     CY_ISR( ADC_DelSig_ISR1)
  52:Generated_Source\PSoC5/ADC_DelSig_INT.c ****     {
  28              		.loc 1 52 0
  29              		.cfi_startproc
  30              		@ args = 0, pretend = 0, frame = 0
  31              		@ frame_needed = 1, uses_anonymous_args = 0
  32 0000 80B5     		push	{r7, lr}
  33              		.cfi_def_cfa_offset 8
  34              		.cfi_offset 7, -8
  35              		.cfi_offset 14, -4
  36 0002 00AF     		add	r7, sp, #0
  37              		.cfi_def_cfa_register 7
  53:Generated_Source\PSoC5/ADC_DelSig_INT.c ****         #ifdef ADC_DelSig_ISR1_ENTRY_CALLBACK
  54:Generated_Source\PSoC5/ADC_DelSig_INT.c ****             ADC_DelSig_ISR1_EntryCallback();
  55:Generated_Source\PSoC5/ADC_DelSig_INT.c ****         #endif /* ADC_DelSig_ISR1_ENTRY_CALLBACK */
  56:Generated_Source\PSoC5/ADC_DelSig_INT.c ****         
  57:Generated_Source\PSoC5/ADC_DelSig_INT.c **** 
  58:Generated_Source\PSoC5/ADC_DelSig_INT.c ****         /**************************************************************************
  59:Generated_Source\PSoC5/ADC_DelSig_INT.c ****         *  Custom Code
  60:Generated_Source\PSoC5/ADC_DelSig_INT.c ****         *  - add user ISR code between the following #START and #END tags
  61:Generated_Source\PSoC5/ADC_DelSig_INT.c ****         **************************************************************************/
  62:Generated_Source\PSoC5/ADC_DelSig_INT.c ****         /* `#START MAIN_ADC_ISR1`  */
  63:Generated_Source\PSoC5/ADC_DelSig_INT.c **** 
  64:Generated_Source\PSoC5/ADC_DelSig_INT.c ****         /* `#END`  */
  65:Generated_Source\PSoC5/ADC_DelSig_INT.c ****         
  66:Generated_Source\PSoC5/ADC_DelSig_INT.c ****         /* Stop the conversion if conversion mode is single sample and resolution
  67:Generated_Source\PSoC5/ADC_DelSig_INT.c ****         *  is above 16 bits.
  68:Generated_Source\PSoC5/ADC_DelSig_INT.c ****         */
  69:Generated_Source\PSoC5/ADC_DelSig_INT.c ****         #if(ADC_DelSig_CFG1_RESOLUTION > 16 && \
  70:Generated_Source\PSoC5/ADC_DelSig_INT.c ****             ADC_DelSig_CFG1_CONV_MODE == ADC_DelSig_MODE_SINGLE_SAMPLE)
  71:Generated_Source\PSoC5/ADC_DelSig_INT.c ****             ADC_DelSig_StopConvert();
  38              		.loc 1 71 0
  39 0004 FFF7FEFF 		bl	ADC_DelSig_StopConvert
  72:Generated_Source\PSoC5/ADC_DelSig_INT.c ****             /* Software flag for checking conversion complete or not. Will be used when
  73:Generated_Source\PSoC5/ADC_DelSig_INT.c ****             *  resolution is above 16 bits and conversion mode is single sample 
  74:Generated_Source\PSoC5/ADC_DelSig_INT.c **** 			*/
  75:Generated_Source\PSoC5/ADC_DelSig_INT.c ****             ADC_DelSig_convDone = ADC_DelSig_DEC_CONV_DONE;
ARM GAS  C:\Users\User\AppData\Local\Temp\ccMAPjz1.s 			page 3


  40              		.loc 1 75 0
  41 0008 024B     		ldr	r3, .L2
  42 000a 0122     		movs	r2, #1
  43 000c 1A70     		strb	r2, [r3]
  76:Generated_Source\PSoC5/ADC_DelSig_INT.c ****         #endif /* Single sample conversion mode with resolution above 16 bits */
  77:Generated_Source\PSoC5/ADC_DelSig_INT.c **** 
  78:Generated_Source\PSoC5/ADC_DelSig_INT.c ****         #ifdef ADC_DelSig_ISR1_EXIT_CALLBACK
  79:Generated_Source\PSoC5/ADC_DelSig_INT.c ****             ADC_DelSig_ISR1_ExitCallback();
  80:Generated_Source\PSoC5/ADC_DelSig_INT.c ****         #endif /* ADC_DelSig_ISR1_EXIT_CALLBACK */
  81:Generated_Source\PSoC5/ADC_DelSig_INT.c ****     }
  44              		.loc 1 81 0
  45 000e 00BF     		nop
  46 0010 80BD     		pop	{r7, pc}
  47              	.L3:
  48 0012 00BF     		.align	2
  49              	.L2:
  50 0014 00000000 		.word	ADC_DelSig_convDone
  51              		.cfi_endproc
  52              	.LFE0:
  53              		.size	ADC_DelSig_ISR1, .-ADC_DelSig_ISR1
  54              		.section	.text.ADC_DelSig_ISR2,"ax",%progbits
  55              		.align	2
  56              		.global	ADC_DelSig_ISR2
  57              		.thumb
  58              		.thumb_func
  59              		.type	ADC_DelSig_ISR2, %function
  60              	ADC_DelSig_ISR2:
  61              	.LFB1:
  82:Generated_Source\PSoC5/ADC_DelSig_INT.c **** 
  83:Generated_Source\PSoC5/ADC_DelSig_INT.c **** 
  84:Generated_Source\PSoC5/ADC_DelSig_INT.c ****     /*****************************************************************************
  85:Generated_Source\PSoC5/ADC_DelSig_INT.c ****     * Function Name: ADC_DelSig_ISR2
  86:Generated_Source\PSoC5/ADC_DelSig_INT.c ****     ******************************************************************************
  87:Generated_Source\PSoC5/ADC_DelSig_INT.c ****     *
  88:Generated_Source\PSoC5/ADC_DelSig_INT.c ****     * Summary:
  89:Generated_Source\PSoC5/ADC_DelSig_INT.c ****     *  Handle Interrupt Service Routine.
  90:Generated_Source\PSoC5/ADC_DelSig_INT.c ****     *
  91:Generated_Source\PSoC5/ADC_DelSig_INT.c ****     * Parameters:
  92:Generated_Source\PSoC5/ADC_DelSig_INT.c ****     *  None
  93:Generated_Source\PSoC5/ADC_DelSig_INT.c ****     *
  94:Generated_Source\PSoC5/ADC_DelSig_INT.c ****     * Return:
  95:Generated_Source\PSoC5/ADC_DelSig_INT.c ****     *  None
  96:Generated_Source\PSoC5/ADC_DelSig_INT.c ****     *
  97:Generated_Source\PSoC5/ADC_DelSig_INT.c ****     * Reentrant:
  98:Generated_Source\PSoC5/ADC_DelSig_INT.c ****     *  No
  99:Generated_Source\PSoC5/ADC_DelSig_INT.c ****     *
 100:Generated_Source\PSoC5/ADC_DelSig_INT.c ****     *****************************************************************************/
 101:Generated_Source\PSoC5/ADC_DelSig_INT.c ****     CY_ISR( ADC_DelSig_ISR2)
 102:Generated_Source\PSoC5/ADC_DelSig_INT.c ****     {
  62              		.loc 1 102 0
  63              		.cfi_startproc
  64              		@ args = 0, pretend = 0, frame = 0
  65              		@ frame_needed = 1, uses_anonymous_args = 0
  66 0000 80B5     		push	{r7, lr}
  67              		.cfi_def_cfa_offset 8
  68              		.cfi_offset 7, -8
  69              		.cfi_offset 14, -4
ARM GAS  C:\Users\User\AppData\Local\Temp\ccMAPjz1.s 			page 4


  70 0002 00AF     		add	r7, sp, #0
  71              		.cfi_def_cfa_register 7
 103:Generated_Source\PSoC5/ADC_DelSig_INT.c ****         #ifdef ADC_DelSig_ISR2_ENTRY_CALLBACK
 104:Generated_Source\PSoC5/ADC_DelSig_INT.c ****             ADC_DelSig_ISR2_EntryCallback();
 105:Generated_Source\PSoC5/ADC_DelSig_INT.c ****         #endif /* ADC_DelSig_ISR2_ENTRY_CALLBACK */
 106:Generated_Source\PSoC5/ADC_DelSig_INT.c ****         
 107:Generated_Source\PSoC5/ADC_DelSig_INT.c ****         
 108:Generated_Source\PSoC5/ADC_DelSig_INT.c ****         /***************************************************************************
 109:Generated_Source\PSoC5/ADC_DelSig_INT.c ****         *  Custom Code
 110:Generated_Source\PSoC5/ADC_DelSig_INT.c ****         *  - add user ISR code between the following #START and #END tags
 111:Generated_Source\PSoC5/ADC_DelSig_INT.c ****         **************************************************************************/
 112:Generated_Source\PSoC5/ADC_DelSig_INT.c ****         /* `#START MAIN_ADC_ISR2`  */
 113:Generated_Source\PSoC5/ADC_DelSig_INT.c **** 
 114:Generated_Source\PSoC5/ADC_DelSig_INT.c ****         /* `#END`  */
 115:Generated_Source\PSoC5/ADC_DelSig_INT.c **** 
 116:Generated_Source\PSoC5/ADC_DelSig_INT.c ****         /* Stop the conversion conversion mode is single sample and resolution
 117:Generated_Source\PSoC5/ADC_DelSig_INT.c ****         *  is above 16 bits.
 118:Generated_Source\PSoC5/ADC_DelSig_INT.c ****         */
 119:Generated_Source\PSoC5/ADC_DelSig_INT.c ****         #if(ADC_DelSig_CFG2_RESOLUTION > 16 && \
 120:Generated_Source\PSoC5/ADC_DelSig_INT.c ****             ADC_DelSig_CFG2_CONVMODE == ADC_DelSig_MODE_SINGLE_SAMPLE)
 121:Generated_Source\PSoC5/ADC_DelSig_INT.c ****             ADC_DelSig_StopConvert();
  72              		.loc 1 121 0
  73 0004 FFF7FEFF 		bl	ADC_DelSig_StopConvert
 122:Generated_Source\PSoC5/ADC_DelSig_INT.c ****             /* Software flag for checking conversion complete or not. Will be used when
 123:Generated_Source\PSoC5/ADC_DelSig_INT.c ****             *   resolution is above 16 bits and conversion mode is single sample 
 124:Generated_Source\PSoC5/ADC_DelSig_INT.c **** 			*/
 125:Generated_Source\PSoC5/ADC_DelSig_INT.c ****             ADC_DelSig_convDone = ADC_DelSig_DEC_CONV_DONE;
  74              		.loc 1 125 0
  75 0008 024B     		ldr	r3, .L5
  76 000a 0122     		movs	r2, #1
  77 000c 1A70     		strb	r2, [r3]
 126:Generated_Source\PSoC5/ADC_DelSig_INT.c ****         #endif /* Single sample conversion mode with resolution above 16 bits */
 127:Generated_Source\PSoC5/ADC_DelSig_INT.c **** 
 128:Generated_Source\PSoC5/ADC_DelSig_INT.c ****         #ifdef ADC_DelSig_ISR2_EXIT_CALLBACK
 129:Generated_Source\PSoC5/ADC_DelSig_INT.c ****             ADC_DelSig_ISR2_ExitCallback();
 130:Generated_Source\PSoC5/ADC_DelSig_INT.c ****         #endif /* ADC_DelSig_ISR2_EXIT_CALLBACK */
 131:Generated_Source\PSoC5/ADC_DelSig_INT.c ****     }
  78              		.loc 1 131 0
  79 000e 00BF     		nop
  80 0010 80BD     		pop	{r7, pc}
  81              	.L6:
  82 0012 00BF     		.align	2
  83              	.L5:
  84 0014 00000000 		.word	ADC_DelSig_convDone
  85              		.cfi_endproc
  86              	.LFE1:
  87              		.size	ADC_DelSig_ISR2, .-ADC_DelSig_ISR2
  88              		.section	.text.ADC_DelSig_ISR3,"ax",%progbits
  89              		.align	2
  90              		.global	ADC_DelSig_ISR3
  91              		.thumb
  92              		.thumb_func
  93              		.type	ADC_DelSig_ISR3, %function
  94              	ADC_DelSig_ISR3:
  95              	.LFB2:
 132:Generated_Source\PSoC5/ADC_DelSig_INT.c **** 
 133:Generated_Source\PSoC5/ADC_DelSig_INT.c **** 
ARM GAS  C:\Users\User\AppData\Local\Temp\ccMAPjz1.s 			page 5


 134:Generated_Source\PSoC5/ADC_DelSig_INT.c ****     /*****************************************************************************
 135:Generated_Source\PSoC5/ADC_DelSig_INT.c ****     * Function Name: ADC_DelSig_ISR3
 136:Generated_Source\PSoC5/ADC_DelSig_INT.c ****     ******************************************************************************
 137:Generated_Source\PSoC5/ADC_DelSig_INT.c ****     *
 138:Generated_Source\PSoC5/ADC_DelSig_INT.c ****     * Summary:
 139:Generated_Source\PSoC5/ADC_DelSig_INT.c ****     *  Handle Interrupt Service Routine.
 140:Generated_Source\PSoC5/ADC_DelSig_INT.c ****     *
 141:Generated_Source\PSoC5/ADC_DelSig_INT.c ****     * Parameters:
 142:Generated_Source\PSoC5/ADC_DelSig_INT.c ****     *  None
 143:Generated_Source\PSoC5/ADC_DelSig_INT.c ****     *
 144:Generated_Source\PSoC5/ADC_DelSig_INT.c ****     * Return:
 145:Generated_Source\PSoC5/ADC_DelSig_INT.c ****     *  None
 146:Generated_Source\PSoC5/ADC_DelSig_INT.c ****     *
 147:Generated_Source\PSoC5/ADC_DelSig_INT.c ****     * Reentrant:
 148:Generated_Source\PSoC5/ADC_DelSig_INT.c ****     *  No
 149:Generated_Source\PSoC5/ADC_DelSig_INT.c ****     *
 150:Generated_Source\PSoC5/ADC_DelSig_INT.c ****     *****************************************************************************/
 151:Generated_Source\PSoC5/ADC_DelSig_INT.c ****     CY_ISR( ADC_DelSig_ISR3)
 152:Generated_Source\PSoC5/ADC_DelSig_INT.c ****     {
  96              		.loc 1 152 0
  97              		.cfi_startproc
  98              		@ args = 0, pretend = 0, frame = 0
  99              		@ frame_needed = 1, uses_anonymous_args = 0
 100              		@ link register save eliminated.
 101 0000 80B4     		push	{r7}
 102              		.cfi_def_cfa_offset 4
 103              		.cfi_offset 7, -4
 104 0002 00AF     		add	r7, sp, #0
 105              		.cfi_def_cfa_register 7
 153:Generated_Source\PSoC5/ADC_DelSig_INT.c ****         #ifdef ADC_DelSig_ISR3_ENTRY_CALLBACK
 154:Generated_Source\PSoC5/ADC_DelSig_INT.c ****             ADC_DelSig_ISR3_EntryCallback();
 155:Generated_Source\PSoC5/ADC_DelSig_INT.c ****         #endif /* ADC_DelSig_ISR3_ENTRY_CALLBACK */        
 156:Generated_Source\PSoC5/ADC_DelSig_INT.c **** 
 157:Generated_Source\PSoC5/ADC_DelSig_INT.c ****         
 158:Generated_Source\PSoC5/ADC_DelSig_INT.c ****         /***************************************************************************
 159:Generated_Source\PSoC5/ADC_DelSig_INT.c ****         *  Custom Code
 160:Generated_Source\PSoC5/ADC_DelSig_INT.c ****         *  - add user ISR code between the following #START and #END tags
 161:Generated_Source\PSoC5/ADC_DelSig_INT.c ****         **************************************************************************/
 162:Generated_Source\PSoC5/ADC_DelSig_INT.c ****         /* `#START MAIN_ADC_ISR3`  */
 163:Generated_Source\PSoC5/ADC_DelSig_INT.c **** 
 164:Generated_Source\PSoC5/ADC_DelSig_INT.c ****         /* `#END`  */
 165:Generated_Source\PSoC5/ADC_DelSig_INT.c ****         
 166:Generated_Source\PSoC5/ADC_DelSig_INT.c ****         /* Stop the conversion if conversion mode is set to single sample and
 167:Generated_Source\PSoC5/ADC_DelSig_INT.c ****         *  resolution is above 16 bits.
 168:Generated_Source\PSoC5/ADC_DelSig_INT.c ****         */
 169:Generated_Source\PSoC5/ADC_DelSig_INT.c ****         #if(ADC_DelSig_CFG3_RESOLUTION > 16 && \
 170:Generated_Source\PSoC5/ADC_DelSig_INT.c ****             ADC_DelSig_CFG3_CONVMODE == ADC_DelSig_MODE_SINGLE_SAMPLE)
 171:Generated_Source\PSoC5/ADC_DelSig_INT.c ****             ADC_DelSig_StopConvert();
 172:Generated_Source\PSoC5/ADC_DelSig_INT.c ****             /* Software flag for checking conversion complete or not. Will be used when
 173:Generated_Source\PSoC5/ADC_DelSig_INT.c ****             *  resolution is above 16 bits and conversion mode is single sample 
 174:Generated_Source\PSoC5/ADC_DelSig_INT.c **** 			*/
 175:Generated_Source\PSoC5/ADC_DelSig_INT.c ****             ADC_DelSig_convDone = ADC_DelSig_DEC_CONV_DONE;
 176:Generated_Source\PSoC5/ADC_DelSig_INT.c ****         #endif /* Single sample conversion mode with resolution above 16 bits */
 177:Generated_Source\PSoC5/ADC_DelSig_INT.c **** 
 178:Generated_Source\PSoC5/ADC_DelSig_INT.c ****         #ifdef ADC_DelSig_ISR3_EXIT_CALLBACK
 179:Generated_Source\PSoC5/ADC_DelSig_INT.c ****             ADC_DelSig_ISR3_ExitCallback();
 180:Generated_Source\PSoC5/ADC_DelSig_INT.c ****         #endif /* ADC_DelSig_ISR3_EXIT_CALLBACK */        
ARM GAS  C:\Users\User\AppData\Local\Temp\ccMAPjz1.s 			page 6


 181:Generated_Source\PSoC5/ADC_DelSig_INT.c ****     }
 106              		.loc 1 181 0
 107 0004 00BF     		nop
 108 0006 BD46     		mov	sp, r7
 109              		.cfi_def_cfa_register 13
 110              		@ sp needed
 111 0008 80BC     		pop	{r7}
 112              		.cfi_restore 7
 113              		.cfi_def_cfa_offset 0
 114 000a 7047     		bx	lr
 115              		.cfi_endproc
 116              	.LFE2:
 117              		.size	ADC_DelSig_ISR3, .-ADC_DelSig_ISR3
 118              		.section	.text.ADC_DelSig_ISR4,"ax",%progbits
 119              		.align	2
 120              		.global	ADC_DelSig_ISR4
 121              		.thumb
 122              		.thumb_func
 123              		.type	ADC_DelSig_ISR4, %function
 124              	ADC_DelSig_ISR4:
 125              	.LFB3:
 182:Generated_Source\PSoC5/ADC_DelSig_INT.c **** 
 183:Generated_Source\PSoC5/ADC_DelSig_INT.c **** 
 184:Generated_Source\PSoC5/ADC_DelSig_INT.c ****     /*****************************************************************************
 185:Generated_Source\PSoC5/ADC_DelSig_INT.c ****     * Function Name: ADC_DelSig_ISR4
 186:Generated_Source\PSoC5/ADC_DelSig_INT.c ****     ******************************************************************************
 187:Generated_Source\PSoC5/ADC_DelSig_INT.c ****     *
 188:Generated_Source\PSoC5/ADC_DelSig_INT.c ****     * Summary:
 189:Generated_Source\PSoC5/ADC_DelSig_INT.c ****     *  Handle Interrupt Service Routine.
 190:Generated_Source\PSoC5/ADC_DelSig_INT.c ****     *
 191:Generated_Source\PSoC5/ADC_DelSig_INT.c ****     * Parameters:
 192:Generated_Source\PSoC5/ADC_DelSig_INT.c ****     *  None
 193:Generated_Source\PSoC5/ADC_DelSig_INT.c ****     *
 194:Generated_Source\PSoC5/ADC_DelSig_INT.c ****     * Return:
 195:Generated_Source\PSoC5/ADC_DelSig_INT.c ****     *  None
 196:Generated_Source\PSoC5/ADC_DelSig_INT.c ****     *
 197:Generated_Source\PSoC5/ADC_DelSig_INT.c ****     * Reentrant:
 198:Generated_Source\PSoC5/ADC_DelSig_INT.c ****     *  No
 199:Generated_Source\PSoC5/ADC_DelSig_INT.c ****     *
 200:Generated_Source\PSoC5/ADC_DelSig_INT.c ****     *****************************************************************************/
 201:Generated_Source\PSoC5/ADC_DelSig_INT.c ****     CY_ISR( ADC_DelSig_ISR4)
 202:Generated_Source\PSoC5/ADC_DelSig_INT.c ****     {
 126              		.loc 1 202 0
 127              		.cfi_startproc
 128              		@ args = 0, pretend = 0, frame = 0
 129              		@ frame_needed = 1, uses_anonymous_args = 0
 130              		@ link register save eliminated.
 131 0000 80B4     		push	{r7}
 132              		.cfi_def_cfa_offset 4
 133              		.cfi_offset 7, -4
 134 0002 00AF     		add	r7, sp, #0
 135              		.cfi_def_cfa_register 7
 203:Generated_Source\PSoC5/ADC_DelSig_INT.c ****         #ifdef ADC_DelSig_ISR4_ENTRY_CALLBACK
 204:Generated_Source\PSoC5/ADC_DelSig_INT.c ****             ADC_DelSig_ISR4_EntryCallback();
 205:Generated_Source\PSoC5/ADC_DelSig_INT.c ****         #endif /* ADC_DelSig_ISR4_ENTRY_CALLBACK */            
 206:Generated_Source\PSoC5/ADC_DelSig_INT.c **** 
 207:Generated_Source\PSoC5/ADC_DelSig_INT.c ****         
ARM GAS  C:\Users\User\AppData\Local\Temp\ccMAPjz1.s 			page 7


 208:Generated_Source\PSoC5/ADC_DelSig_INT.c ****         /***************************************************************************
 209:Generated_Source\PSoC5/ADC_DelSig_INT.c ****         *  Custom Code
 210:Generated_Source\PSoC5/ADC_DelSig_INT.c ****         *  - add user ISR code between the following #START and #END tags
 211:Generated_Source\PSoC5/ADC_DelSig_INT.c ****         **************************************************************************/
 212:Generated_Source\PSoC5/ADC_DelSig_INT.c ****         /* `#START MAIN_ADC_ISR4`  */
 213:Generated_Source\PSoC5/ADC_DelSig_INT.c **** 
 214:Generated_Source\PSoC5/ADC_DelSig_INT.c ****         /* `#END`  */
 215:Generated_Source\PSoC5/ADC_DelSig_INT.c **** 
 216:Generated_Source\PSoC5/ADC_DelSig_INT.c ****         /* Stop the conversion if conversion mode is set to single sample and
 217:Generated_Source\PSoC5/ADC_DelSig_INT.c ****         *  resolution is above 16 bits.
 218:Generated_Source\PSoC5/ADC_DelSig_INT.c ****         */
 219:Generated_Source\PSoC5/ADC_DelSig_INT.c ****         #if(ADC_DelSig_CFG4_RESOLUTION > 16 && \
 220:Generated_Source\PSoC5/ADC_DelSig_INT.c ****             ADC_DelSig_CFG4_CONVMODE == ADC_DelSig_MODE_SINGLE_SAMPLE)
 221:Generated_Source\PSoC5/ADC_DelSig_INT.c ****             ADC_DelSig_StopConvert();
 222:Generated_Source\PSoC5/ADC_DelSig_INT.c ****             /* Software flag for checking conversion complete or not. Will be used when
 223:Generated_Source\PSoC5/ADC_DelSig_INT.c ****             *  resolution is above 16 bits and conversion mode is single sample 
 224:Generated_Source\PSoC5/ADC_DelSig_INT.c **** 			*/
 225:Generated_Source\PSoC5/ADC_DelSig_INT.c ****             ADC_DelSig_convDone = ADC_DelSig_DEC_CONV_DONE;
 226:Generated_Source\PSoC5/ADC_DelSig_INT.c ****         #endif /* Single sample conversion mode with resolution above 16 bits */
 227:Generated_Source\PSoC5/ADC_DelSig_INT.c ****         
 228:Generated_Source\PSoC5/ADC_DelSig_INT.c ****         #ifdef ADC_DelSig_ISR4_EXIT_CALLBACK
 229:Generated_Source\PSoC5/ADC_DelSig_INT.c ****             ADC_DelSig_ISR4_ExitCallback();
 230:Generated_Source\PSoC5/ADC_DelSig_INT.c ****         #endif /* ADC_DelSig_ISR4_EXIT_CALLBACK */            
 231:Generated_Source\PSoC5/ADC_DelSig_INT.c ****     }
 136              		.loc 1 231 0
 137 0004 00BF     		nop
 138 0006 BD46     		mov	sp, r7
 139              		.cfi_def_cfa_register 13
 140              		@ sp needed
 141 0008 80BC     		pop	{r7}
 142              		.cfi_restore 7
 143              		.cfi_def_cfa_offset 0
 144 000a 7047     		bx	lr
 145              		.cfi_endproc
 146              	.LFE3:
 147              		.size	ADC_DelSig_ISR4, .-ADC_DelSig_ISR4
 148              		.text
 149              	.Letext0:
 150              		.file 2 "Generated_Source\\PSoC5\\cytypes.h"
 151              		.file 3 "Generated_Source\\PSoC5\\ADC_DelSig.h"
 152              		.section	.debug_info,"",%progbits
 153              	.Ldebug_info0:
 154 0000 E4000000 		.4byte	0xe4
 155 0004 0400     		.2byte	0x4
 156 0006 00000000 		.4byte	.Ldebug_abbrev0
 157 000a 04       		.byte	0x4
 158 000b 01       		.uleb128 0x1
 159 000c 9D000000 		.4byte	.LASF17
 160 0010 0C       		.byte	0xc
 161 0011 9A010000 		.4byte	.LASF18
 162 0015 53010000 		.4byte	.LASF19
 163 0019 00000000 		.4byte	.Ldebug_ranges0+0
 164 001d 00000000 		.4byte	0
 165 0021 00000000 		.4byte	.Ldebug_line0
 166 0025 02       		.uleb128 0x2
 167 0026 01       		.byte	0x1
 168 0027 06       		.byte	0x6
ARM GAS  C:\Users\User\AppData\Local\Temp\ccMAPjz1.s 			page 8


 169 0028 D5010000 		.4byte	.LASF0
 170 002c 02       		.uleb128 0x2
 171 002d 01       		.byte	0x1
 172 002e 08       		.byte	0x8
 173 002f 8F000000 		.4byte	.LASF1
 174 0033 02       		.uleb128 0x2
 175 0034 02       		.byte	0x2
 176 0035 05       		.byte	0x5
 177 0036 E7010000 		.4byte	.LASF2
 178 003a 02       		.uleb128 0x2
 179 003b 02       		.byte	0x2
 180 003c 07       		.byte	0x7
 181 003d C2010000 		.4byte	.LASF3
 182 0041 02       		.uleb128 0x2
 183 0042 04       		.byte	0x4
 184 0043 05       		.byte	0x5
 185 0044 4A010000 		.4byte	.LASF4
 186 0048 02       		.uleb128 0x2
 187 0049 04       		.byte	0x4
 188 004a 07       		.byte	0x7
 189 004b 21000000 		.4byte	.LASF5
 190 004f 02       		.uleb128 0x2
 191 0050 08       		.byte	0x8
 192 0051 05       		.byte	0x5
 193 0052 00000000 		.4byte	.LASF6
 194 0056 02       		.uleb128 0x2
 195 0057 08       		.byte	0x8
 196 0058 07       		.byte	0x7
 197 0059 33000000 		.4byte	.LASF7
 198 005d 03       		.uleb128 0x3
 199 005e 04       		.byte	0x4
 200 005f 05       		.byte	0x5
 201 0060 696E7400 		.ascii	"int\000"
 202 0064 02       		.uleb128 0x2
 203 0065 04       		.byte	0x4
 204 0066 07       		.byte	0x7
 205 0067 0E000000 		.4byte	.LASF8
 206 006b 04       		.uleb128 0x4
 207 006c 1B000000 		.4byte	.LASF20
 208 0070 02       		.byte	0x2
 209 0071 E901     		.2byte	0x1e9
 210 0073 2C000000 		.4byte	0x2c
 211 0077 02       		.uleb128 0x2
 212 0078 04       		.byte	0x4
 213 0079 04       		.byte	0x4
 214 007a E1010000 		.4byte	.LASF9
 215 007e 02       		.uleb128 0x2
 216 007f 08       		.byte	0x8
 217 0080 04       		.byte	0x4
 218 0081 93010000 		.4byte	.LASF10
 219 0085 02       		.uleb128 0x2
 220 0086 01       		.byte	0x1
 221 0087 08       		.byte	0x8
 222 0088 8A000000 		.4byte	.LASF11
 223 008c 05       		.uleb128 0x5
 224 008d 6B000000 		.4byte	0x6b
 225 0091 02       		.uleb128 0x2
ARM GAS  C:\Users\User\AppData\Local\Temp\ccMAPjz1.s 			page 9


 226 0092 04       		.byte	0x4
 227 0093 07       		.byte	0x7
 228 0094 F1010000 		.4byte	.LASF12
 229 0098 06       		.uleb128 0x6
 230 0099 4A000000 		.4byte	.LASF13
 231 009d 01       		.byte	0x1
 232 009e 33       		.byte	0x33
 233 009f 00000000 		.4byte	.LFB0
 234 00a3 18000000 		.4byte	.LFE0-.LFB0
 235 00a7 01       		.uleb128 0x1
 236 00a8 9C       		.byte	0x9c
 237 00a9 06       		.uleb128 0x6
 238 00aa 5A000000 		.4byte	.LASF14
 239 00ae 01       		.byte	0x1
 240 00af 65       		.byte	0x65
 241 00b0 00000000 		.4byte	.LFB1
 242 00b4 18000000 		.4byte	.LFE1-.LFB1
 243 00b8 01       		.uleb128 0x1
 244 00b9 9C       		.byte	0x9c
 245 00ba 07       		.uleb128 0x7
 246 00bb 6A000000 		.4byte	.LASF15
 247 00bf 01       		.byte	0x1
 248 00c0 97       		.byte	0x97
 249 00c1 00000000 		.4byte	.LFB2
 250 00c5 0C000000 		.4byte	.LFE2-.LFB2
 251 00c9 01       		.uleb128 0x1
 252 00ca 9C       		.byte	0x9c
 253 00cb 07       		.uleb128 0x7
 254 00cc 7A000000 		.4byte	.LASF16
 255 00d0 01       		.byte	0x1
 256 00d1 C9       		.byte	0xc9
 257 00d2 00000000 		.4byte	.LFB3
 258 00d6 0C000000 		.4byte	.LFE3-.LFB3
 259 00da 01       		.uleb128 0x1
 260 00db 9C       		.byte	0x9c
 261 00dc 08       		.uleb128 0x8
 262 00dd 36010000 		.4byte	.LASF21
 263 00e1 03       		.byte	0x3
 264 00e2 FB       		.byte	0xfb
 265 00e3 8C000000 		.4byte	0x8c
 266 00e7 00       		.byte	0
 267              		.section	.debug_abbrev,"",%progbits
 268              	.Ldebug_abbrev0:
 269 0000 01       		.uleb128 0x1
 270 0001 11       		.uleb128 0x11
 271 0002 01       		.byte	0x1
 272 0003 25       		.uleb128 0x25
 273 0004 0E       		.uleb128 0xe
 274 0005 13       		.uleb128 0x13
 275 0006 0B       		.uleb128 0xb
 276 0007 03       		.uleb128 0x3
 277 0008 0E       		.uleb128 0xe
 278 0009 1B       		.uleb128 0x1b
 279 000a 0E       		.uleb128 0xe
 280 000b 55       		.uleb128 0x55
 281 000c 17       		.uleb128 0x17
 282 000d 11       		.uleb128 0x11
ARM GAS  C:\Users\User\AppData\Local\Temp\ccMAPjz1.s 			page 10


 283 000e 01       		.uleb128 0x1
 284 000f 10       		.uleb128 0x10
 285 0010 17       		.uleb128 0x17
 286 0011 00       		.byte	0
 287 0012 00       		.byte	0
 288 0013 02       		.uleb128 0x2
 289 0014 24       		.uleb128 0x24
 290 0015 00       		.byte	0
 291 0016 0B       		.uleb128 0xb
 292 0017 0B       		.uleb128 0xb
 293 0018 3E       		.uleb128 0x3e
 294 0019 0B       		.uleb128 0xb
 295 001a 03       		.uleb128 0x3
 296 001b 0E       		.uleb128 0xe
 297 001c 00       		.byte	0
 298 001d 00       		.byte	0
 299 001e 03       		.uleb128 0x3
 300 001f 24       		.uleb128 0x24
 301 0020 00       		.byte	0
 302 0021 0B       		.uleb128 0xb
 303 0022 0B       		.uleb128 0xb
 304 0023 3E       		.uleb128 0x3e
 305 0024 0B       		.uleb128 0xb
 306 0025 03       		.uleb128 0x3
 307 0026 08       		.uleb128 0x8
 308 0027 00       		.byte	0
 309 0028 00       		.byte	0
 310 0029 04       		.uleb128 0x4
 311 002a 16       		.uleb128 0x16
 312 002b 00       		.byte	0
 313 002c 03       		.uleb128 0x3
 314 002d 0E       		.uleb128 0xe
 315 002e 3A       		.uleb128 0x3a
 316 002f 0B       		.uleb128 0xb
 317 0030 3B       		.uleb128 0x3b
 318 0031 05       		.uleb128 0x5
 319 0032 49       		.uleb128 0x49
 320 0033 13       		.uleb128 0x13
 321 0034 00       		.byte	0
 322 0035 00       		.byte	0
 323 0036 05       		.uleb128 0x5
 324 0037 35       		.uleb128 0x35
 325 0038 00       		.byte	0
 326 0039 49       		.uleb128 0x49
 327 003a 13       		.uleb128 0x13
 328 003b 00       		.byte	0
 329 003c 00       		.byte	0
 330 003d 06       		.uleb128 0x6
 331 003e 2E       		.uleb128 0x2e
 332 003f 00       		.byte	0
 333 0040 3F       		.uleb128 0x3f
 334 0041 19       		.uleb128 0x19
 335 0042 03       		.uleb128 0x3
 336 0043 0E       		.uleb128 0xe
 337 0044 3A       		.uleb128 0x3a
 338 0045 0B       		.uleb128 0xb
 339 0046 3B       		.uleb128 0x3b
ARM GAS  C:\Users\User\AppData\Local\Temp\ccMAPjz1.s 			page 11


 340 0047 0B       		.uleb128 0xb
 341 0048 27       		.uleb128 0x27
 342 0049 19       		.uleb128 0x19
 343 004a 11       		.uleb128 0x11
 344 004b 01       		.uleb128 0x1
 345 004c 12       		.uleb128 0x12
 346 004d 06       		.uleb128 0x6
 347 004e 40       		.uleb128 0x40
 348 004f 18       		.uleb128 0x18
 349 0050 9642     		.uleb128 0x2116
 350 0052 19       		.uleb128 0x19
 351 0053 00       		.byte	0
 352 0054 00       		.byte	0
 353 0055 07       		.uleb128 0x7
 354 0056 2E       		.uleb128 0x2e
 355 0057 00       		.byte	0
 356 0058 3F       		.uleb128 0x3f
 357 0059 19       		.uleb128 0x19
 358 005a 03       		.uleb128 0x3
 359 005b 0E       		.uleb128 0xe
 360 005c 3A       		.uleb128 0x3a
 361 005d 0B       		.uleb128 0xb
 362 005e 3B       		.uleb128 0x3b
 363 005f 0B       		.uleb128 0xb
 364 0060 27       		.uleb128 0x27
 365 0061 19       		.uleb128 0x19
 366 0062 11       		.uleb128 0x11
 367 0063 01       		.uleb128 0x1
 368 0064 12       		.uleb128 0x12
 369 0065 06       		.uleb128 0x6
 370 0066 40       		.uleb128 0x40
 371 0067 18       		.uleb128 0x18
 372 0068 9742     		.uleb128 0x2117
 373 006a 19       		.uleb128 0x19
 374 006b 00       		.byte	0
 375 006c 00       		.byte	0
 376 006d 08       		.uleb128 0x8
 377 006e 34       		.uleb128 0x34
 378 006f 00       		.byte	0
 379 0070 03       		.uleb128 0x3
 380 0071 0E       		.uleb128 0xe
 381 0072 3A       		.uleb128 0x3a
 382 0073 0B       		.uleb128 0xb
 383 0074 3B       		.uleb128 0x3b
 384 0075 0B       		.uleb128 0xb
 385 0076 49       		.uleb128 0x49
 386 0077 13       		.uleb128 0x13
 387 0078 3F       		.uleb128 0x3f
 388 0079 19       		.uleb128 0x19
 389 007a 3C       		.uleb128 0x3c
 390 007b 19       		.uleb128 0x19
 391 007c 00       		.byte	0
 392 007d 00       		.byte	0
 393 007e 00       		.byte	0
 394              		.section	.debug_aranges,"",%progbits
 395 0000 34000000 		.4byte	0x34
 396 0004 0200     		.2byte	0x2
ARM GAS  C:\Users\User\AppData\Local\Temp\ccMAPjz1.s 			page 12


 397 0006 00000000 		.4byte	.Ldebug_info0
 398 000a 04       		.byte	0x4
 399 000b 00       		.byte	0
 400 000c 0000     		.2byte	0
 401 000e 0000     		.2byte	0
 402 0010 00000000 		.4byte	.LFB0
 403 0014 18000000 		.4byte	.LFE0-.LFB0
 404 0018 00000000 		.4byte	.LFB1
 405 001c 18000000 		.4byte	.LFE1-.LFB1
 406 0020 00000000 		.4byte	.LFB2
 407 0024 0C000000 		.4byte	.LFE2-.LFB2
 408 0028 00000000 		.4byte	.LFB3
 409 002c 0C000000 		.4byte	.LFE3-.LFB3
 410 0030 00000000 		.4byte	0
 411 0034 00000000 		.4byte	0
 412              		.section	.debug_ranges,"",%progbits
 413              	.Ldebug_ranges0:
 414 0000 00000000 		.4byte	.LFB0
 415 0004 18000000 		.4byte	.LFE0
 416 0008 00000000 		.4byte	.LFB1
 417 000c 18000000 		.4byte	.LFE1
 418 0010 00000000 		.4byte	.LFB2
 419 0014 0C000000 		.4byte	.LFE2
 420 0018 00000000 		.4byte	.LFB3
 421 001c 0C000000 		.4byte	.LFE3
 422 0020 00000000 		.4byte	0
 423 0024 00000000 		.4byte	0
 424              		.section	.debug_line,"",%progbits
 425              	.Ldebug_line0:
 426 0000 B0000000 		.section	.debug_str,"MS",%progbits,1
 426      02005B00 
 426      00000201 
 426      FB0E0D00 
 426      01010101 
 427              	.LASF6:
 428 0000 6C6F6E67 		.ascii	"long long int\000"
 428      206C6F6E 
 428      6720696E 
 428      7400
 429              	.LASF8:
 430 000e 756E7369 		.ascii	"unsigned int\000"
 430      676E6564 
 430      20696E74 
 430      00
 431              	.LASF20:
 432 001b 75696E74 		.ascii	"uint8\000"
 432      3800
 433              	.LASF5:
 434 0021 6C6F6E67 		.ascii	"long unsigned int\000"
 434      20756E73 
 434      69676E65 
 434      6420696E 
 434      7400
 435              	.LASF7:
 436 0033 6C6F6E67 		.ascii	"long long unsigned int\000"
 436      206C6F6E 
 436      6720756E 
ARM GAS  C:\Users\User\AppData\Local\Temp\ccMAPjz1.s 			page 13


 436      7369676E 
 436      65642069 
 437              	.LASF13:
 438 004a 4144435F 		.ascii	"ADC_DelSig_ISR1\000"
 438      44656C53 
 438      69675F49 
 438      53523100 
 439              	.LASF14:
 440 005a 4144435F 		.ascii	"ADC_DelSig_ISR2\000"
 440      44656C53 
 440      69675F49 
 440      53523200 
 441              	.LASF15:
 442 006a 4144435F 		.ascii	"ADC_DelSig_ISR3\000"
 442      44656C53 
 442      69675F49 
 442      53523300 
 443              	.LASF16:
 444 007a 4144435F 		.ascii	"ADC_DelSig_ISR4\000"
 444      44656C53 
 444      69675F49 
 444      53523400 
 445              	.LASF11:
 446 008a 63686172 		.ascii	"char\000"
 446      00
 447              	.LASF1:
 448 008f 756E7369 		.ascii	"unsigned char\000"
 448      676E6564 
 448      20636861 
 448      7200
 449              	.LASF17:
 450 009d 474E5520 		.ascii	"GNU C99 5.4.1 20160609 (release) [ARM/embedded-5-br"
 450      43393920 
 450      352E342E 
 450      31203230 
 450      31363036 
 451 00d0 616E6368 		.ascii	"anch revision 237715] -mcpu=cortex-m3 -mthumb -g -O"
 451      20726576 
 451      6973696F 
 451      6E203233 
 451      37373135 
 452 0103 30202D73 		.ascii	"0 -std=gnu99 -ffunction-sections -ffat-lto-objects\000"
 452      74643D67 
 452      6E753939 
 452      202D6666 
 452      756E6374 
 453              	.LASF21:
 454 0136 4144435F 		.ascii	"ADC_DelSig_convDone\000"
 454      44656C53 
 454      69675F63 
 454      6F6E7644 
 454      6F6E6500 
 455              	.LASF4:
 456 014a 6C6F6E67 		.ascii	"long int\000"
 456      20696E74 
 456      00
 457              	.LASF19:
ARM GAS  C:\Users\User\AppData\Local\Temp\ccMAPjz1.s 			page 14


 458 0153 433A5C55 		.ascii	"C:\\Users\\User\\Dropbox\\67 PSOC\\PSoC-Potentiosta"
 458      73657273 
 458      5C557365 
 458      725C4472 
 458      6F70626F 
 459 0181 745C4269 		.ascii	"t\\Biosensor.cydsn\000"
 459      6F73656E 
 459      736F722E 
 459      63796473 
 459      6E00
 460              	.LASF10:
 461 0193 646F7562 		.ascii	"double\000"
 461      6C6500
 462              	.LASF18:
 463 019a 47656E65 		.ascii	"Generated_Source\\PSoC5\\ADC_DelSig_INT.c\000"
 463      72617465 
 463      645F536F 
 463      75726365 
 463      5C50536F 
 464              	.LASF3:
 465 01c2 73686F72 		.ascii	"short unsigned int\000"
 465      7420756E 
 465      7369676E 
 465      65642069 
 465      6E7400
 466              	.LASF0:
 467 01d5 7369676E 		.ascii	"signed char\000"
 467      65642063 
 467      68617200 
 468              	.LASF9:
 469 01e1 666C6F61 		.ascii	"float\000"
 469      7400
 470              	.LASF2:
 471 01e7 73686F72 		.ascii	"short int\000"
 471      7420696E 
 471      7400
 472              	.LASF12:
 473 01f1 73697A65 		.ascii	"sizetype\000"
 473      74797065 
 473      00
 474              		.ident	"GCC: (GNU Tools for ARM Embedded Processors) 5.4.1 20160609 (release) [ARM/embedded-5-bran
