ARM GAS  C:\Users\User\AppData\Local\Temp\ccrKjwgH.s 			page 1


   1              		.syntax unified
   2              		.cpu cortex-m3
   3              		.fpu softvfp
   4              		.eabi_attribute 20, 1
   5              		.eabi_attribute 21, 1
   6              		.eabi_attribute 23, 3
   7              		.eabi_attribute 24, 1
   8              		.eabi_attribute 25, 1
   9              		.eabi_attribute 26, 1
  10              		.eabi_attribute 30, 6
  11              		.eabi_attribute 34, 1
  12              		.eabi_attribute 18, 4
  13              		.thumb
  14              		.syntax unified
  15              		.file	"dac.c"
  16              		.text
  17              	.Ltext0:
  18              		.cfi_sections	.debug_frame
  19              		.comm	buffer,64,4
  20              		.comm	calibrate_array,20,4
  21              		.global	__aeabi_dmul
  22              		.global	__aeabi_i2d
  23              		.global	__aeabi_dadd
  24              		.global	__aeabi_ddiv
  25              		.global	__aeabi_d2uiz
  26              		.global	__aeabi_d2iz
  27              		.section	.rodata
  28              		.align	2
  29              	.LC0:
  30 0000 52657175 		.ascii	"Requested Voltage=%dmV Working Electrode=%dmV Adc S"
  30      65737465 
  30      6420566F 
  30      6C746167 
  30      653D2564 
  31 0033 65747469 		.ascii	"etting=%d\000"
  31      6E673D25 
  31      6400
  32              		.section	.text.dac_Volts2adc,"ax",%progbits
  33              		.align	2
  34              		.global	dac_Volts2adc
  35              		.thumb
  36              		.thumb_func
  37              		.type	dac_Volts2adc, %function
  38              	dac_Volts2adc:
  39              	.LFB64:
  40              		.file 1 "dac.c"
   1:dac.c         **** /*********************************************************************************
   2:dac.c         **** * File Name: DAC.c
   3:dac.c         **** * Description: simple handler for the 8-BIT
   4:dac.c         **** *
   5:dac.c         **** **********************************************************************************
   6:dac.c         **** * Copyright Highland Biosciences Ltd.
   7:dac.c         **** * Copyright Naresuan University, Phitsanulok Thailand
   8:dac.c         **** * Released under Creative Commons Attribution-ShareAlike  3.0 (CC BY-SA 3.0 US)
   9:dac.c         **** *********************************************************************************/
  10:dac.c         **** #include <ctype.h> 
  11:dac.c         **** #include <main.h>
ARM GAS  C:\Users\User\AppData\Local\Temp\ccrKjwgH.s 			page 2


  12:dac.c         **** 
  13:dac.c         **** /******************************************************************************
  14:dac.c         **** * Function Name: dac_volts2adc
  15:dac.c         **** *******************************************************************************
  16:dac.c         **** *
  17:dac.c         **** * Summary: convert the voltage in millivolts to the DAC value, with the ground
  18:dac.c         **** * offset 
  19:dac.c         **** *
  20:dac.c         **** * Parameters: a string value 
  21:dac.c         **** *
  22:dac.c         **** * Global variables:
  23:dac.c         **** *
  24:dac.c         **** *******************************************************************************/
  25:dac.c         **** uint8 dac_Volts2adc(uint8_t data_buffer[])
  26:dac.c         **** {
  41              		.loc 1 26 0
  42              		.cfi_startproc
  43              		@ args = 0, pretend = 0, frame = 32
  44              		@ frame_needed = 1, uses_anonymous_args = 0
  45 0000 B0B5     		push	{r4, r5, r7, lr}
  46              		.cfi_def_cfa_offset 16
  47              		.cfi_offset 4, -16
  48              		.cfi_offset 5, -12
  49              		.cfi_offset 7, -8
  50              		.cfi_offset 14, -4
  51 0002 8AB0     		sub	sp, sp, #40
  52              		.cfi_def_cfa_offset 56
  53 0004 02AF     		add	r7, sp, #8
  54              		.cfi_def_cfa 7, 48
  55 0006 7860     		str	r0, [r7, #4]
  27:dac.c         ****     uint8_t vdac = DAC_OFFSET;
  56              		.loc 1 27 0
  57 0008 8023     		movs	r3, #128
  58 000a FB73     		strb	r3, [r7, #15]
  28:dac.c         ****     double  voltage_requested = 0;
  59              		.loc 1 28 0
  60 000c 4FF00003 		mov	r3, #0
  61 0010 4FF00004 		mov	r4, #0
  62 0014 C7E90634 		strd	r3, [r7, #24]
  29:dac.c         ****     
  30:dac.c         ****     if (data_buffer[2] == 45)   
  63              		.loc 1 30 0
  64 0018 7B68     		ldr	r3, [r7, #4]
  65 001a 0233     		adds	r3, r3, #2
  66 001c 1B78     		ldrb	r3, [r3]	@ zero_extendqisi2
  67 001e 2D2B     		cmp	r3, #45
  68 0020 38D1     		bne	.L2
  69              	.LBB2:
  31:dac.c         ****     {
  32:dac.c         ****         for (int i = 3; i < 8; i++)
  70              		.loc 1 32 0
  71 0022 0323     		movs	r3, #3
  72 0024 7B61     		str	r3, [r7, #20]
  73 0026 2BE0     		b	.L3
  74              	.L5:
  33:dac.c         ****         {
  34:dac.c         ****             if(data_buffer[i] >= '0' && data_buffer[i]<= '9')
ARM GAS  C:\Users\User\AppData\Local\Temp\ccrKjwgH.s 			page 3


  75              		.loc 1 34 0
  76 0028 7B69     		ldr	r3, [r7, #20]
  77 002a 7A68     		ldr	r2, [r7, #4]
  78 002c 1344     		add	r3, r3, r2
  79 002e 1B78     		ldrb	r3, [r3]	@ zero_extendqisi2
  80 0030 2F2B     		cmp	r3, #47
  81 0032 22D9     		bls	.L4
  82              		.loc 1 34 0 is_stmt 0 discriminator 1
  83 0034 7B69     		ldr	r3, [r7, #20]
  84 0036 7A68     		ldr	r2, [r7, #4]
  85 0038 1344     		add	r3, r3, r2
  86 003a 1B78     		ldrb	r3, [r3]	@ zero_extendqisi2
  87 003c 392B     		cmp	r3, #57
  88 003e 1CD8     		bhi	.L4
  35:dac.c         ****                 {
  36:dac.c         ****                 voltage_requested = voltage_requested * 10 + (data_buffer[i] - '0');
  89              		.loc 1 36 0 is_stmt 1
  90 0040 4FF00002 		mov	r2, #0
  91 0044 494B     		ldr	r3, .L11
  92 0046 D7E90601 		ldrd	r0, [r7, #24]
  93 004a FFF7FEFF 		bl	__aeabi_dmul
  94 004e 0346     		mov	r3, r0
  95 0050 0C46     		mov	r4, r1
  96 0052 2546     		mov	r5, r4
  97 0054 1C46     		mov	r4, r3
  98 0056 7B69     		ldr	r3, [r7, #20]
  99 0058 7A68     		ldr	r2, [r7, #4]
 100 005a 1344     		add	r3, r3, r2
 101 005c 1B78     		ldrb	r3, [r3]	@ zero_extendqisi2
 102 005e 303B     		subs	r3, r3, #48
 103 0060 1846     		mov	r0, r3
 104 0062 FFF7FEFF 		bl	__aeabi_i2d
 105 0066 0246     		mov	r2, r0
 106 0068 0B46     		mov	r3, r1
 107 006a 2046     		mov	r0, r4
 108 006c 2946     		mov	r1, r5
 109 006e FFF7FEFF 		bl	__aeabi_dadd
 110 0072 0346     		mov	r3, r0
 111 0074 0C46     		mov	r4, r1
 112 0076 C7E90634 		strd	r3, [r7, #24]
 113              	.L4:
  32:dac.c         ****         {
 114              		.loc 1 32 0 discriminator 2
 115 007a 7B69     		ldr	r3, [r7, #20]
 116 007c 0133     		adds	r3, r3, #1
 117 007e 7B61     		str	r3, [r7, #20]
 118              	.L3:
  32:dac.c         ****         {
 119              		.loc 1 32 0 is_stmt 0 discriminator 1
 120 0080 7B69     		ldr	r3, [r7, #20]
 121 0082 072B     		cmp	r3, #7
 122 0084 D0DD     		ble	.L5
 123              	.LBE2:
  37:dac.c         ****                 }
  38:dac.c         ****         }  
  39:dac.c         ****         
  40:dac.c         ****         voltage_requested = -(voltage_requested);
ARM GAS  C:\Users\User\AppData\Local\Temp\ccrKjwgH.s 			page 4


 124              		.loc 1 40 0 is_stmt 1
 125 0086 BB69     		ldr	r3, [r7, #24]
 126 0088 BB61     		str	r3, [r7, #24]
 127 008a FB69     		ldr	r3, [r7, #28]
 128 008c 83F00043 		eor	r3, r3, #-2147483648
 129 0090 FB61     		str	r3, [r7, #28]
 130 0092 31E0     		b	.L6
 131              	.L2:
 132              	.LBB3:
  41:dac.c         ****     } 
  42:dac.c         ****     else 
  43:dac.c         ****     {
  44:dac.c         ****         for (int i = 2; i < 7; i++)
 133              		.loc 1 44 0
 134 0094 0223     		movs	r3, #2
 135 0096 3B61     		str	r3, [r7, #16]
 136 0098 2BE0     		b	.L7
 137              	.L9:
  45:dac.c         ****         {
  46:dac.c         ****             if(data_buffer[i] >= '0' && data_buffer[i]<='9')
 138              		.loc 1 46 0
 139 009a 3B69     		ldr	r3, [r7, #16]
 140 009c 7A68     		ldr	r2, [r7, #4]
 141 009e 1344     		add	r3, r3, r2
 142 00a0 1B78     		ldrb	r3, [r3]	@ zero_extendqisi2
 143 00a2 2F2B     		cmp	r3, #47
 144 00a4 22D9     		bls	.L8
 145              		.loc 1 46 0 is_stmt 0 discriminator 1
 146 00a6 3B69     		ldr	r3, [r7, #16]
 147 00a8 7A68     		ldr	r2, [r7, #4]
 148 00aa 1344     		add	r3, r3, r2
 149 00ac 1B78     		ldrb	r3, [r3]	@ zero_extendqisi2
 150 00ae 392B     		cmp	r3, #57
 151 00b0 1CD8     		bhi	.L8
  47:dac.c         ****             {
  48:dac.c         ****                 voltage_requested = voltage_requested * 10 + (data_buffer[i] - '0');
 152              		.loc 1 48 0 is_stmt 1
 153 00b2 4FF00002 		mov	r2, #0
 154 00b6 2D4B     		ldr	r3, .L11
 155 00b8 D7E90601 		ldrd	r0, [r7, #24]
 156 00bc FFF7FEFF 		bl	__aeabi_dmul
 157 00c0 0346     		mov	r3, r0
 158 00c2 0C46     		mov	r4, r1
 159 00c4 2546     		mov	r5, r4
 160 00c6 1C46     		mov	r4, r3
 161 00c8 3B69     		ldr	r3, [r7, #16]
 162 00ca 7A68     		ldr	r2, [r7, #4]
 163 00cc 1344     		add	r3, r3, r2
 164 00ce 1B78     		ldrb	r3, [r3]	@ zero_extendqisi2
 165 00d0 303B     		subs	r3, r3, #48
 166 00d2 1846     		mov	r0, r3
 167 00d4 FFF7FEFF 		bl	__aeabi_i2d
 168 00d8 0246     		mov	r2, r0
 169 00da 0B46     		mov	r3, r1
 170 00dc 2046     		mov	r0, r4
 171 00de 2946     		mov	r1, r5
 172 00e0 FFF7FEFF 		bl	__aeabi_dadd
ARM GAS  C:\Users\User\AppData\Local\Temp\ccrKjwgH.s 			page 5


 173 00e4 0346     		mov	r3, r0
 174 00e6 0C46     		mov	r4, r1
 175 00e8 C7E90634 		strd	r3, [r7, #24]
 176              	.L8:
  44:dac.c         ****         {
 177              		.loc 1 44 0 discriminator 2
 178 00ec 3B69     		ldr	r3, [r7, #16]
 179 00ee 0133     		adds	r3, r3, #1
 180 00f0 3B61     		str	r3, [r7, #16]
 181              	.L7:
  44:dac.c         ****         {
 182              		.loc 1 44 0 is_stmt 0 discriminator 1
 183 00f2 3B69     		ldr	r3, [r7, #16]
 184 00f4 062B     		cmp	r3, #6
 185 00f6 D0DD     		ble	.L9
 186              	.L6:
 187              	.LBE3:
  49:dac.c         ****             }
  50:dac.c         ****         }  
  51:dac.c         ****     }
  52:dac.c         ****       
  53:dac.c         ****     vdac  = (uint8_t)round((voltage_requested / DAC_RESOLUTION) + DAC_OFFSET);
 188              		.loc 1 53 0 is_stmt 1
 189 00f8 4FF00002 		mov	r2, #0
 190 00fc 1C4B     		ldr	r3, .L11+4
 191 00fe D7E90601 		ldrd	r0, [r7, #24]
 192 0102 FFF7FEFF 		bl	__aeabi_ddiv
 193 0106 0346     		mov	r3, r0
 194 0108 0C46     		mov	r4, r1
 195 010a 1846     		mov	r0, r3
 196 010c 2146     		mov	r1, r4
 197 010e 4FF00002 		mov	r2, #0
 198 0112 184B     		ldr	r3, .L11+8
 199 0114 FFF7FEFF 		bl	__aeabi_dadd
 200 0118 0346     		mov	r3, r0
 201 011a 0C46     		mov	r4, r1
 202 011c 1846     		mov	r0, r3
 203 011e 2146     		mov	r1, r4
 204 0120 FFF7FEFF 		bl	round
 205 0124 0346     		mov	r3, r0
 206 0126 0C46     		mov	r4, r1
 207 0128 1846     		mov	r0, r3
 208 012a 2146     		mov	r1, r4
 209 012c FFF7FEFF 		bl	__aeabi_d2uiz
 210 0130 0346     		mov	r3, r0
 211 0132 FB73     		strb	r3, [r7, #15]
  54:dac.c         ****      
  55:dac.c         ****     snprintf((char *)TX_Data, USBUART_BUFFER_SIZE, "Requested Voltage=%dmV Working Electrode=%dmV A
 212              		.loc 1 55 0
 213 0134 D7E90601 		ldrd	r0, [r7, #24]
 214 0138 FFF7FEFF 		bl	__aeabi_d2iz
 215 013c 0146     		mov	r1, r0
 216 013e 0E4B     		ldr	r3, .L11+12
 217 0140 B3F90030 		ldrsh	r3, [r3]
 218 0144 1A46     		mov	r2, r3
 219 0146 FB7B     		ldrb	r3, [r7, #15]	@ zero_extendqisi2
 220 0148 0193     		str	r3, [sp, #4]
ARM GAS  C:\Users\User\AppData\Local\Temp\ccrKjwgH.s 			page 6


 221 014a 0092     		str	r2, [sp]
 222 014c 0B46     		mov	r3, r1
 223 014e 0B4A     		ldr	r2, .L11+16
 224 0150 4021     		movs	r1, #64
 225 0152 0B48     		ldr	r0, .L11+20
 226 0154 FFF7FEFF 		bl	snprintf
  56:dac.c         ****  
  57:dac.c         ****     USB_send (TX_Data, USBUART_BUFFER_SIZE ) ;
 227              		.loc 1 57 0
 228 0158 4021     		movs	r1, #64
 229 015a 0948     		ldr	r0, .L11+20
 230 015c FFF7FEFF 		bl	USB_send
  58:dac.c         ****     
  59:dac.c         ****     
  60:dac.c         ****     return vdac;
 231              		.loc 1 60 0
 232 0160 FB7B     		ldrb	r3, [r7, #15]	@ zero_extendqisi2
  61:dac.c         **** }
 233              		.loc 1 61 0
 234 0162 1846     		mov	r0, r3
 235 0164 2037     		adds	r7, r7, #32
 236              		.cfi_def_cfa_offset 16
 237 0166 BD46     		mov	sp, r7
 238              		.cfi_def_cfa_register 13
 239              		@ sp needed
 240 0168 B0BD     		pop	{r4, r5, r7, pc}
 241              	.L12:
 242 016a 00BF     		.align	2
 243              	.L11:
 244 016c 00002440 		.word	1076101120
 245 0170 00003040 		.word	1076887552
 246 0174 00006040 		.word	1080033280
 247 0178 00000000 		.word	voltage
 248 017c 00000000 		.word	.LC0
 249 0180 00000000 		.word	TX_Data
 250              		.cfi_endproc
 251              	.LFE64:
 252              		.size	dac_Volts2adc, .-dac_Volts2adc
 253              		.section	.text.dac_Setvalue,"ax",%progbits
 254              		.align	2
 255              		.global	dac_Setvalue
 256              		.thumb
 257              		.thumb_func
 258              		.type	dac_Setvalue, %function
 259              	dac_Setvalue:
 260              	.LFB65:
  62:dac.c         **** 
  63:dac.c         **** /******************************************************************************
  64:dac.c         **** * Function Name: dac_Setvalue
  65:dac.c         **** *******************************************************************************
  66:dac.c         **** *
  67:dac.c         **** * Summary:
  68:dac.c         **** *  Set the value of voltage source as a 0-255 value, with 128 as 0V
  69:dac.c         **** *  resolution of 16 mV
  70:dac.c         **** *
  71:dac.c         **** * Parameters:
  72:dac.c         **** *  uint8_t vdac: 
ARM GAS  C:\Users\User\AppData\Local\Temp\ccrKjwgH.s 			page 7


  73:dac.c         **** *
  74:dac.c         **** * Global variables:
  75:dac.c         **** * 
  76:dac.c         **** *
  77:dac.c         **** *******************************************************************************/
  78:dac.c         **** void dac_Setvalue(uint8_t vdac) 
  79:dac.c         **** {         
 261              		.loc 1 79 0
 262              		.cfi_startproc
 263              		@ args = 0, pretend = 0, frame = 8
 264              		@ frame_needed = 1, uses_anonymous_args = 0
 265 0000 80B5     		push	{r7, lr}
 266              		.cfi_def_cfa_offset 8
 267              		.cfi_offset 7, -8
 268              		.cfi_offset 14, -4
 269 0002 82B0     		sub	sp, sp, #8
 270              		.cfi_def_cfa_offset 16
 271 0004 00AF     		add	r7, sp, #0
 272              		.cfi_def_cfa_register 7
 273 0006 0346     		mov	r3, r0
 274 0008 FB71     		strb	r3, [r7, #7]
  80:dac.c         ****     VDAC_Poise_SetValue(vdac);
 275              		.loc 1 80 0
 276 000a FB79     		ldrb	r3, [r7, #7]	@ zero_extendqisi2
 277 000c 1846     		mov	r0, r3
 278 000e FFF7FEFF 		bl	VDAC_Poise_SetValue
  81:dac.c         **** 
  82:dac.c         **** }
 279              		.loc 1 82 0
 280 0012 00BF     		nop
 281 0014 0837     		adds	r7, r7, #8
 282              		.cfi_def_cfa_offset 8
 283 0016 BD46     		mov	sp, r7
 284              		.cfi_def_cfa_register 13
 285              		@ sp needed
 286 0018 80BD     		pop	{r7, pc}
 287              		.cfi_endproc
 288              	.LFE65:
 289              		.size	dac_Setvalue, .-dac_Setvalue
 290 001a 00BF     		.text
 291              	.Letext0:
 292              		.file 2 "c:\\program files (x86)\\cypress\\psoc creator\\4.4\\psoc creator\\import\\gnu\\arm\\5.4.
 293              		.file 3 "c:\\program files (x86)\\cypress\\psoc creator\\4.4\\psoc creator\\import\\gnu\\arm\\5.4.
 294              		.file 4 "Generated_Source\\PSoC5/cytypes.h"
 295              		.file 5 "Generated_Source\\PSoC5/core_cm3.h"
 296              		.file 6 "./globals.h"
 297              		.file 7 "./calibrate.h"
 298              		.file 8 "./main.h"
 299              		.section	.debug_info,"",%progbits
 300              	.Ldebug_info0:
 301 0000 23020000 		.4byte	0x223
 302 0004 0400     		.2byte	0x4
 303 0006 00000000 		.4byte	.Ldebug_abbrev0
 304 000a 04       		.byte	0x4
 305 000b 01       		.uleb128 0x1
 306 000c EE000000 		.4byte	.LASF30
 307 0010 0C       		.byte	0xc
ARM GAS  C:\Users\User\AppData\Local\Temp\ccrKjwgH.s 			page 8


 308 0011 35000000 		.4byte	.LASF31
 309 0015 54000000 		.4byte	.LASF32
 310 0019 00000000 		.4byte	.Ldebug_ranges0+0
 311 001d 00000000 		.4byte	0
 312 0021 00000000 		.4byte	.Ldebug_line0
 313 0025 02       		.uleb128 0x2
 314 0026 01       		.byte	0x1
 315 0027 06       		.byte	0x6
 316 0028 3C020000 		.4byte	.LASF0
 317 002c 03       		.uleb128 0x3
 318 002d 17000000 		.4byte	.LASF2
 319 0031 02       		.byte	0x2
 320 0032 1D       		.byte	0x1d
 321 0033 37000000 		.4byte	0x37
 322 0037 02       		.uleb128 0x2
 323 0038 01       		.byte	0x1
 324 0039 08       		.byte	0x8
 325 003a 46000000 		.4byte	.LASF1
 326 003e 03       		.uleb128 0x3
 327 003f 21000000 		.4byte	.LASF3
 328 0043 02       		.byte	0x2
 329 0044 29       		.byte	0x29
 330 0045 49000000 		.4byte	0x49
 331 0049 02       		.uleb128 0x2
 332 004a 02       		.byte	0x2
 333 004b 05       		.byte	0x5
 334 004c 03020000 		.4byte	.LASF4
 335 0050 02       		.uleb128 0x2
 336 0051 02       		.byte	0x2
 337 0052 07       		.byte	0x7
 338 0053 A6000000 		.4byte	.LASF5
 339 0057 03       		.uleb128 0x3
 340 0058 2B000000 		.4byte	.LASF6
 341 005c 02       		.byte	0x2
 342 005d 3F       		.byte	0x3f
 343 005e 62000000 		.4byte	0x62
 344 0062 02       		.uleb128 0x2
 345 0063 04       		.byte	0x4
 346 0064 05       		.byte	0x5
 347 0065 27020000 		.4byte	.LASF7
 348 0069 02       		.uleb128 0x2
 349 006a 04       		.byte	0x4
 350 006b 07       		.byte	0x7
 351 006c 94000000 		.4byte	.LASF8
 352 0070 02       		.uleb128 0x2
 353 0071 08       		.byte	0x8
 354 0072 05       		.byte	0x5
 355 0073 E0010000 		.4byte	.LASF9
 356 0077 02       		.uleb128 0x2
 357 0078 08       		.byte	0x8
 358 0079 07       		.byte	0x7
 359 007a 94010000 		.4byte	.LASF10
 360 007e 04       		.uleb128 0x4
 361 007f 04       		.byte	0x4
 362 0080 05       		.byte	0x5
 363 0081 696E7400 		.ascii	"int\000"
 364 0085 02       		.uleb128 0x2
ARM GAS  C:\Users\User\AppData\Local\Temp\ccrKjwgH.s 			page 9


 365 0086 04       		.byte	0x4
 366 0087 07       		.byte	0x7
 367 0088 87010000 		.4byte	.LASF11
 368 008c 03       		.uleb128 0x3
 369 008d AB010000 		.4byte	.LASF12
 370 0091 03       		.byte	0x3
 371 0092 18       		.byte	0x18
 372 0093 2C000000 		.4byte	0x2c
 373 0097 03       		.uleb128 0x3
 374 0098 BB010000 		.4byte	.LASF13
 375 009c 03       		.byte	0x3
 376 009d 20       		.byte	0x20
 377 009e 3E000000 		.4byte	0x3e
 378 00a2 03       		.uleb128 0x3
 379 00a3 CF010000 		.4byte	.LASF14
 380 00a7 03       		.byte	0x3
 381 00a8 2C       		.byte	0x2c
 382 00a9 57000000 		.4byte	0x57
 383 00ad 05       		.uleb128 0x5
 384 00ae 14020000 		.4byte	.LASF15
 385 00b2 04       		.byte	0x4
 386 00b3 E901     		.2byte	0x1e9
 387 00b5 37000000 		.4byte	0x37
 388 00b9 02       		.uleb128 0x2
 389 00ba 04       		.byte	0x4
 390 00bb 04       		.byte	0x4
 391 00bc 3B000000 		.4byte	.LASF16
 392 00c0 02       		.uleb128 0x2
 393 00c1 08       		.byte	0x8
 394 00c2 04       		.byte	0x4
 395 00c3 E7000000 		.4byte	.LASF17
 396 00c7 02       		.uleb128 0x2
 397 00c8 01       		.byte	0x1
 398 00c9 08       		.byte	0x8
 399 00ca EE010000 		.4byte	.LASF18
 400 00ce 02       		.uleb128 0x2
 401 00cf 04       		.byte	0x4
 402 00d0 07       		.byte	0x7
 403 00d1 D7010000 		.4byte	.LASF19
 404 00d5 02       		.uleb128 0x2
 405 00d6 08       		.byte	0x8
 406 00d7 04       		.byte	0x4
 407 00d8 30020000 		.4byte	.LASF20
 408 00dc 06       		.uleb128 0x6
 409 00dd B9000000 		.4byte	.LASF33
 410 00e1 14       		.byte	0x14
 411 00e2 07       		.byte	0x7
 412 00e3 1D       		.byte	0x1d
 413 00e4 FF000000 		.4byte	0xff
 414 00e8 07       		.uleb128 0x7
 415 00e9 75736200 		.ascii	"usb\000"
 416 00ed 07       		.byte	0x7
 417 00ee 1E       		.byte	0x1e
 418 00ef FF000000 		.4byte	0xff
 419 00f3 08       		.uleb128 0x8
 420 00f4 41000000 		.4byte	.LASF21
 421 00f8 07       		.byte	0x7
ARM GAS  C:\Users\User\AppData\Local\Temp\ccrKjwgH.s 			page 10


 422 00f9 1F       		.byte	0x1f
 423 00fa 0F010000 		.4byte	0x10f
 424 00fe 00       		.byte	0
 425 00ff 09       		.uleb128 0x9
 426 0100 8C000000 		.4byte	0x8c
 427 0104 0F010000 		.4byte	0x10f
 428 0108 0A       		.uleb128 0xa
 429 0109 CE000000 		.4byte	0xce
 430 010d 13       		.byte	0x13
 431 010e 00       		.byte	0
 432 010f 09       		.uleb128 0x9
 433 0110 97000000 		.4byte	0x97
 434 0114 1F010000 		.4byte	0x11f
 435 0118 0A       		.uleb128 0xa
 436 0119 CE000000 		.4byte	0xce
 437 011d 09       		.byte	0x9
 438 011e 00       		.byte	0
 439 011f 0B       		.uleb128 0xb
 440 0120 48020000 		.4byte	.LASF34
 441 0124 01       		.byte	0x1
 442 0125 19       		.byte	0x19
 443 0126 AD000000 		.4byte	0xad
 444 012a 00000000 		.4byte	.LFB64
 445 012e 84010000 		.4byte	.LFE64-.LFB64
 446 0132 01       		.uleb128 0x1
 447 0133 9C       		.byte	0x9c
 448 0134 93010000 		.4byte	0x193
 449 0138 0C       		.uleb128 0xc
 450 0139 C3010000 		.4byte	.LASF24
 451 013d 01       		.byte	0x1
 452 013e 19       		.byte	0x19
 453 013f 93010000 		.4byte	0x193
 454 0143 02       		.uleb128 0x2
 455 0144 91       		.byte	0x91
 456 0145 54       		.sleb128 -44
 457 0146 0D       		.uleb128 0xd
 458 0147 00000000 		.4byte	.LASF22
 459 014b 01       		.byte	0x1
 460 014c 1B       		.byte	0x1b
 461 014d 8C000000 		.4byte	0x8c
 462 0151 02       		.uleb128 0x2
 463 0152 91       		.byte	0x91
 464 0153 5F       		.sleb128 -33
 465 0154 0D       		.uleb128 0xd
 466 0155 05000000 		.4byte	.LASF23
 467 0159 01       		.byte	0x1
 468 015a 1C       		.byte	0x1c
 469 015b C0000000 		.4byte	0xc0
 470 015f 02       		.uleb128 0x2
 471 0160 91       		.byte	0x91
 472 0161 68       		.sleb128 -24
 473 0162 0E       		.uleb128 0xe
 474 0163 22000000 		.4byte	.LBB2
 475 0167 64000000 		.4byte	.LBE2-.LBB2
 476 016b 7C010000 		.4byte	0x17c
 477 016f 0F       		.uleb128 0xf
 478 0170 6900     		.ascii	"i\000"
ARM GAS  C:\Users\User\AppData\Local\Temp\ccrKjwgH.s 			page 11


 479 0172 01       		.byte	0x1
 480 0173 20       		.byte	0x20
 481 0174 7E000000 		.4byte	0x7e
 482 0178 02       		.uleb128 0x2
 483 0179 91       		.byte	0x91
 484 017a 64       		.sleb128 -28
 485 017b 00       		.byte	0
 486 017c 10       		.uleb128 0x10
 487 017d 94000000 		.4byte	.LBB3
 488 0181 64000000 		.4byte	.LBE3-.LBB3
 489 0185 0F       		.uleb128 0xf
 490 0186 6900     		.ascii	"i\000"
 491 0188 01       		.byte	0x1
 492 0189 2C       		.byte	0x2c
 493 018a 7E000000 		.4byte	0x7e
 494 018e 02       		.uleb128 0x2
 495 018f 91       		.byte	0x91
 496 0190 60       		.sleb128 -32
 497 0191 00       		.byte	0
 498 0192 00       		.byte	0
 499 0193 11       		.uleb128 0x11
 500 0194 04       		.byte	0x4
 501 0195 8C000000 		.4byte	0x8c
 502 0199 12       		.uleb128 0x12
 503 019a 1A020000 		.4byte	.LASF35
 504 019e 01       		.byte	0x1
 505 019f 4E       		.byte	0x4e
 506 01a0 00000000 		.4byte	.LFB65
 507 01a4 1A000000 		.4byte	.LFE65-.LFB65
 508 01a8 01       		.uleb128 0x1
 509 01a9 9C       		.byte	0x9c
 510 01aa BD010000 		.4byte	0x1bd
 511 01ae 0C       		.uleb128 0xc
 512 01af 00000000 		.4byte	.LASF22
 513 01b3 01       		.byte	0x1
 514 01b4 4E       		.byte	0x4e
 515 01b5 8C000000 		.4byte	0x8c
 516 01b9 02       		.uleb128 0x2
 517 01ba 91       		.byte	0x91
 518 01bb 77       		.sleb128 -9
 519 01bc 00       		.byte	0
 520 01bd 13       		.uleb128 0x13
 521 01be DA000000 		.4byte	.LASF25
 522 01c2 05       		.byte	0x5
 523 01c3 1207     		.2byte	0x712
 524 01c5 C9010000 		.4byte	0x1c9
 525 01c9 14       		.uleb128 0x14
 526 01ca A2000000 		.4byte	0xa2
 527 01ce 09       		.uleb128 0x9
 528 01cf AD000000 		.4byte	0xad
 529 01d3 DE010000 		.4byte	0x1de
 530 01d7 0A       		.uleb128 0xa
 531 01d8 CE000000 		.4byte	0xce
 532 01dc 3F       		.byte	0x3f
 533 01dd 00       		.byte	0
 534 01de 15       		.uleb128 0x15
 535 01df 0D020000 		.4byte	.LASF26
ARM GAS  C:\Users\User\AppData\Local\Temp\ccrKjwgH.s 			page 12


 536 01e3 06       		.byte	0x6
 537 01e4 50       		.byte	0x50
 538 01e5 CE010000 		.4byte	0x1ce
 539 01e9 05       		.uleb128 0x5
 540 01ea 03       		.byte	0x3
 541 01eb 00000000 		.4byte	buffer
 542 01ef 16       		.uleb128 0x16
 543 01f0 D2000000 		.4byte	.LASF27
 544 01f4 06       		.byte	0x6
 545 01f5 68       		.byte	0x68
 546 01f6 97000000 		.4byte	0x97
 547 01fa 15       		.uleb128 0x15
 548 01fb F3010000 		.4byte	.LASF28
 549 01ff 07       		.byte	0x7
 550 0200 21       		.byte	0x21
 551 0201 DC000000 		.4byte	0xdc
 552 0205 05       		.uleb128 0x5
 553 0206 03       		.byte	0x3
 554 0207 00000000 		.4byte	calibrate_array
 555 020b 09       		.uleb128 0x9
 556 020c 8C000000 		.4byte	0x8c
 557 0210 1B020000 		.4byte	0x21b
 558 0214 0A       		.uleb128 0xa
 559 0215 CE000000 		.4byte	0xce
 560 0219 3F       		.byte	0x3f
 561 021a 00       		.byte	0
 562 021b 16       		.uleb128 0x16
 563 021c B3010000 		.4byte	.LASF29
 564 0220 08       		.byte	0x8
 565 0221 25       		.byte	0x25
 566 0222 0B020000 		.4byte	0x20b
 567 0226 00       		.byte	0
 568              		.section	.debug_abbrev,"",%progbits
 569              	.Ldebug_abbrev0:
 570 0000 01       		.uleb128 0x1
 571 0001 11       		.uleb128 0x11
 572 0002 01       		.byte	0x1
 573 0003 25       		.uleb128 0x25
 574 0004 0E       		.uleb128 0xe
 575 0005 13       		.uleb128 0x13
 576 0006 0B       		.uleb128 0xb
 577 0007 03       		.uleb128 0x3
 578 0008 0E       		.uleb128 0xe
 579 0009 1B       		.uleb128 0x1b
 580 000a 0E       		.uleb128 0xe
 581 000b 55       		.uleb128 0x55
 582 000c 17       		.uleb128 0x17
 583 000d 11       		.uleb128 0x11
 584 000e 01       		.uleb128 0x1
 585 000f 10       		.uleb128 0x10
 586 0010 17       		.uleb128 0x17
 587 0011 00       		.byte	0
 588 0012 00       		.byte	0
 589 0013 02       		.uleb128 0x2
 590 0014 24       		.uleb128 0x24
 591 0015 00       		.byte	0
 592 0016 0B       		.uleb128 0xb
ARM GAS  C:\Users\User\AppData\Local\Temp\ccrKjwgH.s 			page 13


 593 0017 0B       		.uleb128 0xb
 594 0018 3E       		.uleb128 0x3e
 595 0019 0B       		.uleb128 0xb
 596 001a 03       		.uleb128 0x3
 597 001b 0E       		.uleb128 0xe
 598 001c 00       		.byte	0
 599 001d 00       		.byte	0
 600 001e 03       		.uleb128 0x3
 601 001f 16       		.uleb128 0x16
 602 0020 00       		.byte	0
 603 0021 03       		.uleb128 0x3
 604 0022 0E       		.uleb128 0xe
 605 0023 3A       		.uleb128 0x3a
 606 0024 0B       		.uleb128 0xb
 607 0025 3B       		.uleb128 0x3b
 608 0026 0B       		.uleb128 0xb
 609 0027 49       		.uleb128 0x49
 610 0028 13       		.uleb128 0x13
 611 0029 00       		.byte	0
 612 002a 00       		.byte	0
 613 002b 04       		.uleb128 0x4
 614 002c 24       		.uleb128 0x24
 615 002d 00       		.byte	0
 616 002e 0B       		.uleb128 0xb
 617 002f 0B       		.uleb128 0xb
 618 0030 3E       		.uleb128 0x3e
 619 0031 0B       		.uleb128 0xb
 620 0032 03       		.uleb128 0x3
 621 0033 08       		.uleb128 0x8
 622 0034 00       		.byte	0
 623 0035 00       		.byte	0
 624 0036 05       		.uleb128 0x5
 625 0037 16       		.uleb128 0x16
 626 0038 00       		.byte	0
 627 0039 03       		.uleb128 0x3
 628 003a 0E       		.uleb128 0xe
 629 003b 3A       		.uleb128 0x3a
 630 003c 0B       		.uleb128 0xb
 631 003d 3B       		.uleb128 0x3b
 632 003e 05       		.uleb128 0x5
 633 003f 49       		.uleb128 0x49
 634 0040 13       		.uleb128 0x13
 635 0041 00       		.byte	0
 636 0042 00       		.byte	0
 637 0043 06       		.uleb128 0x6
 638 0044 17       		.uleb128 0x17
 639 0045 01       		.byte	0x1
 640 0046 03       		.uleb128 0x3
 641 0047 0E       		.uleb128 0xe
 642 0048 0B       		.uleb128 0xb
 643 0049 0B       		.uleb128 0xb
 644 004a 3A       		.uleb128 0x3a
 645 004b 0B       		.uleb128 0xb
 646 004c 3B       		.uleb128 0x3b
 647 004d 0B       		.uleb128 0xb
 648 004e 01       		.uleb128 0x1
 649 004f 13       		.uleb128 0x13
ARM GAS  C:\Users\User\AppData\Local\Temp\ccrKjwgH.s 			page 14


 650 0050 00       		.byte	0
 651 0051 00       		.byte	0
 652 0052 07       		.uleb128 0x7
 653 0053 0D       		.uleb128 0xd
 654 0054 00       		.byte	0
 655 0055 03       		.uleb128 0x3
 656 0056 08       		.uleb128 0x8
 657 0057 3A       		.uleb128 0x3a
 658 0058 0B       		.uleb128 0xb
 659 0059 3B       		.uleb128 0x3b
 660 005a 0B       		.uleb128 0xb
 661 005b 49       		.uleb128 0x49
 662 005c 13       		.uleb128 0x13
 663 005d 00       		.byte	0
 664 005e 00       		.byte	0
 665 005f 08       		.uleb128 0x8
 666 0060 0D       		.uleb128 0xd
 667 0061 00       		.byte	0
 668 0062 03       		.uleb128 0x3
 669 0063 0E       		.uleb128 0xe
 670 0064 3A       		.uleb128 0x3a
 671 0065 0B       		.uleb128 0xb
 672 0066 3B       		.uleb128 0x3b
 673 0067 0B       		.uleb128 0xb
 674 0068 49       		.uleb128 0x49
 675 0069 13       		.uleb128 0x13
 676 006a 00       		.byte	0
 677 006b 00       		.byte	0
 678 006c 09       		.uleb128 0x9
 679 006d 01       		.uleb128 0x1
 680 006e 01       		.byte	0x1
 681 006f 49       		.uleb128 0x49
 682 0070 13       		.uleb128 0x13
 683 0071 01       		.uleb128 0x1
 684 0072 13       		.uleb128 0x13
 685 0073 00       		.byte	0
 686 0074 00       		.byte	0
 687 0075 0A       		.uleb128 0xa
 688 0076 21       		.uleb128 0x21
 689 0077 00       		.byte	0
 690 0078 49       		.uleb128 0x49
 691 0079 13       		.uleb128 0x13
 692 007a 2F       		.uleb128 0x2f
 693 007b 0B       		.uleb128 0xb
 694 007c 00       		.byte	0
 695 007d 00       		.byte	0
 696 007e 0B       		.uleb128 0xb
 697 007f 2E       		.uleb128 0x2e
 698 0080 01       		.byte	0x1
 699 0081 3F       		.uleb128 0x3f
 700 0082 19       		.uleb128 0x19
 701 0083 03       		.uleb128 0x3
 702 0084 0E       		.uleb128 0xe
 703 0085 3A       		.uleb128 0x3a
 704 0086 0B       		.uleb128 0xb
 705 0087 3B       		.uleb128 0x3b
 706 0088 0B       		.uleb128 0xb
ARM GAS  C:\Users\User\AppData\Local\Temp\ccrKjwgH.s 			page 15


 707 0089 27       		.uleb128 0x27
 708 008a 19       		.uleb128 0x19
 709 008b 49       		.uleb128 0x49
 710 008c 13       		.uleb128 0x13
 711 008d 11       		.uleb128 0x11
 712 008e 01       		.uleb128 0x1
 713 008f 12       		.uleb128 0x12
 714 0090 06       		.uleb128 0x6
 715 0091 40       		.uleb128 0x40
 716 0092 18       		.uleb128 0x18
 717 0093 9642     		.uleb128 0x2116
 718 0095 19       		.uleb128 0x19
 719 0096 01       		.uleb128 0x1
 720 0097 13       		.uleb128 0x13
 721 0098 00       		.byte	0
 722 0099 00       		.byte	0
 723 009a 0C       		.uleb128 0xc
 724 009b 05       		.uleb128 0x5
 725 009c 00       		.byte	0
 726 009d 03       		.uleb128 0x3
 727 009e 0E       		.uleb128 0xe
 728 009f 3A       		.uleb128 0x3a
 729 00a0 0B       		.uleb128 0xb
 730 00a1 3B       		.uleb128 0x3b
 731 00a2 0B       		.uleb128 0xb
 732 00a3 49       		.uleb128 0x49
 733 00a4 13       		.uleb128 0x13
 734 00a5 02       		.uleb128 0x2
 735 00a6 18       		.uleb128 0x18
 736 00a7 00       		.byte	0
 737 00a8 00       		.byte	0
 738 00a9 0D       		.uleb128 0xd
 739 00aa 34       		.uleb128 0x34
 740 00ab 00       		.byte	0
 741 00ac 03       		.uleb128 0x3
 742 00ad 0E       		.uleb128 0xe
 743 00ae 3A       		.uleb128 0x3a
 744 00af 0B       		.uleb128 0xb
 745 00b0 3B       		.uleb128 0x3b
 746 00b1 0B       		.uleb128 0xb
 747 00b2 49       		.uleb128 0x49
 748 00b3 13       		.uleb128 0x13
 749 00b4 02       		.uleb128 0x2
 750 00b5 18       		.uleb128 0x18
 751 00b6 00       		.byte	0
 752 00b7 00       		.byte	0
 753 00b8 0E       		.uleb128 0xe
 754 00b9 0B       		.uleb128 0xb
 755 00ba 01       		.byte	0x1
 756 00bb 11       		.uleb128 0x11
 757 00bc 01       		.uleb128 0x1
 758 00bd 12       		.uleb128 0x12
 759 00be 06       		.uleb128 0x6
 760 00bf 01       		.uleb128 0x1
 761 00c0 13       		.uleb128 0x13
 762 00c1 00       		.byte	0
 763 00c2 00       		.byte	0
ARM GAS  C:\Users\User\AppData\Local\Temp\ccrKjwgH.s 			page 16


 764 00c3 0F       		.uleb128 0xf
 765 00c4 34       		.uleb128 0x34
 766 00c5 00       		.byte	0
 767 00c6 03       		.uleb128 0x3
 768 00c7 08       		.uleb128 0x8
 769 00c8 3A       		.uleb128 0x3a
 770 00c9 0B       		.uleb128 0xb
 771 00ca 3B       		.uleb128 0x3b
 772 00cb 0B       		.uleb128 0xb
 773 00cc 49       		.uleb128 0x49
 774 00cd 13       		.uleb128 0x13
 775 00ce 02       		.uleb128 0x2
 776 00cf 18       		.uleb128 0x18
 777 00d0 00       		.byte	0
 778 00d1 00       		.byte	0
 779 00d2 10       		.uleb128 0x10
 780 00d3 0B       		.uleb128 0xb
 781 00d4 01       		.byte	0x1
 782 00d5 11       		.uleb128 0x11
 783 00d6 01       		.uleb128 0x1
 784 00d7 12       		.uleb128 0x12
 785 00d8 06       		.uleb128 0x6
 786 00d9 00       		.byte	0
 787 00da 00       		.byte	0
 788 00db 11       		.uleb128 0x11
 789 00dc 0F       		.uleb128 0xf
 790 00dd 00       		.byte	0
 791 00de 0B       		.uleb128 0xb
 792 00df 0B       		.uleb128 0xb
 793 00e0 49       		.uleb128 0x49
 794 00e1 13       		.uleb128 0x13
 795 00e2 00       		.byte	0
 796 00e3 00       		.byte	0
 797 00e4 12       		.uleb128 0x12
 798 00e5 2E       		.uleb128 0x2e
 799 00e6 01       		.byte	0x1
 800 00e7 3F       		.uleb128 0x3f
 801 00e8 19       		.uleb128 0x19
 802 00e9 03       		.uleb128 0x3
 803 00ea 0E       		.uleb128 0xe
 804 00eb 3A       		.uleb128 0x3a
 805 00ec 0B       		.uleb128 0xb
 806 00ed 3B       		.uleb128 0x3b
 807 00ee 0B       		.uleb128 0xb
 808 00ef 27       		.uleb128 0x27
 809 00f0 19       		.uleb128 0x19
 810 00f1 11       		.uleb128 0x11
 811 00f2 01       		.uleb128 0x1
 812 00f3 12       		.uleb128 0x12
 813 00f4 06       		.uleb128 0x6
 814 00f5 40       		.uleb128 0x40
 815 00f6 18       		.uleb128 0x18
 816 00f7 9642     		.uleb128 0x2116
 817 00f9 19       		.uleb128 0x19
 818 00fa 01       		.uleb128 0x1
 819 00fb 13       		.uleb128 0x13
 820 00fc 00       		.byte	0
ARM GAS  C:\Users\User\AppData\Local\Temp\ccrKjwgH.s 			page 17


 821 00fd 00       		.byte	0
 822 00fe 13       		.uleb128 0x13
 823 00ff 34       		.uleb128 0x34
 824 0100 00       		.byte	0
 825 0101 03       		.uleb128 0x3
 826 0102 0E       		.uleb128 0xe
 827 0103 3A       		.uleb128 0x3a
 828 0104 0B       		.uleb128 0xb
 829 0105 3B       		.uleb128 0x3b
 830 0106 05       		.uleb128 0x5
 831 0107 49       		.uleb128 0x49
 832 0108 13       		.uleb128 0x13
 833 0109 3F       		.uleb128 0x3f
 834 010a 19       		.uleb128 0x19
 835 010b 3C       		.uleb128 0x3c
 836 010c 19       		.uleb128 0x19
 837 010d 00       		.byte	0
 838 010e 00       		.byte	0
 839 010f 14       		.uleb128 0x14
 840 0110 35       		.uleb128 0x35
 841 0111 00       		.byte	0
 842 0112 49       		.uleb128 0x49
 843 0113 13       		.uleb128 0x13
 844 0114 00       		.byte	0
 845 0115 00       		.byte	0
 846 0116 15       		.uleb128 0x15
 847 0117 34       		.uleb128 0x34
 848 0118 00       		.byte	0
 849 0119 03       		.uleb128 0x3
 850 011a 0E       		.uleb128 0xe
 851 011b 3A       		.uleb128 0x3a
 852 011c 0B       		.uleb128 0xb
 853 011d 3B       		.uleb128 0x3b
 854 011e 0B       		.uleb128 0xb
 855 011f 49       		.uleb128 0x49
 856 0120 13       		.uleb128 0x13
 857 0121 3F       		.uleb128 0x3f
 858 0122 19       		.uleb128 0x19
 859 0123 02       		.uleb128 0x2
 860 0124 18       		.uleb128 0x18
 861 0125 00       		.byte	0
 862 0126 00       		.byte	0
 863 0127 16       		.uleb128 0x16
 864 0128 34       		.uleb128 0x34
 865 0129 00       		.byte	0
 866 012a 03       		.uleb128 0x3
 867 012b 0E       		.uleb128 0xe
 868 012c 3A       		.uleb128 0x3a
 869 012d 0B       		.uleb128 0xb
 870 012e 3B       		.uleb128 0x3b
 871 012f 0B       		.uleb128 0xb
 872 0130 49       		.uleb128 0x49
 873 0131 13       		.uleb128 0x13
 874 0132 3F       		.uleb128 0x3f
 875 0133 19       		.uleb128 0x19
 876 0134 3C       		.uleb128 0x3c
 877 0135 19       		.uleb128 0x19
ARM GAS  C:\Users\User\AppData\Local\Temp\ccrKjwgH.s 			page 18


 878 0136 00       		.byte	0
 879 0137 00       		.byte	0
 880 0138 00       		.byte	0
 881              		.section	.debug_aranges,"",%progbits
 882 0000 24000000 		.4byte	0x24
 883 0004 0200     		.2byte	0x2
 884 0006 00000000 		.4byte	.Ldebug_info0
 885 000a 04       		.byte	0x4
 886 000b 00       		.byte	0
 887 000c 0000     		.2byte	0
 888 000e 0000     		.2byte	0
 889 0010 00000000 		.4byte	.LFB64
 890 0014 84010000 		.4byte	.LFE64-.LFB64
 891 0018 00000000 		.4byte	.LFB65
 892 001c 1A000000 		.4byte	.LFE65-.LFB65
 893 0020 00000000 		.4byte	0
 894 0024 00000000 		.4byte	0
 895              		.section	.debug_ranges,"",%progbits
 896              	.Ldebug_ranges0:
 897 0000 00000000 		.4byte	.LFB64
 898 0004 84010000 		.4byte	.LFE64
 899 0008 00000000 		.4byte	.LFB65
 900 000c 1A000000 		.4byte	.LFE65
 901 0010 00000000 		.4byte	0
 902 0014 00000000 		.4byte	0
 903              		.section	.debug_line,"",%progbits
 904              	.Ldebug_line0:
 905 0000 D8010000 		.section	.debug_str,"MS",%progbits,1
 905      02007701 
 905      00000201 
 905      FB0E0D00 
 905      01010101 
 906              	.LASF22:
 907 0000 76646163 		.ascii	"vdac\000"
 907      00
 908              	.LASF23:
 909 0005 766F6C74 		.ascii	"voltage_requested\000"
 909      6167655F 
 909      72657175 
 909      65737465 
 909      6400
 910              	.LASF2:
 911 0017 5F5F7569 		.ascii	"__uint8_t\000"
 911      6E74385F 
 911      7400
 912              	.LASF3:
 913 0021 5F5F696E 		.ascii	"__int16_t\000"
 913      7431365F 
 913      7400
 914              	.LASF6:
 915 002b 5F5F696E 		.ascii	"__int32_t\000"
 915      7433325F 
 915      7400
 916              	.LASF31:
 917 0035 6461632E 		.ascii	"dac.c\000"
 917      6300
 918              	.LASF16:
ARM GAS  C:\Users\User\AppData\Local\Temp\ccrKjwgH.s 			page 19


 919 003b 666C6F61 		.ascii	"float\000"
 919      7400
 920              	.LASF21:
 921 0041 64617461 		.ascii	"data\000"
 921      00
 922              	.LASF1:
 923 0046 756E7369 		.ascii	"unsigned char\000"
 923      676E6564 
 923      20636861 
 923      7200
 924              	.LASF32:
 925 0054 433A5C55 		.ascii	"C:\\Users\\User\\Dropbox\\67 PSOC\\PSoC-Potentiosta"
 925      73657273 
 925      5C557365 
 925      725C4472 
 925      6F70626F 
 926 0082 745C4269 		.ascii	"t\\Biosensor.cydsn\000"
 926      6F73656E 
 926      736F722E 
 926      63796473 
 926      6E00
 927              	.LASF8:
 928 0094 6C6F6E67 		.ascii	"long unsigned int\000"
 928      20756E73 
 928      69676E65 
 928      6420696E 
 928      7400
 929              	.LASF5:
 930 00a6 73686F72 		.ascii	"short unsigned int\000"
 930      7420756E 
 930      7369676E 
 930      65642069 
 930      6E7400
 931              	.LASF33:
 932 00b9 63616C69 		.ascii	"calibrate_data_usb_union\000"
 932      62726174 
 932      655F6461 
 932      74615F75 
 932      73625F75 
 933              	.LASF27:
 934 00d2 766F6C74 		.ascii	"voltage\000"
 934      61676500 
 935              	.LASF25:
 936 00da 49544D5F 		.ascii	"ITM_RxBuffer\000"
 936      52784275 
 936      66666572 
 936      00
 937              	.LASF17:
 938 00e7 646F7562 		.ascii	"double\000"
 938      6C6500
 939              	.LASF30:
 940 00ee 474E5520 		.ascii	"GNU C99 5.4.1 20160609 (release) [ARM/embedded-5-br"
 940      43393920 
 940      352E342E 
 940      31203230 
 940      31363036 
 941 0121 616E6368 		.ascii	"anch revision 237715] -mcpu=cortex-m3 -mthumb -g -O"
ARM GAS  C:\Users\User\AppData\Local\Temp\ccrKjwgH.s 			page 20


 941      20726576 
 941      6973696F 
 941      6E203233 
 941      37373135 
 942 0154 30202D73 		.ascii	"0 -std=gnu99 -ffunction-sections -ffat-lto-objects\000"
 942      74643D67 
 942      6E753939 
 942      202D6666 
 942      756E6374 
 943              	.LASF11:
 944 0187 756E7369 		.ascii	"unsigned int\000"
 944      676E6564 
 944      20696E74 
 944      00
 945              	.LASF10:
 946 0194 6C6F6E67 		.ascii	"long long unsigned int\000"
 946      206C6F6E 
 946      6720756E 
 946      7369676E 
 946      65642069 
 947              	.LASF12:
 948 01ab 75696E74 		.ascii	"uint8_t\000"
 948      385F7400 
 949              	.LASF29:
 950 01b3 54585F44 		.ascii	"TX_Data\000"
 950      61746100 
 951              	.LASF13:
 952 01bb 696E7431 		.ascii	"int16_t\000"
 952      365F7400 
 953              	.LASF24:
 954 01c3 64617461 		.ascii	"data_buffer\000"
 954      5F627566 
 954      66657200 
 955              	.LASF14:
 956 01cf 696E7433 		.ascii	"int32_t\000"
 956      325F7400 
 957              	.LASF19:
 958 01d7 73697A65 		.ascii	"sizetype\000"
 958      74797065 
 958      00
 959              	.LASF9:
 960 01e0 6C6F6E67 		.ascii	"long long int\000"
 960      206C6F6E 
 960      6720696E 
 960      7400
 961              	.LASF18:
 962 01ee 63686172 		.ascii	"char\000"
 962      00
 963              	.LASF28:
 964 01f3 63616C69 		.ascii	"calibrate_array\000"
 964      62726174 
 964      655F6172 
 964      72617900 
 965              	.LASF4:
 966 0203 73686F72 		.ascii	"short int\000"
 966      7420696E 
 966      7400
ARM GAS  C:\Users\User\AppData\Local\Temp\ccrKjwgH.s 			page 21


 967              	.LASF26:
 968 020d 62756666 		.ascii	"buffer\000"
 968      657200
 969              	.LASF15:
 970 0214 75696E74 		.ascii	"uint8\000"
 970      3800
 971              	.LASF35:
 972 021a 6461635F 		.ascii	"dac_Setvalue\000"
 972      53657476 
 972      616C7565 
 972      00
 973              	.LASF7:
 974 0227 6C6F6E67 		.ascii	"long int\000"
 974      20696E74 
 974      00
 975              	.LASF20:
 976 0230 6C6F6E67 		.ascii	"long double\000"
 976      20646F75 
 976      626C6500 
 977              	.LASF0:
 978 023c 7369676E 		.ascii	"signed char\000"
 978      65642063 
 978      68617200 
 979              	.LASF34:
 980 0248 6461635F 		.ascii	"dac_Volts2adc\000"
 980      566F6C74 
 980      73326164 
 980      6300
 981              		.ident	"GCC: (GNU Tools for ARM Embedded Processors) 5.4.1 20160609 (release) [ARM/embedded-5-bran
