ARM GAS  C:\Users\User\AppData\Local\Temp\ccvII1ed.s 			page 1


   1              		.syntax unified
   2              		.cpu cortex-m3
   3              		.fpu softvfp
   4              		.eabi_attribute 20, 1
   5              		.eabi_attribute 21, 1
   6              		.eabi_attribute 23, 3
   7              		.eabi_attribute 24, 1
   8              		.eabi_attribute 25, 1
   9              		.eabi_attribute 26, 1
  10              		.eabi_attribute 30, 6
  11              		.eabi_attribute 34, 1
  12              		.eabi_attribute 18, 4
  13              		.thumb
  14              		.syntax unified
  15              		.file	"USBUART_descr.c"
  16              		.text
  17              	.Ltext0:
  18              		.cfi_sections	.debug_frame
  19              		.global	USBUART_DEVICE0_DESCR
  20              		.section	.rodata
  21              		.align	2
  22              		.type	USBUART_DEVICE0_DESCR, %object
  23              		.size	USBUART_DEVICE0_DESCR, 18
  24              	USBUART_DEVICE0_DESCR:
  25 0000 12       		.byte	18
  26 0001 01       		.byte	1
  27 0002 00       		.byte	0
  28 0003 02       		.byte	2
  29 0004 02       		.byte	2
  30 0005 00       		.byte	0
  31 0006 00       		.byte	0
  32 0007 08       		.byte	8
  33 0008 B4       		.byte	-76
  34 0009 04       		.byte	4
  35 000a 32       		.byte	50
  36 000b F2       		.byte	-14
  37 000c 01       		.byte	1
  38 000d 00       		.byte	0
  39 000e 01       		.byte	1
  40 000f 04       		.byte	4
  41 0010 80       		.byte	-128
  42 0011 01       		.byte	1
  43              		.global	USBUART_DEVICE0_CONFIGURATION0_DESCR
  44 0012 0000     		.align	2
  45              		.type	USBUART_DEVICE0_CONFIGURATION0_DESCR, %object
  46              		.size	USBUART_DEVICE0_CONFIGURATION0_DESCR, 67
  47              	USBUART_DEVICE0_CONFIGURATION0_DESCR:
  48 0014 09       		.byte	9
  49 0015 02       		.byte	2
  50 0016 43       		.byte	67
  51 0017 00       		.byte	0
  52 0018 02       		.byte	2
  53 0019 01       		.byte	1
  54 001a 01       		.byte	1
  55 001b 80       		.byte	-128
  56 001c 32       		.byte	50
  57 001d 09       		.byte	9
ARM GAS  C:\Users\User\AppData\Local\Temp\ccvII1ed.s 			page 2


  58 001e 04       		.byte	4
  59 001f 00       		.byte	0
  60 0020 00       		.byte	0
  61 0021 01       		.byte	1
  62 0022 02       		.byte	2
  63 0023 02       		.byte	2
  64 0024 00       		.byte	0
  65 0025 02       		.byte	2
  66 0026 05       		.byte	5
  67 0027 24       		.byte	36
  68 0028 00       		.byte	0
  69 0029 10       		.byte	16
  70 002a 01       		.byte	1
  71 002b 04       		.byte	4
  72 002c 24       		.byte	36
  73 002d 02       		.byte	2
  74 002e 02       		.byte	2
  75 002f 05       		.byte	5
  76 0030 24       		.byte	36
  77 0031 06       		.byte	6
  78 0032 00       		.byte	0
  79 0033 01       		.byte	1
  80 0034 05       		.byte	5
  81 0035 24       		.byte	36
  82 0036 01       		.byte	1
  83 0037 00       		.byte	0
  84 0038 01       		.byte	1
  85 0039 07       		.byte	7
  86 003a 05       		.byte	5
  87 003b 81       		.byte	-127
  88 003c 03       		.byte	3
  89 003d 08       		.byte	8
  90 003e 00       		.byte	0
  91 003f 0A       		.byte	10
  92 0040 09       		.byte	9
  93 0041 04       		.byte	4
  94 0042 01       		.byte	1
  95 0043 00       		.byte	0
  96 0044 02       		.byte	2
  97 0045 0A       		.byte	10
  98 0046 00       		.byte	0
  99 0047 00       		.byte	0
 100 0048 03       		.byte	3
 101 0049 07       		.byte	7
 102 004a 05       		.byte	5
 103 004b 82       		.byte	-126
 104 004c 02       		.byte	2
 105 004d 40       		.byte	64
 106 004e 00       		.byte	0
 107 004f 00       		.byte	0
 108 0050 07       		.byte	7
 109 0051 05       		.byte	5
 110 0052 03       		.byte	3
 111 0053 02       		.byte	2
 112 0054 40       		.byte	64
 113 0055 00       		.byte	0
 114 0056 00       		.byte	0
ARM GAS  C:\Users\User\AppData\Local\Temp\ccvII1ed.s 			page 3


 115              		.global	USBUART_STRING_DESCRIPTORS
 116 0057 00       		.align	2
 117              		.type	USBUART_STRING_DESCRIPTORS, %object
 118              		.size	USBUART_STRING_DESCRIPTORS, 159
 119              	USBUART_STRING_DESCRIPTORS:
 120 0058 04       		.byte	4
 121 0059 03       		.byte	3
 122 005a 09       		.byte	9
 123 005b 04       		.byte	4
 124 005c 2C       		.byte	44
 125 005d 03       		.byte	3
 126 005e 43       		.byte	67
 127 005f 00       		.byte	0
 128 0060 79       		.byte	121
 129 0061 00       		.byte	0
 130 0062 70       		.byte	112
 131 0063 00       		.byte	0
 132 0064 72       		.byte	114
 133 0065 00       		.byte	0
 134 0066 65       		.byte	101
 135 0067 00       		.byte	0
 136 0068 73       		.byte	115
 137 0069 00       		.byte	0
 138 006a 73       		.byte	115
 139 006b 00       		.byte	0
 140 006c 20       		.byte	32
 141 006d 00       		.byte	0
 142 006e 53       		.byte	83
 143 006f 00       		.byte	0
 144 0070 65       		.byte	101
 145 0071 00       		.byte	0
 146 0072 6D       		.byte	109
 147 0073 00       		.byte	0
 148 0074 69       		.byte	105
 149 0075 00       		.byte	0
 150 0076 63       		.byte	99
 151 0077 00       		.byte	0
 152 0078 6F       		.byte	111
 153 0079 00       		.byte	0
 154 007a 6E       		.byte	110
 155 007b 00       		.byte	0
 156 007c 64       		.byte	100
 157 007d 00       		.byte	0
 158 007e 75       		.byte	117
 159 007f 00       		.byte	0
 160 0080 63       		.byte	99
 161 0081 00       		.byte	0
 162 0082 74       		.byte	116
 163 0083 00       		.byte	0
 164 0084 6F       		.byte	111
 165 0085 00       		.byte	0
 166 0086 72       		.byte	114
 167 0087 00       		.byte	0
 168 0088 38       		.byte	56
 169 0089 03       		.byte	3
 170 008a 43       		.byte	67
 171 008b 00       		.byte	0
ARM GAS  C:\Users\User\AppData\Local\Temp\ccvII1ed.s 			page 4


 172 008c 44       		.byte	68
 173 008d 00       		.byte	0
 174 008e 43       		.byte	67
 175 008f 00       		.byte	0
 176 0090 20       		.byte	32
 177 0091 00       		.byte	0
 178 0092 43       		.byte	67
 179 0093 00       		.byte	0
 180 0094 6F       		.byte	111
 181 0095 00       		.byte	0
 182 0096 6D       		.byte	109
 183 0097 00       		.byte	0
 184 0098 6D       		.byte	109
 185 0099 00       		.byte	0
 186 009a 75       		.byte	117
 187 009b 00       		.byte	0
 188 009c 6E       		.byte	110
 189 009d 00       		.byte	0
 190 009e 69       		.byte	105
 191 009f 00       		.byte	0
 192 00a0 63       		.byte	99
 193 00a1 00       		.byte	0
 194 00a2 61       		.byte	97
 195 00a3 00       		.byte	0
 196 00a4 74       		.byte	116
 197 00a5 00       		.byte	0
 198 00a6 69       		.byte	105
 199 00a7 00       		.byte	0
 200 00a8 6F       		.byte	111
 201 00a9 00       		.byte	0
 202 00aa 6E       		.byte	110
 203 00ab 00       		.byte	0
 204 00ac 20       		.byte	32
 205 00ad 00       		.byte	0
 206 00ae 49       		.byte	73
 207 00af 00       		.byte	0
 208 00b0 6E       		.byte	110
 209 00b1 00       		.byte	0
 210 00b2 74       		.byte	116
 211 00b3 00       		.byte	0
 212 00b4 65       		.byte	101
 213 00b5 00       		.byte	0
 214 00b6 72       		.byte	114
 215 00b7 00       		.byte	0
 216 00b8 66       		.byte	102
 217 00b9 00       		.byte	0
 218 00ba 61       		.byte	97
 219 00bb 00       		.byte	0
 220 00bc 63       		.byte	99
 221 00bd 00       		.byte	0
 222 00be 65       		.byte	101
 223 00bf 00       		.byte	0
 224 00c0 26       		.byte	38
 225 00c1 03       		.byte	3
 226 00c2 43       		.byte	67
 227 00c3 00       		.byte	0
 228 00c4 44       		.byte	68
ARM GAS  C:\Users\User\AppData\Local\Temp\ccvII1ed.s 			page 5


 229 00c5 00       		.byte	0
 230 00c6 43       		.byte	67
 231 00c7 00       		.byte	0
 232 00c8 20       		.byte	32
 233 00c9 00       		.byte	0
 234 00ca 44       		.byte	68
 235 00cb 00       		.byte	0
 236 00cc 61       		.byte	97
 237 00cd 00       		.byte	0
 238 00ce 74       		.byte	116
 239 00cf 00       		.byte	0
 240 00d0 61       		.byte	97
 241 00d1 00       		.byte	0
 242 00d2 20       		.byte	32
 243 00d3 00       		.byte	0
 244 00d4 49       		.byte	73
 245 00d5 00       		.byte	0
 246 00d6 6E       		.byte	110
 247 00d7 00       		.byte	0
 248 00d8 74       		.byte	116
 249 00d9 00       		.byte	0
 250 00da 65       		.byte	101
 251 00db 00       		.byte	0
 252 00dc 72       		.byte	114
 253 00dd 00       		.byte	0
 254 00de 66       		.byte	102
 255 00df 00       		.byte	0
 256 00e0 61       		.byte	97
 257 00e1 00       		.byte	0
 258 00e2 63       		.byte	99
 259 00e3 00       		.byte	0
 260 00e4 65       		.byte	101
 261 00e5 00       		.byte	0
 262 00e6 10       		.byte	16
 263 00e7 03       		.byte	3
 264 00e8 55       		.byte	85
 265 00e9 00       		.byte	0
 266 00ea 53       		.byte	83
 267 00eb 00       		.byte	0
 268 00ec 42       		.byte	66
 269 00ed 00       		.byte	0
 270 00ee 55       		.byte	85
 271 00ef 00       		.byte	0
 272 00f0 41       		.byte	65
 273 00f1 00       		.byte	0
 274 00f2 52       		.byte	82
 275 00f3 00       		.byte	0
 276 00f4 54       		.byte	84
 277 00f5 00       		.byte	0
 278 00f6 00       		.byte	0
 279              		.global	USBUART_SN_STRING_DESCRIPTOR
 280 00f7 00       		.align	2
 281              		.type	USBUART_SN_STRING_DESCRIPTOR, %object
 282              		.size	USBUART_SN_STRING_DESCRIPTOR, 2
 283              	USBUART_SN_STRING_DESCRIPTOR:
 284 00f8 02       		.byte	2
 285 00f9 03       		.byte	3
ARM GAS  C:\Users\User\AppData\Local\Temp\ccvII1ed.s 			page 6


 286              		.global	USBUART_HIDREPORT_DESCRIPTOR1
 287 00fa 0000     		.align	2
 288              		.type	USBUART_HIDREPORT_DESCRIPTOR1, %object
 289              		.size	USBUART_HIDREPORT_DESCRIPTOR1, 54
 290              	USBUART_HIDREPORT_DESCRIPTOR1:
 291 00fc 32       		.byte	50
 292 00fd 00       		.byte	0
 293 00fe 05       		.byte	5
 294 00ff 01       		.byte	1
 295 0100 09       		.byte	9
 296 0101 02       		.byte	2
 297 0102 A1       		.byte	-95
 298 0103 01       		.byte	1
 299 0104 09       		.byte	9
 300 0105 01       		.byte	1
 301 0106 A1       		.byte	-95
 302 0107 00       		.byte	0
 303 0108 05       		.byte	5
 304 0109 09       		.byte	9
 305 010a 19       		.byte	25
 306 010b 01       		.byte	1
 307 010c 29       		.byte	41
 308 010d 03       		.byte	3
 309 010e 15       		.byte	21
 310 010f 00       		.byte	0
 311 0110 25       		.byte	37
 312 0111 01       		.byte	1
 313 0112 95       		.byte	-107
 314 0113 03       		.byte	3
 315 0114 75       		.byte	117
 316 0115 01       		.byte	1
 317 0116 81       		.byte	-127
 318 0117 02       		.byte	2
 319 0118 95       		.byte	-107
 320 0119 01       		.byte	1
 321 011a 75       		.byte	117
 322 011b 05       		.byte	5
 323 011c 81       		.byte	-127
 324 011d 01       		.byte	1
 325 011e 05       		.byte	5
 326 011f 01       		.byte	1
 327 0120 09       		.byte	9
 328 0121 30       		.byte	48
 329 0122 09       		.byte	9
 330 0123 31       		.byte	49
 331 0124 15       		.byte	21
 332 0125 81       		.byte	-127
 333 0126 25       		.byte	37
 334 0127 7F       		.byte	127
 335 0128 75       		.byte	117
 336 0129 08       		.byte	8
 337 012a 95       		.byte	-107
 338 012b 02       		.byte	2
 339 012c 81       		.byte	-127
 340 012d 06       		.byte	6
 341 012e C0       		.byte	-64
 342 012f C0       		.byte	-64
ARM GAS  C:\Users\User\AppData\Local\Temp\ccvII1ed.s 			page 7


 343 0130 00       		.byte	0
 344 0131 00       		.byte	0
 345              		.global	USBUART_DEVICE0_CONFIGURATION0_EP_SETTINGS_TABLE
 346 0132 0000     		.align	2
 347              		.type	USBUART_DEVICE0_CONFIGURATION0_EP_SETTINGS_TABLE, %object
 348              		.size	USBUART_DEVICE0_CONFIGURATION0_EP_SETTINGS_TABLE, 24
 349              	USBUART_DEVICE0_CONFIGURATION0_EP_SETTINGS_TABLE:
 350 0134 00       		.byte	0
 351 0135 00       		.byte	0
 352 0136 81       		.byte	-127
 353 0137 03       		.byte	3
 354 0138 0800     		.short	8
 355 013a 02       		.byte	2
 356 013b 00       		.space	1
 357 013c 01       		.byte	1
 358 013d 00       		.byte	0
 359 013e 82       		.byte	-126
 360 013f 02       		.byte	2
 361 0140 4000     		.short	64
 362 0142 0A       		.byte	10
 363 0143 00       		.space	1
 364 0144 01       		.byte	1
 365 0145 00       		.byte	0
 366 0146 03       		.byte	3
 367 0147 02       		.byte	2
 368 0148 4000     		.short	64
 369 014a 0A       		.byte	10
 370 014b 00       		.space	1
 371              		.global	USBUART_DEVICE0_CONFIGURATION0_INTERFACE_CLASS
 372              		.align	2
 373              		.type	USBUART_DEVICE0_CONFIGURATION0_INTERFACE_CLASS, %object
 374              		.size	USBUART_DEVICE0_CONFIGURATION0_INTERFACE_CLASS, 2
 375              	USBUART_DEVICE0_CONFIGURATION0_INTERFACE_CLASS:
 376 014c 02       		.byte	2
 377 014d 0A       		.byte	10
 378              		.global	USBUART_DEVICE0_CONFIGURATION0_TABLE
 379 014e 0000     		.align	2
 380              		.type	USBUART_DEVICE0_CONFIGURATION0_TABLE, %object
 381              		.size	USBUART_DEVICE0_CONFIGURATION0_TABLE, 40
 382              	USBUART_DEVICE0_CONFIGURATION0_TABLE:
 383 0150 01       		.byte	1
 384 0151 000000   		.space	3
 385 0154 00000000 		.word	USBUART_DEVICE0_CONFIGURATION0_DESCR
 386 0158 03       		.byte	3
 387 0159 000000   		.space	3
 388 015c 00000000 		.word	USBUART_DEVICE0_CONFIGURATION0_EP_SETTINGS_TABLE
 389 0160 00       		.byte	0
 390 0161 000000   		.space	3
 391 0164 00000000 		.word	0
 392 0168 00       		.byte	0
 393 0169 000000   		.space	3
 394 016c 00000000 		.word	0
 395 0170 00       		.byte	0
 396 0171 000000   		.space	3
 397 0174 00000000 		.word	USBUART_DEVICE0_CONFIGURATION0_INTERFACE_CLASS
 398              		.global	USBUART_DEVICE0_TABLE
 399              		.align	2
ARM GAS  C:\Users\User\AppData\Local\Temp\ccvII1ed.s 			page 8


 400              		.type	USBUART_DEVICE0_TABLE, %object
 401              		.size	USBUART_DEVICE0_TABLE, 24
 402              	USBUART_DEVICE0_TABLE:
 403 0178 01       		.byte	1
 404 0179 000000   		.space	3
 405 017c 00000000 		.word	USBUART_DEVICE0_DESCR
 406 0180 00       		.byte	0
 407 0181 000000   		.space	3
 408 0184 00000000 		.word	0
 409 0188 01       		.byte	1
 410 0189 000000   		.space	3
 411 018c 00000000 		.word	USBUART_DEVICE0_CONFIGURATION0_TABLE
 412              		.global	USBUART_TABLE
 413              		.align	2
 414              		.type	USBUART_TABLE, %object
 415              		.size	USBUART_TABLE, 8
 416              	USBUART_TABLE:
 417 0190 01       		.byte	1
 418 0191 000000   		.space	3
 419 0194 00000000 		.word	USBUART_DEVICE0_TABLE
 420              		.global	USBUART_MSOS_DESCRIPTOR
 421              		.align	2
 422              		.type	USBUART_MSOS_DESCRIPTOR, %object
 423              		.size	USBUART_MSOS_DESCRIPTOR, 18
 424              	USBUART_MSOS_DESCRIPTOR:
 425 0198 12       		.byte	18
 426 0199 03       		.byte	3
 427 019a 4D       		.byte	77
 428 019b 00       		.byte	0
 429 019c 53       		.byte	83
 430 019d 00       		.byte	0
 431 019e 46       		.byte	70
 432 019f 00       		.byte	0
 433 01a0 54       		.byte	84
 434 01a1 00       		.byte	0
 435 01a2 31       		.byte	49
 436 01a3 00       		.byte	0
 437 01a4 30       		.byte	48
 438 01a5 00       		.byte	0
 439 01a6 30       		.byte	48
 440 01a7 00       		.byte	0
 441 01a8 01       		.byte	1
 442 01a9 00       		.byte	0
 443              		.global	USBUART_MSOS_CONFIGURATION_DESCR
 444 01aa 0000     		.align	2
 445              		.type	USBUART_MSOS_CONFIGURATION_DESCR, %object
 446              		.size	USBUART_MSOS_CONFIGURATION_DESCR, 40
 447              	USBUART_MSOS_CONFIGURATION_DESCR:
 448 01ac 28       		.byte	40
 449 01ad 00       		.byte	0
 450 01ae 00       		.byte	0
 451 01af 00       		.byte	0
 452 01b0 00       		.byte	0
 453 01b1 01       		.byte	1
 454 01b2 04       		.byte	4
 455 01b3 00       		.byte	0
 456 01b4 01       		.byte	1
ARM GAS  C:\Users\User\AppData\Local\Temp\ccvII1ed.s 			page 9


 457 01b5 00       		.byte	0
 458 01b6 00       		.byte	0
 459 01b7 00       		.byte	0
 460 01b8 00       		.byte	0
 461 01b9 00       		.byte	0
 462 01ba 00       		.byte	0
 463 01bb 00       		.byte	0
 464 01bc 00       		.byte	0
 465 01bd 01       		.byte	1
 466 01be 43       		.byte	67
 467 01bf 59       		.byte	89
 468 01c0 55       		.byte	85
 469 01c1 53       		.byte	83
 470 01c2 42       		.byte	66
 471 01c3 00       		.byte	0
 472 01c4 00       		.byte	0
 473 01c5 00       		.byte	0
 474 01c6 30       		.byte	48
 475 01c7 30       		.byte	48
 476 01c8 30       		.byte	48
 477 01c9 30       		.byte	48
 478 01ca 31       		.byte	49
 479 01cb 00       		.byte	0
 480 01cc 00       		.byte	0
 481 01cd 00       		.byte	0
 482 01ce 00       		.byte	0
 483 01cf 00       		.byte	0
 484 01d0 00       		.byte	0
 485 01d1 00       		.byte	0
 486 01d2 00       		.byte	0
 487 01d3 00       		.byte	0
 488              		.comm	USBUART_idSerialNumberStringDescriptor,34,4
 489              		.text
 490              	.Letext0:
 491              		.file 1 "Generated_Source\\PSoC5\\cytypes.h"
 492              		.file 2 "Generated_Source\\PSoC5\\USBUART.h"
 493              		.file 3 "Generated_Source\\PSoC5\\USBUART_descr.c"
 494              		.section	.debug_info,"",%progbits
 495              	.Ldebug_info0:
 496 0000 00030000 		.4byte	0x300
 497 0004 0400     		.2byte	0x4
 498 0006 00000000 		.4byte	.Ldebug_abbrev0
 499 000a 04       		.byte	0x4
 500 000b 01       		.uleb128 0x1
 501 000c F5010000 		.4byte	.LASF37
 502 0010 0C       		.byte	0xc
 503 0011 93000000 		.4byte	.LASF38
 504 0015 35010000 		.4byte	.LASF39
 505 0019 00000000 		.4byte	.Ldebug_line0
 506 001d 02       		.uleb128 0x2
 507 001e 01       		.byte	0x1
 508 001f 06       		.byte	0x6
 509 0020 4B030000 		.4byte	.LASF0
 510 0024 02       		.uleb128 0x2
 511 0025 01       		.byte	0x1
 512 0026 08       		.byte	0x8
 513 0027 1C010000 		.4byte	.LASF1
ARM GAS  C:\Users\User\AppData\Local\Temp\ccvII1ed.s 			page 10


 514 002b 02       		.uleb128 0x2
 515 002c 02       		.byte	0x2
 516 002d 05       		.byte	0x5
 517 002e 28030000 		.4byte	.LASF2
 518 0032 02       		.uleb128 0x2
 519 0033 02       		.byte	0x2
 520 0034 07       		.byte	0x7
 521 0035 57030000 		.4byte	.LASF3
 522 0039 02       		.uleb128 0x2
 523 003a 04       		.byte	0x4
 524 003b 05       		.byte	0x5
 525 003c 42030000 		.4byte	.LASF4
 526 0040 02       		.uleb128 0x2
 527 0041 04       		.byte	0x4
 528 0042 07       		.byte	0x7
 529 0043 91010000 		.4byte	.LASF5
 530 0047 02       		.uleb128 0x2
 531 0048 08       		.byte	0x8
 532 0049 05       		.byte	0x5
 533 004a FC020000 		.4byte	.LASF6
 534 004e 02       		.uleb128 0x2
 535 004f 08       		.byte	0x8
 536 0050 07       		.byte	0x7
 537 0051 B0020000 		.4byte	.LASF7
 538 0055 03       		.uleb128 0x3
 539 0056 04       		.byte	0x4
 540 0057 05       		.byte	0x5
 541 0058 696E7400 		.ascii	"int\000"
 542 005c 02       		.uleb128 0x2
 543 005d 04       		.byte	0x4
 544 005e 07       		.byte	0x7
 545 005f 95020000 		.4byte	.LASF8
 546 0063 04       		.uleb128 0x4
 547 0064 32030000 		.4byte	.LASF9
 548 0068 01       		.byte	0x1
 549 0069 E901     		.2byte	0x1e9
 550 006b 24000000 		.4byte	0x24
 551 006f 04       		.uleb128 0x4
 552 0070 8E020000 		.4byte	.LASF10
 553 0074 01       		.byte	0x1
 554 0075 EA01     		.2byte	0x1ea
 555 0077 32000000 		.4byte	0x32
 556 007b 02       		.uleb128 0x2
 557 007c 04       		.byte	0x4
 558 007d 04       		.byte	0x4
 559 007e EE000000 		.4byte	.LASF11
 560 0082 02       		.uleb128 0x2
 561 0083 08       		.byte	0x8
 562 0084 04       		.byte	0x4
 563 0085 EE010000 		.4byte	.LASF12
 564 0089 02       		.uleb128 0x2
 565 008a 01       		.byte	0x1
 566 008b 08       		.byte	0x8
 567 008c 0A030000 		.4byte	.LASF13
 568 0090 02       		.uleb128 0x2
 569 0091 04       		.byte	0x4
 570 0092 07       		.byte	0x7
ARM GAS  C:\Users\User\AppData\Local\Temp\ccvII1ed.s 			page 11


 571 0093 F3020000 		.4byte	.LASF14
 572 0097 05       		.uleb128 0x5
 573 0098 08       		.byte	0x8
 574 0099 02       		.byte	0x2
 575 009a 9E       		.byte	0x9e
 576 009b E8000000 		.4byte	0xe8
 577 009f 06       		.uleb128 0x6
 578 00a0 38030000 		.4byte	.LASF15
 579 00a4 02       		.byte	0x2
 580 00a5 A0       		.byte	0xa0
 581 00a6 63000000 		.4byte	0x63
 582 00aa 00       		.byte	0
 583 00ab 06       		.uleb128 0x6
 584 00ac 11010000 		.4byte	.LASF16
 585 00b0 02       		.byte	0x2
 586 00b1 A1       		.byte	0xa1
 587 00b2 63000000 		.4byte	0x63
 588 00b6 01       		.byte	0x1
 589 00b7 06       		.uleb128 0x6
 590 00b8 A3010000 		.4byte	.LASF17
 591 00bc 02       		.byte	0x2
 592 00bd A2       		.byte	0xa2
 593 00be 63000000 		.4byte	0x63
 594 00c2 02       		.byte	0x2
 595 00c3 06       		.uleb128 0x6
 596 00c4 2A010000 		.4byte	.LASF18
 597 00c8 02       		.byte	0x2
 598 00c9 A3       		.byte	0xa3
 599 00ca 63000000 		.4byte	0x63
 600 00ce 03       		.byte	0x3
 601 00cf 06       		.uleb128 0x6
 602 00d0 0F030000 		.4byte	.LASF19
 603 00d4 02       		.byte	0x2
 604 00d5 A4       		.byte	0xa4
 605 00d6 6F000000 		.4byte	0x6f
 606 00da 04       		.byte	0x4
 607 00db 06       		.uleb128 0x6
 608 00dc 80030000 		.4byte	.LASF20
 609 00e0 02       		.byte	0x2
 610 00e1 A5       		.byte	0xa5
 611 00e2 63000000 		.4byte	0x63
 612 00e6 06       		.byte	0x6
 613 00e7 00       		.byte	0
 614 00e8 07       		.uleb128 0x7
 615 00e9 75010000 		.4byte	.LASF21
 616 00ed 02       		.byte	0x2
 617 00ee A6       		.byte	0xa6
 618 00ef 97000000 		.4byte	0x97
 619 00f3 05       		.uleb128 0x5
 620 00f4 08       		.byte	0x8
 621 00f5 02       		.byte	0x2
 622 00f6 B5       		.byte	0xb5
 623 00f7 12010000 		.4byte	0x112
 624 00fb 08       		.uleb128 0x8
 625 00fc 6300     		.ascii	"c\000"
 626 00fe 02       		.byte	0x2
 627 00ff B7       		.byte	0xb7
ARM GAS  C:\Users\User\AppData\Local\Temp\ccvII1ed.s 			page 12


 628 0100 63000000 		.4byte	0x63
 629 0104 00       		.byte	0
 630 0105 06       		.uleb128 0x6
 631 0106 EC020000 		.4byte	.LASF22
 632 010a 02       		.byte	0x2
 633 010b B8       		.byte	0xb8
 634 010c 12010000 		.4byte	0x112
 635 0110 04       		.byte	0x4
 636 0111 00       		.byte	0
 637 0112 09       		.uleb128 0x9
 638 0113 04       		.byte	0x4
 639 0114 18010000 		.4byte	0x118
 640 0118 0A       		.uleb128 0xa
 641 0119 07       		.uleb128 0x7
 642 011a A2020000 		.4byte	.LASF23
 643 011e 02       		.byte	0x2
 644 011f B9       		.byte	0xb9
 645 0120 F3000000 		.4byte	0xf3
 646 0124 0B       		.uleb128 0xb
 647 0125 34010000 		.4byte	0x134
 648 0129 34010000 		.4byte	0x134
 649 012d 0C       		.uleb128 0xc
 650 012e 90000000 		.4byte	0x90
 651 0132 11       		.byte	0x11
 652 0133 00       		.byte	0
 653 0134 0D       		.uleb128 0xd
 654 0135 63000000 		.4byte	0x63
 655 0139 0E       		.uleb128 0xe
 656 013a BA000000 		.4byte	.LASF24
 657 013e 03       		.byte	0x3
 658 013f 24       		.byte	0x24
 659 0140 4A010000 		.4byte	0x14a
 660 0144 05       		.uleb128 0x5
 661 0145 03       		.byte	0x3
 662 0146 00000000 		.4byte	USBUART_DEVICE0_DESCR
 663 014a 0D       		.uleb128 0xd
 664 014b 24010000 		.4byte	0x124
 665 014f 0B       		.uleb128 0xb
 666 0150 34010000 		.4byte	0x134
 667 0154 5F010000 		.4byte	0x15f
 668 0158 0C       		.uleb128 0xc
 669 0159 90000000 		.4byte	0x90
 670 015d 42       		.byte	0x42
 671 015e 00       		.byte	0
 672 015f 0E       		.uleb128 0xe
 673 0160 C7020000 		.4byte	.LASF25
 674 0164 03       		.byte	0x3
 675 0165 37       		.byte	0x37
 676 0166 70010000 		.4byte	0x170
 677 016a 05       		.uleb128 0x5
 678 016b 03       		.byte	0x3
 679 016c 00000000 		.4byte	USBUART_DEVICE0_CONFIGURATION0_DESCR
 680 0170 0D       		.uleb128 0xd
 681 0171 4F010000 		.4byte	0x14f
 682 0175 0B       		.uleb128 0xb
 683 0176 85010000 		.4byte	0x185
 684 017a 85010000 		.4byte	0x185
ARM GAS  C:\Users\User\AppData\Local\Temp\ccvII1ed.s 			page 13


 685 017e 0C       		.uleb128 0xc
 686 017f 90000000 		.4byte	0x90
 687 0183 02       		.byte	0x2
 688 0184 00       		.byte	0
 689 0185 0D       		.uleb128 0xd
 690 0186 E8000000 		.4byte	0xe8
 691 018a 0E       		.uleb128 0xe
 692 018b 4A000000 		.4byte	.LASF26
 693 018f 03       		.byte	0x3
 694 0190 FB       		.byte	0xfb
 695 0191 9B010000 		.4byte	0x19b
 696 0195 05       		.uleb128 0x5
 697 0196 03       		.byte	0x3
 698 0197 00000000 		.4byte	USBUART_DEVICE0_CONFIGURATION0_EP_SETTINGS_TABLE
 699 019b 0D       		.uleb128 0xd
 700 019c 75010000 		.4byte	0x175
 701 01a0 0B       		.uleb128 0xb
 702 01a1 34010000 		.4byte	0x134
 703 01a5 B0010000 		.4byte	0x1b0
 704 01a9 0C       		.uleb128 0xc
 705 01aa 90000000 		.4byte	0x90
 706 01ae 01       		.byte	0x1
 707 01af 00       		.byte	0
 708 01b0 0F       		.uleb128 0xf
 709 01b1 00000000 		.4byte	.LASF27
 710 01b5 03       		.byte	0x3
 711 01b6 0101     		.2byte	0x101
 712 01b8 C2010000 		.4byte	0x1c2
 713 01bc 05       		.uleb128 0x5
 714 01bd 03       		.byte	0x3
 715 01be 00000000 		.4byte	USBUART_DEVICE0_CONFIGURATION0_INTERFACE_CLASS
 716 01c2 0D       		.uleb128 0xd
 717 01c3 A0010000 		.4byte	0x1a0
 718 01c7 0B       		.uleb128 0xb
 719 01c8 D7010000 		.4byte	0x1d7
 720 01cc D7010000 		.4byte	0x1d7
 721 01d0 0C       		.uleb128 0xc
 722 01d1 90000000 		.4byte	0x90
 723 01d5 04       		.byte	0x4
 724 01d6 00       		.byte	0
 725 01d7 0D       		.uleb128 0xd
 726 01d8 19010000 		.4byte	0x119
 727 01dc 0F       		.uleb128 0xf
 728 01dd A8010000 		.4byte	.LASF28
 729 01e1 03       		.byte	0x3
 730 01e2 0901     		.2byte	0x109
 731 01e4 EE010000 		.4byte	0x1ee
 732 01e8 05       		.uleb128 0x5
 733 01e9 03       		.byte	0x3
 734 01ea 00000000 		.4byte	USBUART_DEVICE0_CONFIGURATION0_TABLE
 735 01ee 0D       		.uleb128 0xd
 736 01ef C7010000 		.4byte	0x1c7
 737 01f3 0B       		.uleb128 0xb
 738 01f4 D7010000 		.4byte	0x1d7
 739 01f8 03020000 		.4byte	0x203
 740 01fc 0C       		.uleb128 0xc
 741 01fd 90000000 		.4byte	0x90
ARM GAS  C:\Users\User\AppData\Local\Temp\ccvII1ed.s 			page 14


 742 0201 02       		.byte	0x2
 743 0202 00       		.byte	0
 744 0203 0F       		.uleb128 0xf
 745 0204 6A030000 		.4byte	.LASF29
 746 0208 03       		.byte	0x3
 747 0209 1401     		.2byte	0x114
 748 020b 15020000 		.4byte	0x215
 749 020f 05       		.uleb128 0x5
 750 0210 03       		.byte	0x3
 751 0211 00000000 		.4byte	USBUART_DEVICE0_TABLE
 752 0215 0D       		.uleb128 0xd
 753 0216 F3010000 		.4byte	0x1f3
 754 021a 0B       		.uleb128 0xb
 755 021b D7010000 		.4byte	0x1d7
 756 021f 2A020000 		.4byte	0x22a
 757 0223 0C       		.uleb128 0xc
 758 0224 90000000 		.4byte	0x90
 759 0228 00       		.byte	0
 760 0229 00       		.byte	0
 761 022a 0F       		.uleb128 0xf
 762 022b 1A030000 		.4byte	.LASF30
 763 022f 03       		.byte	0x3
 764 0230 1C01     		.2byte	0x11c
 765 0232 3C020000 		.4byte	0x23c
 766 0236 05       		.uleb128 0x5
 767 0237 03       		.byte	0x3
 768 0238 00000000 		.4byte	USBUART_TABLE
 769 023c 0D       		.uleb128 0xd
 770 023d 1A020000 		.4byte	0x21a
 771 0241 0E       		.uleb128 0xe
 772 0242 F4000000 		.4byte	.LASF31
 773 0246 03       		.byte	0x3
 774 0247 C9       		.byte	0xc9
 775 0248 52020000 		.4byte	0x252
 776 024c 05       		.uleb128 0x5
 777 024d 03       		.byte	0x3
 778 024e 00000000 		.4byte	USBUART_SN_STRING_DESCRIPTOR
 779 0252 0D       		.uleb128 0xd
 780 0253 A0010000 		.4byte	0x1a0
 781 0257 0B       		.uleb128 0xb
 782 0258 34010000 		.4byte	0x134
 783 025c 67020000 		.4byte	0x267
 784 0260 0C       		.uleb128 0xc
 785 0261 90000000 		.4byte	0x90
 786 0265 9E       		.byte	0x9e
 787 0266 00       		.byte	0
 788 0267 0E       		.uleb128 0xe
 789 0268 2F000000 		.4byte	.LASF32
 790 026c 03       		.byte	0x3
 791 026d 96       		.byte	0x96
 792 026e 78020000 		.4byte	0x278
 793 0272 05       		.uleb128 0x5
 794 0273 03       		.byte	0x3
 795 0274 00000000 		.4byte	USBUART_STRING_DESCRIPTORS
 796 0278 0D       		.uleb128 0xd
 797 0279 57020000 		.4byte	0x257
 798 027d 0B       		.uleb128 0xb
ARM GAS  C:\Users\User\AppData\Local\Temp\ccvII1ed.s 			page 15


 799 027e 34010000 		.4byte	0x134
 800 0282 8D020000 		.4byte	0x28d
 801 0286 0C       		.uleb128 0xc
 802 0287 90000000 		.4byte	0x90
 803 028b 35       		.byte	0x35
 804 028c 00       		.byte	0
 805 028d 0E       		.uleb128 0xe
 806 028e D0000000 		.4byte	.LASF33
 807 0292 03       		.byte	0x3
 808 0293 D2       		.byte	0xd2
 809 0294 9E020000 		.4byte	0x29e
 810 0298 05       		.uleb128 0x5
 811 0299 03       		.byte	0x3
 812 029a 00000000 		.4byte	USBUART_HIDREPORT_DESCRIPTOR1
 813 029e 0D       		.uleb128 0xd
 814 029f 7D020000 		.4byte	0x27d
 815 02a3 0F       		.uleb128 0xf
 816 02a4 7B000000 		.4byte	.LASF34
 817 02a8 03       		.byte	0x3
 818 02a9 2C01     		.2byte	0x12c
 819 02ab B5020000 		.4byte	0x2b5
 820 02af 05       		.uleb128 0x5
 821 02b0 03       		.byte	0x3
 822 02b1 00000000 		.4byte	USBUART_MSOS_DESCRIPTOR
 823 02b5 0D       		.uleb128 0xd
 824 02b6 24010000 		.4byte	0x124
 825 02ba 0B       		.uleb128 0xb
 826 02bb 34010000 		.4byte	0x134
 827 02bf CA020000 		.4byte	0x2ca
 828 02c3 0C       		.uleb128 0xc
 829 02c4 90000000 		.4byte	0x90
 830 02c8 27       		.byte	0x27
 831 02c9 00       		.byte	0
 832 02ca 0F       		.uleb128 0xf
 833 02cb CD010000 		.4byte	.LASF35
 834 02cf 03       		.byte	0x3
 835 02d0 3701     		.2byte	0x137
 836 02d2 DC020000 		.4byte	0x2dc
 837 02d6 05       		.uleb128 0x5
 838 02d7 03       		.byte	0x3
 839 02d8 00000000 		.4byte	USBUART_MSOS_CONFIGURATION_DESCR
 840 02dc 0D       		.uleb128 0xd
 841 02dd BA020000 		.4byte	0x2ba
 842 02e1 0B       		.uleb128 0xb
 843 02e2 63000000 		.4byte	0x63
 844 02e6 F1020000 		.4byte	0x2f1
 845 02ea 0C       		.uleb128 0xc
 846 02eb 90000000 		.4byte	0x90
 847 02ef 21       		.byte	0x21
 848 02f0 00       		.byte	0
 849 02f1 0F       		.uleb128 0xf
 850 02f2 86030000 		.4byte	.LASF36
 851 02f6 03       		.byte	0x3
 852 02f7 4A01     		.2byte	0x14a
 853 02f9 E1020000 		.4byte	0x2e1
 854 02fd 05       		.uleb128 0x5
 855 02fe 03       		.byte	0x3
ARM GAS  C:\Users\User\AppData\Local\Temp\ccvII1ed.s 			page 16


 856 02ff 00000000 		.4byte	USBUART_idSerialNumberStringDescriptor
 857 0303 00       		.byte	0
 858              		.section	.debug_abbrev,"",%progbits
 859              	.Ldebug_abbrev0:
 860 0000 01       		.uleb128 0x1
 861 0001 11       		.uleb128 0x11
 862 0002 01       		.byte	0x1
 863 0003 25       		.uleb128 0x25
 864 0004 0E       		.uleb128 0xe
 865 0005 13       		.uleb128 0x13
 866 0006 0B       		.uleb128 0xb
 867 0007 03       		.uleb128 0x3
 868 0008 0E       		.uleb128 0xe
 869 0009 1B       		.uleb128 0x1b
 870 000a 0E       		.uleb128 0xe
 871 000b 10       		.uleb128 0x10
 872 000c 17       		.uleb128 0x17
 873 000d 00       		.byte	0
 874 000e 00       		.byte	0
 875 000f 02       		.uleb128 0x2
 876 0010 24       		.uleb128 0x24
 877 0011 00       		.byte	0
 878 0012 0B       		.uleb128 0xb
 879 0013 0B       		.uleb128 0xb
 880 0014 3E       		.uleb128 0x3e
 881 0015 0B       		.uleb128 0xb
 882 0016 03       		.uleb128 0x3
 883 0017 0E       		.uleb128 0xe
 884 0018 00       		.byte	0
 885 0019 00       		.byte	0
 886 001a 03       		.uleb128 0x3
 887 001b 24       		.uleb128 0x24
 888 001c 00       		.byte	0
 889 001d 0B       		.uleb128 0xb
 890 001e 0B       		.uleb128 0xb
 891 001f 3E       		.uleb128 0x3e
 892 0020 0B       		.uleb128 0xb
 893 0021 03       		.uleb128 0x3
 894 0022 08       		.uleb128 0x8
 895 0023 00       		.byte	0
 896 0024 00       		.byte	0
 897 0025 04       		.uleb128 0x4
 898 0026 16       		.uleb128 0x16
 899 0027 00       		.byte	0
 900 0028 03       		.uleb128 0x3
 901 0029 0E       		.uleb128 0xe
 902 002a 3A       		.uleb128 0x3a
 903 002b 0B       		.uleb128 0xb
 904 002c 3B       		.uleb128 0x3b
 905 002d 05       		.uleb128 0x5
 906 002e 49       		.uleb128 0x49
 907 002f 13       		.uleb128 0x13
 908 0030 00       		.byte	0
 909 0031 00       		.byte	0
 910 0032 05       		.uleb128 0x5
 911 0033 13       		.uleb128 0x13
 912 0034 01       		.byte	0x1
ARM GAS  C:\Users\User\AppData\Local\Temp\ccvII1ed.s 			page 17


 913 0035 0B       		.uleb128 0xb
 914 0036 0B       		.uleb128 0xb
 915 0037 3A       		.uleb128 0x3a
 916 0038 0B       		.uleb128 0xb
 917 0039 3B       		.uleb128 0x3b
 918 003a 0B       		.uleb128 0xb
 919 003b 01       		.uleb128 0x1
 920 003c 13       		.uleb128 0x13
 921 003d 00       		.byte	0
 922 003e 00       		.byte	0
 923 003f 06       		.uleb128 0x6
 924 0040 0D       		.uleb128 0xd
 925 0041 00       		.byte	0
 926 0042 03       		.uleb128 0x3
 927 0043 0E       		.uleb128 0xe
 928 0044 3A       		.uleb128 0x3a
 929 0045 0B       		.uleb128 0xb
 930 0046 3B       		.uleb128 0x3b
 931 0047 0B       		.uleb128 0xb
 932 0048 49       		.uleb128 0x49
 933 0049 13       		.uleb128 0x13
 934 004a 38       		.uleb128 0x38
 935 004b 0B       		.uleb128 0xb
 936 004c 00       		.byte	0
 937 004d 00       		.byte	0
 938 004e 07       		.uleb128 0x7
 939 004f 16       		.uleb128 0x16
 940 0050 00       		.byte	0
 941 0051 03       		.uleb128 0x3
 942 0052 0E       		.uleb128 0xe
 943 0053 3A       		.uleb128 0x3a
 944 0054 0B       		.uleb128 0xb
 945 0055 3B       		.uleb128 0x3b
 946 0056 0B       		.uleb128 0xb
 947 0057 49       		.uleb128 0x49
 948 0058 13       		.uleb128 0x13
 949 0059 00       		.byte	0
 950 005a 00       		.byte	0
 951 005b 08       		.uleb128 0x8
 952 005c 0D       		.uleb128 0xd
 953 005d 00       		.byte	0
 954 005e 03       		.uleb128 0x3
 955 005f 08       		.uleb128 0x8
 956 0060 3A       		.uleb128 0x3a
 957 0061 0B       		.uleb128 0xb
 958 0062 3B       		.uleb128 0x3b
 959 0063 0B       		.uleb128 0xb
 960 0064 49       		.uleb128 0x49
 961 0065 13       		.uleb128 0x13
 962 0066 38       		.uleb128 0x38
 963 0067 0B       		.uleb128 0xb
 964 0068 00       		.byte	0
 965 0069 00       		.byte	0
 966 006a 09       		.uleb128 0x9
 967 006b 0F       		.uleb128 0xf
 968 006c 00       		.byte	0
 969 006d 0B       		.uleb128 0xb
ARM GAS  C:\Users\User\AppData\Local\Temp\ccvII1ed.s 			page 18


 970 006e 0B       		.uleb128 0xb
 971 006f 49       		.uleb128 0x49
 972 0070 13       		.uleb128 0x13
 973 0071 00       		.byte	0
 974 0072 00       		.byte	0
 975 0073 0A       		.uleb128 0xa
 976 0074 26       		.uleb128 0x26
 977 0075 00       		.byte	0
 978 0076 00       		.byte	0
 979 0077 00       		.byte	0
 980 0078 0B       		.uleb128 0xb
 981 0079 01       		.uleb128 0x1
 982 007a 01       		.byte	0x1
 983 007b 49       		.uleb128 0x49
 984 007c 13       		.uleb128 0x13
 985 007d 01       		.uleb128 0x1
 986 007e 13       		.uleb128 0x13
 987 007f 00       		.byte	0
 988 0080 00       		.byte	0
 989 0081 0C       		.uleb128 0xc
 990 0082 21       		.uleb128 0x21
 991 0083 00       		.byte	0
 992 0084 49       		.uleb128 0x49
 993 0085 13       		.uleb128 0x13
 994 0086 2F       		.uleb128 0x2f
 995 0087 0B       		.uleb128 0xb
 996 0088 00       		.byte	0
 997 0089 00       		.byte	0
 998 008a 0D       		.uleb128 0xd
 999 008b 26       		.uleb128 0x26
 1000 008c 00       		.byte	0
 1001 008d 49       		.uleb128 0x49
 1002 008e 13       		.uleb128 0x13
 1003 008f 00       		.byte	0
 1004 0090 00       		.byte	0
 1005 0091 0E       		.uleb128 0xe
 1006 0092 34       		.uleb128 0x34
 1007 0093 00       		.byte	0
 1008 0094 03       		.uleb128 0x3
 1009 0095 0E       		.uleb128 0xe
 1010 0096 3A       		.uleb128 0x3a
 1011 0097 0B       		.uleb128 0xb
 1012 0098 3B       		.uleb128 0x3b
 1013 0099 0B       		.uleb128 0xb
 1014 009a 49       		.uleb128 0x49
 1015 009b 13       		.uleb128 0x13
 1016 009c 3F       		.uleb128 0x3f
 1017 009d 19       		.uleb128 0x19
 1018 009e 02       		.uleb128 0x2
 1019 009f 18       		.uleb128 0x18
 1020 00a0 00       		.byte	0
 1021 00a1 00       		.byte	0
 1022 00a2 0F       		.uleb128 0xf
 1023 00a3 34       		.uleb128 0x34
 1024 00a4 00       		.byte	0
 1025 00a5 03       		.uleb128 0x3
 1026 00a6 0E       		.uleb128 0xe
ARM GAS  C:\Users\User\AppData\Local\Temp\ccvII1ed.s 			page 19


 1027 00a7 3A       		.uleb128 0x3a
 1028 00a8 0B       		.uleb128 0xb
 1029 00a9 3B       		.uleb128 0x3b
 1030 00aa 05       		.uleb128 0x5
 1031 00ab 49       		.uleb128 0x49
 1032 00ac 13       		.uleb128 0x13
 1033 00ad 3F       		.uleb128 0x3f
 1034 00ae 19       		.uleb128 0x19
 1035 00af 02       		.uleb128 0x2
 1036 00b0 18       		.uleb128 0x18
 1037 00b1 00       		.byte	0
 1038 00b2 00       		.byte	0
 1039 00b3 00       		.byte	0
 1040              		.section	.debug_aranges,"",%progbits
 1041 0000 14000000 		.4byte	0x14
 1042 0004 0200     		.2byte	0x2
 1043 0006 00000000 		.4byte	.Ldebug_info0
 1044 000a 04       		.byte	0x4
 1045 000b 00       		.byte	0
 1046 000c 0000     		.2byte	0
 1047 000e 0000     		.2byte	0
 1048 0010 00000000 		.4byte	0
 1049 0014 00000000 		.4byte	0
 1050              		.section	.debug_line,"",%progbits
 1051              	.Ldebug_line0:
 1052 0000 5D000000 		.section	.debug_str,"MS",%progbits,1
 1052      02005700 
 1052      00000201 
 1052      FB0E0D00 
 1052      01010101 
 1053              	.LASF27:
 1054 0000 55534255 		.ascii	"USBUART_DEVICE0_CONFIGURATION0_INTERFACE_CLASS\000"
 1054      4152545F 
 1054      44455649 
 1054      4345305F 
 1054      434F4E46 
 1055              	.LASF32:
 1056 002f 55534255 		.ascii	"USBUART_STRING_DESCRIPTORS\000"
 1056      4152545F 
 1056      53545249 
 1056      4E475F44 
 1056      45534352 
 1057              	.LASF26:
 1058 004a 55534255 		.ascii	"USBUART_DEVICE0_CONFIGURATION0_EP_SETTINGS_TABLE\000"
 1058      4152545F 
 1058      44455649 
 1058      4345305F 
 1058      434F4E46 
 1059              	.LASF34:
 1060 007b 55534255 		.ascii	"USBUART_MSOS_DESCRIPTOR\000"
 1060      4152545F 
 1060      4D534F53 
 1060      5F444553 
 1060      43524950 
 1061              	.LASF38:
 1062 0093 47656E65 		.ascii	"Generated_Source\\PSoC5\\USBUART_descr.c\000"
 1062      72617465 
ARM GAS  C:\Users\User\AppData\Local\Temp\ccvII1ed.s 			page 20


 1062      645F536F 
 1062      75726365 
 1062      5C50536F 
 1063              	.LASF24:
 1064 00ba 55534255 		.ascii	"USBUART_DEVICE0_DESCR\000"
 1064      4152545F 
 1064      44455649 
 1064      4345305F 
 1064      44455343 
 1065              	.LASF33:
 1066 00d0 55534255 		.ascii	"USBUART_HIDREPORT_DESCRIPTOR1\000"
 1066      4152545F 
 1066      48494452 
 1066      45504F52 
 1066      545F4445 
 1067              	.LASF11:
 1068 00ee 666C6F61 		.ascii	"float\000"
 1068      7400
 1069              	.LASF31:
 1070 00f4 55534255 		.ascii	"USBUART_SN_STRING_DESCRIPTOR\000"
 1070      4152545F 
 1070      534E5F53 
 1070      5452494E 
 1070      475F4445 
 1071              	.LASF16:
 1072 0111 616C7453 		.ascii	"altSetting\000"
 1072      65747469 
 1072      6E6700
 1073              	.LASF1:
 1074 011c 756E7369 		.ascii	"unsigned char\000"
 1074      676E6564 
 1074      20636861 
 1074      7200
 1075              	.LASF18:
 1076 012a 61747472 		.ascii	"attributes\000"
 1076      69627574 
 1076      657300
 1077              	.LASF39:
 1078 0135 433A5C55 		.ascii	"C:\\Users\\User\\Dropbox\\67 PSOC\\PSoC-Potentiosta"
 1078      73657273 
 1078      5C557365 
 1078      725C4472 
 1078      6F70626F 
 1079 0163 745C4269 		.ascii	"t\\Biosensor.cydsn\000"
 1079      6F73656E 
 1079      736F722E 
 1079      63796473 
 1079      6E00
 1080              	.LASF21:
 1081 0175 545F5553 		.ascii	"T_USBUART_EP_SETTINGS_BLOCK\000"
 1081      42554152 
 1081      545F4550 
 1081      5F534554 
 1081      54494E47 
 1082              	.LASF5:
 1083 0191 6C6F6E67 		.ascii	"long unsigned int\000"
 1083      20756E73 
ARM GAS  C:\Users\User\AppData\Local\Temp\ccvII1ed.s 			page 21


 1083      69676E65 
 1083      6420696E 
 1083      7400
 1084              	.LASF17:
 1085 01a3 61646472 		.ascii	"addr\000"
 1085      00
 1086              	.LASF28:
 1087 01a8 55534255 		.ascii	"USBUART_DEVICE0_CONFIGURATION0_TABLE\000"
 1087      4152545F 
 1087      44455649 
 1087      4345305F 
 1087      434F4E46 
 1088              	.LASF35:
 1089 01cd 55534255 		.ascii	"USBUART_MSOS_CONFIGURATION_DESCR\000"
 1089      4152545F 
 1089      4D534F53 
 1089      5F434F4E 
 1089      46494755 
 1090              	.LASF12:
 1091 01ee 646F7562 		.ascii	"double\000"
 1091      6C6500
 1092              	.LASF37:
 1093 01f5 474E5520 		.ascii	"GNU C99 5.4.1 20160609 (release) [ARM/embedded-5-br"
 1093      43393920 
 1093      352E342E 
 1093      31203230 
 1093      31363036 
 1094 0228 616E6368 		.ascii	"anch revision 237715] -mcpu=cortex-m3 -mthumb -g -O"
 1094      20726576 
 1094      6973696F 
 1094      6E203233 
 1094      37373135 
 1095 025b 30202D73 		.ascii	"0 -std=gnu99 -ffunction-sections -ffat-lto-objects\000"
 1095      74643D67 
 1095      6E753939 
 1095      202D6666 
 1095      756E6374 
 1096              	.LASF10:
 1097 028e 75696E74 		.ascii	"uint16\000"
 1097      313600
 1098              	.LASF8:
 1099 0295 756E7369 		.ascii	"unsigned int\000"
 1099      676E6564 
 1099      20696E74 
 1099      00
 1100              	.LASF23:
 1101 02a2 545F5553 		.ascii	"T_USBUART_LUT\000"
 1101      42554152 
 1101      545F4C55 
 1101      5400
 1102              	.LASF7:
 1103 02b0 6C6F6E67 		.ascii	"long long unsigned int\000"
 1103      206C6F6E 
 1103      6720756E 
 1103      7369676E 
 1103      65642069 
 1104              	.LASF25:
ARM GAS  C:\Users\User\AppData\Local\Temp\ccvII1ed.s 			page 22


 1105 02c7 55534255 		.ascii	"USBUART_DEVICE0_CONFIGURATION0_DESCR\000"
 1105      4152545F 
 1105      44455649 
 1105      4345305F 
 1105      434F4E46 
 1106              	.LASF22:
 1107 02ec 705F6C69 		.ascii	"p_list\000"
 1107      737400
 1108              	.LASF14:
 1109 02f3 73697A65 		.ascii	"sizetype\000"
 1109      74797065 
 1109      00
 1110              	.LASF6:
 1111 02fc 6C6F6E67 		.ascii	"long long int\000"
 1111      206C6F6E 
 1111      6720696E 
 1111      7400
 1112              	.LASF13:
 1113 030a 63686172 		.ascii	"char\000"
 1113      00
 1114              	.LASF19:
 1115 030f 62756666 		.ascii	"bufferSize\000"
 1115      65725369 
 1115      7A6500
 1116              	.LASF30:
 1117 031a 55534255 		.ascii	"USBUART_TABLE\000"
 1117      4152545F 
 1117      5441424C 
 1117      4500
 1118              	.LASF2:
 1119 0328 73686F72 		.ascii	"short int\000"
 1119      7420696E 
 1119      7400
 1120              	.LASF9:
 1121 0332 75696E74 		.ascii	"uint8\000"
 1121      3800
 1122              	.LASF15:
 1123 0338 696E7465 		.ascii	"interface\000"
 1123      72666163 
 1123      6500
 1124              	.LASF4:
 1125 0342 6C6F6E67 		.ascii	"long int\000"
 1125      20696E74 
 1125      00
 1126              	.LASF0:
 1127 034b 7369676E 		.ascii	"signed char\000"
 1127      65642063 
 1127      68617200 
 1128              	.LASF3:
 1129 0357 73686F72 		.ascii	"short unsigned int\000"
 1129      7420756E 
 1129      7369676E 
 1129      65642069 
 1129      6E7400
 1130              	.LASF29:
 1131 036a 55534255 		.ascii	"USBUART_DEVICE0_TABLE\000"
 1131      4152545F 
ARM GAS  C:\Users\User\AppData\Local\Temp\ccvII1ed.s 			page 23


 1131      44455649 
 1131      4345305F 
 1131      5441424C 
 1132              	.LASF20:
 1133 0380 624D6973 		.ascii	"bMisc\000"
 1133      6300
 1134              	.LASF36:
 1135 0386 55534255 		.ascii	"USBUART_idSerialNumberStringDescriptor\000"
 1135      4152545F 
 1135      69645365 
 1135      7269616C 
 1135      4E756D62 
 1136              		.ident	"GCC: (GNU Tools for ARM Embedded Processors) 5.4.1 20160609 (release) [ARM/embedded-5-bran
