--------------- Clean Started: 08/29/2024 22:06:24 Project: ADC_SingleEndedMode01, Configuration: ARM GCC 5.4-2016-q2-update Debug ---------------
Deleting file ".\ARM_GCC_541\Debug\main.o"
Deleting file ".\ARM_GCC_541\Debug\cyfitter_cfg.o"
Deleting file ".\ARM_GCC_541\Debug\cymetadata.o"
Deleting file ".\ARM_GCC_541\Debug\ADC_DelSig_1.o"
Deleting file ".\ARM_GCC_541\Debug\ADC_DelSig_1_PM.o"
Deleting file ".\ARM_GCC_541\Debug\ADC_DelSig_1_INT.o"
Deleting file ".\ARM_GCC_541\Debug\Pin_1.o"
Deleting file ".\ARM_GCC_541\Debug\LCD.o"
Deleting file ".\ARM_GCC_541\Debug\LCD_PM.o"
Deleting file ".\ARM_GCC_541\Debug\ADC_DelSig_1_AMux.o"
Deleting file ".\ARM_GCC_541\Debug\ADC_DelSig_1_Ext_CP_Clk.o"
Deleting file ".\ARM_GCC_541\Debug\ADC_DelSig_1_IRQ.o"
Deleting file ".\ARM_GCC_541\Debug\ADC_DelSig_1_theACLK.o"
Deleting file ".\ARM_GCC_541\Debug\LCD_LCDPort.o"
Deleting file ".\ARM_GCC_541\Debug\Cm3Start.o"
Deleting file ".\ARM_GCC_541\Debug\CyBootAsmGnu.o"
Deleting file ".\ARM_GCC_541\Debug\CyDmac.o"
Deleting file ".\ARM_GCC_541\Debug\CyFlash.o"
Deleting file ".\ARM_GCC_541\Debug\CyLib.o"
Deleting file ".\ARM_GCC_541\Debug\cyPm.o"
Deleting file ".\ARM_GCC_541\Debug\CySpc.o"
Deleting file ".\ARM_GCC_541\Debug\cyutils.o"
Deleting file ".\ARM_GCC_541\Debug\cy_em_eeprom.o"
Deleting file ".\ADC_SingleEndedMode01.cycdx"
Deleting file ".\ADC_SingleEndedMode01.svd"
Deleting file ".\ADC_SingleEndedMode01.rpt"
Deleting file ".\ADC_SingleEndedMode01_timing.html"
Deleting file ".\ARM_GCC_541\Debug\.deps\SOURCE_C__ARM_GCC_GENERIC.P"
Deleting file ".\ARM_GCC_541\Debug\.deps\SOURCE_ASM__ARM_GCC_GENERIC.P"
--------------- Clean Succeeded: 08/29/2024 22:06:24 ---------------
