--------------- Clean Started: 08/24/2024 21:00:57 Project: Kyle_Lite_1, Configuration: ARM GCC 5.4-2016-q2-update Debug ---------------
Deleting file ".\CortexM3\ARM_GCC_541\Debug\calibrate.o"
Deleting file ".\CortexM3\ARM_GCC_541\Debug\dac.o"
Deleting file ".\CortexM3\ARM_GCC_541\Debug\helper_functions.o"
Deleting file ".\CortexM3\ARM_GCC_541\Debug\usb_protocols.o"
Deleting file ".\CortexM3\ARM_GCC_541\Debug\user_selections.o"
Deleting file ".\CortexM3\ARM_GCC_541\Debug\main.o"
Deleting file ".\CortexM3\ARM_GCC_541\Debug\cyfitter_cfg.o"
Deleting file ".\CortexM3\ARM_GCC_541\Debug\cymetadata.o"
Deleting file ".\CortexM3\ARM_GCC_541\Debug\EEPROM.o"
Deleting file ".\CortexM3\ARM_GCC_541\Debug\isr_adc.o"
Deleting file ".\CortexM3\ARM_GCC_541\Debug\Clock_PWM.o"
Deleting file ".\CortexM3\ARM_GCC_541\Debug\isr_dac.o"
Deleting file ".\CortexM3\ARM_GCC_541\Debug\PWM_isr.o"
Deleting file ".\CortexM3\ARM_GCC_541\Debug\PWM_isr_PM.o"
Deleting file ".\CortexM3\ARM_GCC_541\Debug\IDAC_calibrate.o"
Deleting file ".\CortexM3\ARM_GCC_541\Debug\IDAC_calibrate_PM.o"
Deleting file ".\CortexM3\ARM_GCC_541\Debug\Pin_DVDAC_cap.o"
Deleting file ".\CortexM3\ARM_GCC_541\Debug\TIA.o"
Deleting file ".\CortexM3\ARM_GCC_541\Debug\TIA_PM.o"
Deleting file ".\CortexM3\ARM_GCC_541\Debug\VDAC_TIA.o"
Deleting file ".\CortexM3\ARM_GCC_541\Debug\VDAC_TIA_PM.o"
Deleting file ".\CortexM3\ARM_GCC_541\Debug\Working_Electrode.o"
Deleting file ".\CortexM3\ARM_GCC_541\Debug\TIA_end_pin.o"
Deleting file ".\CortexM3\ARM_GCC_541\Debug\ADC_SigDel.o"
Deleting file ".\CortexM3\ARM_GCC_541\Debug\ADC_SigDel_PM.o"
Deleting file ".\CortexM3\ARM_GCC_541\Debug\ADC_SigDel_INT.o"
Deleting file ".\CortexM3\ARM_GCC_541\Debug\DVDAC.o"
Deleting file ".\CortexM3\ARM_GCC_541\Debug\DVDAC_PM.o"
Deleting file ".\CortexM3\ARM_GCC_541\Debug\TIA_resistor1.o"
Deleting file ".\CortexM3\ARM_GCC_541\Debug\AMux_V_source.o"
Deleting file ".\CortexM3\ARM_GCC_541\Debug\AMux_TIA_resistor_bypass.o"
Deleting file ".\CortexM3\ARM_GCC_541\Debug\Reference_Electrode.o"
Deleting file ".\CortexM3\ARM_GCC_541\Debug\AMux_TIA_input.o"
Deleting file ".\CortexM3\ARM_GCC_541\Debug\VDAC_source.o"
Deleting file ".\CortexM3\ARM_GCC_541\Debug\VDAC_source_PM.o"
Deleting file ".\CortexM3\ARM_GCC_541\Debug\AMux_electrode.o"
Deleting file ".\CortexM3\ARM_GCC_541\Debug\Counter_Electrode.o"
Deleting file ".\CortexM3\ARM_GCC_541\Debug\Opamp_Aux.o"
Deleting file ".\CortexM3\ARM_GCC_541\Debug\Opamp_Aux_PM.o"
Deleting file ".\CortexM3\ARM_GCC_541\Debug\isr_adcAmp.o"
Deleting file ".\CortexM3\ARM_GCC_541\Debug\ADC_SigDel_Ext_CP_Clk.o"
Deleting file ".\CortexM3\ARM_GCC_541\Debug\ADC_SigDel_IRQ.o"
Deleting file ".\CortexM3\ARM_GCC_541\Debug\ADC_SigDel_theACLK.o"
Deleting file ".\CortexM3\ARM_GCC_541\Debug\DVDAC_DMA_dma.o"
Deleting file ".\CortexM3\ARM_GCC_541\Debug\DVDAC_VDAC8.o"
Deleting file ".\CortexM3\ARM_GCC_541\Debug\DVDAC_VDAC8_PM.o"
Deleting file ".\CortexM3\ARM_GCC_541\Debug\DVDAC_IntClock.o"
Deleting file ".\CortexM3\ARM_GCC_541\Debug\Cm3Start.o"
Deleting file ".\CortexM3\ARM_GCC_541\Debug\CyBootAsmGnu.o"
Deleting file ".\CortexM3\ARM_GCC_541\Debug\CyDmac.o"
Deleting file ".\CortexM3\ARM_GCC_541\Debug\CyFlash.o"
Deleting file ".\CortexM3\ARM_GCC_541\Debug\CyLib.o"
Deleting file ".\CortexM3\ARM_GCC_541\Debug\cyPm.o"
Deleting file ".\CortexM3\ARM_GCC_541\Debug\CySpc.o"
Deleting file ".\CortexM3\ARM_GCC_541\Debug\cyutils.o"
Deleting file ".\CortexM3\ARM_GCC_541\Debug\cy_em_eeprom.o"
Deleting file ".\CortexM3\ARM_GCC_541\Debug\USBUART.o"
Deleting file ".\CortexM3\ARM_GCC_541\Debug\USBUART_audio.o"
Deleting file ".\CortexM3\ARM_GCC_541\Debug\USBUART_boot.o"
Deleting file ".\CortexM3\ARM_GCC_541\Debug\USBUART_cdc.o"
Deleting file ".\CortexM3\ARM_GCC_541\Debug\USBUART_cls.o"
Deleting file ".\CortexM3\ARM_GCC_541\Debug\USBUART_descr.o"
Deleting file ".\CortexM3\ARM_GCC_541\Debug\USBUART_drv.o"
Deleting file ".\CortexM3\ARM_GCC_541\Debug\USBUART_episr.o"
Deleting file ".\CortexM3\ARM_GCC_541\Debug\USBUART_hid.o"
Deleting file ".\CortexM3\ARM_GCC_541\Debug\USBUART_pm.o"
Deleting file ".\CortexM3\ARM_GCC_541\Debug\USBUART_std.o"
Deleting file ".\CortexM3\ARM_GCC_541\Debug\USBUART_vnd.o"
Deleting file ".\CortexM3\ARM_GCC_541\Debug\USBUART_midi.o"
Deleting file ".\CortexM3\ARM_GCC_541\Debug\USBUART_msc.o"
Deleting file ".\CortexM3\ARM_GCC_541\Debug\USBUART_Dm.o"
Deleting file ".\CortexM3\ARM_GCC_541\Debug\USBUART_Dp.o"
Deleting file ".\CortexM3\ARM_GCC_541\Debug\LCD.o"
Deleting file ".\CortexM3\ARM_GCC_541\Debug\LCD_PM.o"
Deleting file ".\CortexM3\ARM_GCC_541\Debug\LCD_LCDPort.o"
Deleting file ".\CortexM3\ARM_GCC_541\Debug\Kyle_Lite_1.hex"
Deleting file ".\CortexM3\ARM_GCC_541\Debug\Kyle_Lite_1.elf"
Deleting file ".\CortexM3\ARM_GCC_541\Debug\Kyle_Lite_1.map"
Deleting file ".\Kyle_Lite_1.cycdx"
Deleting file ".\Kyle_Lite_1.svd"
Deleting file ".\Kyle_Lite_1.rpt"
Deleting file ".\Kyle_Lite_1_timing.html"
Deleting file ".\CortexM3\ARM_GCC_541\Debug\.deps\SOURCE_C__ARM_GCC_GENERIC.P"
Deleting file ".\CortexM3\ARM_GCC_541\Debug\.deps\SOURCE_ASM__ARM_GCC_GENERIC.P"
--------------- Clean Succeeded: 08/24/2024 21:00:57 ---------------
